Arguments:
backbone sas
batch_size 16
dataset KuaiRand1000
device cuda:0
dropout_rate 0.5
eval_neg_sample 1000
hidden_units 32
inference_only False
l2_emb 0.0
lr 0.0005
maxlen 1000
name mamba
num_blocks 2
num_epochs 500
num_heads 1
state_dict_path None
train_dir tracks256_default/

user_count: 26858
item count: 4524611
26858
average sequence length: 853.65
parameters_count: 1025284192
loss in epoch 1 iteration 1677: 0.8844078779220581
loss in epoch 2 iteration 1677: 0.7765999436378479
loss in epoch 3 iteration 1677: 0.7956905961036682
loss in epoch 4 iteration 1677: 0.7328159809112549
