Arguments:
backbone bimamba
batch_size 16
dataset KuaiRand1000
device cuda:4
dropout_rate 0.5
eval_neg_sample 100
hidden_units 32
inference_only False
l2_emb 0.0
lr 0.0005
maxlen 1000
name mamba
num_blocks 2
num_epochs 500
num_heads 1
state_dict_path None
train_dir tracks256_default/

user_count: 26858
item count: 4524611
26858
average sequence length: 853.65
parameters_count: 1025297184
loss in epoch 1 iteration 1677: 0.8100555539131165
loss in epoch 2 iteration 1677: 0.7437517642974854
loss in epoch 3 iteration 1677: 0.6773356795310974
loss in epoch 4 iteration 1677: 0.5951068997383118
loss in epoch 5 iteration 1677: 0.5891029834747314
Evaluatingepoch:5, time: 1496038.371563(s), valid (NDCG@5: 0.5975, HR@5: 0.7432, NDCG@10: 0.6192, HR@10: 0.8099, NDCG@20: 0.6286, HR@20: 0.8465), test (NDCG@5: 0.5963, HR@5: 0.7426, NDCG@10: 0.6178, HR@10: 0.8085, NDCG@20: 0.6268, HR@20: 0.8433)
loss in epoch 6 iteration 1677: 0.5319259762763977
loss in epoch 7 iteration 1677: 0.5093153715133667
loss in epoch 8 iteration 1677: 0.4711495041847229
loss in epoch 9 iteration 1677: 0.44865405559539795
loss in epoch 10 iteration 1677: 0.459010511636734
Evaluatingepoch:10, time: 2989766.710281(s), valid (NDCG@5: 0.6047, HR@5: 0.7459, NDCG@10: 0.6254, HR@10: 0.8091, NDCG@20: 0.6344, HR@20: 0.8448), test (NDCG@5: 0.6030, HR@5: 0.7425, NDCG@10: 0.6243, HR@10: 0.8075, NDCG@20: 0.6332, HR@20: 0.8427)
loss in epoch 11 iteration 1677: 0.4110073149204254
loss in epoch 12 iteration 1677: 0.42215704917907715
loss in epoch 13 iteration 1677: 0.3910530209541321
loss in epoch 14 iteration 1677: 0.3941209614276886
loss in epoch 15 iteration 1677: 0.386338472366333
Evaluatingepoch:15, time: 4483490.152359(s), valid (NDCG@5: 0.6103, HR@5: 0.7468, NDCG@10: 0.6305, HR@10: 0.8082, NDCG@20: 0.6393, HR@20: 0.8429), test (NDCG@5: 0.6068, HR@5: 0.7472, NDCG@10: 0.6260, HR@10: 0.8059, NDCG@20: 0.6353, HR@20: 0.8426)
loss in epoch 16 iteration 1677: 0.35627901554107666
loss in epoch 17 iteration 1677: 0.35644692182540894
loss in epoch 18 iteration 1677: 0.3468347489833832
loss in epoch 19 iteration 1677: 0.3488349914550781
loss in epoch 20 iteration 1677: 0.3345469832420349
Evaluatingepoch:20, time: 5976599.039793(s), valid (NDCG@5: 0.6173, HR@5: 0.7507, NDCG@10: 0.6356, HR@10: 0.8065, NDCG@20: 0.6446, HR@20: 0.8420), test (NDCG@5: 0.6141, HR@5: 0.7466, NDCG@10: 0.6340, HR@10: 0.8071, NDCG@20: 0.6429, HR@20: 0.8421)
loss in epoch 21 iteration 1677: 0.3319098949432373
loss in epoch 22 iteration 1677: 0.3275992274284363
loss in epoch 23 iteration 1677: 0.3237510025501251
loss in epoch 24 iteration 1677: 0.3138403594493866
loss in epoch 25 iteration 1677: 0.31837961077690125
Evaluatingepoch:25, time: 7469544.531345(s), valid (NDCG@5: 0.6146, HR@5: 0.7505, NDCG@10: 0.6332, HR@10: 0.8075, NDCG@20: 0.6420, HR@20: 0.8424), test (NDCG@5: 0.6102, HR@5: 0.7474, NDCG@10: 0.6295, HR@10: 0.8060, NDCG@20: 0.6386, HR@20: 0.8420)
loss in epoch 26 iteration 1677: 0.3111514151096344
loss in epoch 27 iteration 1677: 0.29986703395843506
loss in epoch 28 iteration 1677: 0.31695976853370667
loss in epoch 29 iteration 1677: 0.298087477684021
loss in epoch 30 iteration 1677: 0.28840065002441406
Evaluatingepoch:30, time: 8962667.390823(s), valid (NDCG@5: 0.6266, HR@5: 0.7547, NDCG@10: 0.6446, HR@10: 0.8097, NDCG@20: 0.6529, HR@20: 0.8426), test (NDCG@5: 0.6219, HR@5: 0.7498, NDCG@10: 0.6410, HR@10: 0.8082, NDCG@20: 0.6497, HR@20: 0.8424)
loss in epoch 31 iteration 1677: 0.2917255759239197
loss in epoch 32 iteration 1677: 0.28322428464889526
loss in epoch 33 iteration 1677: 0.3000316023826599
loss in epoch 34 iteration 1677: 0.2731155455112457
loss in epoch 35 iteration 1677: 0.2876165211200714
Evaluatingepoch:35, time: 10455643.496037(s), valid (NDCG@5: 0.6288, HR@5: 0.7589, NDCG@10: 0.6460, HR@10: 0.8115, NDCG@20: 0.6545, HR@20: 0.8448), test (NDCG@5: 0.6246, HR@5: 0.7547, NDCG@10: 0.6428, HR@10: 0.8105, NDCG@20: 0.6516, HR@20: 0.8449)
loss in epoch 36 iteration 1677: 0.28363168239593506
