Arguments:
backbone mamba
batch_size 16
dataset KuaiRand2000
device cuda:4
dropout_rate 0.5
eval_neg_sample 100
hidden_units 32
inference_only False
l2_emb 0.0
lr 0.0005
maxlen 2000
name mamba
num_blocks 2
num_epochs 500
num_heads 1
state_dict_path None
train_dir tracks256_default/

user_count: 26858
item count: 6479039
26858
average sequence length: 1419.07
parameters_count: 1025316192
loss in epoch 1 iteration 1677: 0.7977744340896606
loss in epoch 2 iteration 1677: 0.6959162950515747
loss in epoch 3 iteration 1677: 0.6369038224220276
loss in epoch 4 iteration 1677: 0.6319469213485718
loss in epoch 5 iteration 1677: 0.529592752456665
Evaluatingepoch:5, time: 2391680.315733(s), valid (NDCG@5: 0.6004, HR@5: 0.7464, NDCG@10: 0.6228, HR@10: 0.8148, NDCG@20: 0.6334, HR@20: 0.8560), test (NDCG@5: 0.5985, HR@5: 0.7467, NDCG@10: 0.6216, HR@10: 0.8174, NDCG@20: 0.6322, HR@20: 0.8588)
loss in epoch 6 iteration 1677: 0.5238194465637207
loss in epoch 7 iteration 1677: 0.44105401635169983
loss in epoch 8 iteration 1677: 0.450949102640152
loss in epoch 9 iteration 1677: 0.43451574444770813
loss in epoch 10 iteration 1677: 0.3939058184623718
Evaluatingepoch:10, time: 4781571.445704(s), valid (NDCG@5: 0.6081, HR@5: 0.7505, NDCG@10: 0.6295, HR@10: 0.8159, NDCG@20: 0.6399, HR@20: 0.8566), test (NDCG@5: 0.6041, HR@5: 0.7510, NDCG@10: 0.6263, HR@10: 0.8187, NDCG@20: 0.6368, HR@20: 0.8602)
loss in epoch 11 iteration 1677: 0.37994515895843506
loss in epoch 12 iteration 1677: 0.3738602101802826
loss in epoch 13 iteration 1677: 0.34802377223968506
loss in epoch 14 iteration 1677: 0.36148884892463684
loss in epoch 15 iteration 1677: 0.3374502956867218
Evaluatingepoch:15, time: 7172258.039236(s), valid (NDCG@5: 0.6196, HR@5: 0.7510, NDCG@10: 0.6407, HR@10: 0.8154, NDCG@20: 0.6508, HR@20: 0.8553), test (NDCG@5: 0.6164, HR@5: 0.7547, NDCG@10: 0.6365, HR@10: 0.8163, NDCG@20: 0.6467, HR@20: 0.8563)
loss in epoch 16 iteration 1677: 0.3308194875717163
loss in epoch 17 iteration 1677: 0.3109382390975952
loss in epoch 18 iteration 1677: 0.3148680329322815
loss in epoch 19 iteration 1677: 0.30323341488838196
loss in epoch 20 iteration 1677: 0.2959408462047577
Evaluatingepoch:20, time: 9563496.225595(s), valid (NDCG@5: 0.6386, HR@5: 0.7619, NDCG@10: 0.6571, HR@10: 0.8186, NDCG@20: 0.6669, HR@20: 0.8572), test (NDCG@5: 0.6340, HR@5: 0.7617, NDCG@10: 0.6528, HR@10: 0.8192, NDCG@20: 0.6624, HR@20: 0.8571)
loss in epoch 21 iteration 1677: 0.31569746136665344
loss in epoch 22 iteration 1677: 0.2804974913597107
loss in epoch 23 iteration 1677: 0.2763679325580597
loss in epoch 24 iteration 1677: 0.2788165509700775
loss in epoch 25 iteration 1677: 0.28765684366226196
Evaluatingepoch:25, time: 11954784.658670(s), valid (NDCG@5: 0.6474, HR@5: 0.7681, NDCG@10: 0.6647, HR@10: 0.8210, NDCG@20: 0.6741, HR@20: 0.8579), test (NDCG@5: 0.6422, HR@5: 0.7665, NDCG@10: 0.6607, HR@10: 0.8233, NDCG@20: 0.6699, HR@20: 0.8594)
loss in epoch 26 iteration 1677: 0.2614368200302124
loss in epoch 27 iteration 1677: 0.253237783908844
loss in epoch 28 iteration 1677: 0.25440725684165955
loss in epoch 29 iteration 1677: 0.24637305736541748
loss in epoch 30 iteration 1677: 0.25010624527931213
Evaluatingepoch:30, time: 14348555.169821(s), valid (NDCG@5: 0.6556, HR@5: 0.7720, NDCG@10: 0.6724, HR@10: 0.8235, NDCG@20: 0.6816, HR@20: 0.8599), test (NDCG@5: 0.6478, HR@5: 0.7700, NDCG@10: 0.6663, HR@10: 0.8266, NDCG@20: 0.6752, HR@20: 0.8618)
loss in epoch 31 iteration 1677: 0.26257699728012085
loss in epoch 32 iteration 1677: 0.2578533887863159
loss in epoch 33 iteration 1677: 0.24429951608181
loss in epoch 34 iteration 1677: 0.24933333694934845
loss in epoch 35 iteration 1677: 0.23728594183921814
Evaluatingepoch:35, time: 16181338.321686(s), valid (NDCG@5: 0.6617, HR@5: 0.7759, NDCG@10: 0.6783, HR@10: 0.8269, NDCG@20: 0.6873, HR@20: 0.8621), test (NDCG@5: 0.6569, HR@5: 0.7756, NDCG@10: 0.6744, HR@10: 0.8292, NDCG@20: 0.6836, HR@20: 0.8653)
loss in epoch 36 iteration 1677: 0.25531741976737976
loss in epoch 37 iteration 1677: 0.24233438074588776
loss in epoch 38 iteration 1677: 0.2526002824306488
loss in epoch 39 iteration 1677: 0.2379172295331955
loss in epoch 40 iteration 1677: 0.23507851362228394
Evaluatingepoch:40, time: 17814339.659214(s), valid (NDCG@5: 0.6713, HR@5: 0.7809, NDCG@10: 0.6877, HR@10: 0.8311, NDCG@20: 0.6965, HR@20: 0.8655), test (NDCG@5: 0.6653, HR@5: 0.7816, NDCG@10: 0.6819, HR@10: 0.8324, NDCG@20: 0.6909, HR@20: 0.8676)
loss in epoch 41 iteration 1677: 0.24814318120479584
loss in epoch 42 iteration 1677: 0.24227558076381683
loss in epoch 43 iteration 1677: 0.23716041445732117
loss in epoch 44 iteration 1677: 0.24052061140537262
loss in epoch 45 iteration 1677: 0.2233813852071762
Evaluatingepoch:45, time: 21382035.254240(s), valid (NDCG@5: 0.6764, HR@5: 0.7847, NDCG@10: 0.6932, HR@10: 0.8362, NDCG@20: 0.7015, HR@20: 0.8689), test (NDCG@5: 0.6729, HR@5: 0.7847, NDCG@10: 0.6903, HR@10: 0.8378, NDCG@20: 0.6988, HR@20: 0.8712)
loss in epoch 46 iteration 1677: 0.23930829763412476
loss in epoch 47 iteration 1677: 0.23028501868247986
loss in epoch 48 iteration 1677: 0.2341567724943161
loss in epoch 49 iteration 1677: 0.2373407781124115
loss in epoch 50 iteration 1677: 0.22866718471050262
Evaluatingepoch:50, time: 25194226.081371(s), valid (NDCG@5: 0.6792, HR@5: 0.7873, NDCG@10: 0.6954, HR@10: 0.8369, NDCG@20: 0.7038, HR@20: 0.8696), test (NDCG@5: 0.6750, HR@5: 0.7876, NDCG@10: 0.6918, HR@10: 0.8391, NDCG@20: 0.7005, HR@20: 0.8734)
loss in epoch 51 iteration 1677: 0.22651968896389008
loss in epoch 52 iteration 1677: 0.2218066304922104
loss in epoch 53 iteration 1677: 0.2396904081106186
loss in epoch 54 iteration 1677: 0.23481522500514984
loss in epoch 55 iteration 1677: 0.23500370979309082
Evaluatingepoch:55, time: 28908473.049402(s), valid (NDCG@5: 0.6809, HR@5: 0.7891, NDCG@10: 0.6971, HR@10: 0.8388, NDCG@20: 0.7052, HR@20: 0.8706), test (NDCG@5: 0.6793, HR@5: 0.7898, NDCG@10: 0.6960, HR@10: 0.8408, NDCG@20: 0.7046, HR@20: 0.8744)
loss in epoch 56 iteration 1677: 0.21345959603786469
loss in epoch 57 iteration 1677: 0.22324591875076294
loss in epoch 58 iteration 1677: 0.23194098472595215
loss in epoch 59 iteration 1677: 0.22990986704826355
loss in epoch 60 iteration 1677: 0.22356975078582764
Evaluatingepoch:60, time: 30541269.426584(s), valid (NDCG@5: 0.6798, HR@5: 0.7883, NDCG@10: 0.6963, HR@10: 0.8388, NDCG@20: 0.7048, HR@20: 0.8720), test (NDCG@5: 0.6780, HR@5: 0.7891, NDCG@10: 0.6953, HR@10: 0.8421, NDCG@20: 0.7035, HR@20: 0.8744)
loss in epoch 61 iteration 1677: 0.21997302770614624
loss in epoch 62 iteration 1677: 0.22762241959571838
loss in epoch 63 iteration 1677: 0.231779083609581
loss in epoch 64 iteration 1677: 0.226612851023674
loss in epoch 65 iteration 1677: 0.22146454453468323
Evaluatingepoch:65, time: 32173841.475487(s), valid (NDCG@5: 0.6836, HR@5: 0.7915, NDCG@10: 0.6997, HR@10: 0.8411, NDCG@20: 0.7079, HR@20: 0.8732), test (NDCG@5: 0.6791, HR@5: 0.7886, NDCG@10: 0.6963, HR@10: 0.8411, NDCG@20: 0.7051, HR@20: 0.8757)
loss in epoch 66 iteration 1677: 0.2293933779001236
loss in epoch 67 iteration 1677: 0.20544244349002838
loss in epoch 68 iteration 1677: 0.216251939535141
loss in epoch 69 iteration 1677: 0.20871901512145996
loss in epoch 70 iteration 1677: 0.21293219923973083
Evaluatingepoch:70, time: 33806838.130474(s), valid (NDCG@5: 0.6844, HR@5: 0.7916, NDCG@10: 0.7003, HR@10: 0.8407, NDCG@20: 0.7086, HR@20: 0.8734), test (NDCG@5: 0.6811, HR@5: 0.7918, NDCG@10: 0.6978, HR@10: 0.8434, NDCG@20: 0.7062, HR@20: 0.8763)
loss in epoch 71 iteration 1677: 0.2351793497800827
loss in epoch 72 iteration 1677: 0.2139272540807724
loss in epoch 73 iteration 1677: 0.20705285668373108
loss in epoch 74 iteration 1677: 0.2126540094614029
loss in epoch 75 iteration 1677: 0.2075098156929016
Evaluatingepoch:75, time: 35439301.235676(s), valid (NDCG@5: 0.6873, HR@5: 0.7920, NDCG@10: 0.7034, HR@10: 0.8415, NDCG@20: 0.7120, HR@20: 0.8749), test (NDCG@5: 0.6835, HR@5: 0.7927, NDCG@10: 0.6998, HR@10: 0.8427, NDCG@20: 0.7084, HR@20: 0.8765)
loss in epoch 76 iteration 1677: 0.20977537333965302
loss in epoch 77 iteration 1677: 0.2137947380542755
loss in epoch 78 iteration 1677: 0.20722264051437378
loss in epoch 79 iteration 1677: 0.218301460146904
loss in epoch 80 iteration 1677: 0.21439330279827118
Evaluatingepoch:80, time: 37072096.057177(s), valid (NDCG@5: 0.6872, HR@5: 0.7942, NDCG@10: 0.7029, HR@10: 0.8424, NDCG@20: 0.7110, HR@20: 0.8741), test (NDCG@5: 0.6850, HR@5: 0.7932, NDCG@10: 0.7013, HR@10: 0.8429, NDCG@20: 0.7097, HR@20: 0.8761)
loss in epoch 81 iteration 1677: 0.20882627367973328
loss in epoch 82 iteration 1677: 0.2173241227865219
loss in epoch 83 iteration 1677: 0.2077430784702301
loss in epoch 84 iteration 1677: 0.2137955129146576
loss in epoch 85 iteration 1677: 0.19982080161571503
Evaluatingepoch:85, time: 39413206.996202(s), valid (NDCG@5: 0.6886, HR@5: 0.7939, NDCG@10: 0.7042, HR@10: 0.8419, NDCG@20: 0.7125, HR@20: 0.8745), test (NDCG@5: 0.6840, HR@5: 0.7921, NDCG@10: 0.7008, HR@10: 0.8434, NDCG@20: 0.7092, HR@20: 0.8767)
loss in epoch 86 iteration 1677: 0.19731803238391876
loss in epoch 87 iteration 1677: 0.20321674644947052
loss in epoch 88 iteration 1677: 0.21330925822257996
loss in epoch 89 iteration 1677: 0.2090534120798111
loss in epoch 90 iteration 1677: 0.20576758682727814
Evaluatingepoch:90, time: 43325038.534880(s), valid (NDCG@5: 0.6908, HR@5: 0.7932, NDCG@10: 0.7066, HR@10: 0.8418, NDCG@20: 0.7150, HR@20: 0.8748), test (NDCG@5: 0.6876, HR@5: 0.7929, NDCG@10: 0.7040, HR@10: 0.8432, NDCG@20: 0.7126, HR@20: 0.8770)
loss in epoch 91 iteration 1677: 0.2197432518005371
loss in epoch 92 iteration 1677: 0.20241735875606537
loss in epoch 93 iteration 1677: 0.19401618838310242
loss in epoch 94 iteration 1677: 0.21360810101032257
loss in epoch 95 iteration 1677: 0.21665184199810028
Evaluatingepoch:95, time: 47235150.252104(s), valid (NDCG@5: 0.6938, HR@5: 0.7954, NDCG@10: 0.7090, HR@10: 0.8420, NDCG@20: 0.7174, HR@20: 0.8750), test (NDCG@5: 0.6928, HR@5: 0.7966, NDCG@10: 0.7082, HR@10: 0.8438, NDCG@20: 0.7165, HR@20: 0.8767)
loss in epoch 96 iteration 1677: 0.20191676914691925
loss in epoch 97 iteration 1677: 0.20958857238292694
loss in epoch 98 iteration 1677: 0.20900438725948334
loss in epoch 99 iteration 1677: 0.19958148896694183
loss in epoch 100 iteration 1677: 0.19659273326396942
Evaluatingepoch:100, time: 51145224.712849(s), valid (NDCG@5: 0.6893, HR@5: 0.7924, NDCG@10: 0.7052, HR@10: 0.8415, NDCG@20: 0.7136, HR@20: 0.8744), test (NDCG@5: 0.6888, HR@5: 0.7945, NDCG@10: 0.7046, HR@10: 0.8430, NDCG@20: 0.7132, HR@20: 0.8766)
loss in epoch 101 iteration 1677: 0.20241563022136688
loss in epoch 102 iteration 1677: 0.1970711350440979
loss in epoch 103 iteration 1677: 0.1998286247253418
loss in epoch 104 iteration 1677: 0.2059534788131714
loss in epoch 105 iteration 1677: 0.20548591017723083
Evaluatingepoch:105, time: 55056821.305275(s), valid (NDCG@5: 0.6973, HR@5: 0.7958, NDCG@10: 0.7124, HR@10: 0.8422, NDCG@20: 0.7208, HR@20: 0.8749), test (NDCG@5: 0.6945, HR@5: 0.7971, NDCG@10: 0.7098, HR@10: 0.8438, NDCG@20: 0.7182, HR@20: 0.8769)
loss in epoch 106 iteration 1677: 0.19928747415542603
loss in epoch 107 iteration 1677: 0.2006528526544571
loss in epoch 108 iteration 1677: 0.20317962765693665
loss in epoch 109 iteration 1677: 0.19921553134918213
loss in epoch 110 iteration 1677: 0.19661226868629456
Evaluatingepoch:110, time: 58974149.757385(s), valid (NDCG@5: 0.6974, HR@5: 0.7954, NDCG@10: 0.7130, HR@10: 0.8432, NDCG@20: 0.7211, HR@20: 0.8751), test (NDCG@5: 0.6953, HR@5: 0.7978, NDCG@10: 0.7103, HR@10: 0.8436, NDCG@20: 0.7187, HR@20: 0.8769)
loss in epoch 111 iteration 1677: 0.1946045458316803
loss in epoch 112 iteration 1677: 0.19702385365962982
loss in epoch 113 iteration 1677: 0.20624499022960663
loss in epoch 114 iteration 1677: 0.19814303517341614
loss in epoch 115 iteration 1677: 0.20879559218883514
Evaluatingepoch:115, time: 62893453.431129(s), valid (NDCG@5: 0.6981, HR@5: 0.7963, NDCG@10: 0.7130, HR@10: 0.8421, NDCG@20: 0.7214, HR@20: 0.8747), test (NDCG@5: 0.6971, HR@5: 0.7977, NDCG@10: 0.7120, HR@10: 0.8435, NDCG@20: 0.7205, HR@20: 0.8769)
loss in epoch 116 iteration 1677: 0.20772983133792877
loss in epoch 117 iteration 1677: 0.20360690355300903
loss in epoch 118 iteration 1677: 0.20490756630897522
loss in epoch 119 iteration 1677: 0.19289632141590118
loss in epoch 120 iteration 1677: 0.19705991446971893
Evaluatingepoch:120, time: 66809763.206482(s), valid (NDCG@5: 0.6982, HR@5: 0.7974, NDCG@10: 0.7130, HR@10: 0.8430, NDCG@20: 0.7213, HR@20: 0.8754), test (NDCG@5: 0.6964, HR@5: 0.7984, NDCG@10: 0.7113, HR@10: 0.8442, NDCG@20: 0.7196, HR@20: 0.8769)
loss in epoch 121 iteration 1677: 0.2032567411661148
loss in epoch 122 iteration 1677: 0.1866181343793869
loss in epoch 123 iteration 1677: 0.19658446311950684
loss in epoch 124 iteration 1677: 0.20169758796691895
loss in epoch 125 iteration 1677: 0.19923555850982666
Evaluatingepoch:125, time: 70725721.773386(s), valid (NDCG@5: 0.7014, HR@5: 0.7990, NDCG@10: 0.7160, HR@10: 0.8439, NDCG@20: 0.7240, HR@20: 0.8750), test (NDCG@5: 0.6990, HR@5: 0.8000, NDCG@10: 0.7132, HR@10: 0.8436, NDCG@20: 0.7215, HR@20: 0.8764)
loss in epoch 126 iteration 1677: 0.20159730315208435
loss in epoch 127 iteration 1677: 0.20125389099121094
loss in epoch 128 iteration 1677: 0.1986033171415329
loss in epoch 129 iteration 1677: 0.19773806631565094
loss in epoch 130 iteration 1677: 0.2027236819267273
Evaluatingepoch:130, time: 74647425.888777(s), valid (NDCG@5: 0.6986, HR@5: 0.7970, NDCG@10: 0.7135, HR@10: 0.8426, NDCG@20: 0.7218, HR@20: 0.8752), test (NDCG@5: 0.6968, HR@5: 0.7986, NDCG@10: 0.7113, HR@10: 0.8430, NDCG@20: 0.7199, HR@20: 0.8767)
loss in epoch 131 iteration 1677: 0.19356830418109894
loss in epoch 132 iteration 1677: 0.19834357500076294
loss in epoch 133 iteration 1677: 0.20052562654018402
loss in epoch 134 iteration 1677: 0.19089408218860626
loss in epoch 135 iteration 1677: 0.2003590315580368
Evaluatingepoch:135, time: 78570740.112305(s), valid (NDCG@5: 0.7002, HR@5: 0.7961, NDCG@10: 0.7153, HR@10: 0.8423, NDCG@20: 0.7238, HR@20: 0.8757), test (NDCG@5: 0.6991, HR@5: 0.7986, NDCG@10: 0.7141, HR@10: 0.8445, NDCG@20: 0.7222, HR@20: 0.8766)
loss in epoch 136 iteration 1677: 0.19921091198921204
loss in epoch 137 iteration 1677: 0.20612667500972748
loss in epoch 138 iteration 1677: 0.1979862004518509
loss in epoch 139 iteration 1677: 0.20673319697380066
loss in epoch 140 iteration 1677: 0.18795982003211975
Evaluatingepoch:140, time: 82491347.900391(s), valid (NDCG@5: 0.6980, HR@5: 0.7976, NDCG@10: 0.7130, HR@10: 0.8435, NDCG@20: 0.7209, HR@20: 0.8748), test (NDCG@5: 0.6966, HR@5: 0.7973, NDCG@10: 0.7119, HR@10: 0.8441, NDCG@20: 0.7202, HR@20: 0.8769)
loss in epoch 141 iteration 1677: 0.19884879887104034
loss in epoch 142 iteration 1677: 0.19061394035816193
loss in epoch 143 iteration 1677: 0.18945302069187164
loss in epoch 144 iteration 1677: 0.2019502818584442
loss in epoch 145 iteration 1677: 0.18882006406784058
Evaluatingepoch:145, time: 86420071.549177(s), valid (NDCG@5: 0.7021, HR@5: 0.7980, NDCG@10: 0.7168, HR@10: 0.8432, NDCG@20: 0.7247, HR@20: 0.8741), test (NDCG@5: 0.6998, HR@5: 0.8006, NDCG@10: 0.7140, HR@10: 0.8442, NDCG@20: 0.7222, HR@20: 0.8761)
loss in epoch 146 iteration 1677: 0.19408521056175232
loss in epoch 147 iteration 1677: 0.19561795890331268
loss in epoch 148 iteration 1677: 0.1954323649406433
loss in epoch 149 iteration 1677: 0.19042426347732544
loss in epoch 150 iteration 1677: 0.19325308501720428
Evaluatingepoch:150, time: 90345757.514715(s), valid (NDCG@5: 0.7005, HR@5: 0.7984, NDCG@10: 0.7151, HR@10: 0.8430, NDCG@20: 0.7231, HR@20: 0.8744), test (NDCG@5: 0.6986, HR@5: 0.7994, NDCG@10: 0.7132, HR@10: 0.8442, NDCG@20: 0.7213, HR@20: 0.8762)
loss in epoch 151 iteration 1677: 0.19578804075717926
loss in epoch 152 iteration 1677: 0.18199129402637482
loss in epoch 153 iteration 1677: 0.19876641035079956
loss in epoch 154 iteration 1677: 0.19571435451507568
loss in epoch 155 iteration 1677: 0.20028357207775116
Evaluatingepoch:155, time: 94264719.077110(s), valid (NDCG@5: 0.7067, HR@5: 0.7983, NDCG@10: 0.7216, HR@10: 0.8440, NDCG@20: 0.7291, HR@20: 0.8733), test (NDCG@5: 0.7038, HR@5: 0.8010, NDCG@10: 0.7181, HR@10: 0.8450, NDCG@20: 0.7263, HR@20: 0.8772)
loss in epoch 156 iteration 1677: 0.19379420578479767
loss in epoch 157 iteration 1677: 0.1995689421892166
loss in epoch 158 iteration 1677: 0.1972145438194275
loss in epoch 159 iteration 1677: 0.19216082990169525
loss in epoch 160 iteration 1677: 0.19469241797924042
Evaluatingepoch:160, time: 98174175.216913(s), valid (NDCG@5: 0.7028, HR@5: 0.7997, NDCG@10: 0.7168, HR@10: 0.8426, NDCG@20: 0.7247, HR@20: 0.8736), test (NDCG@5: 0.7005, HR@5: 0.7984, NDCG@10: 0.7156, HR@10: 0.8445, NDCG@20: 0.7236, HR@20: 0.8758)
loss in epoch 161 iteration 1677: 0.19909539818763733
loss in epoch 162 iteration 1677: 0.19883553683757782
loss in epoch 163 iteration 1677: 0.21063674986362457
loss in epoch 164 iteration 1677: 0.1992223560810089
loss in epoch 165 iteration 1677: 0.20118854939937592
Evaluatingepoch:165, time: 102091190.183163(s), valid (NDCG@5: 0.7020, HR@5: 0.7989, NDCG@10: 0.7165, HR@10: 0.8432, NDCG@20: 0.7241, HR@20: 0.8730), test (NDCG@5: 0.7024, HR@5: 0.7989, NDCG@10: 0.7174, HR@10: 0.8445, NDCG@20: 0.7255, HR@20: 0.8765)
loss in epoch 166 iteration 1677: 0.1878371685743332
loss in epoch 167 iteration 1677: 0.18875619769096375
loss in epoch 168 iteration 1677: 0.19473201036453247
loss in epoch 169 iteration 1677: 0.1948097199201584
loss in epoch 170 iteration 1677: 0.1958189308643341
Evaluatingepoch:170, time: 106007186.765909(s), valid (NDCG@5: 0.7001, HR@5: 0.7979, NDCG@10: 0.7148, HR@10: 0.8428, NDCG@20: 0.7226, HR@20: 0.8732), test (NDCG@5: 0.6993, HR@5: 0.7984, NDCG@10: 0.7146, HR@10: 0.8450, NDCG@20: 0.7225, HR@20: 0.8763)
loss in epoch 171 iteration 1677: 0.18690535426139832
loss in epoch 172 iteration 1677: 0.19487816095352173
loss in epoch 173 iteration 1677: 0.19981177151203156
loss in epoch 174 iteration 1677: 0.19585967063903809
loss in epoch 175 iteration 1677: 0.1990642249584198
Evaluatingepoch:175, time: 109919672.301531(s), valid (NDCG@5: 0.7039, HR@5: 0.7992, NDCG@10: 0.7184, HR@10: 0.8438, NDCG@20: 0.7260, HR@20: 0.8738), test (NDCG@5: 0.7001, HR@5: 0.7996, NDCG@10: 0.7147, HR@10: 0.8442, NDCG@20: 0.7228, HR@20: 0.8760)
loss in epoch 176 iteration 1677: 0.20043079555034637
loss in epoch 177 iteration 1677: 0.1940712034702301
loss in epoch 178 iteration 1677: 0.200426384806633
loss in epoch 179 iteration 1677: 0.19899490475654602
loss in epoch 180 iteration 1677: 0.1898776888847351
Evaluatingepoch:180, time: 113829547.732830(s), valid (NDCG@5: 0.7062, HR@5: 0.7986, NDCG@10: 0.7209, HR@10: 0.8436, NDCG@20: 0.7284, HR@20: 0.8729), test (NDCG@5: 0.7042, HR@5: 0.8004, NDCG@10: 0.7186, HR@10: 0.8446, NDCG@20: 0.7267, HR@20: 0.8767)
loss in epoch 181 iteration 1677: 0.19905444979667664
loss in epoch 182 iteration 1677: 0.18187673389911652
loss in epoch 183 iteration 1677: 0.19119125604629517
loss in epoch 184 iteration 1677: 0.19146111607551575
loss in epoch 185 iteration 1677: 0.19171178340911865
Evaluatingepoch:185, time: 117739968.494892(s), valid (NDCG@5: 0.7065, HR@5: 0.7995, NDCG@10: 0.7208, HR@10: 0.8431, NDCG@20: 0.7286, HR@20: 0.8735), test (NDCG@5: 0.7058, HR@5: 0.8006, NDCG@10: 0.7202, HR@10: 0.8447, NDCG@20: 0.7282, HR@20: 0.8761)
loss in epoch 186 iteration 1677: 0.19404739141464233
loss in epoch 187 iteration 1677: 0.17933274805545807
loss in epoch 188 iteration 1677: 0.18801003694534302
loss in epoch 189 iteration 1677: 0.19048954546451569
loss in epoch 190 iteration 1677: 0.19069093465805054
Evaluatingepoch:190, time: 121651649.703979(s), valid (NDCG@5: 0.7051, HR@5: 0.7998, NDCG@10: 0.7197, HR@10: 0.8444, NDCG@20: 0.7273, HR@20: 0.8741), test (NDCG@5: 0.7052, HR@5: 0.8013, NDCG@10: 0.7197, HR@10: 0.8458, NDCG@20: 0.7275, HR@20: 0.8763)
