Arguments:
backbone sasmamba
batch_size 16
dataset KuaiRand2000
device cuda:1
dropout_rate 0.5
eval_neg_sample 100
hidden_units 32
inference_only False
l2_emb 0.0
lr 0.0005
maxlen 2000
name mamba
num_blocks 2
num_epochs 500
num_heads 1
state_dict_path None
train_dir tracks256_default/

user_count: 26858
item count: 6479039
26858
average sequence length: 1419.07
parameters_count: 1025328929
loss in epoch 1 iteration 1677: 0.8705211281776428
loss in epoch 2 iteration 1677: 0.8222979307174683
loss in epoch 3 iteration 1677: 0.7162963151931763
loss in epoch 4 iteration 1677: 0.6946274042129517
loss in epoch 5 iteration 1677: 0.6554022431373596
Evaluatingepoch:5, time: 1726412.486076(s), valid (NDCG@5: 0.5902, HR@5: 0.7404, NDCG@10: 0.6140, HR@10: 0.8133, NDCG@20: 0.6261, HR@20: 0.8607), test (NDCG@5: 0.5960, HR@5: 0.7436, NDCG@10: 0.6206, HR@10: 0.8187, NDCG@20: 0.6319, HR@20: 0.8633)
loss in epoch 6 iteration 1677: 0.6649905443191528
loss in epoch 7 iteration 1677: 0.5765177607536316
loss in epoch 8 iteration 1677: 0.5877253413200378
loss in epoch 9 iteration 1677: 0.532828688621521
loss in epoch 10 iteration 1677: 0.5009432435035706
Evaluatingepoch:10, time: 3451510.425806(s), valid (NDCG@5: 0.5858, HR@5: 0.7404, NDCG@10: 0.6091, HR@10: 0.8119, NDCG@20: 0.6214, HR@20: 0.8599), test (NDCG@5: 0.5891, HR@5: 0.7432, NDCG@10: 0.6133, HR@10: 0.8172, NDCG@20: 0.6251, HR@20: 0.8634)
loss in epoch 11 iteration 1677: 0.4807153344154358
loss in epoch 12 iteration 1677: 0.4423663318157196
loss in epoch 13 iteration 1677: 0.4475027322769165
loss in epoch 14 iteration 1677: 0.42745301127433777
loss in epoch 15 iteration 1677: 0.4330904483795166
Evaluatingepoch:15, time: 5338344.679832(s), valid (NDCG@5: 0.5818, HR@5: 0.7351, NDCG@10: 0.6063, HR@10: 0.8102, NDCG@20: 0.6180, HR@20: 0.8560), test (NDCG@5: 0.5831, HR@5: 0.7389, NDCG@10: 0.6072, HR@10: 0.8128, NDCG@20: 0.6186, HR@20: 0.8573)
loss in epoch 16 iteration 1677: 0.4046710133552551
loss in epoch 17 iteration 1677: 0.40444666147232056
loss in epoch 18 iteration 1677: 0.4155416488647461
loss in epoch 19 iteration 1677: 0.39405161142349243
loss in epoch 20 iteration 1677: 0.3795156478881836
Evaluatingepoch:20, time: 7068222.373962(s), valid (NDCG@5: 0.5951, HR@5: 0.7410, NDCG@10: 0.6172, HR@10: 0.8088, NDCG@20: 0.6286, HR@20: 0.8536), test (NDCG@5: 0.5926, HR@5: 0.7404, NDCG@10: 0.6152, HR@10: 0.8096, NDCG@20: 0.6268, HR@20: 0.8549)
loss in epoch 21 iteration 1677: 0.3512297570705414
loss in epoch 22 iteration 1677: 0.35665932297706604
loss in epoch 23 iteration 1677: 0.33179810643196106
loss in epoch 24 iteration 1677: 0.3425595164299011
loss in epoch 25 iteration 1677: 0.33891457319259644
Evaluatingepoch:25, time: 8791375.485182(s), valid (NDCG@5: 0.6060, HR@5: 0.7410, NDCG@10: 0.6275, HR@10: 0.8065, NDCG@20: 0.6385, HR@20: 0.8498), test (NDCG@5: 0.6040, HR@5: 0.7399, NDCG@10: 0.6257, HR@10: 0.8062, NDCG@20: 0.6358, HR@20: 0.8461)
loss in epoch 26 iteration 1677: 0.2965286672115326
loss in epoch 27 iteration 1677: 0.3186524212360382
loss in epoch 28 iteration 1677: 0.3056660592556
loss in epoch 29 iteration 1677: 0.28945812582969666
loss in epoch 30 iteration 1677: 0.2887733578681946
Evaluatingepoch:30, time: 10514894.005775(s), valid (NDCG@5: 0.6200, HR@5: 0.7476, NDCG@10: 0.6384, HR@10: 0.8039, NDCG@20: 0.6491, HR@20: 0.8461), test (NDCG@5: 0.6140, HR@5: 0.7429, NDCG@10: 0.6343, HR@10: 0.8050, NDCG@20: 0.6449, HR@20: 0.8468)
loss in epoch 31 iteration 1677: 0.28402769565582275
loss in epoch 32 iteration 1677: 0.2821737825870514
loss in epoch 33 iteration 1677: 0.27126720547676086
loss in epoch 34 iteration 1677: 0.275191068649292
loss in epoch 35 iteration 1677: 0.271310955286026
Evaluatingepoch:35, time: 12238427.655935(s), valid (NDCG@5: 0.6281, HR@5: 0.7485, NDCG@10: 0.6463, HR@10: 0.8043, NDCG@20: 0.6566, HR@20: 0.8454), test (NDCG@5: 0.6206, HR@5: 0.7451, NDCG@10: 0.6403, HR@10: 0.8055, NDCG@20: 0.6500, HR@20: 0.8435)
loss in epoch 36 iteration 1677: 0.26419562101364136
loss in epoch 37 iteration 1677: 0.26178333163261414
loss in epoch 38 iteration 1677: 0.2503127157688141
loss in epoch 39 iteration 1677: 0.2543864846229553
loss in epoch 40 iteration 1677: 0.2643362283706665
Evaluatingepoch:40, time: 13961746.972561(s), valid (NDCG@5: 0.6361, HR@5: 0.7533, NDCG@10: 0.6539, HR@10: 0.8078, NDCG@20: 0.6639, HR@20: 0.8474), test (NDCG@5: 0.6299, HR@5: 0.7490, NDCG@10: 0.6488, HR@10: 0.8070, NDCG@20: 0.6585, HR@20: 0.8454)
