Arguments:
backbone sas
batch_size 16
dataset KuaiRand2000
device cuda:7
dropout_rate 0.5
eval_neg_sample 100
hidden_units 32
inference_only False
l2_emb 0.0
lr 0.0005
maxlen 2000
name mamba
num_blocks 2
num_epochs 500
num_heads 1
state_dict_path None
train_dir tracks256_default/

user_count: 26858
item count: 6479039
26858
average sequence length: 1419.07
parameters_count: 1025316192
loss in epoch 1 iteration 1677: 0.8040385246276855
loss in epoch 2 iteration 1677: 0.7955771684646606
loss in epoch 3 iteration 1677: 0.7191014885902405
loss in epoch 4 iteration 1677: 0.7082380056381226
loss in epoch 5 iteration 1677: 0.6914732456207275
Evaluatingepoch:5, time: 1806841.578007(s), valid (NDCG@5: 0.5956, HR@5: 0.7404, NDCG@10: 0.6194, HR@10: 0.8134, NDCG@20: 0.6314, HR@20: 0.8605), test (NDCG@5: 0.6008, HR@5: 0.7438, NDCG@10: 0.6244, HR@10: 0.8161, NDCG@20: 0.6360, HR@20: 0.8615)
loss in epoch 6 iteration 1677: 0.6483222842216492
loss in epoch 7 iteration 1677: 0.6583184599876404
loss in epoch 8 iteration 1677: 0.6470010876655579
loss in epoch 9 iteration 1677: 0.6104845404624939
loss in epoch 10 iteration 1677: 0.6012697815895081
Evaluatingepoch:10, time: 3612111.433983(s), valid (NDCG@5: 0.5976, HR@5: 0.7447, NDCG@10: 0.6199, HR@10: 0.8129, NDCG@20: 0.6315, HR@20: 0.8583), test (NDCG@5: 0.5982, HR@5: 0.7436, NDCG@10: 0.6217, HR@10: 0.8159, NDCG@20: 0.6335, HR@20: 0.8616)
loss in epoch 11 iteration 1677: 0.5755581855773926
loss in epoch 12 iteration 1677: 0.5374063849449158
loss in epoch 13 iteration 1677: 0.5589090585708618
loss in epoch 14 iteration 1677: 0.54665607213974
loss in epoch 15 iteration 1677: 0.5094801187515259
Evaluatingepoch:15, time: 5416757.831812(s), valid (NDCG@5: 0.5892, HR@5: 0.7384, NDCG@10: 0.6131, HR@10: 0.8117, NDCG@20: 0.6243, HR@20: 0.8558), test (NDCG@5: 0.5931, HR@5: 0.7414, NDCG@10: 0.6173, HR@10: 0.8153, NDCG@20: 0.6284, HR@20: 0.8590)
loss in epoch 16 iteration 1677: 0.4969196319580078
loss in epoch 17 iteration 1677: 0.5258331298828125
loss in epoch 18 iteration 1677: 0.4767072796821594
loss in epoch 19 iteration 1677: 0.47612595558166504
loss in epoch 20 iteration 1677: 0.45528262853622437
Evaluatingepoch:20, time: 7221502.629042(s), valid (NDCG@5: 0.5860, HR@5: 0.7373, NDCG@10: 0.6089, HR@10: 0.8072, NDCG@20: 0.6199, HR@20: 0.8504), test (NDCG@5: 0.5912, HR@5: 0.7394, NDCG@10: 0.6153, HR@10: 0.8129, NDCG@20: 0.6261, HR@20: 0.8555)
loss in epoch 21 iteration 1677: 0.46322396397590637
loss in epoch 22 iteration 1677: 0.4482923746109009
loss in epoch 23 iteration 1677: 0.44293659925460815
loss in epoch 24 iteration 1677: 0.4195285737514496
loss in epoch 25 iteration 1677: 0.40951281785964966
Evaluatingepoch:25, time: 9026135.356188(s), valid (NDCG@5: 0.6051, HR@5: 0.7442, NDCG@10: 0.6264, HR@10: 0.8094, NDCG@20: 0.6365, HR@20: 0.8492), test (NDCG@5: 0.6042, HR@5: 0.7429, NDCG@10: 0.6270, HR@10: 0.8127, NDCG@20: 0.6374, HR@20: 0.8535)
loss in epoch 26 iteration 1677: 0.417195588350296
loss in epoch 27 iteration 1677: 0.40284422039985657
loss in epoch 28 iteration 1677: 0.4241930842399597
loss in epoch 29 iteration 1677: 0.409873366355896
loss in epoch 30 iteration 1677: 0.3910788297653198
Evaluatingepoch:30, time: 10830418.132544(s), valid (NDCG@5: 0.6115, HR@5: 0.7433, NDCG@10: 0.6320, HR@10: 0.8060, NDCG@20: 0.6428, HR@20: 0.8483), test (NDCG@5: 0.6133, HR@5: 0.7457, NDCG@10: 0.6341, HR@10: 0.8095, NDCG@20: 0.6448, HR@20: 0.8514)
loss in epoch 31 iteration 1677: 0.38846948742866516
loss in epoch 32 iteration 1677: 0.37873387336730957
loss in epoch 33 iteration 1677: 0.37636128067970276
loss in epoch 34 iteration 1677: 0.3762188255786896
loss in epoch 35 iteration 1677: 0.38708820939064026
Evaluatingepoch:35, time: 12634844.942093(s), valid (NDCG@5: 0.6215, HR@5: 0.7475, NDCG@10: 0.6406, HR@10: 0.8058, NDCG@20: 0.6508, HR@20: 0.8462), test (NDCG@5: 0.6231, HR@5: 0.7499, NDCG@10: 0.6426, HR@10: 0.8096, NDCG@20: 0.6526, HR@20: 0.8493)
loss in epoch 36 iteration 1677: 0.3658669888973236
loss in epoch 37 iteration 1677: 0.37770530581474304
loss in epoch 38 iteration 1677: 0.37137413024902344
loss in epoch 39 iteration 1677: 0.35286077857017517
loss in epoch 40 iteration 1677: 0.3699769675731659
Evaluatingepoch:40, time: 14439389.677525(s), valid (NDCG@5: 0.6244, HR@5: 0.7492, NDCG@10: 0.6429, HR@10: 0.8058, NDCG@20: 0.6525, HR@20: 0.8435), test (NDCG@5: 0.6285, HR@5: 0.7518, NDCG@10: 0.6462, HR@10: 0.8058, NDCG@20: 0.6566, HR@20: 0.8468)
loss in epoch 41 iteration 1677: 0.3544873595237732
loss in epoch 42 iteration 1677: 0.32905808091163635
loss in epoch 43 iteration 1677: 0.3455466628074646
loss in epoch 44 iteration 1677: 0.33571070432662964
loss in epoch 45 iteration 1677: 0.34912073612213135
Evaluatingepoch:45, time: 16243153.360367(s), valid (NDCG@5: 0.6244, HR@5: 0.7478, NDCG@10: 0.6427, HR@10: 0.8039, NDCG@20: 0.6520, HR@20: 0.8407), test (NDCG@5: 0.6262, HR@5: 0.7506, NDCG@10: 0.6435, HR@10: 0.8036, NDCG@20: 0.6538, HR@20: 0.8447)
loss in epoch 46 iteration 1677: 0.3353011906147003
loss in epoch 47 iteration 1677: 0.3193667531013489
loss in epoch 48 iteration 1677: 0.326527863740921
loss in epoch 49 iteration 1677: 0.33757591247558594
loss in epoch 50 iteration 1677: 0.3462938070297241
Evaluatingepoch:50, time: 18047124.052525(s), valid (NDCG@5: 0.6307, HR@5: 0.7468, NDCG@10: 0.6484, HR@10: 0.8009, NDCG@20: 0.6583, HR@20: 0.8400), test (NDCG@5: 0.6309, HR@5: 0.7516, NDCG@10: 0.6478, HR@10: 0.8033, NDCG@20: 0.6577, HR@20: 0.8423)
loss in epoch 51 iteration 1677: 0.3249601125717163
loss in epoch 52 iteration 1677: 0.3143174946308136
loss in epoch 53 iteration 1677: 0.3230721652507782
loss in epoch 54 iteration 1677: 0.3417847752571106
loss in epoch 55 iteration 1677: 0.3108077645301819
Evaluatingepoch:55, time: 19851336.845160(s), valid (NDCG@5: 0.6283, HR@5: 0.7479, NDCG@10: 0.6445, HR@10: 0.7974, NDCG@20: 0.6545, HR@20: 0.8368), test (NDCG@5: 0.6298, HR@5: 0.7489, NDCG@10: 0.6469, HR@10: 0.8014, NDCG@20: 0.6570, HR@20: 0.8410)
loss in epoch 56 iteration 1677: 0.3226092755794525
loss in epoch 57 iteration 1677: 0.30186519026756287
loss in epoch 58 iteration 1677: 0.3148796260356903
loss in epoch 59 iteration 1677: 0.30895715951919556
loss in epoch 60 iteration 1677: 0.31268730759620667
Evaluatingepoch:60, time: 21655383.818626(s), valid (NDCG@5: 0.6351, HR@5: 0.7479, NDCG@10: 0.6514, HR@10: 0.7975, NDCG@20: 0.6614, HR@20: 0.8370), test (NDCG@5: 0.6374, HR@5: 0.7520, NDCG@10: 0.6537, HR@10: 0.8019, NDCG@20: 0.6636, HR@20: 0.8413)
loss in epoch 61 iteration 1677: 0.3173346221446991
loss in epoch 62 iteration 1677: 0.300531804561615
loss in epoch 63 iteration 1677: 0.31312426924705505
loss in epoch 64 iteration 1677: 0.3010980784893036
loss in epoch 65 iteration 1677: 0.3068079352378845
Evaluatingepoch:65, time: 23456599.580765(s), valid (NDCG@5: 0.6309, HR@5: 0.7456, NDCG@10: 0.6468, HR@10: 0.7942, NDCG@20: 0.6572, HR@20: 0.8354), test (NDCG@5: 0.6322, HR@5: 0.7481, NDCG@10: 0.6488, HR@10: 0.7990, NDCG@20: 0.6583, HR@20: 0.8365)
loss in epoch 66 iteration 1677: 0.3034665584564209
loss in epoch 67 iteration 1677: 0.3135671615600586
loss in epoch 68 iteration 1677: 0.2973930239677429
loss in epoch 69 iteration 1677: 0.2969115078449249
loss in epoch 70 iteration 1677: 0.29575616121292114
Evaluatingepoch:70, time: 25258102.050304(s), valid (NDCG@5: 0.6305, HR@5: 0.7461, NDCG@10: 0.6465, HR@10: 0.7951, NDCG@20: 0.6568, HR@20: 0.8359), test (NDCG@5: 0.6327, HR@5: 0.7485, NDCG@10: 0.6489, HR@10: 0.7982, NDCG@20: 0.6585, HR@20: 0.8363)
loss in epoch 71 iteration 1677: 0.2961858808994293
loss in epoch 72 iteration 1677: 0.29167440533638
loss in epoch 73 iteration 1677: 0.2899079918861389
loss in epoch 74 iteration 1677: 0.29082074761390686
loss in epoch 75 iteration 1677: 0.2930729389190674
Evaluatingepoch:75, time: 27059352.279902(s), valid (NDCG@5: 0.6353, HR@5: 0.7479, NDCG@10: 0.6513, HR@10: 0.7969, NDCG@20: 0.6616, HR@20: 0.8377), test (NDCG@5: 0.6352, HR@5: 0.7498, NDCG@10: 0.6512, HR@10: 0.7985, NDCG@20: 0.6611, HR@20: 0.8376)
loss in epoch 76 iteration 1677: 0.27896085381507874
loss in epoch 77 iteration 1677: 0.28132182359695435
loss in epoch 78 iteration 1677: 0.29635488986968994
loss in epoch 79 iteration 1677: 0.3038986921310425
loss in epoch 80 iteration 1677: 0.29623377323150635
Evaluatingepoch:80, time: 28860531.477928(s), valid (NDCG@5: 0.6346, HR@5: 0.7464, NDCG@10: 0.6507, HR@10: 0.7960, NDCG@20: 0.6611, HR@20: 0.8370), test (NDCG@5: 0.6343, HR@5: 0.7479, NDCG@10: 0.6507, HR@10: 0.7983, NDCG@20: 0.6607, HR@20: 0.8375)
loss in epoch 81 iteration 1677: 0.2764444053173065
loss in epoch 82 iteration 1677: 0.30130743980407715
loss in epoch 83 iteration 1677: 0.2945365011692047
loss in epoch 84 iteration 1677: 0.28960883617401123
loss in epoch 85 iteration 1677: 0.2938939929008484
Evaluatingepoch:85, time: 30662391.930103(s), valid (NDCG@5: 0.6382, HR@5: 0.7516, NDCG@10: 0.6542, HR@10: 0.8009, NDCG@20: 0.6641, HR@20: 0.8401), test (NDCG@5: 0.6376, HR@5: 0.7533, NDCG@10: 0.6532, HR@10: 0.8012, NDCG@20: 0.6632, HR@20: 0.8405)
loss in epoch 86 iteration 1677: 0.2854290306568146
loss in epoch 87 iteration 1677: 0.2906307578086853
loss in epoch 88 iteration 1677: 0.28673890233039856
loss in epoch 89 iteration 1677: 0.28297972679138184
loss in epoch 90 iteration 1677: 0.28254202008247375
Evaluatingepoch:90, time: 32463041.458607(s), valid (NDCG@5: 0.6382, HR@5: 0.7515, NDCG@10: 0.6546, HR@10: 0.8019, NDCG@20: 0.6651, HR@20: 0.8434), test (NDCG@5: 0.6386, HR@5: 0.7550, NDCG@10: 0.6546, HR@10: 0.8039, NDCG@20: 0.6645, HR@20: 0.8428)
loss in epoch 91 iteration 1677: 0.27685365080833435
loss in epoch 92 iteration 1677: 0.2964218258857727
loss in epoch 93 iteration 1677: 0.2824579179286957
loss in epoch 94 iteration 1677: 0.2810397446155548
loss in epoch 95 iteration 1677: 0.29028084874153137
Evaluatingepoch:95, time: 34261576.986790(s), valid (NDCG@5: 0.6393, HR@5: 0.7534, NDCG@10: 0.6556, HR@10: 0.8035, NDCG@20: 0.6658, HR@20: 0.8436), test (NDCG@5: 0.6423, HR@5: 0.7587, NDCG@10: 0.6582, HR@10: 0.8076, NDCG@20: 0.6682, HR@20: 0.8472)
loss in epoch 96 iteration 1677: 0.29327988624572754
loss in epoch 97 iteration 1677: 0.27616509795188904
loss in epoch 98 iteration 1677: 0.2844790816307068
loss in epoch 99 iteration 1677: 0.2888774275779724
loss in epoch 100 iteration 1677: 0.27798181772232056
Evaluatingepoch:100, time: 36062382.694006(s), valid (NDCG@5: 0.6459, HR@5: 0.7589, NDCG@10: 0.6627, HR@10: 0.8106, NDCG@20: 0.6723, HR@20: 0.8487), test (NDCG@5: 0.6455, HR@5: 0.7624, NDCG@10: 0.6624, HR@10: 0.8140, NDCG@20: 0.6715, HR@20: 0.8501)
loss in epoch 101 iteration 1677: 0.2956765592098236
