Arguments:
backbone sas
batch_size 16
dataset KuaiRand1000
device cuda:5
dropout_rate 0.5
eval_neg_sample 100
hidden_units 32
inference_only False
l2_emb 0.0
lr 0.0005
maxlen 1000
name mamba
num_blocks 2
num_epochs 500
num_heads 1
state_dict_path None
train_dir tracks256_default/

user_count: 26858
item count: 4524611
26858
average sequence length: 853.65
parameters_count: 1025284192
loss in epoch 1 iteration 1677: 0.8820556402206421
loss in epoch 2 iteration 1677: 0.7740198373794556
loss in epoch 3 iteration 1677: 0.8293889164924622
loss in epoch 4 iteration 1677: 0.7531298398971558
loss in epoch 5 iteration 1677: 0.7259469628334045
Evaluatingepoch:5, time: 1662669.596195(s), valid (NDCG@5: 0.6066, HR@5: 0.7398, NDCG@10: 0.6290, HR@10: 0.8087, NDCG@20: 0.6399, HR@20: 0.8512), test (NDCG@5: 0.6061, HR@5: 0.7383, NDCG@10: 0.6290, HR@10: 0.8085, NDCG@20: 0.6397, HR@20: 0.8502)
loss in epoch 6 iteration 1677: 0.7172173857688904
loss in epoch 7 iteration 1677: 0.6831480264663696
loss in epoch 8 iteration 1677: 0.6502687931060791
loss in epoch 9 iteration 1677: 0.6883559226989746
loss in epoch 10 iteration 1677: 0.6821505427360535
Evaluatingepoch:10, time: 4476651.323795(s), valid (NDCG@5: 0.6037, HR@5: 0.7463, NDCG@10: 0.6255, HR@10: 0.8132, NDCG@20: 0.6364, HR@20: 0.8557), test (NDCG@5: 0.6039, HR@5: 0.7444, NDCG@10: 0.6261, HR@10: 0.8124, NDCG@20: 0.6374, HR@20: 0.8565)
loss in epoch 11 iteration 1677: 0.6234492659568787
loss in epoch 12 iteration 1677: 0.6130886673927307
loss in epoch 13 iteration 1677: 0.6104789972305298
loss in epoch 14 iteration 1677: 0.6089489459991455
loss in epoch 15 iteration 1677: 0.5772950053215027
Evaluatingepoch:15, time: 8302644.301653(s), valid (NDCG@5: 0.5944, HR@5: 0.7429, NDCG@10: 0.6168, HR@10: 0.8115, NDCG@20: 0.6281, HR@20: 0.8556), test (NDCG@5: 0.5934, HR@5: 0.7410, NDCG@10: 0.6166, HR@10: 0.8119, NDCG@20: 0.6274, HR@20: 0.8542)
loss in epoch 16 iteration 1677: 0.570991039276123
loss in epoch 17 iteration 1677: 0.561663806438446
loss in epoch 18 iteration 1677: 0.5465496182441711
loss in epoch 19 iteration 1677: 0.5498654246330261
loss in epoch 20 iteration 1677: 0.5334140062332153
Evaluatingepoch:20, time: 10856266.376972(s), valid (NDCG@5: 0.5955, HR@5: 0.7378, NDCG@10: 0.6180, HR@10: 0.8068, NDCG@20: 0.6283, HR@20: 0.8469), test (NDCG@5: 0.5956, HR@5: 0.7369, NDCG@10: 0.6190, HR@10: 0.8085, NDCG@20: 0.6291, HR@20: 0.8482)
loss in epoch 21 iteration 1677: 0.5330959558486938
loss in epoch 22 iteration 1677: 0.520750880241394
loss in epoch 23 iteration 1677: 0.48335519433021545
loss in epoch 24 iteration 1677: 0.49476051330566406
loss in epoch 25 iteration 1677: 0.4904540777206421
Evaluatingepoch:25, time: 12516784.676552(s), valid (NDCG@5: 0.5955, HR@5: 0.7338, NDCG@10: 0.6182, HR@10: 0.8031, NDCG@20: 0.6279, HR@20: 0.8410), test (NDCG@5: 0.5967, HR@5: 0.7348, NDCG@10: 0.6195, HR@10: 0.8045, NDCG@20: 0.6292, HR@20: 0.8421)
loss in epoch 26 iteration 1677: 0.48456788063049316
loss in epoch 27 iteration 1677: 0.5013132691383362
loss in epoch 28 iteration 1677: 0.45657920837402344
loss in epoch 29 iteration 1677: 0.47738444805145264
loss in epoch 30 iteration 1677: 0.47038590908050537
Evaluatingepoch:30, time: 14176859.559774(s), valid (NDCG@5: 0.6006, HR@5: 0.7350, NDCG@10: 0.6229, HR@10: 0.8032, NDCG@20: 0.6322, HR@20: 0.8395), test (NDCG@5: 0.6037, HR@5: 0.7361, NDCG@10: 0.6253, HR@10: 0.8022, NDCG@20: 0.6348, HR@20: 0.8396)
loss in epoch 31 iteration 1677: 0.48322978615760803
loss in epoch 32 iteration 1677: 0.4493163824081421
loss in epoch 33 iteration 1677: 0.4497925341129303
loss in epoch 34 iteration 1677: 0.452775776386261
loss in epoch 35 iteration 1677: 0.4458906054496765
Evaluatingepoch:35, time: 15837022.670031(s), valid (NDCG@5: 0.6046, HR@5: 0.7354, NDCG@10: 0.6257, HR@10: 0.7998, NDCG@20: 0.6351, HR@20: 0.8366), test (NDCG@5: 0.6071, HR@5: 0.7375, NDCG@10: 0.6274, HR@10: 0.7995, NDCG@20: 0.6368, HR@20: 0.8367)
loss in epoch 36 iteration 1677: 0.4287604093551636
loss in epoch 37 iteration 1677: 0.4460950195789337
loss in epoch 38 iteration 1677: 0.4340732991695404
loss in epoch 39 iteration 1677: 0.4164328873157501
loss in epoch 40 iteration 1677: 0.43462321162223816
Evaluatingepoch:40, time: 17497223.582029(s), valid (NDCG@5: 0.6054, HR@5: 0.7369, NDCG@10: 0.6256, HR@10: 0.7984, NDCG@20: 0.6350, HR@20: 0.8355), test (NDCG@5: 0.6094, HR@5: 0.7370, NDCG@10: 0.6288, HR@10: 0.7961, NDCG@20: 0.6380, HR@20: 0.8325)
loss in epoch 41 iteration 1677: 0.43613117933273315
loss in epoch 42 iteration 1677: 0.42058518528938293
loss in epoch 43 iteration 1677: 0.40655675530433655
loss in epoch 44 iteration 1677: 0.4259113371372223
loss in epoch 45 iteration 1677: 0.4293668270111084
Evaluatingepoch:45, time: 19157373.073101(s), valid (NDCG@5: 0.6040, HR@5: 0.7335, NDCG@10: 0.6244, HR@10: 0.7958, NDCG@20: 0.6335, HR@20: 0.8316), test (NDCG@5: 0.6071, HR@5: 0.7362, NDCG@10: 0.6258, HR@10: 0.7931, NDCG@20: 0.6348, HR@20: 0.8289)
loss in epoch 46 iteration 1677: 0.4291704297065735
loss in epoch 47 iteration 1677: 0.4077744483947754
loss in epoch 48 iteration 1677: 0.40272313356399536
loss in epoch 49 iteration 1677: 0.40553584694862366
loss in epoch 50 iteration 1677: 0.38560640811920166
Evaluatingepoch:50, time: 20817348.032236(s), valid (NDCG@5: 0.6084, HR@5: 0.7359, NDCG@10: 0.6270, HR@10: 0.7927, NDCG@20: 0.6362, HR@20: 0.8291), test (NDCG@5: 0.6108, HR@5: 0.7380, NDCG@10: 0.6284, HR@10: 0.7914, NDCG@20: 0.6373, HR@20: 0.8269)
loss in epoch 51 iteration 1677: 0.3953452706336975
loss in epoch 52 iteration 1677: 0.40446534752845764
loss in epoch 53 iteration 1677: 0.3795246481895447
loss in epoch 54 iteration 1677: 0.4140321910381317
loss in epoch 55 iteration 1677: 0.3993450999259949
Evaluatingepoch:55, time: 24087972.971678(s), valid (NDCG@5: 0.6070, HR@5: 0.7359, NDCG@10: 0.6250, HR@10: 0.7909, NDCG@20: 0.6346, HR@20: 0.8285), test (NDCG@5: 0.6098, HR@5: 0.7361, NDCG@10: 0.6279, HR@10: 0.7914, NDCG@20: 0.6371, HR@20: 0.8279)
loss in epoch 56 iteration 1677: 0.3812243342399597
loss in epoch 57 iteration 1677: 0.3836784362792969
loss in epoch 58 iteration 1677: 0.37206748127937317
loss in epoch 59 iteration 1677: 0.3784903883934021
loss in epoch 60 iteration 1677: 0.3830404579639435
Evaluatingepoch:60, time: 28071877.032280(s), valid (NDCG@5: 0.6091, HR@5: 0.7340, NDCG@10: 0.6268, HR@10: 0.7880, NDCG@20: 0.6360, HR@20: 0.8245), test (NDCG@5: 0.6119, HR@5: 0.7348, NDCG@10: 0.6294, HR@10: 0.7879, NDCG@20: 0.6384, HR@20: 0.8236)
loss in epoch 61 iteration 1677: 0.3624959886074066
loss in epoch 62 iteration 1677: 0.3737723231315613
loss in epoch 63 iteration 1677: 0.36180946230888367
loss in epoch 64 iteration 1677: 0.37642210721969604
loss in epoch 65 iteration 1677: 0.35671281814575195
Evaluatingepoch:65, time: 32052292.180061(s), valid (NDCG@5: 0.6120, HR@5: 0.7347, NDCG@10: 0.6298, HR@10: 0.7892, NDCG@20: 0.6390, HR@20: 0.8253), test (NDCG@5: 0.6158, HR@5: 0.7377, NDCG@10: 0.6320, HR@10: 0.7873, NDCG@20: 0.6410, HR@20: 0.8228)
loss in epoch 66 iteration 1677: 0.3913298547267914
loss in epoch 67 iteration 1677: 0.365361750125885
loss in epoch 68 iteration 1677: 0.35394078493118286
