Arguments:
backbone sasmamba
batch_size 16
dataset KuaiRand1000
device cuda:3
dropout_rate 0.5
eval_neg_sample 100
hidden_units 32
inference_only False
l2_emb 0.0
lr 0.0005
maxlen 1000
name mamba
num_blocks 2
num_epochs 500
num_heads 1
state_dict_path None
train_dir tracks256_default/

user_count: 26858
item count: 4524611
26858
average sequence length: 853.65
parameters_count: 1025296929
loss in epoch 1 iteration 1677: 0.8433654308319092
loss in epoch 2 iteration 1677: 0.7659380435943604
loss in epoch 3 iteration 1677: 0.7403029203414917
loss in epoch 4 iteration 1677: 0.6906153559684753
loss in epoch 5 iteration 1677: 0.6893781423568726
Evaluatingepoch:5, time: 1638693.860054(s), valid (NDCG@5: 0.5896, HR@5: 0.7399, NDCG@10: 0.6116, HR@10: 0.8072, NDCG@20: 0.6220, HR@20: 0.8479), test (NDCG@5: 0.5887, HR@5: 0.7414, NDCG@10: 0.6109, HR@10: 0.8092, NDCG@20: 0.6212, HR@20: 0.8496)
loss in epoch 6 iteration 1677: 0.6308967471122742
loss in epoch 7 iteration 1677: 0.6500224471092224
loss in epoch 8 iteration 1677: 0.6158326268196106
loss in epoch 9 iteration 1677: 0.5899046063423157
loss in epoch 10 iteration 1677: 0.5674641728401184
Evaluatingepoch:10, time: 3275379.700661(s), valid (NDCG@5: 0.5861, HR@5: 0.7407, NDCG@10: 0.6092, HR@10: 0.8109, NDCG@20: 0.6199, HR@20: 0.8529), test (NDCG@5: 0.5828, HR@5: 0.7412, NDCG@10: 0.6059, HR@10: 0.8119, NDCG@20: 0.6164, HR@20: 0.8526)
loss in epoch 11 iteration 1677: 0.5105264782905579
loss in epoch 12 iteration 1677: 0.5177555680274963
loss in epoch 13 iteration 1677: 0.5204552412033081
loss in epoch 14 iteration 1677: 0.48211047053337097
loss in epoch 15 iteration 1677: 0.4669646918773651
Evaluatingepoch:15, time: 4912433.015823(s), valid (NDCG@5: 0.5853, HR@5: 0.7370, NDCG@10: 0.6093, HR@10: 0.8103, NDCG@20: 0.6191, HR@20: 0.8489), test (NDCG@5: 0.5832, HR@5: 0.7354, NDCG@10: 0.6071, HR@10: 0.8084, NDCG@20: 0.6178, HR@20: 0.8503)
loss in epoch 16 iteration 1677: 0.4453221559524536
loss in epoch 17 iteration 1677: 0.4397035837173462
loss in epoch 18 iteration 1677: 0.4338843822479248
loss in epoch 19 iteration 1677: 0.4315566420555115
loss in epoch 20 iteration 1677: 0.4126773774623871
Evaluatingepoch:20, time: 6549089.513302(s), valid (NDCG@5: 0.5932, HR@5: 0.7367, NDCG@10: 0.6159, HR@10: 0.8061, NDCG@20: 0.6259, HR@20: 0.8451), test (NDCG@5: 0.5896, HR@5: 0.7354, NDCG@10: 0.6125, HR@10: 0.8051, NDCG@20: 0.6226, HR@20: 0.8448)
loss in epoch 21 iteration 1677: 0.4276256561279297
loss in epoch 22 iteration 1677: 0.3791789412498474
loss in epoch 23 iteration 1677: 0.3982948660850525
loss in epoch 24 iteration 1677: 0.40478578209877014
loss in epoch 25 iteration 1677: 0.394525945186615
Evaluatingepoch:25, time: 8185088.858366(s), valid (NDCG@5: 0.5978, HR@5: 0.7377, NDCG@10: 0.6192, HR@10: 0.8034, NDCG@20: 0.6291, HR@20: 0.8420), test (NDCG@5: 0.5972, HR@5: 0.7371, NDCG@10: 0.6192, HR@10: 0.8045, NDCG@20: 0.6289, HR@20: 0.8428)
loss in epoch 26 iteration 1677: 0.357767790555954
loss in epoch 27 iteration 1677: 0.3611379861831665
loss in epoch 28 iteration 1677: 0.3636610209941864
loss in epoch 29 iteration 1677: 0.3642480671405792
loss in epoch 30 iteration 1677: 0.3557050824165344
Evaluatingepoch:30, time: 9821091.392517(s), valid (NDCG@5: 0.6037, HR@5: 0.7411, NDCG@10: 0.6234, HR@10: 0.8011, NDCG@20: 0.6328, HR@20: 0.8382), test (NDCG@5: 0.5976, HR@5: 0.7350, NDCG@10: 0.6190, HR@10: 0.8004, NDCG@20: 0.6286, HR@20: 0.8382)
loss in epoch 31 iteration 1677: 0.34440261125564575
loss in epoch 32 iteration 1677: 0.3407597541809082
loss in epoch 33 iteration 1677: 0.34781819581985474
loss in epoch 34 iteration 1677: 0.3432501554489136
loss in epoch 35 iteration 1677: 0.33945539593696594
Evaluatingepoch:35, time: 11456842.288256(s), valid (NDCG@5: 0.6013, HR@5: 0.7384, NDCG@10: 0.6214, HR@10: 0.7997, NDCG@20: 0.6306, HR@20: 0.8358), test (NDCG@5: 0.5945, HR@5: 0.7324, NDCG@10: 0.6154, HR@10: 0.7962, NDCG@20: 0.6253, HR@20: 0.8350)
loss in epoch 36 iteration 1677: 0.3201135993003845
loss in epoch 37 iteration 1677: 0.3287544846534729
loss in epoch 38 iteration 1677: 0.3468128442764282
loss in epoch 39 iteration 1677: 0.32239800691604614
loss in epoch 40 iteration 1677: 0.3152737319469452
Evaluatingepoch:40, time: 13093631.975651(s), valid (NDCG@5: 0.6058, HR@5: 0.7408, NDCG@10: 0.6251, HR@10: 0.7996, NDCG@20: 0.6340, HR@20: 0.8348), test (NDCG@5: 0.5983, HR@5: 0.7335, NDCG@10: 0.6186, HR@10: 0.7955, NDCG@20: 0.6282, HR@20: 0.8330)
loss in epoch 41 iteration 1677: 0.3225805461406708
loss in epoch 42 iteration 1677: 0.3338467478752136
loss in epoch 43 iteration 1677: 0.319026380777359
loss in epoch 44 iteration 1677: 0.31008318066596985
loss in epoch 45 iteration 1677: 0.31566953659057617
Evaluatingepoch:45, time: 14730360.563993(s), valid (NDCG@5: 0.6092, HR@5: 0.7402, NDCG@10: 0.6286, HR@10: 0.7994, NDCG@20: 0.6376, HR@20: 0.8349), test (NDCG@5: 0.6023, HR@5: 0.7363, NDCG@10: 0.6219, HR@10: 0.7962, NDCG@20: 0.6313, HR@20: 0.8333)
loss in epoch 46 iteration 1677: 0.2991201877593994
loss in epoch 47 iteration 1677: 0.3025829792022705
loss in epoch 48 iteration 1677: 0.29592132568359375
loss in epoch 49 iteration 1677: 0.30969464778900146
loss in epoch 50 iteration 1677: 0.30073606967926025
Evaluatingepoch:50, time: 16365840.782166(s), valid (NDCG@5: 0.6141, HR@5: 0.7430, NDCG@10: 0.6329, HR@10: 0.8006, NDCG@20: 0.6422, HR@20: 0.8370), test (NDCG@5: 0.6045, HR@5: 0.7359, NDCG@10: 0.6248, HR@10: 0.7978, NDCG@20: 0.6344, HR@20: 0.8358)
loss in epoch 51 iteration 1677: 0.29726171493530273
loss in epoch 52 iteration 1677: 0.29105547070503235
loss in epoch 53 iteration 1677: 0.2931089401245117
loss in epoch 54 iteration 1677: 0.28688639402389526
loss in epoch 55 iteration 1677: 0.29952096939086914
Evaluatingepoch:55, time: 18001090.646744(s), valid (NDCG@5: 0.6152, HR@5: 0.7432, NDCG@10: 0.6347, HR@10: 0.8031, NDCG@20: 0.6436, HR@20: 0.8377), test (NDCG@5: 0.6065, HR@5: 0.7386, NDCG@10: 0.6262, HR@10: 0.7985, NDCG@20: 0.6355, HR@20: 0.8352)
loss in epoch 56 iteration 1677: 0.28960517048835754
loss in epoch 57 iteration 1677: 0.2854137718677521
loss in epoch 58 iteration 1677: 0.2889954447746277
loss in epoch 59 iteration 1677: 0.306942880153656
loss in epoch 60 iteration 1677: 0.2827688455581665
Evaluatingepoch:60, time: 19636291.588783(s), valid (NDCG@5: 0.6148, HR@5: 0.7449, NDCG@10: 0.6335, HR@10: 0.8022, NDCG@20: 0.6425, HR@20: 0.8373), test (NDCG@5: 0.6042, HR@5: 0.7345, NDCG@10: 0.6245, HR@10: 0.7967, NDCG@20: 0.6341, HR@20: 0.8343)
loss in epoch 61 iteration 1677: 0.28408747911453247
loss in epoch 62 iteration 1677: 0.2802037298679352
loss in epoch 63 iteration 1677: 0.29445892572402954
loss in epoch 64 iteration 1677: 0.2730131447315216
loss in epoch 65 iteration 1677: 0.27449455857276917
Evaluatingepoch:65, time: 21271212.065935(s), valid (NDCG@5: 0.6179, HR@5: 0.7451, NDCG@10: 0.6376, HR@10: 0.8051, NDCG@20: 0.6464, HR@20: 0.8396), test (NDCG@5: 0.6078, HR@5: 0.7367, NDCG@10: 0.6282, HR@10: 0.7991, NDCG@20: 0.6378, HR@20: 0.8367)
loss in epoch 66 iteration 1677: 0.269973486661911
loss in epoch 67 iteration 1677: 0.2694292664527893
loss in epoch 68 iteration 1677: 0.26879996061325073
loss in epoch 69 iteration 1677: 0.2724529802799225
loss in epoch 70 iteration 1677: 0.2758587598800659
Evaluatingepoch:70, time: 22905858.385801(s), valid (NDCG@5: 0.6159, HR@5: 0.7457, NDCG@10: 0.6357, HR@10: 0.8060, NDCG@20: 0.6446, HR@20: 0.8409), test (NDCG@5: 0.6080, HR@5: 0.7394, NDCG@10: 0.6281, HR@10: 0.8008, NDCG@20: 0.6374, HR@20: 0.8374)
loss in epoch 71 iteration 1677: 0.28954145312309265
loss in epoch 72 iteration 1677: 0.2761791944503784
loss in epoch 73 iteration 1677: 0.27807000279426575
loss in epoch 74 iteration 1677: 0.2629120945930481
loss in epoch 75 iteration 1677: 0.27099090814590454
Evaluatingepoch:75, time: 24538136.690617(s), valid (NDCG@5: 0.6212, HR@5: 0.7466, NDCG@10: 0.6410, HR@10: 0.8069, NDCG@20: 0.6497, HR@20: 0.8411), test (NDCG@5: 0.6126, HR@5: 0.7405, NDCG@10: 0.6324, HR@10: 0.8012, NDCG@20: 0.6419, HR@20: 0.8385)
loss in epoch 76 iteration 1677: 0.2494257390499115
loss in epoch 77 iteration 1677: 0.27390581369400024
loss in epoch 78 iteration 1677: 0.2713181972503662
loss in epoch 79 iteration 1677: 0.27521276473999023
loss in epoch 80 iteration 1677: 0.27241992950439453
Evaluatingepoch:80, time: 26169936.604977(s), valid (NDCG@5: 0.6222, HR@5: 0.7467, NDCG@10: 0.6426, HR@10: 0.8092, NDCG@20: 0.6507, HR@20: 0.8411), test (NDCG@5: 0.6134, HR@5: 0.7411, NDCG@10: 0.6332, HR@10: 0.8016, NDCG@20: 0.6426, HR@20: 0.8386)
loss in epoch 81 iteration 1677: 0.2739076614379883
loss in epoch 82 iteration 1677: 0.2603384554386139
loss in epoch 83 iteration 1677: 0.26423609256744385
loss in epoch 84 iteration 1677: 0.27052009105682373
loss in epoch 85 iteration 1677: 0.26965707540512085
Evaluatingepoch:85, time: 27802433.861256(s), valid (NDCG@5: 0.6273, HR@5: 0.7492, NDCG@10: 0.6471, HR@10: 0.8097, NDCG@20: 0.6555, HR@20: 0.8429), test (NDCG@5: 0.6145, HR@5: 0.7411, NDCG@10: 0.6352, HR@10: 0.8041, NDCG@20: 0.6441, HR@20: 0.8393)
loss in epoch 86 iteration 1677: 0.2675372362136841
loss in epoch 87 iteration 1677: 0.2609063684940338
loss in epoch 88 iteration 1677: 0.26068100333213806
loss in epoch 89 iteration 1677: 0.26372361183166504
loss in epoch 90 iteration 1677: 0.2706437110900879
Evaluatingepoch:90, time: 29435413.860083(s), valid (NDCG@5: 0.6276, HR@5: 0.7509, NDCG@10: 0.6473, HR@10: 0.8111, NDCG@20: 0.6560, HR@20: 0.8454), test (NDCG@5: 0.6153, HR@5: 0.7416, NDCG@10: 0.6365, HR@10: 0.8064, NDCG@20: 0.6458, HR@20: 0.8429)
loss in epoch 91 iteration 1677: 0.2595144808292389
loss in epoch 92 iteration 1677: 0.26263782382011414
loss in epoch 93 iteration 1677: 0.2692105174064636
loss in epoch 94 iteration 1677: 0.2588827610015869
loss in epoch 95 iteration 1677: 0.27012088894844055
Evaluatingepoch:95, time: 31068015.774727(s), valid (NDCG@5: 0.6268, HR@5: 0.7524, NDCG@10: 0.6467, HR@10: 0.8134, NDCG@20: 0.6552, HR@20: 0.8465), test (NDCG@5: 0.6194, HR@5: 0.7438, NDCG@10: 0.6398, HR@10: 0.8062, NDCG@20: 0.6493, HR@20: 0.8432)
loss in epoch 96 iteration 1677: 0.2554948031902313
loss in epoch 97 iteration 1677: 0.2523479163646698
loss in epoch 98 iteration 1677: 0.2589387893676758
loss in epoch 99 iteration 1677: 0.2626200318336487
loss in epoch 100 iteration 1677: 0.26697078347206116
Evaluatingepoch:100, time: 32700876.372337(s), valid (NDCG@5: 0.6297, HR@5: 0.7505, NDCG@10: 0.6506, HR@10: 0.8143, NDCG@20: 0.6594, HR@20: 0.8488), test (NDCG@5: 0.6195, HR@5: 0.7430, NDCG@10: 0.6409, HR@10: 0.8087, NDCG@20: 0.6502, HR@20: 0.8451)
loss in epoch 101 iteration 1677: 0.2489098608493805
loss in epoch 102 iteration 1677: 0.26568615436553955
loss in epoch 103 iteration 1677: 0.260216623544693
loss in epoch 104 iteration 1677: 0.25777608156204224
loss in epoch 105 iteration 1677: 0.24626311659812927
Evaluatingepoch:105, time: 34332816.447496(s), valid (NDCG@5: 0.6324, HR@5: 0.7540, NDCG@10: 0.6525, HR@10: 0.8158, NDCG@20: 0.6610, HR@20: 0.8487), test (NDCG@5: 0.6218, HR@5: 0.7457, NDCG@10: 0.6427, HR@10: 0.8098, NDCG@20: 0.6518, HR@20: 0.8454)
loss in epoch 106 iteration 1677: 0.25662124156951904
loss in epoch 107 iteration 1677: 0.2508261799812317
loss in epoch 108 iteration 1677: 0.2637242078781128
loss in epoch 109 iteration 1677: 0.24766480922698975
loss in epoch 110 iteration 1677: 0.2647496163845062
Evaluatingepoch:110, time: 35963254.535198(s), valid (NDCG@5: 0.6319, HR@5: 0.7541, NDCG@10: 0.6518, HR@10: 0.8152, NDCG@20: 0.6608, HR@20: 0.8502), test (NDCG@5: 0.6215, HR@5: 0.7456, NDCG@10: 0.6430, HR@10: 0.8113, NDCG@20: 0.6521, HR@20: 0.8469)
loss in epoch 111 iteration 1677: 0.25125613808631897
loss in epoch 112 iteration 1677: 0.2688121497631073
loss in epoch 113 iteration 1677: 0.24887335300445557
loss in epoch 114 iteration 1677: 0.2518102526664734
loss in epoch 115 iteration 1677: 0.2469513714313507
Evaluatingepoch:115, time: 37594401.589632(s), valid (NDCG@5: 0.6292, HR@5: 0.7545, NDCG@10: 0.6494, HR@10: 0.8163, NDCG@20: 0.6582, HR@20: 0.8505), test (NDCG@5: 0.6202, HR@5: 0.7465, NDCG@10: 0.6409, HR@10: 0.8103, NDCG@20: 0.6503, HR@20: 0.8471)
loss in epoch 116 iteration 1677: 0.24651676416397095
loss in epoch 117 iteration 1677: 0.23694555461406708
loss in epoch 118 iteration 1677: 0.24095824360847473
loss in epoch 119 iteration 1677: 0.25727784633636475
loss in epoch 120 iteration 1677: 0.25580501556396484
Evaluatingepoch:120, time: 39226780.583620(s), valid (NDCG@5: 0.6341, HR@5: 0.7567, NDCG@10: 0.6540, HR@10: 0.8176, NDCG@20: 0.6626, HR@20: 0.8515), test (NDCG@5: 0.6213, HR@5: 0.7454, NDCG@10: 0.6433, HR@10: 0.8130, NDCG@20: 0.6528, HR@20: 0.8500)
loss in epoch 121 iteration 1677: 0.2525058388710022
loss in epoch 122 iteration 1677: 0.2572125196456909
loss in epoch 123 iteration 1677: 0.2537405490875244
loss in epoch 124 iteration 1677: 0.26003962755203247
loss in epoch 125 iteration 1677: 0.25481826066970825
Evaluatingepoch:125, time: 40857092.467308(s), valid (NDCG@5: 0.6314, HR@5: 0.7561, NDCG@10: 0.6513, HR@10: 0.8171, NDCG@20: 0.6605, HR@20: 0.8531), test (NDCG@5: 0.6200, HR@5: 0.7491, NDCG@10: 0.6409, HR@10: 0.8134, NDCG@20: 0.6507, HR@20: 0.8515)
loss in epoch 126 iteration 1677: 0.2504984736442566
loss in epoch 127 iteration 1677: 0.24387089908123016
loss in epoch 128 iteration 1677: 0.23023919761180878
loss in epoch 129 iteration 1677: 0.2460828721523285
loss in epoch 130 iteration 1677: 0.23232227563858032
Evaluatingepoch:130, time: 42490207.668781(s), valid (NDCG@5: 0.6337, HR@5: 0.7570, NDCG@10: 0.6539, HR@10: 0.8190, NDCG@20: 0.6631, HR@20: 0.8547), test (NDCG@5: 0.6236, HR@5: 0.7494, NDCG@10: 0.6454, HR@10: 0.8164, NDCG@20: 0.6548, HR@20: 0.8531)
loss in epoch 131 iteration 1677: 0.2377692610025406
loss in epoch 132 iteration 1677: 0.24664749205112457
loss in epoch 133 iteration 1677: 0.25049203634262085
loss in epoch 134 iteration 1677: 0.24269774556159973
loss in epoch 135 iteration 1677: 0.25390252470970154
Evaluatingepoch:135, time: 44118597.177029(s), valid (NDCG@5: 0.6417, HR@5: 0.7580, NDCG@10: 0.6617, HR@10: 0.8193, NDCG@20: 0.6709, HR@20: 0.8551), test (NDCG@5: 0.6296, HR@5: 0.7517, NDCG@10: 0.6508, HR@10: 0.8166, NDCG@20: 0.6604, HR@20: 0.8543)
loss in epoch 136 iteration 1677: 0.25585174560546875
loss in epoch 137 iteration 1677: 0.2528722584247589
loss in epoch 138 iteration 1677: 0.24446308612823486
loss in epoch 139 iteration 1677: 0.2607680857181549
loss in epoch 140 iteration 1677: 0.24278882145881653
Evaluatingepoch:140, time: 46211447.583199(s), valid (NDCG@5: 0.6427, HR@5: 0.7596, NDCG@10: 0.6624, HR@10: 0.8198, NDCG@20: 0.6715, HR@20: 0.8553), test (NDCG@5: 0.6337, HR@5: 0.7528, NDCG@10: 0.6544, HR@10: 0.8163, NDCG@20: 0.6642, HR@20: 0.8547)
loss in epoch 141 iteration 1677: 0.23396454751491547
loss in epoch 142 iteration 1677: 0.24439680576324463
loss in epoch 143 iteration 1677: 0.2353326976299286
loss in epoch 144 iteration 1677: 0.23792332410812378
loss in epoch 145 iteration 1677: 0.23813524842262268
Evaluatingepoch:145, time: 47844962.720394(s), valid (NDCG@5: 0.6438, HR@5: 0.7605, NDCG@10: 0.6637, HR@10: 0.8215, NDCG@20: 0.6727, HR@20: 0.8566), test (NDCG@5: 0.6346, HR@5: 0.7526, NDCG@10: 0.6557, HR@10: 0.8173, NDCG@20: 0.6655, HR@20: 0.8557)
loss in epoch 146 iteration 1677: 0.24052347242832184
loss in epoch 147 iteration 1677: 0.2406189739704132
loss in epoch 148 iteration 1677: 0.23500266671180725
loss in epoch 149 iteration 1677: 0.23654231429100037
loss in epoch 150 iteration 1677: 0.24370314180850983
Evaluatingepoch:150, time: 49480262.825727(s), valid (NDCG@5: 0.6488, HR@5: 0.7634, NDCG@10: 0.6675, HR@10: 0.8206, NDCG@20: 0.6767, HR@20: 0.8565), test (NDCG@5: 0.6378, HR@5: 0.7555, NDCG@10: 0.6579, HR@10: 0.8173, NDCG@20: 0.6677, HR@20: 0.8556)
loss in epoch 151 iteration 1677: 0.24373690783977509
loss in epoch 152 iteration 1677: 0.23820210993289948
loss in epoch 153 iteration 1677: 0.23250460624694824
loss in epoch 154 iteration 1677: 0.2373250126838684
loss in epoch 155 iteration 1677: 0.2370937466621399
Evaluatingepoch:155, time: 51113887.614965(s), valid (NDCG@5: 0.6487, HR@5: 0.7602, NDCG@10: 0.6689, HR@10: 0.8220, NDCG@20: 0.6779, HR@20: 0.8574), test (NDCG@5: 0.6381, HR@5: 0.7551, NDCG@10: 0.6588, HR@10: 0.8188, NDCG@20: 0.6683, HR@20: 0.8554)
loss in epoch 156 iteration 1677: 0.23723401129245758
loss in epoch 157 iteration 1677: 0.23973487317562103
loss in epoch 158 iteration 1677: 0.24347709119319916
loss in epoch 159 iteration 1677: 0.2318616360425949
loss in epoch 160 iteration 1677: 0.23368650674819946
Evaluatingepoch:160, time: 52748873.782396(s), valid (NDCG@5: 0.6514, HR@5: 0.7626, NDCG@10: 0.6708, HR@10: 0.8219, NDCG@20: 0.6802, HR@20: 0.8588), test (NDCG@5: 0.6417, HR@5: 0.7570, NDCG@10: 0.6621, HR@10: 0.8196, NDCG@20: 0.6716, HR@20: 0.8564)
loss in epoch 161 iteration 1677: 0.2326613813638687
loss in epoch 162 iteration 1677: 0.24595676362514496
loss in epoch 163 iteration 1677: 0.24386468529701233
loss in epoch 164 iteration 1677: 0.23873598873615265
loss in epoch 165 iteration 1677: 0.25014805793762207
Evaluatingepoch:165, time: 54384483.753443(s), valid (NDCG@5: 0.6527, HR@5: 0.7641, NDCG@10: 0.6714, HR@10: 0.8218, NDCG@20: 0.6809, HR@20: 0.8588), test (NDCG@5: 0.6411, HR@5: 0.7556, NDCG@10: 0.6619, HR@10: 0.8197, NDCG@20: 0.6713, HR@20: 0.8565)
loss in epoch 166 iteration 1677: 0.24082410335540771
loss in epoch 167 iteration 1677: 0.23971475660800934
loss in epoch 168 iteration 1677: 0.24047228693962097
loss in epoch 169 iteration 1677: 0.24800725281238556
loss in epoch 170 iteration 1677: 0.24875052273273468
Evaluatingepoch:170, time: 56019928.483963(s), valid (NDCG@5: 0.6573, HR@5: 0.7639, NDCG@10: 0.6765, HR@10: 0.8232, NDCG@20: 0.6854, HR@20: 0.8580), test (NDCG@5: 0.6461, HR@5: 0.7588, NDCG@10: 0.6662, HR@10: 0.8206, NDCG@20: 0.6755, HR@20: 0.8569)
loss in epoch 171 iteration 1677: 0.24345508217811584
loss in epoch 172 iteration 1677: 0.24116942286491394
loss in epoch 173 iteration 1677: 0.22179771959781647
loss in epoch 174 iteration 1677: 0.24014291167259216
loss in epoch 175 iteration 1677: 0.2321513444185257
Evaluatingepoch:175, time: 57655314.820766(s), valid (NDCG@5: 0.6557, HR@5: 0.7637, NDCG@10: 0.6744, HR@10: 0.8212, NDCG@20: 0.6841, HR@20: 0.8589), test (NDCG@5: 0.6479, HR@5: 0.7599, NDCG@10: 0.6675, HR@10: 0.8203, NDCG@20: 0.6767, HR@20: 0.8565)
loss in epoch 176 iteration 1677: 0.24737323820590973
loss in epoch 177 iteration 1677: 0.23684704303741455
loss in epoch 178 iteration 1677: 0.23800073564052582
loss in epoch 179 iteration 1677: 0.21796730160713196
loss in epoch 180 iteration 1677: 0.24427741765975952
Evaluatingepoch:180, time: 59290601.087809(s), valid (NDCG@5: 0.6568, HR@5: 0.7656, NDCG@10: 0.6754, HR@10: 0.8228, NDCG@20: 0.6849, HR@20: 0.8597), test (NDCG@5: 0.6477, HR@5: 0.7604, NDCG@10: 0.6677, HR@10: 0.8217, NDCG@20: 0.6768, HR@20: 0.8573)
loss in epoch 181 iteration 1677: 0.2274501621723175
loss in epoch 182 iteration 1677: 0.22950854897499084
loss in epoch 183 iteration 1677: 0.23295894265174866
loss in epoch 184 iteration 1677: 0.22764110565185547
loss in epoch 185 iteration 1677: 0.2473377138376236
Evaluatingepoch:185, time: 60925960.903168(s), valid (NDCG@5: 0.6589, HR@5: 0.7660, NDCG@10: 0.6777, HR@10: 0.8236, NDCG@20: 0.6867, HR@20: 0.8588), test (NDCG@5: 0.6512, HR@5: 0.7605, NDCG@10: 0.6709, HR@10: 0.8208, NDCG@20: 0.6803, HR@20: 0.8577)
loss in epoch 186 iteration 1677: 0.23697470128536224
loss in epoch 187 iteration 1677: 0.248024120926857
loss in epoch 188 iteration 1677: 0.22596266865730286
loss in epoch 189 iteration 1677: 0.23295897245407104
loss in epoch 190 iteration 1677: 0.22743737697601318
Evaluatingepoch:190, time: 62560977.651834(s), valid (NDCG@5: 0.6587, HR@5: 0.7668, NDCG@10: 0.6777, HR@10: 0.8252, NDCG@20: 0.6868, HR@20: 0.8607), test (NDCG@5: 0.6469, HR@5: 0.7593, NDCG@10: 0.6673, HR@10: 0.8220, NDCG@20: 0.6764, HR@20: 0.8575)
loss in epoch 191 iteration 1677: 0.23466823995113373
loss in epoch 192 iteration 1677: 0.230662003159523
loss in epoch 193 iteration 1677: 0.24028247594833374
loss in epoch 194 iteration 1677: 0.24085122346878052
loss in epoch 195 iteration 1677: 0.23565314710140228
Evaluatingepoch:195, time: 64196560.815096(s), valid (NDCG@5: 0.6611, HR@5: 0.7683, NDCG@10: 0.6794, HR@10: 0.8244, NDCG@20: 0.6885, HR@20: 0.8596), test (NDCG@5: 0.6525, HR@5: 0.7622, NDCG@10: 0.6717, HR@10: 0.8214, NDCG@20: 0.6810, HR@20: 0.8576)
loss in epoch 196 iteration 1677: 0.2270357757806778
loss in epoch 197 iteration 1677: 0.23180188238620758
loss in epoch 198 iteration 1677: 0.24604156613349915
loss in epoch 199 iteration 1677: 0.23943141102790833
loss in epoch 200 iteration 1677: 0.23471029102802277
Evaluatingepoch:200, time: 65832133.965015(s), valid (NDCG@5: 0.6607, HR@5: 0.7673, NDCG@10: 0.6797, HR@10: 0.8259, NDCG@20: 0.6886, HR@20: 0.8605), test (NDCG@5: 0.6519, HR@5: 0.7625, NDCG@10: 0.6715, HR@10: 0.8230, NDCG@20: 0.6805, HR@20: 0.8578)
loss in epoch 201 iteration 1677: 0.23385736346244812
loss in epoch 202 iteration 1677: 0.22887521982192993
loss in epoch 203 iteration 1677: 0.22559140622615814
loss in epoch 204 iteration 1677: 0.23741894960403442
loss in epoch 205 iteration 1677: 0.23654088377952576
Evaluatingepoch:205, time: 67467342.979431(s), valid (NDCG@5: 0.6618, HR@5: 0.7658, NDCG@10: 0.6808, HR@10: 0.8240, NDCG@20: 0.6902, HR@20: 0.8605), test (NDCG@5: 0.6527, HR@5: 0.7633, NDCG@10: 0.6718, HR@10: 0.8222, NDCG@20: 0.6813, HR@20: 0.8589)
loss in epoch 206 iteration 1677: 0.23867270350456238
loss in epoch 207 iteration 1677: 0.228982076048851
loss in epoch 208 iteration 1677: 0.2310507893562317
loss in epoch 209 iteration 1677: 0.2218722701072693
loss in epoch 210 iteration 1677: 0.231404110789299
Evaluatingepoch:210, time: 69102621.498585(s), valid (NDCG@5: 0.6648, HR@5: 0.7681, NDCG@10: 0.6835, HR@10: 0.8255, NDCG@20: 0.6922, HR@20: 0.8598), test (NDCG@5: 0.6558, HR@5: 0.7637, NDCG@10: 0.6753, HR@10: 0.8236, NDCG@20: 0.6845, HR@20: 0.8594)
loss in epoch 211 iteration 1677: 0.2227553278207779
loss in epoch 212 iteration 1677: 0.22875259816646576
loss in epoch 213 iteration 1677: 0.2332308292388916
loss in epoch 214 iteration 1677: 0.22663897275924683
loss in epoch 215 iteration 1677: 0.23438981175422668
Evaluatingepoch:215, time: 70737798.234701(s), valid (NDCG@5: 0.6641, HR@5: 0.7679, NDCG@10: 0.6826, HR@10: 0.8249, NDCG@20: 0.6915, HR@20: 0.8598), test (NDCG@5: 0.6512, HR@5: 0.7608, NDCG@10: 0.6717, HR@10: 0.8235, NDCG@20: 0.6804, HR@20: 0.8578)
loss in epoch 216 iteration 1677: 0.23122119903564453
loss in epoch 217 iteration 1677: 0.23350831866264343
loss in epoch 218 iteration 1677: 0.2397971898317337
loss in epoch 219 iteration 1677: 0.22848786413669586
loss in epoch 220 iteration 1677: 0.22832976281642914
Evaluatingepoch:220, time: 72373236.159801(s), valid (NDCG@5: 0.6664, HR@5: 0.7684, NDCG@10: 0.6848, HR@10: 0.8247, NDCG@20: 0.6938, HR@20: 0.8600), test (NDCG@5: 0.6542, HR@5: 0.7627, NDCG@10: 0.6740, HR@10: 0.8233, NDCG@20: 0.6830, HR@20: 0.8587)
loss in epoch 221 iteration 1677: 0.22814160585403442
loss in epoch 222 iteration 1677: 0.23057293891906738
loss in epoch 223 iteration 1677: 0.23623201251029968
loss in epoch 224 iteration 1677: 0.22733494639396667
loss in epoch 225 iteration 1677: 0.23974208533763885
Evaluatingepoch:225, time: 74008554.562569(s), valid (NDCG@5: 0.6668, HR@5: 0.7693, NDCG@10: 0.6854, HR@10: 0.8264, NDCG@20: 0.6941, HR@20: 0.8606), test (NDCG@5: 0.6570, HR@5: 0.7631, NDCG@10: 0.6770, HR@10: 0.8245, NDCG@20: 0.6858, HR@20: 0.8587)
loss in epoch 226 iteration 1677: 0.22649513185024261
loss in epoch 227 iteration 1677: 0.22977693378925323
loss in epoch 228 iteration 1677: 0.2329970896244049
loss in epoch 229 iteration 1677: 0.2242068499326706
