Arguments:
backbone sasmamba
batch_size 16
dataset KuaiRand2000
device cuda:5
dropout_rate 0.5
eval_neg_sample 100
hidden_units 32
inference_only False
l2_emb 0.0
lr 0.0005
maxlen 2000
name mamba
num_blocks 2
num_epochs 500
num_heads 1
state_dict_path None
train_dir tracks256_default/

user_count: 26858
item count: 6479039
26858
average sequence length: 1419.07
parameters_count: 1025328929
loss in epoch 1 iteration 1677: 0.8458190560340881
loss in epoch 2 iteration 1677: 0.7763410806655884
loss in epoch 3 iteration 1677: 0.6886592507362366
loss in epoch 4 iteration 1677: 0.6616283655166626
loss in epoch 5 iteration 1677: 0.6246045231819153
Evaluatingepoch:5, time: 1727896.209717(s), valid (NDCG@5: 0.5923, HR@5: 0.7413, NDCG@10: 0.6160, HR@10: 0.8138, NDCG@20: 0.6281, HR@20: 0.8610), test (NDCG@5: 0.5942, HR@5: 0.7417, NDCG@10: 0.6186, HR@10: 0.8160, NDCG@20: 0.6304, HR@20: 0.8625)
loss in epoch 6 iteration 1677: 0.6440298557281494
loss in epoch 7 iteration 1677: 0.6138399243354797
loss in epoch 8 iteration 1677: 0.5736886858940125
loss in epoch 9 iteration 1677: 0.5371381044387817
loss in epoch 10 iteration 1677: 0.4911454916000366
Evaluatingepoch:10, time: 3453876.960993(s), valid (NDCG@5: 0.5834, HR@5: 0.7376, NDCG@10: 0.6079, HR@10: 0.8127, NDCG@20: 0.6200, HR@20: 0.8600), test (NDCG@5: 0.5826, HR@5: 0.7391, NDCG@10: 0.6080, HR@10: 0.8172, NDCG@20: 0.6196, HR@20: 0.8627)
loss in epoch 11 iteration 1677: 0.48050007224082947
loss in epoch 12 iteration 1677: 0.46609044075012207
loss in epoch 13 iteration 1677: 0.4420805275440216
loss in epoch 14 iteration 1677: 0.4526336193084717
loss in epoch 15 iteration 1677: 0.4217246472835541
Evaluatingepoch:15, time: 5179948.105097(s), valid (NDCG@5: 0.5921, HR@5: 0.7393, NDCG@10: 0.6154, HR@10: 0.8105, NDCG@20: 0.6267, HR@20: 0.8551), test (NDCG@5: 0.5920, HR@5: 0.7394, NDCG@10: 0.6153, HR@10: 0.8109, NDCG@20: 0.6268, HR@20: 0.8561)
loss in epoch 16 iteration 1677: 0.40306347608566284
loss in epoch 17 iteration 1677: 0.40044939517974854
loss in epoch 18 iteration 1677: 0.3934202790260315
loss in epoch 19 iteration 1677: 0.3660426139831543
loss in epoch 20 iteration 1677: 0.40430185198783875
Evaluatingepoch:20, time: 6905480.090141(s), valid (NDCG@5: 0.5983, HR@5: 0.7386, NDCG@10: 0.6207, HR@10: 0.8068, NDCG@20: 0.6312, HR@20: 0.8483), test (NDCG@5: 0.5985, HR@5: 0.7407, NDCG@10: 0.6201, HR@10: 0.8069, NDCG@20: 0.6311, HR@20: 0.8502)
loss in epoch 21 iteration 1677: 0.3418857753276825
loss in epoch 22 iteration 1677: 0.3469035029411316
loss in epoch 23 iteration 1677: 0.31873399019241333
loss in epoch 24 iteration 1677: 0.32370883226394653
loss in epoch 25 iteration 1677: 0.31935861706733704
Evaluatingepoch:25, time: 8631319.378853(s), valid (NDCG@5: 0.6042, HR@5: 0.7425, NDCG@10: 0.6254, HR@10: 0.8075, NDCG@20: 0.6353, HR@20: 0.8462), test (NDCG@5: 0.6052, HR@5: 0.7416, NDCG@10: 0.6265, HR@10: 0.8068, NDCG@20: 0.6369, HR@20: 0.8475)
loss in epoch 26 iteration 1677: 0.31388741731643677
loss in epoch 27 iteration 1677: 0.3030170202255249
loss in epoch 28 iteration 1677: 0.29373374581336975
loss in epoch 29 iteration 1677: 0.302293062210083
loss in epoch 30 iteration 1677: 0.30774185061454773
Evaluatingepoch:30, time: 10357904.660463(s), valid (NDCG@5: 0.6165, HR@5: 0.7467, NDCG@10: 0.6366, HR@10: 0.8082, NDCG@20: 0.6465, HR@20: 0.8472), test (NDCG@5: 0.6150, HR@5: 0.7474, NDCG@10: 0.6346, HR@10: 0.8073, NDCG@20: 0.6447, HR@20: 0.8471)
loss in epoch 31 iteration 1677: 0.2881627082824707
loss in epoch 32 iteration 1677: 0.2903655171394348
loss in epoch 33 iteration 1677: 0.2802956700325012
loss in epoch 34 iteration 1677: 0.2788437008857727
loss in epoch 35 iteration 1677: 0.26604047417640686
Evaluatingepoch:35, time: 12084149.770975(s), valid (NDCG@5: 0.6258, HR@5: 0.7541, NDCG@10: 0.6442, HR@10: 0.8103, NDCG@20: 0.6540, HR@20: 0.8488), test (NDCG@5: 0.6225, HR@5: 0.7504, NDCG@10: 0.6417, HR@10: 0.8093, NDCG@20: 0.6515, HR@20: 0.8476)
loss in epoch 36 iteration 1677: 0.2683835029602051
loss in epoch 37 iteration 1677: 0.26481637358665466
loss in epoch 38 iteration 1677: 0.2731708884239197
loss in epoch 39 iteration 1677: 0.2620883882045746
loss in epoch 40 iteration 1677: 0.25303539633750916
Evaluatingepoch:40, time: 13810681.277275(s), valid (NDCG@5: 0.6368, HR@5: 0.7571, NDCG@10: 0.6551, HR@10: 0.8130, NDCG@20: 0.6642, HR@20: 0.8489), test (NDCG@5: 0.6314, HR@5: 0.7559, NDCG@10: 0.6496, HR@10: 0.8116, NDCG@20: 0.6590, HR@20: 0.8484)
loss in epoch 41 iteration 1677: 0.2643854320049286
loss in epoch 42 iteration 1677: 0.2650161385536194
loss in epoch 43 iteration 1677: 0.25058096647262573
loss in epoch 44 iteration 1677: 0.2723560929298401
loss in epoch 45 iteration 1677: 0.25087347626686096
Evaluatingepoch:45, time: 15536955.809593(s), valid (NDCG@5: 0.6361, HR@5: 0.7570, NDCG@10: 0.6541, HR@10: 0.8125, NDCG@20: 0.6635, HR@20: 0.8491), test (NDCG@5: 0.6289, HR@5: 0.7527, NDCG@10: 0.6480, HR@10: 0.8111, NDCG@20: 0.6578, HR@20: 0.8497)
loss in epoch 46 iteration 1677: 0.24512764811515808
loss in epoch 47 iteration 1677: 0.2570246160030365
loss in epoch 48 iteration 1677: 0.2592092454433441
loss in epoch 49 iteration 1677: 0.23868496716022491
loss in epoch 50 iteration 1677: 0.262384295463562
Evaluatingepoch:50, time: 17262755.996466(s), valid (NDCG@5: 0.6480, HR@5: 0.7650, NDCG@10: 0.6654, HR@10: 0.8184, NDCG@20: 0.6746, HR@20: 0.8545), test (NDCG@5: 0.6412, HR@5: 0.7600, NDCG@10: 0.6598, HR@10: 0.8170, NDCG@20: 0.6691, HR@20: 0.8537)
loss in epoch 51 iteration 1677: 0.2559244930744171
loss in epoch 52 iteration 1677: 0.25457683205604553
loss in epoch 53 iteration 1677: 0.24780678749084473
loss in epoch 54 iteration 1677: 0.2565748393535614
loss in epoch 55 iteration 1677: 0.24340128898620605
Evaluatingepoch:55, time: 18988444.499493(s), valid (NDCG@5: 0.6536, HR@5: 0.7661, NDCG@10: 0.6715, HR@10: 0.8208, NDCG@20: 0.6803, HR@20: 0.8554), test (NDCG@5: 0.6453, HR@5: 0.7619, NDCG@10: 0.6636, HR@10: 0.8181, NDCG@20: 0.6727, HR@20: 0.8540)
loss in epoch 56 iteration 1677: 0.24810941517353058
loss in epoch 57 iteration 1677: 0.2417502999305725
loss in epoch 58 iteration 1677: 0.23650750517845154
loss in epoch 59 iteration 1677: 0.2410619556903839
loss in epoch 60 iteration 1677: 0.24675880372524261
Evaluatingepoch:60, time: 20714497.019529(s), valid (NDCG@5: 0.6499, HR@5: 0.7655, NDCG@10: 0.6676, HR@10: 0.8196, NDCG@20: 0.6767, HR@20: 0.8557), test (NDCG@5: 0.6422, HR@5: 0.7619, NDCG@10: 0.6604, HR@10: 0.8174, NDCG@20: 0.6699, HR@20: 0.8549)
loss in epoch 61 iteration 1677: 0.24643726646900177
loss in epoch 62 iteration 1677: 0.24886265397071838
loss in epoch 63 iteration 1677: 0.23497988283634186
loss in epoch 64 iteration 1677: 0.2357923537492752
loss in epoch 65 iteration 1677: 0.23330295085906982
Evaluatingepoch:65, time: 22440465.303183(s), valid (NDCG@5: 0.6588, HR@5: 0.7703, NDCG@10: 0.6760, HR@10: 0.8230, NDCG@20: 0.6851, HR@20: 0.8587), test (NDCG@5: 0.6519, HR@5: 0.7674, NDCG@10: 0.6696, HR@10: 0.8218, NDCG@20: 0.6783, HR@20: 0.8563)
loss in epoch 66 iteration 1677: 0.22526498138904572
loss in epoch 67 iteration 1677: 0.2290344089269638
loss in epoch 68 iteration 1677: 0.23934604227542877
loss in epoch 69 iteration 1677: 0.22514577209949493
loss in epoch 70 iteration 1677: 0.23442761600017548
Evaluatingepoch:70, time: 24163260.472775(s), valid (NDCG@5: 0.6593, HR@5: 0.7715, NDCG@10: 0.6768, HR@10: 0.8253, NDCG@20: 0.6857, HR@20: 0.8604), test (NDCG@5: 0.6572, HR@5: 0.7707, NDCG@10: 0.6745, HR@10: 0.8236, NDCG@20: 0.6832, HR@20: 0.8578)
loss in epoch 71 iteration 1677: 0.24200439453125
loss in epoch 72 iteration 1677: 0.22831611335277557
loss in epoch 73 iteration 1677: 0.24445822834968567
loss in epoch 74 iteration 1677: 0.23685862123966217
loss in epoch 75 iteration 1677: 0.22789521515369415
Evaluatingepoch:75, time: 25886167.134047(s), valid (NDCG@5: 0.6660, HR@5: 0.7759, NDCG@10: 0.6821, HR@10: 0.8253, NDCG@20: 0.6910, HR@20: 0.8602), test (NDCG@5: 0.6588, HR@5: 0.7718, NDCG@10: 0.6758, HR@10: 0.8241, NDCG@20: 0.6848, HR@20: 0.8596)
loss in epoch 76 iteration 1677: 0.23458430171012878
loss in epoch 77 iteration 1677: 0.220092311501503
loss in epoch 78 iteration 1677: 0.23016057908535004
loss in epoch 79 iteration 1677: 0.22430258989334106
loss in epoch 80 iteration 1677: 0.2339160442352295
Evaluatingepoch:80, time: 27609548.300266(s), valid (NDCG@5: 0.6645, HR@5: 0.7744, NDCG@10: 0.6816, HR@10: 0.8268, NDCG@20: 0.6909, HR@20: 0.8634), test (NDCG@5: 0.6618, HR@5: 0.7743, NDCG@10: 0.6786, HR@10: 0.8260, NDCG@20: 0.6875, HR@20: 0.8609)
loss in epoch 81 iteration 1677: 0.23596498370170593
loss in epoch 82 iteration 1677: 0.2286241352558136
loss in epoch 83 iteration 1677: 0.22743086516857147
loss in epoch 84 iteration 1677: 0.2331923246383667
loss in epoch 85 iteration 1677: 0.2254290133714676
Evaluatingepoch:85, time: 29333321.101189(s), valid (NDCG@5: 0.6692, HR@5: 0.7795, NDCG@10: 0.6852, HR@10: 0.8287, NDCG@20: 0.6940, HR@20: 0.8634), test (NDCG@5: 0.6626, HR@5: 0.7748, NDCG@10: 0.6797, HR@10: 0.8270, NDCG@20: 0.6886, HR@20: 0.8622)
loss in epoch 86 iteration 1677: 0.23906782269477844
loss in epoch 87 iteration 1677: 0.2305818349123001
loss in epoch 88 iteration 1677: 0.2323816865682602
loss in epoch 89 iteration 1677: 0.2170027643442154
loss in epoch 90 iteration 1677: 0.2257179468870163
Evaluatingepoch:90, time: 31057241.999149(s), valid (NDCG@5: 0.6717, HR@5: 0.7790, NDCG@10: 0.6882, HR@10: 0.8298, NDCG@20: 0.6971, HR@20: 0.8647), test (NDCG@5: 0.6680, HR@5: 0.7781, NDCG@10: 0.6843, HR@10: 0.8280, NDCG@20: 0.6934, HR@20: 0.8636)
loss in epoch 91 iteration 1677: 0.21725961565971375
loss in epoch 92 iteration 1677: 0.22458615899085999
loss in epoch 93 iteration 1677: 0.22261981666088104
loss in epoch 94 iteration 1677: 0.22330142557621002
loss in epoch 95 iteration 1677: 0.22751230001449585
Evaluatingepoch:95, time: 32780514.554262(s), valid (NDCG@5: 0.6701, HR@5: 0.7795, NDCG@10: 0.6872, HR@10: 0.8321, NDCG@20: 0.6959, HR@20: 0.8664), test (NDCG@5: 0.6665, HR@5: 0.7781, NDCG@10: 0.6833, HR@10: 0.8296, NDCG@20: 0.6927, HR@20: 0.8667)
loss in epoch 96 iteration 1677: 0.23158565163612366
loss in epoch 97 iteration 1677: 0.2196924239397049
loss in epoch 98 iteration 1677: 0.20727935433387756
loss in epoch 99 iteration 1677: 0.22548459470272064
loss in epoch 100 iteration 1677: 0.21392861008644104
Evaluatingepoch:100, time: 34500948.666334(s), valid (NDCG@5: 0.6714, HR@5: 0.7803, NDCG@10: 0.6883, HR@10: 0.8320, NDCG@20: 0.6976, HR@20: 0.8684), test (NDCG@5: 0.6679, HR@5: 0.7777, NDCG@10: 0.6850, HR@10: 0.8303, NDCG@20: 0.6944, HR@20: 0.8670)
loss in epoch 101 iteration 1677: 0.22012999653816223
loss in epoch 102 iteration 1677: 0.22453024983406067
loss in epoch 103 iteration 1677: 0.21402238309383392
loss in epoch 104 iteration 1677: 0.20965325832366943
loss in epoch 105 iteration 1677: 0.21996882557868958
Evaluatingepoch:105, time: 36224630.385637(s), valid (NDCG@5: 0.6754, HR@5: 0.7804, NDCG@10: 0.6923, HR@10: 0.8322, NDCG@20: 0.7015, HR@20: 0.8684), test (NDCG@5: 0.6711, HR@5: 0.7801, NDCG@10: 0.6883, HR@10: 0.8327, NDCG@20: 0.6974, HR@20: 0.8684)
loss in epoch 106 iteration 1677: 0.21538856625556946
loss in epoch 107 iteration 1677: 0.21503186225891113
loss in epoch 108 iteration 1677: 0.21446216106414795
loss in epoch 109 iteration 1677: 0.21784470975399017
loss in epoch 110 iteration 1677: 0.2179233282804489
Evaluatingepoch:110, time: 37944958.755970(s), valid (NDCG@5: 0.6754, HR@5: 0.7810, NDCG@10: 0.6930, HR@10: 0.8350, NDCG@20: 0.7018, HR@20: 0.8697), test (NDCG@5: 0.6717, HR@5: 0.7812, NDCG@10: 0.6888, HR@10: 0.8336, NDCG@20: 0.6983, HR@20: 0.8708)
loss in epoch 111 iteration 1677: 0.21922829747200012
loss in epoch 112 iteration 1677: 0.22813032567501068
loss in epoch 113 iteration 1677: 0.21451623737812042
loss in epoch 114 iteration 1677: 0.21893641352653503
loss in epoch 115 iteration 1677: 0.22048769891262054
Evaluatingepoch:115, time: 39665653.045416(s), valid (NDCG@5: 0.6780, HR@5: 0.7847, NDCG@10: 0.6946, HR@10: 0.8357, NDCG@20: 0.7037, HR@20: 0.8713), test (NDCG@5: 0.6748, HR@5: 0.7838, NDCG@10: 0.6915, HR@10: 0.8351, NDCG@20: 0.7009, HR@20: 0.8719)
loss in epoch 116 iteration 1677: 0.20964758098125458
loss in epoch 117 iteration 1677: 0.21461927890777588
loss in epoch 118 iteration 1677: 0.20808438956737518
loss in epoch 119 iteration 1677: 0.21832498908042908
loss in epoch 120 iteration 1677: 0.21797658503055573
Evaluatingepoch:120, time: 41389935.836077(s), valid (NDCG@5: 0.6835, HR@5: 0.7862, NDCG@10: 0.6997, HR@10: 0.8361, NDCG@20: 0.7089, HR@20: 0.8722), test (NDCG@5: 0.6804, HR@5: 0.7850, NDCG@10: 0.6972, HR@10: 0.8366, NDCG@20: 0.7064, HR@20: 0.8726)
loss in epoch 121 iteration 1677: 0.2165055274963379
loss in epoch 122 iteration 1677: 0.21367834508419037
loss in epoch 123 iteration 1677: 0.20958735048770905
loss in epoch 124 iteration 1677: 0.22167611122131348
loss in epoch 125 iteration 1677: 0.19872388243675232
Evaluatingepoch:125, time: 43108771.139860(s), valid (NDCG@5: 0.6800, HR@5: 0.7847, NDCG@10: 0.6967, HR@10: 0.8363, NDCG@20: 0.7060, HR@20: 0.8728), test (NDCG@5: 0.6774, HR@5: 0.7852, NDCG@10: 0.6942, HR@10: 0.8369, NDCG@20: 0.7034, HR@20: 0.8727)
loss in epoch 126 iteration 1677: 0.21001186966896057
loss in epoch 127 iteration 1677: 0.2158045917749405
loss in epoch 128 iteration 1677: 0.19853989779949188
loss in epoch 129 iteration 1677: 0.20490077137947083
loss in epoch 130 iteration 1677: 0.20745517313480377
Evaluatingepoch:130, time: 45296392.684698(s), valid (NDCG@5: 0.6866, HR@5: 0.7888, NDCG@10: 0.7023, HR@10: 0.8369, NDCG@20: 0.7115, HR@20: 0.8730), test (NDCG@5: 0.6836, HR@5: 0.7865, NDCG@10: 0.7001, HR@10: 0.8370, NDCG@20: 0.7094, HR@20: 0.8736)
loss in epoch 131 iteration 1677: 0.2064475566148758
loss in epoch 132 iteration 1677: 0.19807219505310059
loss in epoch 133 iteration 1677: 0.20659735798835754
loss in epoch 134 iteration 1677: 0.204049214720726
loss in epoch 135 iteration 1677: 0.20507389307022095
Evaluatingepoch:135, time: 47020903.174162(s), valid (NDCG@5: 0.6841, HR@5: 0.7869, NDCG@10: 0.7002, HR@10: 0.8363, NDCG@20: 0.7096, HR@20: 0.8731), test (NDCG@5: 0.6810, HR@5: 0.7853, NDCG@10: 0.6981, HR@10: 0.8379, NDCG@20: 0.7074, HR@20: 0.8743)
loss in epoch 136 iteration 1677: 0.19942894577980042
loss in epoch 137 iteration 1677: 0.20803527534008026
loss in epoch 138 iteration 1677: 0.21251408755779266
loss in epoch 139 iteration 1677: 0.20228813588619232
loss in epoch 140 iteration 1677: 0.2051592767238617
Evaluatingepoch:140, time: 48746838.144779(s), valid (NDCG@5: 0.6873, HR@5: 0.7879, NDCG@10: 0.7030, HR@10: 0.8364, NDCG@20: 0.7124, HR@20: 0.8731), test (NDCG@5: 0.6825, HR@5: 0.7869, NDCG@10: 0.6995, HR@10: 0.8390, NDCG@20: 0.7085, HR@20: 0.8742)
loss in epoch 141 iteration 1677: 0.19922462105751038
loss in epoch 142 iteration 1677: 0.20536839962005615
loss in epoch 143 iteration 1677: 0.2086910456418991
loss in epoch 144 iteration 1677: 0.19943349063396454
loss in epoch 145 iteration 1677: 0.20012685656547546
Evaluatingepoch:145, time: 50471255.505323(s), valid (NDCG@5: 0.6884, HR@5: 0.7872, NDCG@10: 0.7048, HR@10: 0.8376, NDCG@20: 0.7142, HR@20: 0.8742), test (NDCG@5: 0.6827, HR@5: 0.7855, NDCG@10: 0.6998, HR@10: 0.8380, NDCG@20: 0.7091, HR@20: 0.8743)
loss in epoch 146 iteration 1677: 0.20447267591953278
loss in epoch 147 iteration 1677: 0.20330475270748138
loss in epoch 148 iteration 1677: 0.19803178310394287
loss in epoch 149 iteration 1677: 0.21301652491092682
loss in epoch 150 iteration 1677: 0.20591247081756592
Evaluatingepoch:150, time: 52197610.821009(s), valid (NDCG@5: 0.6874, HR@5: 0.7893, NDCG@10: 0.7034, HR@10: 0.8384, NDCG@20: 0.7123, HR@20: 0.8735), test (NDCG@5: 0.6833, HR@5: 0.7857, NDCG@10: 0.7000, HR@10: 0.8370, NDCG@20: 0.7095, HR@20: 0.8739)
loss in epoch 151 iteration 1677: 0.20940758287906647
loss in epoch 152 iteration 1677: 0.20837965607643127
loss in epoch 153 iteration 1677: 0.20277002453804016
loss in epoch 154 iteration 1677: 0.2050807923078537
loss in epoch 155 iteration 1677: 0.2059626579284668
Evaluatingepoch:155, time: 53923643.344164(s), valid (NDCG@5: 0.6950, HR@5: 0.7902, NDCG@10: 0.7103, HR@10: 0.8370, NDCG@20: 0.7198, HR@20: 0.8742), test (NDCG@5: 0.6884, HR@5: 0.7881, NDCG@10: 0.7048, HR@10: 0.8387, NDCG@20: 0.7137, HR@20: 0.8738)
loss in epoch 156 iteration 1677: 0.19988641142845154
loss in epoch 157 iteration 1677: 0.19779019057750702
loss in epoch 158 iteration 1677: 0.2035524845123291
loss in epoch 159 iteration 1677: 0.20023922622203827
loss in epoch 160 iteration 1677: 0.20615622401237488
Evaluatingepoch:160, time: 55649848.101854(s), valid (NDCG@5: 0.6917, HR@5: 0.7887, NDCG@10: 0.7080, HR@10: 0.8388, NDCG@20: 0.7166, HR@20: 0.8726), test (NDCG@5: 0.6867, HR@5: 0.7870, NDCG@10: 0.7034, HR@10: 0.8385, NDCG@20: 0.7127, HR@20: 0.8749)
loss in epoch 161 iteration 1677: 0.21381868422031403
loss in epoch 162 iteration 1677: 0.20017686486244202
loss in epoch 163 iteration 1677: 0.2115028202533722
loss in epoch 164 iteration 1677: 0.2002449333667755
loss in epoch 165 iteration 1677: 0.2023727297782898
Evaluatingepoch:165, time: 57375787.306547(s), valid (NDCG@5: 0.6940, HR@5: 0.7885, NDCG@10: 0.7103, HR@10: 0.8386, NDCG@20: 0.7192, HR@20: 0.8735), test (NDCG@5: 0.6862, HR@5: 0.7853, NDCG@10: 0.7035, HR@10: 0.8383, NDCG@20: 0.7131, HR@20: 0.8758)
loss in epoch 166 iteration 1677: 0.1980108916759491
loss in epoch 167 iteration 1677: 0.2000754177570343
loss in epoch 168 iteration 1677: 0.19906771183013916
loss in epoch 169 iteration 1677: 0.1933356523513794
loss in epoch 170 iteration 1677: 0.19395241141319275
Evaluatingepoch:170, time: 59101940.132618(s), valid (NDCG@5: 0.6977, HR@5: 0.7916, NDCG@10: 0.7136, HR@10: 0.8405, NDCG@20: 0.7221, HR@20: 0.8739), test (NDCG@5: 0.6916, HR@5: 0.7892, NDCG@10: 0.7079, HR@10: 0.8392, NDCG@20: 0.7172, HR@20: 0.8756)
loss in epoch 171 iteration 1677: 0.1949080526828766
loss in epoch 172 iteration 1677: 0.19763657450675964
loss in epoch 173 iteration 1677: 0.2115948498249054
loss in epoch 174 iteration 1677: 0.197787344455719
loss in epoch 175 iteration 1677: 0.2022479772567749
Evaluatingepoch:175, time: 60828046.963215(s), valid (NDCG@5: 0.6948, HR@5: 0.7907, NDCG@10: 0.7107, HR@10: 0.8395, NDCG@20: 0.7196, HR@20: 0.8744), test (NDCG@5: 0.6894, HR@5: 0.7882, NDCG@10: 0.7062, HR@10: 0.8398, NDCG@20: 0.7154, HR@20: 0.8758)
loss in epoch 176 iteration 1677: 0.18821358680725098
loss in epoch 177 iteration 1677: 0.20918329060077667
loss in epoch 178 iteration 1677: 0.20507366955280304
loss in epoch 179 iteration 1677: 0.19839081168174744
loss in epoch 180 iteration 1677: 0.1991676241159439
Evaluatingepoch:180, time: 62554062.771320(s), valid (NDCG@5: 0.6922, HR@5: 0.7888, NDCG@10: 0.7079, HR@10: 0.8370, NDCG@20: 0.7174, HR@20: 0.8742), test (NDCG@5: 0.6881, HR@5: 0.7880, NDCG@10: 0.7049, HR@10: 0.8399, NDCG@20: 0.7140, HR@20: 0.8755)
loss in epoch 181 iteration 1677: 0.21063648164272308
loss in epoch 182 iteration 1677: 0.20764978229999542
loss in epoch 183 iteration 1677: 0.19522270560264587
loss in epoch 184 iteration 1677: 0.2085232138633728
loss in epoch 185 iteration 1677: 0.1993008852005005
Evaluatingepoch:185, time: 64280229.391098(s), valid (NDCG@5: 0.6952, HR@5: 0.7903, NDCG@10: 0.7109, HR@10: 0.8385, NDCG@20: 0.7200, HR@20: 0.8743), test (NDCG@5: 0.6900, HR@5: 0.7897, NDCG@10: 0.7062, HR@10: 0.8397, NDCG@20: 0.7153, HR@20: 0.8753)
loss in epoch 186 iteration 1677: 0.20329751074314117
loss in epoch 187 iteration 1677: 0.20316942036151886
loss in epoch 188 iteration 1677: 0.20209132134914398
loss in epoch 189 iteration 1677: 0.19840238988399506
loss in epoch 190 iteration 1677: 0.19380249083042145
Evaluatingepoch:190, time: 66006232.522011(s), valid (NDCG@5: 0.6959, HR@5: 0.7906, NDCG@10: 0.7122, HR@10: 0.8405, NDCG@20: 0.7207, HR@20: 0.8739), test (NDCG@5: 0.6931, HR@5: 0.7908, NDCG@10: 0.7089, HR@10: 0.8392, NDCG@20: 0.7184, HR@20: 0.8767)
loss in epoch 191 iteration 1677: 0.20204372704029083
loss in epoch 192 iteration 1677: 0.20041188597679138
loss in epoch 193 iteration 1677: 0.1936550736427307
loss in epoch 194 iteration 1677: 0.19777415692806244
loss in epoch 195 iteration 1677: 0.19099724292755127
Evaluatingepoch:195, time: 67732332.751036(s), valid (NDCG@5: 0.6980, HR@5: 0.7926, NDCG@10: 0.7136, HR@10: 0.8402, NDCG@20: 0.7225, HR@20: 0.8752), test (NDCG@5: 0.6929, HR@5: 0.7907, NDCG@10: 0.7088, HR@10: 0.8395, NDCG@20: 0.7184, HR@20: 0.8771)
loss in epoch 196 iteration 1677: 0.2062501758337021
loss in epoch 197 iteration 1677: 0.1926358938217163
loss in epoch 198 iteration 1677: 0.19737501442432404
loss in epoch 199 iteration 1677: 0.19892218708992004
loss in epoch 200 iteration 1677: 0.19108760356903076
Evaluatingepoch:200, time: 69457617.585659(s), valid (NDCG@5: 0.6997, HR@5: 0.7923, NDCG@10: 0.7155, HR@10: 0.8409, NDCG@20: 0.7244, HR@20: 0.8761), test (NDCG@5: 0.6941, HR@5: 0.7918, NDCG@10: 0.7100, HR@10: 0.8405, NDCG@20: 0.7194, HR@20: 0.8777)
loss in epoch 201 iteration 1677: 0.20140883326530457
loss in epoch 202 iteration 1677: 0.2013801634311676
loss in epoch 203 iteration 1677: 0.19771011173725128
loss in epoch 204 iteration 1677: 0.19637049734592438
loss in epoch 205 iteration 1677: 0.20179513096809387
Evaluatingepoch:205, time: 71183329.086065(s), valid (NDCG@5: 0.7009, HR@5: 0.7922, NDCG@10: 0.7169, HR@10: 0.8412, NDCG@20: 0.7255, HR@20: 0.8752), test (NDCG@5: 0.6967, HR@5: 0.7939, NDCG@10: 0.7121, HR@10: 0.8413, NDCG@20: 0.7211, HR@20: 0.8763)
loss in epoch 206 iteration 1677: 0.1987273246049881
loss in epoch 207 iteration 1677: 0.19527746737003326
loss in epoch 208 iteration 1677: 0.1931142359972
loss in epoch 209 iteration 1677: 0.2034100741147995
loss in epoch 210 iteration 1677: 0.19718319177627563
Evaluatingepoch:210, time: 72908775.819302(s), valid (NDCG@5: 0.7007, HR@5: 0.7937, NDCG@10: 0.7163, HR@10: 0.8415, NDCG@20: 0.7249, HR@20: 0.8749), test (NDCG@5: 0.6975, HR@5: 0.7938, NDCG@10: 0.7132, HR@10: 0.8420, NDCG@20: 0.7220, HR@20: 0.8769)
loss in epoch 211 iteration 1677: 0.188706636428833
loss in epoch 212 iteration 1677: 0.18260495364665985
loss in epoch 213 iteration 1677: 0.19371020793914795
loss in epoch 214 iteration 1677: 0.1984463781118393
loss in epoch 215 iteration 1677: 0.19858500361442566
Evaluatingepoch:215, time: 74633922.261953(s), valid (NDCG@5: 0.6987, HR@5: 0.7931, NDCG@10: 0.7145, HR@10: 0.8415, NDCG@20: 0.7232, HR@20: 0.8758), test (NDCG@5: 0.6935, HR@5: 0.7916, NDCG@10: 0.7100, HR@10: 0.8423, NDCG@20: 0.7187, HR@20: 0.8764)
loss in epoch 216 iteration 1677: 0.19266490638256073
loss in epoch 217 iteration 1677: 0.19169533252716064
loss in epoch 218 iteration 1677: 0.19895341992378235
loss in epoch 219 iteration 1677: 0.19908742606639862
loss in epoch 220 iteration 1677: 0.20119839906692505
Evaluatingepoch:220, time: 76359520.136595(s), valid (NDCG@5: 0.6990, HR@5: 0.7917, NDCG@10: 0.7151, HR@10: 0.8409, NDCG@20: 0.7239, HR@20: 0.8754), test (NDCG@5: 0.6937, HR@5: 0.7905, NDCG@10: 0.7103, HR@10: 0.8411, NDCG@20: 0.7197, HR@20: 0.8779)
loss in epoch 221 iteration 1677: 0.202738419175148
loss in epoch 222 iteration 1677: 0.19473177194595337
loss in epoch 223 iteration 1677: 0.19282850623130798
loss in epoch 224 iteration 1677: 0.1918889284133911
loss in epoch 225 iteration 1677: 0.19758684933185577
Evaluatingepoch:225, time: 78084995.967627(s), valid (NDCG@5: 0.7022, HR@5: 0.7950, NDCG@10: 0.7173, HR@10: 0.8412, NDCG@20: 0.7259, HR@20: 0.8753), test (NDCG@5: 0.6970, HR@5: 0.7937, NDCG@10: 0.7127, HR@10: 0.8418, NDCG@20: 0.7217, HR@20: 0.8773)
loss in epoch 226 iteration 1677: 0.19798845052719116
loss in epoch 227 iteration 1677: 0.20143376290798187
loss in epoch 228 iteration 1677: 0.1891067624092102
loss in epoch 229 iteration 1677: 0.19211678206920624
loss in epoch 230 iteration 1677: 0.18581221997737885
Evaluatingepoch:230, time: 79809795.718431(s), valid (NDCG@5: 0.7029, HR@5: 0.7942, NDCG@10: 0.7185, HR@10: 0.8421, NDCG@20: 0.7272, HR@20: 0.8761), test (NDCG@5: 0.6973, HR@5: 0.7925, NDCG@10: 0.7133, HR@10: 0.8417, NDCG@20: 0.7224, HR@20: 0.8773)
loss in epoch 231 iteration 1677: 0.18475595116615295
loss in epoch 232 iteration 1677: 0.19024911522865295
loss in epoch 233 iteration 1677: 0.19185832142829895
loss in epoch 234 iteration 1677: 0.19592639803886414
loss in epoch 235 iteration 1677: 0.1939767599105835
Evaluatingepoch:235, time: 81534726.868629(s), valid (NDCG@5: 0.7050, HR@5: 0.7947, NDCG@10: 0.7204, HR@10: 0.8421, NDCG@20: 0.7290, HR@20: 0.8758), test (NDCG@5: 0.6992, HR@5: 0.7948, NDCG@10: 0.7145, HR@10: 0.8417, NDCG@20: 0.7236, HR@20: 0.8776)
loss in epoch 236 iteration 1677: 0.1887950599193573
loss in epoch 237 iteration 1677: 0.20235224068164825
loss in epoch 238 iteration 1677: 0.18192853033542633
loss in epoch 239 iteration 1677: 0.18650606274604797
loss in epoch 240 iteration 1677: 0.1966039538383484
Evaluatingepoch:240, time: 83258884.150028(s), valid (NDCG@5: 0.7021, HR@5: 0.7946, NDCG@10: 0.7174, HR@10: 0.8415, NDCG@20: 0.7261, HR@20: 0.8757), test (NDCG@5: 0.6981, HR@5: 0.7935, NDCG@10: 0.7140, HR@10: 0.8423, NDCG@20: 0.7227, HR@20: 0.8767)
loss in epoch 241 iteration 1677: 0.19302839040756226
loss in epoch 242 iteration 1677: 0.18804965913295746
loss in epoch 243 iteration 1677: 0.1902771145105362
loss in epoch 244 iteration 1677: 0.1898002028465271
loss in epoch 245 iteration 1677: 0.19108830392360687
Evaluatingepoch:245, time: 84984421.132088(s), valid (NDCG@5: 0.7021, HR@5: 0.7941, NDCG@10: 0.7177, HR@10: 0.8418, NDCG@20: 0.7263, HR@20: 0.8759), test (NDCG@5: 0.6986, HR@5: 0.7949, NDCG@10: 0.7143, HR@10: 0.8431, NDCG@20: 0.7229, HR@20: 0.8768)
loss in epoch 246 iteration 1677: 0.19311878085136414
loss in epoch 247 iteration 1677: 0.18953439593315125
loss in epoch 248 iteration 1677: 0.18543311953544617
loss in epoch 249 iteration 1677: 0.17893517017364502
loss in epoch 250 iteration 1677: 0.19378606975078583
Evaluatingepoch:250, time: 86710202.725887(s), valid (NDCG@5: 0.7028, HR@5: 0.7954, NDCG@10: 0.7182, HR@10: 0.8430, NDCG@20: 0.7266, HR@20: 0.8760), test (NDCG@5: 0.6986, HR@5: 0.7954, NDCG@10: 0.7137, HR@10: 0.8418, NDCG@20: 0.7227, HR@20: 0.8770)
loss in epoch 251 iteration 1677: 0.19464626908302307
loss in epoch 252 iteration 1677: 0.18718239665031433
loss in epoch 253 iteration 1677: 0.19014476239681244
loss in epoch 254 iteration 1677: 0.18560989201068878
loss in epoch 255 iteration 1677: 0.19567221403121948
Evaluatingepoch:255, time: 88437734.242678(s), valid (NDCG@5: 0.7062, HR@5: 0.7957, NDCG@10: 0.7213, HR@10: 0.8421, NDCG@20: 0.7299, HR@20: 0.8755), test (NDCG@5: 0.7022, HR@5: 0.7950, NDCG@10: 0.7175, HR@10: 0.8419, NDCG@20: 0.7266, HR@20: 0.8774)
loss in epoch 256 iteration 1677: 0.1843150407075882
loss in epoch 257 iteration 1677: 0.18919917941093445
loss in epoch 258 iteration 1677: 0.18516457080841064
loss in epoch 259 iteration 1677: 0.18238875269889832
loss in epoch 260 iteration 1677: 0.1890811026096344
Evaluatingepoch:260, time: 90162234.531403(s), valid (NDCG@5: 0.7057, HR@5: 0.7959, NDCG@10: 0.7204, HR@10: 0.8412, NDCG@20: 0.7293, HR@20: 0.8760), test (NDCG@5: 0.7009, HR@5: 0.7957, NDCG@10: 0.7159, HR@10: 0.8418, NDCG@20: 0.7251, HR@20: 0.8779)
loss in epoch 261 iteration 1677: 0.18216530978679657
loss in epoch 262 iteration 1677: 0.1920163631439209
loss in epoch 263 iteration 1677: 0.18991847336292267
loss in epoch 264 iteration 1677: 0.18684859573841095
loss in epoch 265 iteration 1677: 0.186546191573143
Evaluatingepoch:265, time: 91887026.622534(s), valid (NDCG@5: 0.7013, HR@5: 0.7960, NDCG@10: 0.7164, HR@10: 0.8423, NDCG@20: 0.7251, HR@20: 0.8764), test (NDCG@5: 0.6970, HR@5: 0.7943, NDCG@10: 0.7126, HR@10: 0.8423, NDCG@20: 0.7216, HR@20: 0.8778)
loss in epoch 266 iteration 1677: 0.18311329185962677
loss in epoch 267 iteration 1677: 0.18105749785900116
loss in epoch 268 iteration 1677: 0.1858515441417694
loss in epoch 269 iteration 1677: 0.1892269253730774
loss in epoch 270 iteration 1677: 0.1921236515045166
Evaluatingepoch:270, time: 93611710.209846(s), valid (NDCG@5: 0.7014, HR@5: 0.7954, NDCG@10: 0.7164, HR@10: 0.8412, NDCG@20: 0.7252, HR@20: 0.8758), test (NDCG@5: 0.6964, HR@5: 0.7938, NDCG@10: 0.7122, HR@10: 0.8421, NDCG@20: 0.7214, HR@20: 0.8783)
loss in epoch 271 iteration 1677: 0.18826663494110107
loss in epoch 272 iteration 1677: 0.18600091338157654
loss in epoch 273 iteration 1677: 0.18489250540733337
loss in epoch 274 iteration 1677: 0.18605847656726837
loss in epoch 275 iteration 1677: 0.18288907408714294
Evaluatingepoch:275, time: 95337600.344896(s), valid (NDCG@5: 0.7025, HR@5: 0.7956, NDCG@10: 0.7182, HR@10: 0.8436, NDCG@20: 0.7265, HR@20: 0.8766), test (NDCG@5: 0.6991, HR@5: 0.7939, NDCG@10: 0.7152, HR@10: 0.8434, NDCG@20: 0.7241, HR@20: 0.8785)
loss in epoch 276 iteration 1677: 0.19375567138195038
loss in epoch 277 iteration 1677: 0.1917036920785904
loss in epoch 278 iteration 1677: 0.18133726716041565
loss in epoch 279 iteration 1677: 0.1916513890028
loss in epoch 280 iteration 1677: 0.1891023963689804
Evaluatingepoch:280, time: 97058947.638512(s), valid (NDCG@5: 0.7036, HR@5: 0.7958, NDCG@10: 0.7187, HR@10: 0.8422, NDCG@20: 0.7274, HR@20: 0.8763), test (NDCG@5: 0.6996, HR@5: 0.7936, NDCG@10: 0.7155, HR@10: 0.8423, NDCG@20: 0.7245, HR@20: 0.8777)
loss in epoch 281 iteration 1677: 0.19716694951057434
loss in epoch 282 iteration 1677: 0.18207652866840363
loss in epoch 283 iteration 1677: 0.18879133462905884
loss in epoch 284 iteration 1677: 0.17717410624027252
loss in epoch 285 iteration 1677: 0.18178878724575043
Evaluatingepoch:285, time: 98784671.086550(s), valid (NDCG@5: 0.7041, HR@5: 0.7946, NDCG@10: 0.7198, HR@10: 0.8428, NDCG@20: 0.7280, HR@20: 0.8748), test (NDCG@5: 0.6989, HR@5: 0.7948, NDCG@10: 0.7145, HR@10: 0.8426, NDCG@20: 0.7235, HR@20: 0.8779)
loss in epoch 286 iteration 1677: 0.1847868114709854
loss in epoch 287 iteration 1677: 0.18373660743236542
loss in epoch 288 iteration 1677: 0.18133467435836792
loss in epoch 289 iteration 1677: 0.1883406937122345
loss in epoch 290 iteration 1677: 0.1824015974998474
Evaluatingepoch:290, time: 100510616.193056(s), valid (NDCG@5: 0.7045, HR@5: 0.7951, NDCG@10: 0.7198, HR@10: 0.8420, NDCG@20: 0.7283, HR@20: 0.8757), test (NDCG@5: 0.6994, HR@5: 0.7932, NDCG@10: 0.7151, HR@10: 0.8412, NDCG@20: 0.7243, HR@20: 0.8775)
loss in epoch 291 iteration 1677: 0.1876329779624939
loss in epoch 292 iteration 1677: 0.19062039256095886
loss in epoch 293 iteration 1677: 0.19111832976341248
loss in epoch 294 iteration 1677: 0.18677669763565063
loss in epoch 295 iteration 1677: 0.19039317965507507
Evaluatingepoch:295, time: 102236446.345568(s), valid (NDCG@5: 0.7044, HR@5: 0.7951, NDCG@10: 0.7204, HR@10: 0.8439, NDCG@20: 0.7285, HR@20: 0.8760), test (NDCG@5: 0.7004, HR@5: 0.7948, NDCG@10: 0.7161, HR@10: 0.8431, NDCG@20: 0.7248, HR@20: 0.8776)
loss in epoch 296 iteration 1677: 0.17747563123703003
loss in epoch 297 iteration 1677: 0.1923387497663498
loss in epoch 298 iteration 1677: 0.18874068558216095
loss in epoch 299 iteration 1677: 0.18563851714134216
loss in epoch 300 iteration 1677: 0.18572546541690826
Evaluatingepoch:300, time: 103962070.094347(s), valid (NDCG@5: 0.7070, HR@5: 0.7981, NDCG@10: 0.7216, HR@10: 0.8429, NDCG@20: 0.7300, HR@20: 0.8757), test (NDCG@5: 0.7017, HR@5: 0.7954, NDCG@10: 0.7173, HR@10: 0.8434, NDCG@20: 0.7260, HR@20: 0.8775)
loss in epoch 301 iteration 1677: 0.18245722353458405
loss in epoch 302 iteration 1677: 0.1776178479194641
loss in epoch 303 iteration 1677: 0.18494439125061035
loss in epoch 304 iteration 1677: 0.18504740297794342
loss in epoch 305 iteration 1677: 0.19188323616981506
Evaluatingepoch:305, time: 105687499.092102(s), valid (NDCG@5: 0.7068, HR@5: 0.7958, NDCG@10: 0.7223, HR@10: 0.8435, NDCG@20: 0.7306, HR@20: 0.8762), test (NDCG@5: 0.7015, HR@5: 0.7953, NDCG@10: 0.7172, HR@10: 0.8435, NDCG@20: 0.7259, HR@20: 0.8774)
loss in epoch 306 iteration 1677: 0.18706850707530975
loss in epoch 307 iteration 1677: 0.18194104731082916
loss in epoch 308 iteration 1677: 0.18762479722499847
loss in epoch 309 iteration 1677: 0.183314248919487
loss in epoch 310 iteration 1677: 0.17921516299247742
Evaluatingepoch:310, time: 107412716.013193(s), valid (NDCG@5: 0.7057, HR@5: 0.7972, NDCG@10: 0.7205, HR@10: 0.8425, NDCG@20: 0.7290, HR@20: 0.8760), test (NDCG@5: 0.7002, HR@5: 0.7949, NDCG@10: 0.7157, HR@10: 0.8424, NDCG@20: 0.7246, HR@20: 0.8774)
loss in epoch 311 iteration 1677: 0.19117820262908936
loss in epoch 312 iteration 1677: 0.18274706602096558
loss in epoch 313 iteration 1677: 0.18518699705600739
loss in epoch 314 iteration 1677: 0.18383505940437317
loss in epoch 315 iteration 1677: 0.18364572525024414
Evaluatingepoch:315, time: 109137221.539021(s), valid (NDCG@5: 0.7023, HR@5: 0.7945, NDCG@10: 0.7180, HR@10: 0.8427, NDCG@20: 0.7263, HR@20: 0.8753), test (NDCG@5: 0.6968, HR@5: 0.7931, NDCG@10: 0.7129, HR@10: 0.8425, NDCG@20: 0.7219, HR@20: 0.8777)
loss in epoch 316 iteration 1677: 0.18908990919589996
loss in epoch 317 iteration 1677: 0.17720450460910797
loss in epoch 318 iteration 1677: 0.1836761087179184
loss in epoch 319 iteration 1677: 0.18359582126140594
loss in epoch 320 iteration 1677: 0.1827143430709839
Evaluatingepoch:320, time: 110862860.723734(s), valid (NDCG@5: 0.7035, HR@5: 0.7955, NDCG@10: 0.7187, HR@10: 0.8419, NDCG@20: 0.7273, HR@20: 0.8756), test (NDCG@5: 0.7004, HR@5: 0.7951, NDCG@10: 0.7163, HR@10: 0.8439, NDCG@20: 0.7249, HR@20: 0.8777)
loss in epoch 321 iteration 1677: 0.18581022322177887
loss in epoch 322 iteration 1677: 0.17827624082565308
loss in epoch 323 iteration 1677: 0.18564222753047943
loss in epoch 324 iteration 1677: 0.17482733726501465
loss in epoch 325 iteration 1677: 0.1774790734052658
Evaluatingepoch:325, time: 112588901.823759(s), valid (NDCG@5: 0.7050, HR@5: 0.7962, NDCG@10: 0.7203, HR@10: 0.8431, NDCG@20: 0.7287, HR@20: 0.8758), test (NDCG@5: 0.7025, HR@5: 0.7967, NDCG@10: 0.7178, HR@10: 0.8436, NDCG@20: 0.7264, HR@20: 0.8774)
loss in epoch 326 iteration 1677: 0.17917174100875854
loss in epoch 327 iteration 1677: 0.1794310063123703
loss in epoch 328 iteration 1677: 0.17632481455802917
loss in epoch 329 iteration 1677: 0.1812596619129181
loss in epoch 330 iteration 1677: 0.1751653403043747
Evaluatingepoch:330, time: 114315164.134502(s), valid (NDCG@5: 0.7059, HR@5: 0.7970, NDCG@10: 0.7210, HR@10: 0.8433, NDCG@20: 0.7294, HR@20: 0.8761), test (NDCG@5: 0.6991, HR@5: 0.7944, NDCG@10: 0.7146, HR@10: 0.8419, NDCG@20: 0.7237, HR@20: 0.8776)
loss in epoch 331 iteration 1677: 0.18177708983421326
loss in epoch 332 iteration 1677: 0.18172687292099
loss in epoch 333 iteration 1677: 0.17883114516735077
loss in epoch 334 iteration 1677: 0.18490615487098694
loss in epoch 335 iteration 1677: 0.17751681804656982
Evaluatingepoch:335, time: 116041145.720959(s), valid (NDCG@5: 0.7062, HR@5: 0.7952, NDCG@10: 0.7217, HR@10: 0.8426, NDCG@20: 0.7300, HR@20: 0.8754), test (NDCG@5: 0.7010, HR@5: 0.7949, NDCG@10: 0.7165, HR@10: 0.8425, NDCG@20: 0.7256, HR@20: 0.8782)
loss in epoch 336 iteration 1677: 0.18572959303855896
loss in epoch 337 iteration 1677: 0.18313449621200562
loss in epoch 338 iteration 1677: 0.18040241301059723
loss in epoch 339 iteration 1677: 0.17567099630832672
loss in epoch 340 iteration 1677: 0.17619304358959198
Evaluatingepoch:340, time: 117766979.862928(s), valid (NDCG@5: 0.7032, HR@5: 0.7958, NDCG@10: 0.7184, HR@10: 0.8424, NDCG@20: 0.7271, HR@20: 0.8766), test (NDCG@5: 0.7005, HR@5: 0.7955, NDCG@10: 0.7162, HR@10: 0.8440, NDCG@20: 0.7247, HR@20: 0.8771)
loss in epoch 341 iteration 1677: 0.1865735650062561
loss in epoch 342 iteration 1677: 0.18056252598762512
loss in epoch 343 iteration 1677: 0.18125873804092407
loss in epoch 344 iteration 1677: 0.17770689725875854
loss in epoch 345 iteration 1677: 0.18462523818016052
Evaluatingepoch:345, time: 119492799.669981(s), valid (NDCG@5: 0.7060, HR@5: 0.7974, NDCG@10: 0.7207, HR@10: 0.8429, NDCG@20: 0.7291, HR@20: 0.8756), test (NDCG@5: 0.7016, HR@5: 0.7958, NDCG@10: 0.7169, HR@10: 0.8427, NDCG@20: 0.7258, HR@20: 0.8778)
loss in epoch 346 iteration 1677: 0.18250547349452972
loss in epoch 347 iteration 1677: 0.17545253038406372
loss in epoch 348 iteration 1677: 0.1846611201763153
loss in epoch 349 iteration 1677: 0.17572925984859467
loss in epoch 350 iteration 1677: 0.17851203680038452
Evaluatingepoch:350, time: 121218033.315897(s), valid (NDCG@5: 0.7036, HR@5: 0.7950, NDCG@10: 0.7188, HR@10: 0.8418, NDCG@20: 0.7274, HR@20: 0.8755), test (NDCG@5: 0.6979, HR@5: 0.7940, NDCG@10: 0.7137, HR@10: 0.8427, NDCG@20: 0.7226, HR@20: 0.8774)
loss in epoch 351 iteration 1677: 0.19166487455368042
loss in epoch 352 iteration 1677: 0.1796669214963913
loss in epoch 353 iteration 1677: 0.18329447507858276
loss in epoch 354 iteration 1677: 0.1909492015838623
loss in epoch 355 iteration 1677: 0.18000119924545288
Evaluatingepoch:355, time: 122943901.504993(s), valid (NDCG@5: 0.7074, HR@5: 0.7978, NDCG@10: 0.7223, HR@10: 0.8434, NDCG@20: 0.7306, HR@20: 0.8764), test (NDCG@5: 0.7036, HR@5: 0.7979, NDCG@10: 0.7186, HR@10: 0.8440, NDCG@20: 0.7273, HR@20: 0.8782)
loss in epoch 356 iteration 1677: 0.1779952347278595
loss in epoch 357 iteration 1677: 0.18396298587322235
loss in epoch 358 iteration 1677: 0.18646025657653809
loss in epoch 359 iteration 1677: 0.1732286512851715
loss in epoch 360 iteration 1677: 0.17458988726139069
Evaluatingepoch:360, time: 124670241.305590(s), valid (NDCG@5: 0.7042, HR@5: 0.7961, NDCG@10: 0.7192, HR@10: 0.8420, NDCG@20: 0.7277, HR@20: 0.8756), test (NDCG@5: 0.6994, HR@5: 0.7950, NDCG@10: 0.7153, HR@10: 0.8436, NDCG@20: 0.7240, HR@20: 0.8777)
loss in epoch 361 iteration 1677: 0.17080898582935333
loss in epoch 362 iteration 1677: 0.1925942450761795
loss in epoch 363 iteration 1677: 0.1822975128889084
loss in epoch 364 iteration 1677: 0.17771363258361816
loss in epoch 365 iteration 1677: 0.17631635069847107
Evaluatingepoch:365, time: 126396182.975054(s), valid (NDCG@5: 0.7075, HR@5: 0.7971, NDCG@10: 0.7225, HR@10: 0.8429, NDCG@20: 0.7308, HR@20: 0.8757), test (NDCG@5: 0.7020, HR@5: 0.7949, NDCG@10: 0.7181, HR@10: 0.8441, NDCG@20: 0.7268, HR@20: 0.8782)
loss in epoch 366 iteration 1677: 0.18491049110889435
loss in epoch 367 iteration 1677: 0.17704540491104126
loss in epoch 368 iteration 1677: 0.17256374657154083
loss in epoch 369 iteration 1677: 0.17092201113700867
loss in epoch 370 iteration 1677: 0.17114247381687164
Evaluating