Arguments:
backbone sasmamba
batch_size 16
dataset KuaiRand5000
device cuda:6
dropout_rate 0.5
eval_neg_sample 100
hidden_units 32
inference_only False
l2_emb 0.0
lr 0.0005
maxlen 5000
name mamba
num_blocks 2
num_epochs 500
num_heads 1
state_dict_path None
train_dir tracks256_default/

user_count: 26858
item count: 8825518
26858
average sequence length: 2159.58
parameters_count: 1025424929
loss in epoch 1 iteration 1677: 0.8556920289993286
loss in epoch 2 iteration 1677: 0.7943671345710754
loss in epoch 3 iteration 1677: 0.71285080909729
loss in epoch 4 iteration 1677: 0.7061543464660645
loss in epoch 5 iteration 1677: 0.6304198503494263
Evaluatingepoch:5, time: 2239756.842375(s), valid (NDCG@5: 0.6124, HR@5: 0.7599, NDCG@10: 0.6360, HR@10: 0.8320, NDCG@20: 0.6475, HR@20: 0.8771), test (NDCG@5: 0.6152, HR@5: 0.7640, NDCG@10: 0.6402, HR@10: 0.8406, NDCG@20: 0.6516, HR@20: 0.8852)
loss in epoch 6 iteration 1677: 0.6030033230781555
loss in epoch 7 iteration 1677: 0.5520667433738708
loss in epoch 8 iteration 1677: 0.5337176322937012
loss in epoch 9 iteration 1677: 0.4762256443500519
loss in epoch 10 iteration 1677: 0.5139632225036621
Evaluatingepoch:10, time: 4478565.444469(s), valid (NDCG@5: 0.6156, HR@5: 0.7631, NDCG@10: 0.6388, HR@10: 0.8341, NDCG@20: 0.6502, HR@20: 0.8791), test (NDCG@5: 0.6176, HR@5: 0.7657, NDCG@10: 0.6414, HR@10: 0.8386, NDCG@20: 0.6529, HR@20: 0.8836)
loss in epoch 11 iteration 1677: 0.47401100397109985
loss in epoch 12 iteration 1677: 0.4138126075267792
loss in epoch 13 iteration 1677: 0.4004591703414917
loss in epoch 14 iteration 1677: 0.40778326988220215
loss in epoch 15 iteration 1677: 0.3758141100406647
Evaluatingepoch:15, time: 6717385.730743(s), valid (NDCG@5: 0.6358, HR@5: 0.7708, NDCG@10: 0.6562, HR@10: 0.8333, NDCG@20: 0.6670, HR@20: 0.8759), test (NDCG@5: 0.6338, HR@5: 0.7718, NDCG@10: 0.6545, HR@10: 0.8352, NDCG@20: 0.6655, HR@20: 0.8786)
loss in epoch 16 iteration 1677: 0.35498949885368347
loss in epoch 17 iteration 1677: 0.3606177866458893
loss in epoch 18 iteration 1677: 0.32700157165527344
loss in epoch 19 iteration 1677: 0.3533466160297394
loss in epoch 20 iteration 1677: 0.31098195910453796
Evaluatingepoch:20, time: 8955639.699459(s), valid (NDCG@5: 0.6590, HR@5: 0.7816, NDCG@10: 0.6773, HR@10: 0.8376, NDCG@20: 0.6867, HR@20: 0.8750), test (NDCG@5: 0.6582, HR@5: 0.7826, NDCG@10: 0.6765, HR@10: 0.8383, NDCG@20: 0.6867, HR@20: 0.8788)
loss in epoch 21 iteration 1677: 0.29633140563964844
loss in epoch 22 iteration 1677: 0.3018032908439636
loss in epoch 23 iteration 1677: 0.2814203202724457
loss in epoch 24 iteration 1677: 0.3032800555229187
loss in epoch 25 iteration 1677: 0.2873447835445404
Evaluatingepoch:25, time: 11193582.281590(s), valid (NDCG@5: 0.6670, HR@5: 0.7873, NDCG@10: 0.6838, HR@10: 0.8389, NDCG@20: 0.6934, HR@20: 0.8766), test (NDCG@5: 0.6667, HR@5: 0.7906, NDCG@10: 0.6833, HR@10: 0.8414, NDCG@20: 0.6926, HR@20: 0.8778)
loss in epoch 26 iteration 1677: 0.2857811152935028
loss in epoch 27 iteration 1677: 0.25267258286476135
loss in epoch 28 iteration 1677: 0.28742173314094543
loss in epoch 29 iteration 1677: 0.24837914109230042
loss in epoch 30 iteration 1677: 0.22952203452587128
Evaluatingepoch:30, time: 13431508.897543(s), valid (NDCG@5: 0.6775, HR@5: 0.7918, NDCG@10: 0.6936, HR@10: 0.8410, NDCG@20: 0.7026, HR@20: 0.8764), test (NDCG@5: 0.6778, HR@5: 0.7924, NDCG@10: 0.6943, HR@10: 0.8431, NDCG@20: 0.7033, HR@20: 0.8788)
loss in epoch 31 iteration 1677: 0.24932515621185303
loss in epoch 32 iteration 1677: 0.2205321490764618
loss in epoch 33 iteration 1677: 0.23417145013809204
loss in epoch 34 iteration 1677: 0.2369532585144043
loss in epoch 35 iteration 1677: 0.23980699479579926
Evaluatingepoch:35, time: 15680068.494081(s), valid (NDCG@5: 0.6884, HR@5: 0.7955, NDCG@10: 0.7036, HR@10: 0.8421, NDCG@20: 0.7125, HR@20: 0.8771), test (NDCG@5: 0.6885, HR@5: 0.7984, NDCG@10: 0.7036, HR@10: 0.8445, NDCG@20: 0.7129, HR@20: 0.8813)
loss in epoch 36 iteration 1677: 0.21833276748657227
loss in epoch 37 iteration 1677: 0.2345631718635559
loss in epoch 38 iteration 1677: 0.22864918410778046
loss in epoch 39 iteration 1677: 0.23297372460365295
loss in epoch 40 iteration 1677: 0.22607813775539398
Evaluatingepoch:40, time: 17932287.769794(s), valid (NDCG@5: 0.6921, HR@5: 0.7969, NDCG@10: 0.7069, HR@10: 0.8423, NDCG@20: 0.7161, HR@20: 0.8785), test (NDCG@5: 0.6904, HR@5: 0.7987, NDCG@10: 0.7056, HR@10: 0.8454, NDCG@20: 0.7145, HR@20: 0.8803)
loss in epoch 41 iteration 1677: 0.22158034145832062
loss in epoch 42 iteration 1677: 0.21519528329372406
loss in epoch 43 iteration 1677: 0.21357357501983643
loss in epoch 44 iteration 1677: 0.21741273999214172
loss in epoch 45 iteration 1677: 0.2253129780292511
Evaluatingepoch:45, time: 20187161.024809(s), valid (NDCG@5: 0.6939, HR@5: 0.7987, NDCG@10: 0.7086, HR@10: 0.8439, NDCG@20: 0.7175, HR@20: 0.8787), test (NDCG@5: 0.6923, HR@5: 0.7988, NDCG@10: 0.7081, HR@10: 0.8472, NDCG@20: 0.7169, HR@20: 0.8822)
loss in epoch 46 iteration 1677: 0.19692376255989075
loss in epoch 47 iteration 1677: 0.22723068296909332
loss in epoch 48 iteration 1677: 0.22136420011520386
loss in epoch 49 iteration 1677: 0.2215949445962906
loss in epoch 50 iteration 1677: 0.20747575163841248
Evaluatingepoch:50, time: 22438338.771343(s), valid (NDCG@5: 0.6999, HR@5: 0.8017, NDCG@10: 0.7143, HR@10: 0.8457, NDCG@20: 0.7231, HR@20: 0.8804), test (NDCG@5: 0.7001, HR@5: 0.8025, NDCG@10: 0.7155, HR@10: 0.8496, NDCG@20: 0.7239, HR@20: 0.8831)
loss in epoch 51 iteration 1677: 0.1993781477212906
loss in epoch 52 iteration 1677: 0.1979508399963379
loss in epoch 53 iteration 1677: 0.2064364105463028
loss in epoch 54 iteration 1677: 0.20697207748889923
loss in epoch 55 iteration 1677: 0.22235925495624542
Evaluatingepoch:55, time: 24694733.723879(s), valid (NDCG@5: 0.7029, HR@5: 0.8032, NDCG@10: 0.7171, HR@10: 0.8466, NDCG@20: 0.7255, HR@20: 0.8797), test (NDCG@5: 0.6987, HR@5: 0.8034, NDCG@10: 0.7133, HR@10: 0.8479, NDCG@20: 0.7220, HR@20: 0.8822)
loss in epoch 56 iteration 1677: 0.20892754197120667
loss in epoch 57 iteration 1677: 0.18978986144065857
loss in epoch 58 iteration 1677: 0.19774338603019714
loss in epoch 59 iteration 1677: 0.20079012215137482
loss in epoch 60 iteration 1677: 0.20407141745090485
Evaluatingepoch:60, time: 26950730.677843(s), valid (NDCG@5: 0.7098, HR@5: 0.8065, NDCG@10: 0.7237, HR@10: 0.8491, NDCG@20: 0.7316, HR@20: 0.8802), test (NDCG@5: 0.7058, HR@5: 0.8075, NDCG@10: 0.7201, HR@10: 0.8515, NDCG@20: 0.7285, HR@20: 0.8845)
loss in epoch 61 iteration 1677: 0.2060088962316513
loss in epoch 62 iteration 1677: 0.19240154325962067
loss in epoch 63 iteration 1677: 0.21038061380386353
loss in epoch 64 iteration 1677: 0.20159240067005157
loss in epoch 65 iteration 1677: 0.19438263773918152
Evaluatingepoch:65, time: 29206269.496918(s), valid (NDCG@5: 0.7113, HR@5: 0.8082, NDCG@10: 0.7252, HR@10: 0.8508, NDCG@20: 0.7333, HR@20: 0.8827), test (NDCG@5: 0.7072, HR@5: 0.8097, NDCG@10: 0.7212, HR@10: 0.8524, NDCG@20: 0.7297, HR@20: 0.8861)
loss in epoch 66 iteration 1677: 0.2230125516653061
loss in epoch 67 iteration 1677: 0.20694349706172943
loss in epoch 68 iteration 1677: 0.20235073566436768
loss in epoch 69 iteration 1677: 0.19916468858718872
loss in epoch 70 iteration 1677: 0.20265699923038483
Evaluatingepoch:70, time: 31454285.043955(s), valid (NDCG@5: 0.7125, HR@5: 0.8119, NDCG@10: 0.7259, HR@10: 0.8530, NDCG@20: 0.7338, HR@20: 0.8841), test (NDCG@5: 0.7101, HR@5: 0.8119, NDCG@10: 0.7249, HR@10: 0.8575, NDCG@20: 0.7329, HR@20: 0.8889)
loss in epoch 71 iteration 1677: 0.20531603693962097
loss in epoch 72 iteration 1677: 0.198565274477005
loss in epoch 73 iteration 1677: 0.1935085654258728
loss in epoch 74 iteration 1677: 0.19622892141342163
loss in epoch 75 iteration 1677: 0.19975461065769196
Evaluatingepoch:75, time: 33696821.838140(s), valid (NDCG@5: 0.7101, HR@5: 0.8111, NDCG@10: 0.7243, HR@10: 0.8544, NDCG@20: 0.7322, HR@20: 0.8856), test (NDCG@5: 0.7076, HR@5: 0.8117, NDCG@10: 0.7227, HR@10: 0.8581, NDCG@20: 0.7309, HR@20: 0.8901)
loss in epoch 76 iteration 1677: 0.21013233065605164
loss in epoch 77 iteration 1677: 0.20225876569747925
loss in epoch 78 iteration 1677: 0.211042582988739
loss in epoch 79 iteration 1677: 0.19617722928524017
loss in epoch 80 iteration 1677: 0.19466976821422577
Evaluatingepoch:80, time: 35941346.196175(s), valid (NDCG@5: 0.7147, HR@5: 0.8127, NDCG@10: 0.7290, HR@10: 0.8568, NDCG@20: 0.7369, HR@20: 0.8879), test (NDCG@5: 0.7138, HR@5: 0.8159, NDCG@10: 0.7286, HR@10: 0.8613, NDCG@20: 0.7365, HR@20: 0.8924)
loss in epoch 81 iteration 1677: 0.19768404960632324
loss in epoch 82 iteration 1677: 0.21228331327438354
loss in epoch 83 iteration 1677: 0.21945996582508087
loss in epoch 84 iteration 1677: 0.19991357624530792
loss in epoch 85 iteration 1677: 0.19899702072143555
Evaluatingepoch:85, time: 38193297.464371(s), valid (NDCG@5: 0.7112, HR@5: 0.8125, NDCG@10: 0.7254, HR@10: 0.8561, NDCG@20: 0.7336, HR@20: 0.8884), test (NDCG@5: 0.7102, HR@5: 0.8135, NDCG@10: 0.7260, HR@10: 0.8619, NDCG@20: 0.7341, HR@20: 0.8937)
loss in epoch 86 iteration 1677: 0.20261254906654358
loss in epoch 87 iteration 1677: 0.1974208950996399
loss in epoch 88 iteration 1677: 0.20442408323287964
loss in epoch 89 iteration 1677: 0.2063712179660797
loss in epoch 90 iteration 1677: 0.20089827477931976
Evaluatingepoch:90, time: 40434711.427450(s), valid (NDCG@5: 0.7138, HR@5: 0.8120, NDCG@10: 0.7291, HR@10: 0.8586, NDCG@20: 0.7369, HR@20: 0.8895), test (NDCG@5: 0.7134, HR@5: 0.8165, NDCG@10: 0.7288, HR@10: 0.8638, NDCG@20: 0.7370, HR@20: 0.8961)
loss in epoch 91 iteration 1677: 0.21558795869350433
loss in epoch 92 iteration 1677: 0.20496615767478943
loss in epoch 93 iteration 1677: 0.20265702903270721
loss in epoch 94 iteration 1677: 0.19981904327869415
loss in epoch 95 iteration 1677: 0.206074059009552
Evaluatingepoch:95, time: 42683879.132748(s), valid (NDCG@5: 0.7165, HR@5: 0.8167, NDCG@10: 0.7300, HR@10: 0.8580, NDCG@20: 0.7384, HR@20: 0.8908), test (NDCG@5: 0.7152, HR@5: 0.8171, NDCG@10: 0.7306, HR@10: 0.8642, NDCG@20: 0.7391, HR@20: 0.8975)
loss in epoch 96 iteration 1677: 0.20297345519065857
loss in epoch 97 iteration 1677: 0.2095058709383011
loss in epoch 98 iteration 1677: 0.20377717912197113
loss in epoch 99 iteration 1677: 0.2044624239206314
loss in epoch 100 iteration 1677: 0.20527242124080658
Evaluatingepoch:100, time: 44934315.953016(s), valid (NDCG@5: 0.7171, HR@5: 0.8167, NDCG@10: 0.7309, HR@10: 0.8590, NDCG@20: 0.7393, HR@20: 0.8920), test (NDCG@5: 0.7147, HR@5: 0.8171, NDCG@10: 0.7306, HR@10: 0.8657, NDCG@20: 0.7389, HR@20: 0.8982)
loss in epoch 101 iteration 1677: 0.20350979268550873
loss in epoch 102 iteration 1677: 0.20409534871578217
loss in epoch 103 iteration 1677: 0.20911186933517456
loss in epoch 104 iteration 1677: 0.20016434788703918
loss in epoch 105 iteration 1677: 0.2042953372001648
Evaluatingepoch:105, time: 47182026.749134(s), valid (NDCG@5: 0.7159, HR@5: 0.8166, NDCG@10: 0.7301, HR@10: 0.8601, NDCG@20: 0.7384, HR@20: 0.8928), test (NDCG@5: 0.7138, HR@5: 0.8165, NDCG@10: 0.7296, HR@10: 0.8649, NDCG@20: 0.7380, HR@20: 0.8979)
loss in epoch 106 iteration 1677: 0.20615656673908234
loss in epoch 107 iteration 1677: 0.2014686018228531
loss in epoch 108 iteration 1677: 0.19865074753761292
loss in epoch 109 iteration 1677: 0.20062458515167236
loss in epoch 110 iteration 1677: 0.20163163542747498
Evaluatingepoch:110, time: 49425963.919640(s), valid (NDCG@5: 0.7178, HR@5: 0.8171, NDCG@10: 0.7321, HR@10: 0.8608, NDCG@20: 0.7406, HR@20: 0.8943), test (NDCG@5: 0.7141, HR@5: 0.8166, NDCG@10: 0.7303, HR@10: 0.8663, NDCG@20: 0.7388, HR@20: 0.8996)
loss in epoch 111 iteration 1677: 0.20667748153209686
loss in epoch 112 iteration 1677: 0.198632150888443
loss in epoch 113 iteration 1677: 0.19369113445281982
loss in epoch 114 iteration 1677: 0.19823916256427765
loss in epoch 115 iteration 1677: 0.19435237348079681
Evaluatingepoch:115, time: 51671705.628633(s), valid (NDCG@5: 0.7167, HR@5: 0.8164, NDCG@10: 0.7308, HR@10: 0.8598, NDCG@20: 0.7395, HR@20: 0.8940), test (NDCG@5: 0.7128, HR@5: 0.8186, NDCG@10: 0.7279, HR@10: 0.8648, NDCG@20: 0.7366, HR@20: 0.8989)
loss in epoch 116 iteration 1677: 0.19683316349983215
loss in epoch 117 iteration 1677: 0.19484254717826843
loss in epoch 118 iteration 1677: 0.1942925900220871
loss in epoch 119 iteration 1677: 0.18397393822669983
loss in epoch 120 iteration 1677: 0.1969493329524994
Evaluatingepoch:120, time: 53910479.815483(s), valid (NDCG@5: 0.7189, HR@5: 0.8187, NDCG@10: 0.7330, HR@10: 0.8619, NDCG@20: 0.7413, HR@20: 0.8948), test (NDCG@5: 0.7161, HR@5: 0.8184, NDCG@10: 0.7319, HR@10: 0.8669, NDCG@20: 0.7405, HR@20: 0.9005)
loss in epoch 121 iteration 1677: 0.19055940210819244
loss in epoch 122 iteration 1677: 0.18902966380119324
loss in epoch 123 iteration 1677: 0.185072660446167
loss in epoch 124 iteration 1677: 0.19444064795970917
loss in epoch 125 iteration 1677: 0.19329197704792023
Evaluatingepoch:125, time: 56149130.042315(s), valid (NDCG@5: 0.7215, HR@5: 0.8177, NDCG@10: 0.7359, HR@10: 0.8618, NDCG@20: 0.7442, HR@20: 0.8947), test (NDCG@5: 0.7205, HR@5: 0.8210, NDCG@10: 0.7357, HR@10: 0.8676, NDCG@20: 0.7440, HR@20: 0.9005)
loss in epoch 126 iteration 1677: 0.1959075927734375
loss in epoch 127 iteration 1677: 0.18651032447814941
loss in epoch 128 iteration 1677: 0.18730014562606812
loss in epoch 129 iteration 1677: 0.19292724132537842
loss in epoch 130 iteration 1677: 0.18856915831565857
Evaluatingepoch:130, time: 58388532.217979(s), valid (NDCG@5: 0.7228, HR@5: 0.8198, NDCG@10: 0.7366, HR@10: 0.8623, NDCG@20: 0.7451, HR@20: 0.8955), test (NDCG@5: 0.7202, HR@5: 0.8203, NDCG@10: 0.7360, HR@10: 0.8688, NDCG@20: 0.7442, HR@20: 0.9008)
loss in epoch 131 iteration 1677: 0.18655040860176086
loss in epoch 132 iteration 1677: 0.1937386840581894
loss in epoch 133 iteration 1677: 0.18843533098697662
loss in epoch 134 iteration 1677: 0.19902954995632172
loss in epoch 135 iteration 1677: 0.20096588134765625
Evaluatingepoch:135, time: 60630867.777586(s), valid (NDCG@5: 0.7254, HR@5: 0.8211, NDCG@10: 0.7394, HR@10: 0.8640, NDCG@20: 0.7474, HR@20: 0.8956), test (NDCG@5: 0.7233, HR@5: 0.8226, NDCG@10: 0.7382, HR@10: 0.8680, NDCG@20: 0.7466, HR@20: 0.9011)
loss in epoch 136 iteration 1677: 0.19760331511497498
loss in epoch 137 iteration 1677: 0.19194592535495758
loss in epoch 138 iteration 1677: 0.18498651683330536
loss in epoch 139 iteration 1677: 0.19258351624011993
loss in epoch 140 iteration 1677: 0.1972564309835434
Evaluatingepoch:140, time: 62874215.665817(s), valid (NDCG@5: 0.7241, HR@5: 0.8204, NDCG@10: 0.7381, HR@10: 0.8632, NDCG@20: 0.7462, HR@20: 0.8949), test (NDCG@5: 0.7223, HR@5: 0.8210, NDCG@10: 0.7373, HR@10: 0.8669, NDCG@20: 0.7459, HR@20: 0.9008)
loss in epoch 141 iteration 1677: 0.1874316930770874
loss in epoch 142 iteration 1677: 0.1851603239774704
loss in epoch 143 iteration 1677: 0.18343108892440796
loss in epoch 144 iteration 1677: 0.1888464242219925
loss in epoch 145 iteration 1677: 0.18449144065380096
Evaluatingepoch:145, time: 65116189.741850(s), valid (NDCG@5: 0.7286, HR@5: 0.8224, NDCG@10: 0.7425, HR@10: 0.8649, NDCG@20: 0.7504, HR@20: 0.8961), test (NDCG@5: 0.7264, HR@5: 0.8240, NDCG@10: 0.7415, HR@10: 0.8701, NDCG@20: 0.7498, HR@20: 0.9027)
loss in epoch 146 iteration 1677: 0.1883307695388794
loss in epoch 147 iteration 1677: 0.19843144714832306
loss in epoch 148 iteration 1677: 0.19438044726848602
loss in epoch 149 iteration 1677: 0.19709466397762299
loss in epoch 150 iteration 1677: 0.18507491052150726
Evaluatingepoch:150, time: 67358592.923641(s), valid (NDCG@5: 0.7279, HR@5: 0.8222, NDCG@10: 0.7421, HR@10: 0.8657, NDCG@20: 0.7500, HR@20: 0.8967), test (NDCG@5: 0.7266, HR@5: 0.8251, NDCG@10: 0.7413, HR@10: 0.8701, NDCG@20: 0.7493, HR@20: 0.9018)
loss in epoch 151 iteration 1677: 0.1894555687904358
loss in epoch 152 iteration 1677: 0.1808069795370102
loss in epoch 153 iteration 1677: 0.1909583956003189
loss in epoch 154 iteration 1677: 0.1939619779586792
loss in epoch 155 iteration 1677: 0.18795843422412872
Evaluatingepoch:155, time: 69601126.098394(s), valid (NDCG@5: 0.7318, HR@5: 0.8246, NDCG@10: 0.7456, HR@10: 0.8670, NDCG@20: 0.7530, HR@20: 0.8964), test (NDCG@5: 0.7293, HR@5: 0.8258, NDCG@10: 0.7440, HR@10: 0.8710, NDCG@20: 0.7522, HR@20: 0.9032)
loss in epoch 156 iteration 1677: 0.18215234577655792
loss in epoch 157 iteration 1677: 0.19962072372436523
loss in epoch 158 iteration 1677: 0.17651984095573425
loss in epoch 159 iteration 1677: 0.18859776854515076
loss in epoch 160 iteration 1677: 0.18690255284309387
Evaluatingepoch:160, time: 71843167.303324(s), valid (NDCG@5: 0.7310, HR@5: 0.8245, NDCG@10: 0.7447, HR@10: 0.8664, NDCG@20: 0.7524, HR@20: 0.8971), test (NDCG@5: 0.7300, HR@5: 0.8256, NDCG@10: 0.7451, HR@10: 0.8717, NDCG@20: 0.7530, HR@20: 0.9027)
loss in epoch 161 iteration 1677: 0.18767233192920685
loss in epoch 162 iteration 1677: 0.17712193727493286
loss in epoch 163 iteration 1677: 0.18410323560237885
loss in epoch 164 iteration 1677: 0.1824321746826172
loss in epoch 165 iteration 1677: 0.17622190713882446
Evaluatingepoch:165, time: 74084591.581345(s), valid (NDCG@5: 0.7311, HR@5: 0.8237, NDCG@10: 0.7449, HR@10: 0.8662, NDCG@20: 0.7526, HR@20: 0.8965), test (NDCG@5: 0.7316, HR@5: 0.8262, NDCG@10: 0.7466, HR@10: 0.8722, NDCG@20: 0.7544, HR@20: 0.9027)
loss in epoch 166 iteration 1677: 0.19089366495609283
loss in epoch 167 iteration 1677: 0.17696735262870789
loss in epoch 168 iteration 1677: 0.19712941348552704
loss in epoch 169 iteration 1677: 0.1745295375585556
loss in epoch 170 iteration 1677: 0.18678490817546844
Evaluatingepoch:170, time: 76326742.168427(s), valid (NDCG@5: 0.7326, HR@5: 0.8245, NDCG@10: 0.7463, HR@10: 0.8666, NDCG@20: 0.7539, HR@20: 0.8965), test (NDCG@5: 0.7294, HR@5: 0.8260, NDCG@10: 0.7445, HR@10: 0.8722, NDCG@20: 0.7524, HR@20: 0.9033)
loss in epoch 171 iteration 1677: 0.17535246908664703
loss in epoch 172 iteration 1677: 0.18767793476581573
loss in epoch 173 iteration 1677: 0.18857255578041077
loss in epoch 174 iteration 1677: 0.17663809657096863
loss in epoch 175 iteration 1677: 0.18859757483005524
Evaluatingepoch:175, time: 78568315.788984(s), valid (NDCG@5: 0.7336, HR@5: 0.8251, NDCG@10: 0.7471, HR@10: 0.8666, NDCG@20: 0.7548, HR@20: 0.8968), test (NDCG@5: 0.7342, HR@5: 0.8285, NDCG@10: 0.7486, HR@10: 0.8727, NDCG@20: 0.7563, HR@20: 0.9030)
loss in epoch 176 iteration 1677: 0.17594443261623383
loss in epoch 177 iteration 1677: 0.17945532500743866
loss in epoch 178 iteration 1677: 0.17878830432891846
loss in epoch 179 iteration 1677: 0.1838635802268982
loss in epoch 180 iteration 1677: 0.17911207675933838
Evaluatingepoch:180, time: 80810518.259525(s), valid (NDCG@5: 0.7324, HR@5: 0.8230, NDCG@10: 0.7460, HR@10: 0.8647, NDCG@20: 0.7541, HR@20: 0.8963), test (NDCG@5: 0.7324, HR@5: 0.8260, NDCG@10: 0.7470, HR@10: 0.8707, NDCG@20: 0.7552, HR@20: 0.9029)
loss in epoch 181 iteration 1677: 0.180153489112854
loss in epoch 182 iteration 1677: 0.18353740870952606
loss in epoch 183 iteration 1677: 0.1780005395412445
loss in epoch 184 iteration 1677: 0.17724338173866272
loss in epoch 185 iteration 1677: 0.18581435084342957
Evaluatingepoch:185, time: 83052836.704493(s), valid (NDCG@5: 0.7378, HR@5: 0.8264, NDCG@10: 0.7511, HR@10: 0.8672, NDCG@20: 0.7588, HR@20: 0.8976), test (NDCG@5: 0.7381, HR@5: 0.8291, NDCG@10: 0.7527, HR@10: 0.8738, NDCG@20: 0.7601, HR@20: 0.9034)
loss in epoch 186 iteration 1677: 0.17349125444889069
loss in epoch 187 iteration 1677: 0.18075814843177795
loss in epoch 188 iteration 1677: 0.18001003563404083
loss in epoch 189 iteration 1677: 0.17946787178516388
loss in epoch 190 iteration 1677: 0.1740066260099411
Evaluatingepoch:190, time: 85296426.641703(s), valid (NDCG@5: 0.7380, HR@5: 0.8260, NDCG@10: 0.7514, HR@10: 0.8670, NDCG@20: 0.7590, HR@20: 0.8971), test (NDCG@5: 0.7382, HR@5: 0.8304, NDCG@10: 0.7523, HR@10: 0.8734, NDCG@20: 0.7599, HR@20: 0.9033)
loss in epoch 191 iteration 1677: 0.17459550499916077
loss in epoch 192 iteration 1677: 0.18753056228160858
loss in epoch 193 iteration 1677: 0.1795021891593933
loss in epoch 194 iteration 1677: 0.1812361180782318
loss in epoch 195 iteration 1677: 0.17874710261821747
Evaluatingepoch:195, time: 87544696.549892(s), valid (NDCG@5: 0.7377, HR@5: 0.8262, NDCG@10: 0.7512, HR@10: 0.8677, NDCG@20: 0.7586, HR@20: 0.8969), test (NDCG@5: 0.7368, HR@5: 0.8301, NDCG@10: 0.7505, HR@10: 0.8721, NDCG@20: 0.7584, HR@20: 0.9030)
loss in epoch 196 iteration 1677: 0.1837894767522812
loss in epoch 197 iteration 1677: 0.17933693528175354
loss in epoch 198 iteration 1677: 0.17938873171806335
loss in epoch 199 iteration 1677: 0.18381278216838837
loss in epoch 200 iteration 1677: 0.17552749812602997
Evaluatingepoch:200, time: 89792245.370150(s), valid (NDCG@5: 0.7401, HR@5: 0.8270, NDCG@10: 0.7531, HR@10: 0.8670, NDCG@20: 0.7605, HR@20: 0.8958), test (NDCG@5: 0.7400, HR@5: 0.8289, NDCG@10: 0.7545, HR@10: 0.8733, NDCG@20: 0.7621, HR@20: 0.9033)
loss in epoch 201 iteration 1677: 0.1739751398563385
loss in epoch 202 iteration 1677: 0.18544073402881622
loss in epoch 203 iteration 1677: 0.17702443897724152
loss in epoch 204 iteration 1677: 0.17298415303230286
loss in epoch 205 iteration 1677: 0.17719724774360657
Evaluatingepoch:205, time: 92034725.914001(s), valid (NDCG@5: 0.7416, HR@5: 0.8289, NDCG@10: 0.7544, HR@10: 0.8680, NDCG@20: 0.7618, HR@20: 0.8972), test (NDCG@5: 0.7414, HR@5: 0.8325, NDCG@10: 0.7547, HR@10: 0.8735, NDCG@20: 0.7623, HR@20: 0.9036)
loss in epoch 206 iteration 1677: 0.17294663190841675
loss in epoch 207 iteration 1677: 0.17974990606307983
loss in epoch 208 iteration 1677: 0.1835775077342987
loss in epoch 209 iteration 1677: 0.17277026176452637
loss in epoch 210 iteration 1677: 0.1825450360774994
Evaluatingepoch:210, time: 94276918.256521(s), valid (NDCG@5: 0.7386, HR@5: 0.8268, NDCG@10: 0.7518, HR@10: 0.8671, NDCG@20: 0.7593, HR@20: 0.8967), test (NDCG@5: 0.7408, HR@5: 0.8306, NDCG@10: 0.7546, HR@10: 0.8728, NDCG@20: 0.7624, HR@20: 0.9035)
loss in epoch 211 iteration 1677: 0.17964090406894684
loss in epoch 212 iteration 1677: 0.17481884360313416
loss in epoch 213 iteration 1677: 0.17723575234413147
loss in epoch 214 iteration 1677: 0.17429879307746887
loss in epoch 215 iteration 1677: 0.18077321350574493
Evaluatingepoch:215, time: 96519633.570671(s), valid (NDCG@5: 0.7397, HR@5: 0.8266, NDCG@10: 0.7530, HR@10: 0.8676, NDCG@20: 0.7604, HR@20: 0.8968), test (NDCG@5: 0.7416, HR@5: 0.8312, NDCG@10: 0.7558, HR@10: 0.8745, NDCG@20: 0.7631, HR@20: 0.9034)
loss in epoch 216 iteration 1677: 0.1753082275390625
loss in epoch 217 iteration 1677: 0.1795957386493683
loss in epoch 218 iteration 1677: 0.18247395753860474
loss in epoch 219 iteration 1677: 0.1797160655260086
loss in epoch 220 iteration 1677: 0.1751665472984314
Evaluatingepoch:220, time: 98761687.875748(s), valid (NDCG@5: 0.7408, HR@5: 0.8270, NDCG@10: 0.7541, HR@10: 0.8676, NDCG@20: 0.7615, HR@20: 0.8969), test (NDCG@5: 0.7417, HR@5: 0.8304, NDCG@10: 0.7558, HR@10: 0.8738, NDCG@20: 0.7634, HR@20: 0.9034)
loss in epoch 221 iteration 1677: 0.17547878623008728
loss in epoch 222 iteration 1677: 0.17828792333602905
loss in epoch 223 iteration 1677: 0.17608670890331268
loss in epoch 224 iteration 1677: 0.17135022580623627
loss in epoch 225 iteration 1677: 0.1714617908000946
Evaluatingepoch:225, time: 101004052.682161(s), valid (NDCG@5: 0.7415, HR@5: 0.8276, NDCG@10: 0.7546, HR@10: 0.8678, NDCG@20: 0.7620, HR@20: 0.8968), test (NDCG@5: 0.7391, HR@5: 0.8310, NDCG@10: 0.7533, HR@10: 0.8744, NDCG@20: 0.7606, HR@20: 0.9029)
loss in epoch 226 iteration 1677: 0.16728176176548004
loss in epoch 227 iteration 1677: 0.17983029782772064
loss in epoch 228 iteration 1677: 0.17801976203918457
loss in epoch 229 iteration 1677: 0.17228227853775024
loss in epoch 230 iteration 1677: 0.1799706369638443
Evaluatingepoch:230, time: 103243501.161814(s), valid (NDCG@5: 0.7443, HR@5: 0.8298, NDCG@10: 0.7570, HR@10: 0.8685, NDCG@20: 0.7642, HR@20: 0.8970), test (NDCG@5: 0.7427, HR@5: 0.8326, NDCG@10: 0.7563, HR@10: 0.8742, NDCG@20: 0.7638, HR@20: 0.9038)
loss in epoch 231 iteration 1677: 0.179751455783844
loss in epoch 232 iteration 1677: 0.175433948636055
loss in epoch 233 iteration 1677: 0.17319972813129425
loss in epoch 234 iteration 1677: 0.1770118623971939
loss in epoch 235 iteration 1677: 0.17804144322872162
Evaluatingepoch:235, time: 105482434.004545(s), valid (NDCG@5: 0.7446, HR@5: 0.8292, NDCG@10: 0.7576, HR@10: 0.8691, NDCG@20: 0.7649, HR@20: 0.8975), test (NDCG@5: 0.7452, HR@5: 0.8334, NDCG@10: 0.7589, HR@10: 0.8757, NDCG@20: 0.7660, HR@20: 0.9035)
loss in epoch 236 iteration 1677: 0.17414742708206177
loss in epoch 237 iteration 1677: 0.17438530921936035
loss in epoch 238 iteration 1677: 0.18191808462142944
loss in epoch 239 iteration 1677: 0.17916454374790192
loss in epoch 240 iteration 1677: 0.17030960321426392
Evaluatingepoch:240, time: 107731515.669823(s), valid (NDCG@5: 0.7430, HR@5: 0.8295, NDCG@10: 0.7556, HR@10: 0.8684, NDCG@20: 0.7630, HR@20: 0.8975), test (NDCG@5: 0.7423, HR@5: 0.8327, NDCG@10: 0.7557, HR@10: 0.8737, NDCG@20: 0.7635, HR@20: 0.9041)
loss in epoch 241 iteration 1677: 0.1759626865386963
loss in epoch 242 iteration 1677: 0.17102691531181335
loss in epoch 243 iteration 1677: 0.17929869890213013
loss in epoch 244 iteration 1677: 0.1847774088382721
loss in epoch 245 iteration 1677: 0.18782074749469757
Evaluatingepoch:245, time: 110233594.881058(s), valid (NDCG@5: 0.7436, HR@5: 0.8303, NDCG@10: 0.7563, HR@10: 0.8694, NDCG@20: 0.7634, HR@20: 0.8969), test (NDCG@5: 0.7438, HR@5: 0.8355, NDCG@10: 0.7566, HR@10: 0.8749, NDCG@20: 0.7640, HR@20: 0.9039)
loss in epoch 246 iteration 1677: 0.1784338802099228
loss in epoch 247 iteration 1677: 0.17535024881362915
loss in epoch 248 iteration 1677: 0.17800112068653107
loss in epoch 249 iteration 1677: 0.1759541928768158
loss in epoch 250 iteration 1677: 0.17188236117362976
Evaluatingepoch:250, time: 112731882.878304(s), valid (NDCG@5: 0.7429, HR@5: 0.8284, NDCG@10: 0.7559, HR@10: 0.8680, NDCG@20: 0.7635, HR@20: 0.8978), test (NDCG@5: 0.7415, HR@5: 0.8322, NDCG@10: 0.7553, HR@10: 0.8747, NDCG@20: 0.7629, HR@20: 0.9043)
loss in epoch 251 iteration 1677: 0.17424654960632324
loss in epoch 252 iteration 1677: 0.16677318513393402
loss in epoch 253 iteration 1677: 0.17660820484161377
loss in epoch 254 iteration 1677: 0.1790846586227417
loss in epoch 255 iteration 1677: 0.17910940945148468
Evaluatingepoch:255, time: 115227626.137733(s), valid (NDCG@5: 0.7420, HR@5: 0.8283, NDCG@10: 0.7552, HR@10: 0.8690, NDCG@20: 0.7625, HR@20: 0.8976), test (NDCG@5: 0.7409, HR@5: 0.8317, NDCG@10: 0.7546, HR@10: 0.8737, NDCG@20: 0.7622, HR@20: 0.9036)
loss in epoch 256 iteration 1677: 0.17387071251869202
loss in epoch 257 iteration 1677: 0.17814220488071442
loss in epoch 258 iteration 1677: 0.17218080163002014
loss in epoch 259 iteration 1677: 0.1705322414636612
loss in epoch 260 iteration 1677: 0.17220650613307953
Evaluatingepoch:260, time: 117727486.799717(s), valid (NDCG@5: 0.7430, HR@5: 0.8299, NDCG@10: 0.7562, HR@10: 0.8704, NDCG@20: 0.7630, HR@20: 0.8974), test (NDCG@5: 0.7444, HR@5: 0.8338, NDCG@10: 0.7578, HR@10: 0.8747, NDCG@20: 0.7651, HR@20: 0.9033)
loss in epoch 261 iteration 1677: 0.1777995079755783
loss in epoch 262 iteration 1677: 0.1719236969947815
loss in epoch 263 iteration 1677: 0.17568600177764893
loss in epoch 264 iteration 1677: 0.176828995347023
loss in epoch 265 iteration 1677: 0.16886119544506073
Evaluatingepoch:265, time: 120232864.004374(s), valid (NDCG@5: 0.7428, HR@5: 0.8289, NDCG@10: 0.7559, HR@10: 0.8692, NDCG@20: 0.7630, HR@20: 0.8971), test (NDCG@5: 0.7431, HR@5: 0.8333, NDCG@10: 0.7569, HR@10: 0.8757, NDCG@20: 0.7641, HR@20: 0.9039)
loss in epoch 266 iteration 1677: 0.17121689021587372
loss in epoch 267 iteration 1677: 0.1840856373310089
loss in epoch 268 iteration 1677: 0.17259319126605988
loss in epoch 269 iteration 1677: 0.17273198068141937
loss in epoch 270 iteration 1677: 0.17744669318199158
Evaluatingepoch:270, time: 122731076.851845(s), valid (NDCG@5: 0.7424, HR@5: 0.8286, NDCG@10: 0.7558, HR@10: 0.8693, NDCG@20: 0.7629, HR@20: 0.8976), test (NDCG@5: 0.7436, HR@5: 0.8335, NDCG@10: 0.7572, HR@10: 0.8750, NDCG@20: 0.7644, HR@20: 0.9034)
loss in epoch 271 iteration 1677: 0.17624980211257935
loss in epoch 272 iteration 1677: 0.17489081621170044
loss in epoch 273 iteration 1677: 0.1690971553325653
loss in epoch 274 iteration 1677: 0.1810070425271988
loss in epoch 275 iteration 1677: 0.17597396671772003
Evaluatingepoch:275, time: 125214834.575653(s), valid (NDCG@5: 0.7431, HR@5: 0.8292, NDCG@10: 0.7565, HR@10: 0.8703, NDCG@20: 0.7633, HR@20: 0.8971), test (NDCG@5: 0.7445, HR@5: 0.8348, NDCG@10: 0.7577, HR@10: 0.8749, NDCG@20: 0.7652, HR@20: 0.9047)
loss in epoch 276 iteration 1677: 0.1746772974729538
loss in epoch 277 iteration 1677: 0.17826403677463531
loss in epoch 278 iteration 1677: 0.17425264418125153
loss in epoch 279 iteration 1677: 0.18290869891643524
loss in epoch 280 iteration 1677: 0.1730360984802246
Evaluatingepoch:280, time: 127700590.372801(s), valid (NDCG@5: 0.7390, HR@5: 0.8280, NDCG@10: 0.7524, HR@10: 0.8690, NDCG@20: 0.7597, HR@20: 0.8977), test (NDCG@5: 0.7408, HR@5: 0.8323, NDCG@10: 0.7549, HR@10: 0.8753, NDCG@20: 0.7622, HR@20: 0.9043)
loss in epoch 281 iteration 1677: 0.17608970403671265
loss in epoch 282 iteration 1677: 0.1733831912279129
loss in epoch 283 iteration 1677: 0.17188702523708344
loss in epoch 284 iteration 1677: 0.17728488147258759
loss in epoch 285 iteration 1677: 0.17050303518772125
Evaluatingepoch:285, time: 130191177.608252(s), valid (NDCG@5: 0.7469, HR@5: 0.8319, NDCG@10: 0.7596, HR@10: 0.8706, NDCG@20: 0.7665, HR@20: 0.8978), test (NDCG@5: 0.7480, HR@5: 0.8369, NDCG@10: 0.7608, HR@10: 0.8760, NDCG@20: 0.7681, HR@20: 0.9044)
loss in epoch 286 iteration 1677: 0.17450477182865143
loss in epoch 287 iteration 1677: 0.17039696872234344
loss in epoch 288 iteration 1677: 0.17374946177005768
loss in epoch 289 iteration 1677: 0.17233650386333466
loss in epoch 290 iteration 1677: 0.16857536137104034
Evaluatingepoch:290, time: 132676553.310633(s), valid (NDCG@5: 0.7442, HR@5: 0.8304, NDCG@10: 0.7571, HR@10: 0.8697, NDCG@20: 0.7641, HR@20: 0.8975), test (NDCG@5: 0.7454, HR@5: 0.8345, NDCG@10: 0.7590, HR@10: 0.8763, NDCG@20: 0.7663, HR@20: 0.9049)
loss in epoch 291 iteration 1677: 0.171397402882576
loss in epoch 292 iteration 1677: 0.16536758840084076
loss in epoch 293 iteration 1677: 0.17478401958942413
loss in epoch 294 iteration 1677: 0.1755893975496292
loss in epoch 295 iteration 1677: 0.16772057116031647
Evaluatingepoch:295, time: 135158837.609768(s), valid (NDCG@5: 0.7441, HR@5: 0.8305, NDCG@10: 0.7574, HR@10: 0.8714, NDCG@20: 0.7640, HR@20: 0.8976), test (NDCG@5: 0.7470, HR@5: 0.8345, NDCG@10: 0.7608, HR@10: 0.8769, NDCG@20: 0.7679, HR@20: 0.9049)
loss in epoch 296 iteration 1677: 0.15845990180969238
loss in epoch 297 iteration 1677: 0.1777455061674118
loss in epoch 298 iteration 1677: 0.17225699126720428
loss in epoch 299 iteration 1677: 0.1757734715938568
loss in epoch 300 iteration 1677: 0.16237697005271912
Evaluatingepoch:300, time: 137646717.825413(s), valid (NDCG@5: 0.7440, HR@5: 0.8307, NDCG@10: 0.7570, HR@10: 0.8708, NDCG@20: 0.7640, HR@20: 0.8982), test (NDCG@5: 0.7457, HR@5: 0.8352, NDCG@10: 0.7589, HR@10: 0.8758, NDCG@20: 0.7661, HR@20: 0.9040)
loss in epoch 301 iteration 1677: 0.17382104694843292
loss in epoch 302 iteration 1677: 0.16530989110469818
loss in epoch 303 iteration 1677: 0.17572008073329926
loss in epoch 304 iteration 1677: 0.17543970048427582
loss in epoch 305 iteration 1677: 0.16291479766368866
Evaluatingepoch:305, time: 140152089.931011(s), valid (NDCG@5: 0.7444, HR@5: 0.8317, NDCG@10: 0.7570, HR@10: 0.8699, NDCG@20: 0.7641, HR@20: 0.8978), test (NDCG@5: 0.7448, HR@5: 0.8355, NDCG@10: 0.7580, HR@10: 0.8759, NDCG@20: 0.7652, HR@20: 0.9042)
loss in epoch 306 iteration 1677: 0.1646140068769455
loss in epoch 307 iteration 1677: 0.1697031557559967
loss in epoch 308 iteration 1677: 0.16401705145835876
loss in epoch 309 iteration 1677: 0.16994380950927734
loss in epoch 310 iteration 1677: 0.17127035558223724
Evaluatingepoch:310, time: 142658139.945269(s), valid (NDCG@5: 0.7446, HR@5: 0.8309, NDCG@10: 0.7573, HR@10: 0.8695, NDCG@20: 0.7644, HR@20: 0.8975), test (NDCG@5: 0.7429, HR@5: 0.8321, NDCG@10: 0.7572, HR@10: 0.8759, NDCG@20: 0.7644, HR@20: 0.9043)
loss in epoch 311 iteration 1677: 0.16911861300468445
loss in epoch 312 iteration 1677: 0.17013539373874664
loss in epoch 313 iteration 1677: 0.1632319837808609
loss in epoch 314 iteration 1677: 0.1628732979297638
loss in epoch 315 iteration 1677: 0.16823726892471313
Evaluatingepoch:315, time: 145151188.296080(s), valid (NDCG@5: 0.7452, HR@5: 0.8311, NDCG@10: 0.7582, HR@10: 0.8706, NDCG@20: 0.7651, HR@20: 0.8978), test (NDCG@5: 0.7467, HR@5: 0.8361, NDCG@10: 0.7599, HR@10: 0.8767, NDCG@20: 0.7670, HR@20: 0.9045)
loss in epoch 316 iteration 1677: 0.16713878512382507
loss in epoch 317 iteration 1677: 0.16733255982398987
loss in epoch 318 iteration 1677: 0.15940149128437042
loss in epoch 319 iteration 1677: 0.16839633882045746
loss in epoch 320 iteration 1677: 0.16369792819023132
Evaluatingepoch:320, time: 147618352.203369(s), valid (NDCG@5: 0.7446, HR@5: 0.8314, NDCG@10: 0.7575, HR@10: 0.8707, NDCG@20: 0.7644, HR@20: 0.8978), test (NDCG@5: 0.7455, HR@5: 0.8336, NDCG@10: 0.7595, HR@10: 0.8763, NDCG@20: 0.7665, HR@20: 0.9039)
loss in epoch 321 iteration 1677: 0.16726015508174896
loss in epoch 322 iteration 1677: 0.16604776680469513
loss in epoch 323 iteration 1677: 0.16709905862808228
loss in epoch 324 iteration 1677: 0.1616653949022293
loss in epoch 325 iteration 1677: 0.1607743799686432
Evaluatingepoch:325, time: 150089435.455799(s), valid (NDCG@5: 0.7438, HR@5: 0.8286, NDCG@10: 0.7572, HR@10: 0.8696, NDCG@20: 0.7643, HR@20: 0.8974), test (NDCG@5: 0.7465, HR@5: 0.8352, NDCG@10: 0.7600, HR@10: 0.8764, NDCG@20: 0.7669, HR@20: 0.9037)
loss in epoch 326 iteration 1677: 0.16469772160053253
loss in epoch 327 iteration 1677: 0.16546928882598877
loss in epoch 328 iteration 1677: 0.17019057273864746
loss in epoch 329 iteration 1677: 0.16588295996189117
loss in epoch 330 iteration 1677: 0.16387730836868286
Evaluatingepoch:330, time: 152563394.776106(s), valid (NDCG@5: 0.7463, HR@5: 0.8315, NDCG@10: 0.7587, HR@10: 0.8697, NDCG@20: 0.7660, HR@20: 0.8980), test (NDCG@5: 0.7473, HR@5: 0.8364, NDCG@10: 0.7603, HR@10: 0.8763, NDCG@20: 0.7674, HR@20: 0.9042)
loss in epoch 331 iteration 1677: 0.16793635487556458
loss in epoch 332 iteration 1677: 0.16024723649024963
loss in epoch 333 iteration 1677: 0.16420750319957733
loss in epoch 334 iteration 1677: 0.16936928033828735
loss in epoch 335 iteration 1677: 0.16510413587093353
Evaluatingepoch:335, time: 154888384.098768(s), valid (NDCG@5: 0.7440, HR@5: 0.8301, NDCG@10: 0.7567, HR@10: 0.8690, NDCG@20: 0.7639, HR@20: 0.8973), test (NDCG@5: 0.7449, HR@5: 0.8345, NDCG@10: 0.7584, HR@10: 0.8760, NDCG@20: 0.7658, HR@20: 0.9050)
loss in epoch 336 iteration 1677: 0.1633911281824112
loss in epoch 337 iteration 1677: 0.1654725968837738
loss in epoch 338 iteration 1677: 0.1639299839735031
loss in epoch 339 iteration 1677: 0.1667214184999466
loss in epoch 340 iteration 1677: 0.16727124154567719
Evaluatingepoch:340, time: 157128175.522327(s), valid (NDCG@5: 0.7458, HR@5: 0.8309, NDCG@10: 0.7590, HR@10: 0.8713, NDCG@20: 0.7658, HR@20: 0.8983), test (NDCG@5: 0.7469, HR@5: 0.8355, NDCG@10: 0.7602, HR@10: 0.8763, NDCG@20: 0.7674, HR@20: 0.9049)
loss in epoch 341 iteration 1677: 0.1698436737060547
loss in epoch 342 iteration 1677: 0.17291215062141418
loss in epoch 343 iteration 1677: 0.1685459166765213
loss in epoch 344 iteration 1677: 0.16645772755146027
loss in epoch 345 iteration 1677: 0.1745179444551468
Evaluatingepoch:345, time: 159368088.544130(s), valid (NDCG@5: 0.7422, HR@5: 0.8305, NDCG@10: 0.7553, HR@10: 0.8705, NDCG@20: 0.7622, HR@20: 0.8978), test (NDCG@5: 0.7457, HR@5: 0.8355, NDCG@10: 0.7590, HR@10: 0.8761, NDCG@20: 0.7661, HR@20: 0.9041)
loss in epoch 346 iteration 1677: 0.17087407410144806
loss in epoch 347 iteration 1677: 0.15823812782764435
loss in epoch 348 iteration 1677: 0.16282059252262115
loss in epoch 349 iteration 1677: 0.16068243980407715
loss in epoch 350 iteration 1677: 0.16508814692497253
Evaluatingepoch:350, time: 161612611.364841(s), valid (NDCG@5: 0.7462, HR@5: 0.8313, NDCG@10: 0.7590, HR@10: 0.8704, NDCG@20: 0.7658, HR@20: 0.8974), test (NDCG@5: 0.7460, HR@5: 0.8340, NDCG@10: 0.7601, HR@10: 0.8770, NDCG@20: 0.7669, HR@20: 0.9037)
loss in epoch 351 iteration 1677: 0.1691381186246872
loss in epoch 352 iteration 1677: 0.1562272608280182
loss in epoch 353 iteration 1677: 0.1672186255455017
loss in epoch 354 iteration 1677: 0.16228708624839783
loss in epoch 355 iteration 1677: 0.16522090137004852
Evaluatingepoch:355, time: 163853567.412853(s), valid (NDCG@5: 0.7443, HR@5: 0.8280, NDCG@10: 0.7580, HR@10: 0.8700, NDCG@20: 0.7649, HR@20: 0.8971), test (NDCG@5: 0.7443, HR@5: 0.8342, NDCG@10: 0.7578, HR@10: 0.8757, NDCG@20: 0.7653, HR@20: 0.9050)
loss in epoch 356 iteration 1677: 0.16084979474544525
loss in epoch 357 iteration 1677: 0.170840784907341
loss in epoch 358 iteration 1677: 0.16025015711784363
loss in epoch 359 iteration 1677: 0.16275136172771454
loss in epoch 360 iteration 1677: 0.16852009296417236
Evaluatingepoch:360, time: 166094925.161362(s), valid (NDCG@5: 0.7451, HR@5: 0.8305, NDCG@10: 0.7581, HR@10: 0.8703, NDCG@20: 0.7652, HR@20: 0.8983), test (NDCG@5: 0.7447, HR@5: 0.8338, NDCG@10: 0.7583, HR@10: 0.8753, NDCG@20: 0.7655, HR@20: 0.9039)
loss in epoch 361 iteration 1677: 0.15658701956272125
loss in epoch 362 iteration 1677: 0.16752563416957855
loss in epoch 363 iteration 1677: 0.16526706516742706
loss in epoch 364 iteration 1677: 0.16386450827121735
loss in epoch 365 iteration 1677: 0.16651570796966553
Evaluatingepoch:365, time: 168336569.890022(s), valid (NDCG@5: 0.7449, HR@5: 0.8312, NDCG@10: 0.7577, HR@10: 0.8704, NDCG@20: 0.7645, HR@20: 0.8973), test (NDCG@5: 0.7470, HR@5: 0.8348, NDCG@10: 0.7606, HR@10: 0.8767, NDCG@20: 0.7676, HR@20: 0.9040)
loss in epoch 366 iteration 1677: 0.16694238781929016
loss in epoch 367 iteration 1677: 0.1638110876083374
loss in epoch 368 iteration 1677: 0.1607627272605896
loss in epoch 369 iteration 1677: 0.1648382693529129
loss in epoch 370 iteration 1677: 0.15581117570400238
Evaluatingepoch:370, time: 170578288.873434(s), valid (NDCG@5: 0.7443, HR@5: 0.8306, NDCG@10: 0.7573, HR@10: 0.8705, NDCG@20: 0.7643, HR@20: 0.8979), test (NDCG@5: 0.7468, HR@5: 0.8358, NDCG@10: 0.7601, HR@10: 0.8764, NDCG@20: 0.7671, HR@20: 0.9043)
loss in epoch 371 iteration 1677: 0.16235795617103577
loss in epoch 372 iteration 1677: 0.16180162131786346
loss in epoch 373 iteration 1677: 0.16471393406391144
loss in epoch 374 iteration 1677: 0.15541206300258636
loss in epoch 375 iteration 1677: 0.15825973451137543
Evaluatingepoch:375, time: 172819369.834423(s), valid (NDCG@5: 0.7464, HR@5: 0.8314, NDCG@10: 0.7592, HR@10: 0.8706, NDCG@20: 0.7660, HR@20: 0.8973), test (NDCG@5: 0.7468, HR@5: 0.8350, NDCG@10: 0.7598, HR@10: 0.8749, NDCG@20: 0.7674, HR@20: 0.9047)
loss in epoch 376 iteration 1677: 0.16142582893371582
loss in epoch 377 iteration 1677: 0.15714488923549652
loss in epoch 378 iteration 1677: 0.16238059103488922
loss in epoch 379 iteration 1677: 0.16471752524375916
loss in epoch 380 iteration 1677: 0.16214323043823242
Evaluatingepoch:380, time: 176562820.505381(s), valid (NDCG@5: 0.7444, HR@5: 0.8310, NDCG@10: 0.7570, HR@10: 0.8698, NDCG@20: 0.7641, HR@20: 0.8977), test (NDCG@5: 0.7456, HR@5: 0.8348, NDCG@10: 0.7592, HR@10: 0.8763, NDCG@20: 0.7664, HR@20: 0.9046)
loss in epoch 381 iteration 1677: 0.15857531130313873
loss in epoch 382 iteration 1677: 0.15503837168216705
loss in epoch 383 iteration 1677: 0.16403058171272278
loss in epoch 384 iteration 1677: 0.16044607758522034
loss in epoch 385 iteration 1677: 0.16034361720085144
Evaluatingepoch:385, time: 178800737.630367(s), valid (NDCG@5: 0.7459, HR@5: 0.8313, NDCG@10: 0.7586, HR@10: 0.8704, NDCG@20: 0.7655, HR@20: 0.8977), test (NDCG@5: 0.7469, HR@5: 0.8357, NDCG@10: 0.7603, HR@10: 0.8767, NDCG@20: 0.7672, HR@20: 0.9040)
loss in epoch 386 iteration 1677: 0.16812755167484283
loss in epoch 387 iteration 1677: 0.15693305432796478
loss in epoch 388 iteration 1677: 0.15697960555553436
loss in epoch 389 iteration 1677: 0.16974562406539917
loss in epoch 390 iteration 1677: 0.1660512238740921
Evaluatingepoch:390, time: 181037612.891436(s), valid (NDCG@5: 0.7433, HR@5: 0.8309, NDCG@10: 0.7559, HR@10: 0.8695, NDCG@20: 0.7631, HR@20: 0.8981), test (NDCG@5: 0.7452, HR@5: 0.8349, NDCG@10: 0.7585, HR@10: 0.8758, NDCG@20: 0.7657, HR@20: 0.9041)
loss in epoch 391 iteration 1677: 0.15997932851314545
loss in epoch 392 iteration 1677: 0.15651771426200867
loss in epoch 393 iteration 1677: 0.16031166911125183
loss in epoch 394 iteration 1677: 0.15794822573661804
loss in epoch 395 iteration 1677: 0.15858575701713562
Evaluatingepoch:395, time: 183275750.620127(s), valid (NDCG@5: 0.7438, HR@5: 0.8289, NDCG@10: 0.7572, HR@10: 0.8699, NDCG@20: 0.7642, HR@20: 0.8976), test (NDCG@5: 0.7438, HR@5: 0.8315, NDCG@10: 0.7579, HR@10: 0.8748, NDCG@20: 0.7654, HR@20: 0.9041)
loss in epoch 396 iteration 1677: 0.1633782982826233
loss in epoch 397 iteration 1677: 0.16239617764949799
loss in epoch 398 iteration 1677: 0.1576354205608368
loss in epoch 399 iteration 1677: 0.1646123230457306
loss in epoch 400 iteration 1677: 0.15911410748958588
Evaluatingepoch:400, time: 185513591.397047(s), valid (NDCG@5: 0.7457, HR@5: 0.8299, NDCG@10: 0.7586, HR@10: 0.8692, NDCG@20: 0.7657, HR@20: 0.8973), test (NDCG@5: 0.7460, HR@5: 0.8344, NDCG@10: 0.7596, HR@10: 0.8762, NDCG@20: 0.7668, HR@20: 0.9046)
loss in epoch 401 iteration 1677: 0.16478675603866577
loss in epoch 402 iteration 1677: 0.16475139558315277
loss in epoch 403 iteration 1677: 0.16286885738372803
loss in epoch 404 iteration 1677: 0.15471526980400085
loss in epoch 405 iteration 1677: 0.15852607786655426
Evaluatingepoch:405, time: 187749546.907425(s), valid (NDCG@5: 0.7440, HR@5: 0.8297, NDCG@10: 0.7568, HR@10: 0.8689, NDCG@20: 0.7642, HR@20: 0.8980), test (NDCG@5: 0.7445, HR@5: 0.8344, NDCG@10: 0.7580, HR@10: 0.8756, NDCG@20: 0.7652, HR@20: 0.9040)
loss in epoch 406 iteration 1677: 0.15382245182991028
loss in epoch 407 iteration 1677: 0.1513296365737915
loss in epoch 408 iteration 1677: 0.16259050369262695
loss in epoch 409 iteration 1677: 0.16114650666713715
loss in epoch 410 iteration 1677: 0.1621840000152588
Evaluatingepoch:410, time: 189985090.230227(s), valid (NDCG@5: 0.7436, HR@5: 0.8287, NDCG@10: 0.7566, HR@10: 0.8684, NDCG@20: 0.7640, HR@20: 0.8976), test (NDCG@5: 0.7438, HR@5: 0.8348, NDCG@10: 0.7570, HR@10: 0.8754, NDCG@20: 0.7644, HR@20: 0.9041)
loss in epoch 411 iteration 1677: 0.16325920820236206
loss in epoch 412 iteration 1677: 0.1536298394203186
loss in epoch 413 iteration 1677: 0.1615815907716751
loss in epoch 414 iteration 1677: 0.15859991312026978
loss in epoch 415 iteration 1677: 0.1570228785276413
Evaluatingepoch:415, time: 192220986.785889(s), valid (NDCG@5: 0.7446, HR@5: 0.8314, NDCG@10: 0.7569, HR@10: 0.8692, NDCG@20: 0.7642, HR@20: 0.8979), test (NDCG@5: 0.7475, HR@5: 0.8358, NDCG@10: 0.7608, HR@10: 0.8765, NDCG@20: 0.7679, HR@20: 0.9046)
loss in epoch 416 iteration 1677: 0.15947222709655762
loss in epoch 417 iteration 1677: 0.15098655223846436
loss in epoch 418 iteration 1677: 0.15558458864688873
loss in epoch 419 iteration 1677: 0.1624741405248642
loss in epoch 420 iteration 1677: 0.16042470932006836
Evaluatingepoch:420, time: 194458255.393505(s), valid (NDCG@5: 0.7443, HR@5: 0.8305, NDCG@10: 0.7569, HR@10: 0.8695, NDCG@20: 0.7641, HR@20: 0.8974), test (NDCG@5: 0.7444, HR@5: 0.8340, NDCG@10: 0.7579, HR@10: 0.8751, NDCG@20: 0.7652, HR@20: 0.9038)
loss in epoch 421 iteration 1677: 0.15487000346183777
loss in epoch 422 iteration 1677: 0.15894874930381775
loss in epoch 423 iteration 1677: 0.16132967174053192
loss in epoch 424 iteration 1677: 0.16224898397922516
loss in epoch 425 iteration 1677: 0.15511608123779297
Evaluatingepoch:425, time: 196697120.551586(s), valid (NDCG@5: 0.7477, HR@5: 0.8321, NDCG@10: 0.7600, HR@10: 0.8699, NDCG@20: 0.7671, HR@20: 0.8977), test (NDCG@5: 0.7477, HR@5: 0.8346, NDCG@10: 0.7611, HR@10: 0.8753, NDCG@20: 0.7685, HR@20: 0.9045)
loss in epoch 426 iteration 1677: 0.15661048889160156
loss in epoch 427 iteration 1677: 0.15721333026885986
loss in epoch 428 iteration 1677: 0.15651831030845642
loss in epoch 429 iteration 1677: 0.1498718559741974
loss in epoch 430 iteration 1677: 0.15818166732788086
Evaluatingepoch:430, time: 198936749.010086(s), valid (NDCG@5: 0.7472, HR@5: 0.8324, NDCG@10: 0.7597, HR@10: 0.8704, NDCG@20: 0.7666, HR@20: 0.8975), test (NDCG@5: 0.7471, HR@5: 0.8350, NDCG@10: 0.7605, HR@10: 0.8758, NDCG@20: 0.7677, HR@20: 0.9044)
loss in epoch 431 iteration 1677: 0.15624646842479706
loss in epoch 432 iteration 1677: 0.1581874042749405
loss in epoch 433 iteration 1677: 0.15367205440998077
loss in epoch 434 iteration 1677: 0.15394088625907898
loss in epoch 435 iteration 1677: 0.15967842936515808
Evaluatingepoch:435, time: 201173918.445826(s), valid (NDCG@5: 0.7464, HR@5: 0.8303, NDCG@10: 0.7594, HR@10: 0.8703, NDCG@20: 0.7664, HR@20: 0.8978), test (NDCG@5: 0.7476, HR@5: 0.8360, NDCG@10: 0.7607, HR@10: 0.8760, NDCG@20: 0.7678, HR@20: 0.9041)
loss in epoch 436 iteration 1677: 0.1636214703321457
loss in epoch 437 iteration 1677: 0.15644687414169312
loss in epoch 438 iteration 1677: 0.15390677750110626
loss in epoch 439 iteration 1677: 0.14649216830730438
loss in epoch 440 iteration 1677: 0.16098619997501373
Evaluatingepoch:440, time: 203411143.631935(s), valid (NDCG@5: 0.7471, HR@5: 0.8312, NDCG@10: 0.7598, HR@10: 0.8701, NDCG@20: 0.7669, HR@20: 0.8979), test (NDCG@5: 0.7482, HR@5: 0.8363, NDCG@10: 0.7614, HR@10: 0.8768, NDCG@20: 0.7684, HR@20: 0.9043)
loss in epoch 441 iteration 1677: 0.15846294164657593
loss in epoch 442 iteration 1677: 0.15606288611888885
loss in epoch 443 iteration 1677: 0.15113785862922668
loss in epoch 444 iteration 1677: 0.15989470481872559
loss in epoch 445 iteration 1677: 0.15376976132392883
Evaluatingepoch:445, time: 205648602.893353(s), valid (NDCG@5: 0.7464, HR@5: 0.8307, NDCG@10: 0.7595, HR@10: 0.8710, NDCG@20: 0.7664, HR@20: 0.8981), test (NDCG@5: 0.7454, HR@5: 0.8348, NDCG@10: 0.7591, HR@10: 0.8766, NDCG@20: 0.7661, HR@20: 0.9039)
loss in epoch 446 iteration 1677: 0.15113474428653717
loss in epoch 447 iteration 1677: 0.1562461107969284
loss in epoch 448 iteration 1677: 0.1572589874267578
loss in epoch 449 iteration 1677: 0.15969231724739075
loss in epoch 450 iteration 1677: 0.1564679741859436
Evaluatingepoch:450, time: 207909485.944748(s), valid (NDCG@5: 0.7492, HR@5: 0.8323, NDCG@10: 0.7621, HR@10: 0.8717, NDCG@20: 0.7687, HR@20: 0.8979), test (NDCG@5: 0.7488, HR@5: 0.8354, NDCG@10: 0.7621, HR@10: 0.8761, NDCG@20: 0.7692, HR@20: 0.9040)
loss in epoch 451 iteration 1677: 0.157622292637825
loss in epoch 452 iteration 1677: 0.1582089215517044
loss in epoch 453 iteration 1677: 0.14905224740505219
loss in epoch 454 iteration 1677: 0.1522342413663864
loss in epoch 455 iteration 1677: 0.15713214874267578
Evaluatingepoch:455, time: 210183837.468147(s), valid (NDCG@5: 0.7468, HR@5: 0.8301, NDCG@10: 0.7600, HR@10: 0.8701, NDCG@20: 0.7668, HR@20: 0.8969), test (NDCG@5: 0.7497, HR@5: 0.8376, NDCG@10: 0.7626, HR@10: 0.8773, NDCG@20: 0.7695, HR@20: 0.9045)
loss in epoch 456 iteration 1677: 0.1609504073858261
loss in epoch 457 iteration 1677: 0.15602314472198486
loss in epoch 458 iteration 1677: 0.1518401801586151
loss in epoch 459 iteration 1677: 0.15605825185775757
loss in epoch 460 iteration 1677: 0.15448787808418274
Evaluatingepoch:460, time: 212459706.024647(s), valid (NDCG@5: 0.7465, HR@5: 0.8310, NDCG@10: 0.7589, HR@10: 0.8689, NDCG@20: 0.7663, HR@20: 0.8977), test (NDCG@5: 0.7494, HR@5: 0.8355, NDCG@10: 0.7626, HR@10: 0.8760, NDCG@20: 0.7698, HR@20: 0.9042)
loss in epoch 461 iteration 1677: 0.15995553135871887
loss in epoch 462 iteration 1677: 0.1555636078119278
loss in epoch 463 iteration 1677: 0.1555006504058838
loss in epoch 464 iteration 1677: 0.15344931185245514
loss in epoch 465 iteration 1677: 0.15394660830497742
Evaluatingepoch:465, time: 214735055.709600(s), valid (NDCG@5: 0.7455, HR@5: 0.8309, NDCG@10: 0.7583, HR@10: 0.8704, NDCG@20: 0.7653, HR@20: 0.8978), test (NDCG@5: 0.7472, HR@5: 0.8358, NDCG@10: 0.7604, HR@10: 0.8763, NDCG@20: 0.7677, HR@20: 0.9048)
loss in epoch 466 iteration 1677: 0.15923966467380524
loss in epoch 467 iteration 1677: 0.15540936589241028
loss in epoch 468 iteration 1677: 0.15022382140159607
loss in epoch 469 iteration 1677: 0.15296873450279236
loss in epoch 470 iteration 1677: 0.15412402153015137
Evaluatingepoch:470, time: 217035074.717999(s), valid (NDCG@5: 0.7489, HR@5: 0.8325, NDCG@10: 0.7612, HR@10: 0.8702, NDCG@20: 0.7684, HR@20: 0.8984), test (NDCG@5: 0.7501, HR@5: 0.8364, NDCG@10: 0.7633, HR@10: 0.8769, NDCG@20: 0.7703, HR@20: 0.9043)
loss in epoch 471 iteration 1677: 0.16346590220928192
loss in epoch 472 iteration 1677: 0.15361061692237854
loss in epoch 473 iteration 1677: 0.15231771767139435
loss in epoch 474 iteration 1677: 0.1528846174478531
loss in epoch 475 iteration 1677: 0.15250921249389648
Evaluatingepoch:475, time: 219361793.377638(s), valid (NDCG@5: 0.7452, HR@5: 0.8312, NDCG@10: 0.7577, HR@10: 0.8697, NDCG@20: 0.7648, HR@20: 0.8975), test (NDCG@5: 0.7461, HR@5: 0.8344, NDCG@10: 0.7594, HR@10: 0.8752, NDCG@20: 0.7668, HR@20: 0.9042)
loss in epoch 476 iteration 1677: 0.1618419736623764
loss in epoch 477 iteration 1677: 0.14914469420909882
loss in epoch 478 iteration 1677: 0.1565609872341156
loss in epoch 479 iteration 1677: 0.14965231716632843
loss in epoch 480 iteration 1677: 0.1545545607805252
Evaluatingepoch:480, time: 221670782.370329(s), valid (NDCG@5: 0.7446, HR@5: 0.8305, NDCG@10: 0.7574, HR@10: 0.8696, NDCG@20: 0.7646, HR@20: 0.8981), test (NDCG@5: 0.7458, HR@5: 0.8355, NDCG@10: 0.7592, HR@10: 0.8766, NDCG@20: 0.7661, HR@20: 0.9040)
loss in epoch 481 iteration 1677: 0.1472204327583313
loss in epoch 482 iteration 1677: 0.14824435114860535
loss in epoch 483 iteration 1677: 0.14720512926578522
loss in epoch 484 iteration 1677: 0.15340326726436615
loss in epoch 485 iteration 1677: 0.15778087079524994
Evaluatingepoch:485, time: 223971250.248194(s), valid (NDCG@5: 0.7453, HR@5: 0.8298, NDCG@10: 0.7584, HR@10: 0.8698, NDCG@20: 0.7654, HR@20: 0.8970), test (NDCG@5: 0.7471, HR@5: 0.8348, NDCG@10: 0.7606, HR@10: 0.8763, NDCG@20: 0.7677, HR@20: 0.9041)
loss in epoch 486 iteration 1677: 0.1527445912361145
loss in epoch 487 iteration 1677: 0.15733473002910614
loss in epoch 488 iteration 1677: 0.15753048658370972
loss in epoch 489 iteration 1677: 0.15877008438110352
loss in epoch 490 iteration 1677: 0.14849652349948883
Evaluatingepoch:490, time: 226271882.380724(s), valid (NDCG@5: 0.7471, HR@5: 0.8300, NDCG@10: 0.7600, HR@10: 0.8697, NDCG@20: 0.7672, HR@20: 0.8979), test (NDCG@5: 0.7477, HR@5: 0.8353, NDCG@10: 0.7611, HR@10: 0.8762, NDCG@20: 0.7682, HR@20: 0.9043)
loss in epoch 491 iteration 1677: 0.15651138126850128
loss in epoch 492 iteration 1677: 0.14980129897594452
loss in epoch 493 iteration 1677: 0.15330657362937927
loss in epoch 494 iteration 1677: 0.15430234372615814
loss in epoch 495 iteration 1677: 0.15133611857891083
Evaluatingepoch:495, time: 228578339.194775(s), valid (NDCG@5: 0.7470, HR@5: 0.8320, NDCG@10: 0.7597, HR@10: 0.8709, NDCG@20: 0.7663, HR@20: 0.8968), test (NDCG@5: 0.7486, HR@5: 0.8355, NDCG@10: 0.7617, HR@10: 0.8757, NDCG@20: 0.7689, HR@20: 0.9044)
loss in epoch 496 iteration 1677: 0.14996208250522614
loss in epoch 497 iteration 1677: 0.16570529341697693
loss in epoch 498 iteration 1677: 0.16098928451538086
loss in epoch 499 iteration 1677: 0.14894811809062958
loss in epoch 500 iteration 1677: 0.1549258530139923
Evaluatingepoch:500, time: 230888397.367477(s), valid (NDCG@5: 0.7490, HR@5: 0.8320, NDCG@10: 0.7616, HR@10: 0.8709, NDCG@20: 0.7685, HR@20: 0.8982), test (NDCG@5: 0.7499, HR@5: 0.8366, NDCG@10: 0.7633, HR@10: 0.8775, NDCG@20: 0.7703, HR@20: 0.9052)
Training time : 230888397.36747742
Done
