Arguments:
backbone sasmamba
batch_size 16
dataset ml-1m
device cuda:5
dropout_rate 0.5
eval_neg_sample 100
hidden_units 32
inference_only False
l2_emb 0.0
lr 0.0005
maxlen 220
name mamba
num_blocks 2
num_epochs 500
num_heads 1
state_dict_path None
train_dir tracks256_default/

user_count: 6040
item count: 3416
6040
average sequence length: 163.50
parameters_count: 142113
loss in epoch 1 iteration 376: 1.0334593057632446
loss in epoch 2 iteration 376: 0.8797451257705688
loss in epoch 3 iteration 376: 0.9196189641952515
loss in epoch 4 iteration 376: 0.8457855582237244
loss in epoch 5 iteration 376: 0.7611063718795776
Evaluatingepoch:5, time: 15083.142757(s), valid (NDCG@5: 0.3296, HR@5: 0.4743, NDCG@10: 0.3829, HR@10: 0.6392, NDCG@20: 0.4229, HR@20: 0.7969), test (NDCG@5: 0.3240, HR@5: 0.4627, NDCG@10: 0.3755, HR@10: 0.6219, NDCG@20: 0.4161, HR@20: 0.7825)
loss in epoch 6 iteration 376: 0.7656407952308655
loss in epoch 7 iteration 376: 0.6541914939880371
loss in epoch 8 iteration 376: 0.7134611010551453
loss in epoch 9 iteration 376: 0.6832538843154907
loss in epoch 10 iteration 376: 0.617874264717102
Evaluatingepoch:10, time: 29354.449511(s), valid (NDCG@5: 0.4231, HR@5: 0.5876, NDCG@10: 0.4719, HR@10: 0.7377, NDCG@20: 0.5037, HR@20: 0.8629), test (NDCG@5: 0.4039, HR@5: 0.5636, NDCG@10: 0.4539, HR@10: 0.7172, NDCG@20: 0.4865, HR@20: 0.8450)
loss in epoch 11 iteration 376: 0.5487511157989502
loss in epoch 12 iteration 376: 0.6615570783615112
loss in epoch 13 iteration 376: 0.6567672491073608
loss in epoch 14 iteration 376: 0.5790899395942688
loss in epoch 15 iteration 376: 0.6226431727409363
Evaluatingepoch:15, time: 43699.500322(s), valid (NDCG@5: 0.4566, HR@5: 0.6298, NDCG@10: 0.5041, HR@10: 0.7757, NDCG@20: 0.5309, HR@20: 0.8808), test (NDCG@5: 0.4353, HR@5: 0.6058, NDCG@10: 0.4832, HR@10: 0.7528, NDCG@20: 0.5113, HR@20: 0.8637)
loss in epoch 16 iteration 376: 0.595471203327179
loss in epoch 17 iteration 376: 0.5849376320838928
loss in epoch 18 iteration 376: 0.6094942092895508
loss in epoch 19 iteration 376: 0.5812450647354126
loss in epoch 20 iteration 376: 0.6520899534225464
Evaluatingepoch:20, time: 57681.254387(s), valid (NDCG@5: 0.4932, HR@5: 0.6685, NDCG@10: 0.5370, HR@10: 0.8028, NDCG@20: 0.5600, HR@20: 0.8932), test (NDCG@5: 0.4706, HR@5: 0.6434, NDCG@10: 0.5122, HR@10: 0.7715, NDCG@20: 0.5388, HR@20: 0.8760)
loss in epoch 21 iteration 376: 0.4941326379776001
loss in epoch 22 iteration 376: 0.5506137013435364
loss in epoch 23 iteration 376: 0.45526930689811707
loss in epoch 24 iteration 376: 0.5041162371635437
loss in epoch 25 iteration 376: 0.5177521705627441
Evaluatingepoch:25, time: 71902.198315(s), valid (NDCG@5: 0.5124, HR@5: 0.6821, NDCG@10: 0.5538, HR@10: 0.8091, NDCG@20: 0.5764, HR@20: 0.8975), test (NDCG@5: 0.4882, HR@5: 0.6591, NDCG@10: 0.5278, HR@10: 0.7811, NDCG@20: 0.5526, HR@20: 0.8791)
loss in epoch 26 iteration 376: 0.5135120749473572
loss in epoch 27 iteration 376: 0.6045130491256714
loss in epoch 28 iteration 376: 0.5015764832496643
loss in epoch 29 iteration 376: 0.4728905260562897
loss in epoch 30 iteration 376: 0.4407375454902649
Evaluatingepoch:30, time: 86064.969778(s), valid (NDCG@5: 0.5239, HR@5: 0.6952, NDCG@10: 0.5622, HR@10: 0.8129, NDCG@20: 0.5849, HR@20: 0.9018), test (NDCG@5: 0.4975, HR@5: 0.6699, NDCG@10: 0.5363, HR@10: 0.7892, NDCG@20: 0.5600, HR@20: 0.8829)
loss in epoch 31 iteration 376: 0.46939826011657715
loss in epoch 32 iteration 376: 0.5896977782249451
loss in epoch 33 iteration 376: 0.4577789306640625
loss in epoch 34 iteration 376: 0.5593522191047668
loss in epoch 35 iteration 376: 0.5167315006256104
Evaluatingepoch:35, time: 99784.780264(s), valid (NDCG@5: 0.5276, HR@5: 0.7010, NDCG@10: 0.5655, HR@10: 0.8172, NDCG@20: 0.5873, HR@20: 0.9026), test (NDCG@5: 0.5010, HR@5: 0.6700, NDCG@10: 0.5408, HR@10: 0.7921, NDCG@20: 0.5639, HR@20: 0.8834)
loss in epoch 36 iteration 376: 0.4786646366119385
loss in epoch 37 iteration 376: 0.40098708868026733
loss in epoch 38 iteration 376: 0.5191608667373657
loss in epoch 39 iteration 376: 0.44489172101020813
loss in epoch 40 iteration 376: 0.5978803038597107
Evaluatingepoch:40, time: 113831.017256(s), valid (NDCG@5: 0.5329, HR@5: 0.7058, NDCG@10: 0.5724, HR@10: 0.8270, NDCG@20: 0.5929, HR@20: 0.9071), test (NDCG@5: 0.5102, HR@5: 0.6803, NDCG@10: 0.5480, HR@10: 0.7967, NDCG@20: 0.5708, HR@20: 0.8863)
loss in epoch 41 iteration 376: 0.4595906734466553
loss in epoch 42 iteration 376: 0.49426883459091187
loss in epoch 43 iteration 376: 0.4217495918273926
loss in epoch 44 iteration 376: 0.39760977029800415
loss in epoch 45 iteration 376: 0.39846307039260864
Evaluatingepoch:45, time: 127864.182234(s), valid (NDCG@5: 0.5394, HR@5: 0.7104, NDCG@10: 0.5788, HR@10: 0.8313, NDCG@20: 0.5987, HR@20: 0.9094), test (NDCG@5: 0.5145, HR@5: 0.6841, NDCG@10: 0.5538, HR@10: 0.8053, NDCG@20: 0.5748, HR@20: 0.8876)
loss in epoch 46 iteration 376: 0.43695348501205444
loss in epoch 47 iteration 376: 0.49247944355010986
loss in epoch 48 iteration 376: 0.47647932171821594
loss in epoch 49 iteration 376: 0.4360857605934143
loss in epoch 50 iteration 376: 0.4367944002151489
Evaluatingepoch:50, time: 141734.438419(s), valid (NDCG@5: 0.5416, HR@5: 0.7137, NDCG@10: 0.5802, HR@10: 0.8323, NDCG@20: 0.5996, HR@20: 0.9084), test (NDCG@5: 0.5183, HR@5: 0.6901, NDCG@10: 0.5549, HR@10: 0.8023, NDCG@20: 0.5778, HR@20: 0.8925)
loss in epoch 51 iteration 376: 0.49971145391464233
loss in epoch 52 iteration 376: 0.4891207218170166
loss in epoch 53 iteration 376: 0.5203587412834167
loss in epoch 54 iteration 376: 0.3867303729057312
loss in epoch 55 iteration 376: 0.5143333077430725
Evaluatingepoch:55, time: 155759.027243(s), valid (NDCG@5: 0.5408, HR@5: 0.7152, NDCG@10: 0.5776, HR@10: 0.8281, NDCG@20: 0.5977, HR@20: 0.9066), test (NDCG@5: 0.5183, HR@5: 0.6838, NDCG@10: 0.5565, HR@10: 0.8012, NDCG@20: 0.5788, HR@20: 0.8886)
loss in epoch 56 iteration 376: 0.5143385529518127
loss in epoch 57 iteration 376: 0.39054548740386963
loss in epoch 58 iteration 376: 0.46646344661712646
loss in epoch 59 iteration 376: 0.43600839376449585
loss in epoch 60 iteration 376: 0.596591591835022
Evaluatingepoch:60, time: 169853.242636(s), valid (NDCG@5: 0.5416, HR@5: 0.7156, NDCG@10: 0.5794, HR@10: 0.8313, NDCG@20: 0.5991, HR@20: 0.9083), test (NDCG@5: 0.5195, HR@5: 0.6901, NDCG@10: 0.5559, HR@10: 0.8020, NDCG@20: 0.5785, HR@20: 0.8907)
loss in epoch 61 iteration 376: 0.405766099691391
loss in epoch 62 iteration 376: 0.4344305992126465
loss in epoch 63 iteration 376: 0.41493189334869385
loss in epoch 64 iteration 376: 0.4625513255596161
loss in epoch 65 iteration 376: 0.42875516414642334
Evaluatingepoch:65, time: 184049.661875(s), valid (NDCG@5: 0.5513, HR@5: 0.7220, NDCG@10: 0.5876, HR@10: 0.8336, NDCG@20: 0.6067, HR@20: 0.9088), test (NDCG@5: 0.5251, HR@5: 0.6969, NDCG@10: 0.5603, HR@10: 0.8053, NDCG@20: 0.5823, HR@20: 0.8914)
loss in epoch 66 iteration 376: 0.423297643661499
loss in epoch 67 iteration 376: 0.5252207517623901
loss in epoch 68 iteration 376: 0.4974249005317688
loss in epoch 69 iteration 376: 0.462236225605011
loss in epoch 70 iteration 376: 0.5555636882781982
Evaluatingepoch:70, time: 198210.046530(s), valid (NDCG@5: 0.5555, HR@5: 0.7253, NDCG@10: 0.5903, HR@10: 0.8320, NDCG@20: 0.6105, HR@20: 0.9114), test (NDCG@5: 0.5295, HR@5: 0.6950, NDCG@10: 0.5658, HR@10: 0.8065, NDCG@20: 0.5876, HR@20: 0.8925)
loss in epoch 71 iteration 376: 0.4737277030944824
loss in epoch 72 iteration 376: 0.4299684166908264
loss in epoch 73 iteration 376: 0.46696168184280396
loss in epoch 74 iteration 376: 0.47734761238098145
loss in epoch 75 iteration 376: 0.38283395767211914
Evaluatingepoch:75, time: 212260.675192(s), valid (NDCG@5: 0.5472, HR@5: 0.7199, NDCG@10: 0.5840, HR@10: 0.8328, NDCG@20: 0.6035, HR@20: 0.9091), test (NDCG@5: 0.5304, HR@5: 0.7018, NDCG@10: 0.5646, HR@10: 0.8068, NDCG@20: 0.5854, HR@20: 0.8884)
loss in epoch 76 iteration 376: 0.4180341362953186
loss in epoch 77 iteration 376: 0.5592235922813416
loss in epoch 78 iteration 376: 0.39284324645996094
loss in epoch 79 iteration 376: 0.4319390058517456
loss in epoch 80 iteration 376: 0.39344093203544617
Evaluatingepoch:80, time: 226632.905960(s), valid (NDCG@5: 0.5546, HR@5: 0.7243, NDCG@10: 0.5905, HR@10: 0.8346, NDCG@20: 0.6102, HR@20: 0.9116), test (NDCG@5: 0.5249, HR@5: 0.6985, NDCG@10: 0.5602, HR@10: 0.8070, NDCG@20: 0.5816, HR@20: 0.8907)
loss in epoch 81 iteration 376: 0.46174389123916626
loss in epoch 82 iteration 376: 0.48849138617515564
loss in epoch 83 iteration 376: 0.5267837643623352
loss in epoch 84 iteration 376: 0.43895217776298523
loss in epoch 85 iteration 376: 0.4063471555709839
Evaluatingepoch:85, time: 240692.081451(s), valid (NDCG@5: 0.5531, HR@5: 0.7238, NDCG@10: 0.5905, HR@10: 0.8386, NDCG@20: 0.6087, HR@20: 0.9096), test (NDCG@5: 0.5302, HR@5: 0.6964, NDCG@10: 0.5678, HR@10: 0.8118, NDCG@20: 0.5877, HR@20: 0.8901)
loss in epoch 86 iteration 376: 0.4188190996646881
loss in epoch 87 iteration 376: 0.4005467891693115
loss in epoch 88 iteration 376: 0.49432826042175293
loss in epoch 89 iteration 376: 0.5176287293434143
loss in epoch 90 iteration 376: 0.344784140586853
Evaluatingepoch:90, time: 254631.764889(s), valid (NDCG@5: 0.5518, HR@5: 0.7225, NDCG@10: 0.5895, HR@10: 0.8377, NDCG@20: 0.6081, HR@20: 0.9104), test (NDCG@5: 0.5320, HR@5: 0.6998, NDCG@10: 0.5682, HR@10: 0.8106, NDCG@20: 0.5891, HR@20: 0.8927)
loss in epoch 91 iteration 376: 0.42087239027023315
loss in epoch 92 iteration 376: 0.43662965297698975
loss in epoch 93 iteration 376: 0.45072680711746216
loss in epoch 94 iteration 376: 0.5036479830741882
loss in epoch 95 iteration 376: 0.5996876955032349
Evaluatingepoch:95, time: 268636.972189(s), valid (NDCG@5: 0.5515, HR@5: 0.7263, NDCG@10: 0.5877, HR@10: 0.8373, NDCG@20: 0.6056, HR@20: 0.9076), test (NDCG@5: 0.5329, HR@5: 0.7038, NDCG@10: 0.5677, HR@10: 0.8104, NDCG@20: 0.5885, HR@20: 0.8921)
loss in epoch 96 iteration 376: 0.4342045783996582
loss in epoch 97 iteration 376: 0.404494047164917
loss in epoch 98 iteration 376: 0.4538649320602417
loss in epoch 99 iteration 376: 0.4553500711917877
loss in epoch 100 iteration 376: 0.4796385169029236
Evaluatingepoch:100, time: 281867.362261(s), valid (NDCG@5: 0.5569, HR@5: 0.7278, NDCG@10: 0.5923, HR@10: 0.8366, NDCG@20: 0.6114, HR@20: 0.9111), test (NDCG@5: 0.5323, HR@5: 0.7013, NDCG@10: 0.5682, HR@10: 0.8113, NDCG@20: 0.5888, HR@20: 0.8924)
loss in epoch 101 iteration 376: 0.41264429688453674
loss in epoch 102 iteration 376: 0.3700698912143707
loss in epoch 103 iteration 376: 0.49904727935791016
loss in epoch 104 iteration 376: 0.4379875063896179
loss in epoch 105 iteration 376: 0.42125189304351807
Evaluatingepoch:105, time: 295451.639891(s), valid (NDCG@5: 0.5545, HR@5: 0.7262, NDCG@10: 0.5916, HR@10: 0.8396, NDCG@20: 0.6102, HR@20: 0.9124), test (NDCG@5: 0.5316, HR@5: 0.7063, NDCG@10: 0.5665, HR@10: 0.8137, NDCG@20: 0.5877, HR@20: 0.8969)
loss in epoch 106 iteration 376: 0.44427165389060974
loss in epoch 107 iteration 376: 0.4662468135356903
loss in epoch 108 iteration 376: 0.48837584257125854
loss in epoch 109 iteration 376: 0.38968682289123535
loss in epoch 110 iteration 376: 0.36836951971054077
Evaluatingepoch:110, time: 308966.559649(s), valid (NDCG@5: 0.5565, HR@5: 0.7303, NDCG@10: 0.5932, HR@10: 0.8424, NDCG@20: 0.6112, HR@20: 0.9129), test (NDCG@5: 0.5374, HR@5: 0.7083, NDCG@10: 0.5718, HR@10: 0.8141, NDCG@20: 0.5922, HR@20: 0.8940)
loss in epoch 111 iteration 376: 0.516261100769043
loss in epoch 112 iteration 376: 0.3836982846260071
loss in epoch 113 iteration 376: 0.43130022287368774
loss in epoch 114 iteration 376: 0.4139806032180786
loss in epoch 115 iteration 376: 0.41991499066352844
Evaluatingepoch:115, time: 322331.516027(s), valid (NDCG@5: 0.5568, HR@5: 0.7258, NDCG@10: 0.5933, HR@10: 0.8381, NDCG@20: 0.6113, HR@20: 0.9088), test (NDCG@5: 0.5355, HR@5: 0.7060, NDCG@10: 0.5706, HR@10: 0.8146, NDCG@20: 0.5905, HR@20: 0.8924)
loss in epoch 116 iteration 376: 0.44220298528671265
loss in epoch 117 iteration 376: 0.3835092782974243
loss in epoch 118 iteration 376: 0.4168926477432251
loss in epoch 119 iteration 376: 0.3865848183631897
loss in epoch 120 iteration 376: 0.4602753520011902
Evaluatingepoch:120, time: 335987.564325(s), valid (NDCG@5: 0.5635, HR@5: 0.7343, NDCG@10: 0.5968, HR@10: 0.8368, NDCG@20: 0.6159, HR@20: 0.9116), test (NDCG@5: 0.5342, HR@5: 0.7030, NDCG@10: 0.5709, HR@10: 0.8157, NDCG@20: 0.5911, HR@20: 0.8949)
loss in epoch 121 iteration 376: 0.5080829858779907
loss in epoch 122 iteration 376: 0.49978265166282654
loss in epoch 123 iteration 376: 0.4792008399963379
loss in epoch 124 iteration 376: 0.558519721031189
loss in epoch 125 iteration 376: 0.40029993653297424
Evaluatingepoch:125, time: 350323.009014(s), valid (NDCG@5: 0.5579, HR@5: 0.7313, NDCG@10: 0.5945, HR@10: 0.8439, NDCG@20: 0.6120, HR@20: 0.9127), test (NDCG@5: 0.5309, HR@5: 0.7007, NDCG@10: 0.5676, HR@10: 0.8137, NDCG@20: 0.5880, HR@20: 0.8942)
loss in epoch 126 iteration 376: 0.535894513130188
loss in epoch 127 iteration 376: 0.42592787742614746
loss in epoch 128 iteration 376: 0.5110552310943604
loss in epoch 129 iteration 376: 0.40779733657836914
loss in epoch 130 iteration 376: 0.3888000249862671
Evaluatingepoch:130, time: 364431.337357(s), valid (NDCG@5: 0.5563, HR@5: 0.7281, NDCG@10: 0.5933, HR@10: 0.8416, NDCG@20: 0.6118, HR@20: 0.9139), test (NDCG@5: 0.5372, HR@5: 0.7071, NDCG@10: 0.5717, HR@10: 0.8124, NDCG@20: 0.5925, HR@20: 0.8942)
loss in epoch 131 iteration 376: 0.48761481046676636
loss in epoch 132 iteration 376: 0.3986939489841461
loss in epoch 133 iteration 376: 0.4332958161830902
loss in epoch 134 iteration 376: 0.5473184585571289
loss in epoch 135 iteration 376: 0.4213886260986328
Evaluatingepoch:135, time: 378909.512043(s), valid (NDCG@5: 0.5612, HR@5: 0.7341, NDCG@10: 0.5965, HR@10: 0.8424, NDCG@20: 0.6150, HR@20: 0.9154), test (NDCG@5: 0.5366, HR@5: 0.7073, NDCG@10: 0.5726, HR@10: 0.8177, NDCG@20: 0.5913, HR@20: 0.8917)
loss in epoch 136 iteration 376: 0.34720730781555176
loss in epoch 137 iteration 376: 0.42214828729629517
loss in epoch 138 iteration 376: 0.40814274549484253
loss in epoch 139 iteration 376: 0.35008299350738525
loss in epoch 140 iteration 376: 0.43720319867134094
Evaluatingepoch:140, time: 393025.983334(s), valid (NDCG@5: 0.5595, HR@5: 0.7316, NDCG@10: 0.5955, HR@10: 0.8421, NDCG@20: 0.6140, HR@20: 0.9144), test (NDCG@5: 0.5347, HR@5: 0.7075, NDCG@10: 0.5704, HR@10: 0.8172, NDCG@20: 0.5904, HR@20: 0.8955)
loss in epoch 141 iteration 376: 0.4508150815963745
loss in epoch 142 iteration 376: 0.41643279790878296
loss in epoch 143 iteration 376: 0.45339617133140564
loss in epoch 144 iteration 376: 0.393085777759552
loss in epoch 145 iteration 376: 0.5903112888336182
Evaluatingepoch:145, time: 407128.918648(s), valid (NDCG@5: 0.5661, HR@5: 0.7381, NDCG@10: 0.6006, HR@10: 0.8439, NDCG@20: 0.6187, HR@20: 0.9147), test (NDCG@5: 0.5372, HR@5: 0.7066, NDCG@10: 0.5732, HR@10: 0.8174, NDCG@20: 0.5928, HR@20: 0.8940)
loss in epoch 146 iteration 376: 0.4422842562198639
loss in epoch 147 iteration 376: 0.4384308159351349
loss in epoch 148 iteration 376: 0.45941829681396484
loss in epoch 149 iteration 376: 0.4249122440814972
loss in epoch 150 iteration 376: 0.40373218059539795
Evaluatingepoch:150, time: 421178.172112(s), valid (NDCG@5: 0.5683, HR@5: 0.7379, NDCG@10: 0.6019, HR@10: 0.8407, NDCG@20: 0.6207, HR@20: 0.9146), test (NDCG@5: 0.5386, HR@5: 0.7070, NDCG@10: 0.5737, HR@10: 0.8149, NDCG@20: 0.5947, HR@20: 0.8970)
loss in epoch 151 iteration 376: 0.37797805666923523
loss in epoch 152 iteration 376: 0.3909901976585388
loss in epoch 153 iteration 376: 0.46054112911224365
loss in epoch 154 iteration 376: 0.477755069732666
loss in epoch 155 iteration 376: 0.4517521262168884
Evaluatingepoch:155, time: 435314.625978(s), valid (NDCG@5: 0.5649, HR@5: 0.7334, NDCG@10: 0.6008, HR@10: 0.8432, NDCG@20: 0.6190, HR@20: 0.9147), test (NDCG@5: 0.5359, HR@5: 0.7106, NDCG@10: 0.5692, HR@10: 0.8134, NDCG@20: 0.5902, HR@20: 0.8960)
loss in epoch 156 iteration 376: 0.4832191467285156
loss in epoch 157 iteration 376: 0.37002280354499817
loss in epoch 158 iteration 376: 0.44258907437324524
loss in epoch 159 iteration 376: 0.5881275534629822
loss in epoch 160 iteration 376: 0.38048142194747925
Evaluatingepoch:160, time: 449195.777416(s), valid (NDCG@5: 0.5660, HR@5: 0.7384, NDCG@10: 0.5997, HR@10: 0.8416, NDCG@20: 0.6181, HR@20: 0.9136), test (NDCG@5: 0.5435, HR@5: 0.7119, NDCG@10: 0.5770, HR@10: 0.8147, NDCG@20: 0.5979, HR@20: 0.8974)
loss in epoch 161 iteration 376: 0.41587358713150024
loss in epoch 162 iteration 376: 0.4502480626106262
loss in epoch 163 iteration 376: 0.4754442572593689
loss in epoch 164 iteration 376: 0.4360051155090332
loss in epoch 165 iteration 376: 0.4062776267528534
Evaluatingepoch:165, time: 463670.230389(s), valid (NDCG@5: 0.5679, HR@5: 0.7379, NDCG@10: 0.6008, HR@10: 0.8391, NDCG@20: 0.6197, HR@20: 0.9131), test (NDCG@5: 0.5417, HR@5: 0.7083, NDCG@10: 0.5758, HR@10: 0.8132, NDCG@20: 0.5977, HR@20: 0.8992)
loss in epoch 166 iteration 376: 0.3906930088996887
loss in epoch 167 iteration 376: 0.3239518702030182
loss in epoch 168 iteration 376: 0.5159221887588501
loss in epoch 169 iteration 376: 0.5031700134277344
loss in epoch 170 iteration 376: 0.3963012099266052
Evaluatingepoch:170, time: 477365.193129(s), valid (NDCG@5: 0.5677, HR@5: 0.7401, NDCG@10: 0.6011, HR@10: 0.8425, NDCG@20: 0.6202, HR@20: 0.9174), test (NDCG@5: 0.5393, HR@5: 0.7073, NDCG@10: 0.5748, HR@10: 0.8161, NDCG@20: 0.5958, HR@20: 0.8983)
loss in epoch 171 iteration 376: 0.37176454067230225
loss in epoch 172 iteration 376: 0.4278015196323395
loss in epoch 173 iteration 376: 0.49764490127563477
loss in epoch 174 iteration 376: 0.44939613342285156
loss in epoch 175 iteration 376: 0.4436196982860565
Evaluatingepoch:175, time: 491148.182154(s), valid (NDCG@5: 0.5612, HR@5: 0.7331, NDCG@10: 0.5969, HR@10: 0.8424, NDCG@20: 0.6149, HR@20: 0.9134), test (NDCG@5: 0.5435, HR@5: 0.7041, NDCG@10: 0.5788, HR@10: 0.8126, NDCG@20: 0.5999, HR@20: 0.8955)
loss in epoch 176 iteration 376: 0.3964628577232361
loss in epoch 177 iteration 376: 0.3606134057044983
loss in epoch 178 iteration 376: 0.43176478147506714
loss in epoch 179 iteration 376: 0.36087191104888916
loss in epoch 180 iteration 376: 0.38550758361816406
Evaluatingepoch:180, time: 505028.273821(s), valid (NDCG@5: 0.5665, HR@5: 0.7348, NDCG@10: 0.6029, HR@10: 0.8464, NDCG@20: 0.6206, HR@20: 0.9161), test (NDCG@5: 0.5410, HR@5: 0.7113, NDCG@10: 0.5755, HR@10: 0.8171, NDCG@20: 0.5956, HR@20: 0.8962)
loss in epoch 181 iteration 376: 0.4196051061153412
loss in epoch 182 iteration 376: 0.4575803875923157
loss in epoch 183 iteration 376: 0.2832450270652771
loss in epoch 184 iteration 376: 0.43068206310272217
loss in epoch 185 iteration 376: 0.4004727005958557
Evaluatingepoch:185, time: 518908.558130(s), valid (NDCG@5: 0.5676, HR@5: 0.7384, NDCG@10: 0.6023, HR@10: 0.8449, NDCG@20: 0.6196, HR@20: 0.9124), test (NDCG@5: 0.5390, HR@5: 0.7078, NDCG@10: 0.5751, HR@10: 0.8179, NDCG@20: 0.5951, HR@20: 0.8969)
loss in epoch 186 iteration 376: 0.44829845428466797
loss in epoch 187 iteration 376: 0.42863255739212036
loss in epoch 188 iteration 376: 0.3847159147262573
loss in epoch 189 iteration 376: 0.47478270530700684
loss in epoch 190 iteration 376: 0.3759501874446869
Evaluatingepoch:190, time: 532623.331308(s), valid (NDCG@5: 0.5700, HR@5: 0.7391, NDCG@10: 0.6038, HR@10: 0.8427, NDCG@20: 0.6222, HR@20: 0.9151), test (NDCG@5: 0.5421, HR@5: 0.7126, NDCG@10: 0.5771, HR@10: 0.8200, NDCG@20: 0.5977, HR@20: 0.9012)
loss in epoch 191 iteration 376: 0.388443261384964
loss in epoch 192 iteration 376: 0.4399733245372772
loss in epoch 193 iteration 376: 0.40685975551605225
loss in epoch 194 iteration 376: 0.35075661540031433
loss in epoch 195 iteration 376: 0.4390205144882202
Evaluatingepoch:195, time: 546557.034254(s), valid (NDCG@5: 0.5673, HR@5: 0.7396, NDCG@10: 0.6012, HR@10: 0.8434, NDCG@20: 0.6199, HR@20: 0.9166), test (NDCG@5: 0.5386, HR@5: 0.7123, NDCG@10: 0.5730, HR@10: 0.8182, NDCG@20: 0.5932, HR@20: 0.8977)
loss in epoch 196 iteration 376: 0.434601366519928
loss in epoch 197 iteration 376: 0.4171498417854309
loss in epoch 198 iteration 376: 0.42546141147613525
loss in epoch 199 iteration 376: 0.4920545816421509
loss in epoch 200 iteration 376: 0.3611508011817932
Evaluatingepoch:200, time: 560432.456493(s), valid (NDCG@5: 0.5674, HR@5: 0.7389, NDCG@10: 0.6012, HR@10: 0.8427, NDCG@20: 0.6198, HR@20: 0.9156), test (NDCG@5: 0.5480, HR@5: 0.7141, NDCG@10: 0.5829, HR@10: 0.8212, NDCG@20: 0.6027, HR@20: 0.8993)
loss in epoch 201 iteration 376: 0.4128935933113098
loss in epoch 202 iteration 376: 0.4314977526664734
loss in epoch 203 iteration 376: 0.41949474811553955
loss in epoch 204 iteration 376: 0.3733413517475128
loss in epoch 205 iteration 376: 0.4736669659614563
Evaluatingepoch:205, time: 574017.844200(s), valid (NDCG@5: 0.5681, HR@5: 0.7366, NDCG@10: 0.6026, HR@10: 0.8424, NDCG@20: 0.6207, HR@20: 0.9132), test (NDCG@5: 0.5415, HR@5: 0.7111, NDCG@10: 0.5755, HR@10: 0.8159, NDCG@20: 0.5960, HR@20: 0.8967)
loss in epoch 206 iteration 376: 0.40940722823143005
loss in epoch 207 iteration 376: 0.4468109607696533
loss in epoch 208 iteration 376: 0.4264933168888092
loss in epoch 209 iteration 376: 0.33774006366729736
loss in epoch 210 iteration 376: 0.47824686765670776
Evaluatingepoch:210, time: 587889.667511(s), valid (NDCG@5: 0.5689, HR@5: 0.7359, NDCG@10: 0.6048, HR@10: 0.8459, NDCG@20: 0.6224, HR@20: 0.9151), test (NDCG@5: 0.5413, HR@5: 0.7113, NDCG@10: 0.5766, HR@10: 0.8195, NDCG@20: 0.5968, HR@20: 0.8990)
loss in epoch 211 iteration 376: 0.3460352420806885
loss in epoch 212 iteration 376: 0.49756741523742676
loss in epoch 213 iteration 376: 0.3837521970272064
loss in epoch 214 iteration 376: 0.4368394613265991
loss in epoch 215 iteration 376: 0.40414875745773315
Evaluatingepoch:215, time: 601611.447334(s), valid (NDCG@5: 0.5701, HR@5: 0.7417, NDCG@10: 0.6034, HR@10: 0.8437, NDCG@20: 0.6216, HR@20: 0.9149), test (NDCG@5: 0.5386, HR@5: 0.7070, NDCG@10: 0.5749, HR@10: 0.8180, NDCG@20: 0.5954, HR@20: 0.8988)
loss in epoch 216 iteration 376: 0.43911510705947876
loss in epoch 217 iteration 376: 0.46091270446777344
loss in epoch 218 iteration 376: 0.39292627573013306
loss in epoch 219 iteration 376: 0.42211705446243286
loss in epoch 220 iteration 376: 0.48938801884651184
Evaluatingepoch:220, time: 615434.752464(s), valid (NDCG@5: 0.5670, HR@5: 0.7346, NDCG@10: 0.6034, HR@10: 0.8465, NDCG@20: 0.6206, HR@20: 0.9149), test (NDCG@5: 0.5419, HR@5: 0.7103, NDCG@10: 0.5773, HR@10: 0.8194, NDCG@20: 0.5975, HR@20: 0.8988)
loss in epoch 221 iteration 376: 0.3624889850616455
loss in epoch 222 iteration 376: 0.49138668179512024
loss in epoch 223 iteration 376: 0.4448198080062866
loss in epoch 224 iteration 376: 0.4224192500114441
loss in epoch 225 iteration 376: 0.46227484941482544
Evaluatingepoch:225, time: 629487.523079(s), valid (NDCG@5: 0.5673, HR@5: 0.7411, NDCG@10: 0.6020, HR@10: 0.8482, NDCG@20: 0.6194, HR@20: 0.9166), test (NDCG@5: 0.5439, HR@5: 0.7109, NDCG@10: 0.5782, HR@10: 0.8162, NDCG@20: 0.5994, HR@20: 0.9000)
loss in epoch 226 iteration 376: 0.411561518907547
loss in epoch 227 iteration 376: 0.5106534361839294
loss in epoch 228 iteration 376: 0.42140209674835205
loss in epoch 229 iteration 376: 0.4602190852165222
loss in epoch 230 iteration 376: 0.49185681343078613
Evaluatingepoch:230, time: 643587.164402(s), valid (NDCG@5: 0.5652, HR@5: 0.7386, NDCG@10: 0.5994, HR@10: 0.8437, NDCG@20: 0.6180, HR@20: 0.9166), test (NDCG@5: 0.5455, HR@5: 0.7151, NDCG@10: 0.5797, HR@10: 0.8200, NDCG@20: 0.5997, HR@20: 0.8985)
loss in epoch 231 iteration 376: 0.3913605511188507
loss in epoch 232 iteration 376: 0.33687275648117065
loss in epoch 233 iteration 376: 0.38461077213287354
loss in epoch 234 iteration 376: 0.3447009325027466
loss in epoch 235 iteration 376: 0.3856194317340851
Evaluatingepoch:235, time: 657433.871746(s), valid (NDCG@5: 0.5674, HR@5: 0.7439, NDCG@10: 0.6003, HR@10: 0.8444, NDCG@20: 0.6196, HR@20: 0.9202), test (NDCG@5: 0.5459, HR@5: 0.7156, NDCG@10: 0.5793, HR@10: 0.8179, NDCG@20: 0.6001, HR@20: 0.9002)
loss in epoch 236 iteration 376: 0.4163548946380615
loss in epoch 237 iteration 376: 0.45285141468048096
loss in epoch 238 iteration 376: 0.472989022731781
loss in epoch 239 iteration 376: 0.3857131600379944
loss in epoch 240 iteration 376: 0.4820634126663208
Evaluatingepoch:240, time: 671298.219919(s), valid (NDCG@5: 0.5724, HR@5: 0.7435, NDCG@10: 0.6058, HR@10: 0.8459, NDCG@20: 0.6235, HR@20: 0.9152), test (NDCG@5: 0.5429, HR@5: 0.7144, NDCG@10: 0.5770, HR@10: 0.8192, NDCG@20: 0.5977, HR@20: 0.9008)
loss in epoch 241 iteration 376: 0.36376529932022095
loss in epoch 242 iteration 376: 0.3889305591583252
loss in epoch 243 iteration 376: 0.3719823360443115
loss in epoch 244 iteration 376: 0.3626496195793152
loss in epoch 245 iteration 376: 0.41101643443107605
Evaluatingepoch:245, time: 685231.820583(s), valid (NDCG@5: 0.5668, HR@5: 0.7377, NDCG@10: 0.6019, HR@10: 0.8452, NDCG@20: 0.6201, HR@20: 0.9169), test (NDCG@5: 0.5430, HR@5: 0.7118, NDCG@10: 0.5771, HR@10: 0.8162, NDCG@20: 0.5978, HR@20: 0.8980)
loss in epoch 246 iteration 376: 0.4459797739982605
loss in epoch 247 iteration 376: 0.45861732959747314
loss in epoch 248 iteration 376: 0.4898684024810791
loss in epoch 249 iteration 376: 0.4314918518066406
loss in epoch 250 iteration 376: 0.4120020270347595
Evaluatingepoch:250, time: 699253.571510(s), valid (NDCG@5: 0.5699, HR@5: 0.7442, NDCG@10: 0.6025, HR@10: 0.8439, NDCG@20: 0.6211, HR@20: 0.9169), test (NDCG@5: 0.5435, HR@5: 0.7103, NDCG@10: 0.5789, HR@10: 0.8190, NDCG@20: 0.5989, HR@20: 0.8982)
loss in epoch 251 iteration 376: 0.49761760234832764
loss in epoch 252 iteration 376: 0.4141855239868164
loss in epoch 253 iteration 376: 0.48324114084243774
loss in epoch 254 iteration 376: 0.5113152265548706
loss in epoch 255 iteration 376: 0.444746732711792
Evaluatingepoch:255, time: 713336.083174(s), valid (NDCG@5: 0.5693, HR@5: 0.7427, NDCG@10: 0.6018, HR@10: 0.8429, NDCG@20: 0.6202, HR@20: 0.9152), test (NDCG@5: 0.5449, HR@5: 0.7141, NDCG@10: 0.5781, HR@10: 0.8162, NDCG@20: 0.5988, HR@20: 0.8977)
loss in epoch 256 iteration 376: 0.4234047532081604
loss in epoch 257 iteration 376: 0.4289743900299072
loss in epoch 258 iteration 376: 0.42511478066444397
loss in epoch 259 iteration 376: 0.399777352809906
loss in epoch 260 iteration 376: 0.4315261244773865
Evaluatingepoch:260, time: 727863.994360(s), valid (NDCG@5: 0.5725, HR@5: 0.7397, NDCG@10: 0.6072, HR@10: 0.8462, NDCG@20: 0.6251, HR@20: 0.9161), test (NDCG@5: 0.5490, HR@5: 0.7149, NDCG@10: 0.5825, HR@10: 0.8174, NDCG@20: 0.6034, HR@20: 0.8992)
loss in epoch 261 iteration 376: 0.4388546645641327
loss in epoch 262 iteration 376: 0.4097236394882202
loss in epoch 263 iteration 376: 0.40802353620529175
loss in epoch 264 iteration 376: 0.39557236433029175
loss in epoch 265 iteration 376: 0.34791332483291626
Evaluatingepoch:265, time: 742328.529358(s), valid (NDCG@5: 0.5737, HR@5: 0.7422, NDCG@10: 0.6061, HR@10: 0.8417, NDCG@20: 0.6250, HR@20: 0.9156), test (NDCG@5: 0.5424, HR@5: 0.7118, NDCG@10: 0.5770, HR@10: 0.8180, NDCG@20: 0.5979, HR@20: 0.9008)
loss in epoch 266 iteration 376: 0.3893103301525116
loss in epoch 267 iteration 376: 0.4141730070114136
loss in epoch 268 iteration 376: 0.43319010734558105
loss in epoch 269 iteration 376: 0.37529492378234863
loss in epoch 270 iteration 376: 0.3615150451660156
Evaluatingepoch:270, time: 756930.056334(s), valid (NDCG@5: 0.5705, HR@5: 0.7429, NDCG@10: 0.6038, HR@10: 0.8450, NDCG@20: 0.6223, HR@20: 0.9182), test (NDCG@5: 0.5459, HR@5: 0.7151, NDCG@10: 0.5792, HR@10: 0.8179, NDCG@20: 0.5999, HR@20: 0.8992)
loss in epoch 271 iteration 376: 0.46922457218170166
loss in epoch 272 iteration 376: 0.3351707458496094
loss in epoch 273 iteration 376: 0.442719429731369
loss in epoch 274 iteration 376: 0.39650672674179077
loss in epoch 275 iteration 376: 0.4020754396915436
Evaluatingepoch:275, time: 771504.987001(s), valid (NDCG@5: 0.5662, HR@5: 0.7363, NDCG@10: 0.6017, HR@10: 0.8447, NDCG@20: 0.6196, HR@20: 0.9152), test (NDCG@5: 0.5447, HR@5: 0.7119, NDCG@10: 0.5794, HR@10: 0.8187, NDCG@20: 0.6004, HR@20: 0.9013)
loss in epoch 276 iteration 376: 0.4679115414619446
loss in epoch 277 iteration 376: 0.3652116060256958
loss in epoch 278 iteration 376: 0.48451218008995056
loss in epoch 279 iteration 376: 0.35453009605407715
loss in epoch 280 iteration 376: 0.3937721252441406
Evaluatingepoch:280, time: 797385.877371(s), valid (NDCG@5: 0.5672, HR@5: 0.7381, NDCG@10: 0.6024, HR@10: 0.8459, NDCG@20: 0.6203, HR@20: 0.9166), test (NDCG@5: 0.5430, HR@5: 0.7089, NDCG@10: 0.5790, HR@10: 0.8195, NDCG@20: 0.5997, HR@20: 0.9015)
loss in epoch 281 iteration 376: 0.47751373052597046
loss in epoch 282 iteration 376: 0.4278150200843811
loss in epoch 283 iteration 376: 0.4322413206100464
loss in epoch 284 iteration 376: 0.5123751759529114
loss in epoch 285 iteration 376: 0.3802950978279114
Evaluatingepoch:285, time: 823324.788332(s), valid (NDCG@5: 0.5694, HR@5: 0.7379, NDCG@10: 0.6042, HR@10: 0.8445, NDCG@20: 0.6223, HR@20: 0.9156), test (NDCG@5: 0.5461, HR@5: 0.7136, NDCG@10: 0.5802, HR@10: 0.8180, NDCG@20: 0.6010, HR@20: 0.9000)
loss in epoch 286 iteration 376: 0.4112032651901245
loss in epoch 287 iteration 376: 0.43794548511505127
loss in epoch 288 iteration 376: 0.39023202657699585
loss in epoch 289 iteration 376: 0.4143521189689636
loss in epoch 290 iteration 376: 0.3621824383735657
Evaluatingepoch:290, time: 849402.744055(s), valid (NDCG@5: 0.5686, HR@5: 0.7414, NDCG@10: 0.6017, HR@10: 0.8424, NDCG@20: 0.6207, HR@20: 0.9166), test (NDCG@5: 0.5430, HR@5: 0.7094, NDCG@10: 0.5788, HR@10: 0.8189, NDCG@20: 0.5992, HR@20: 0.8990)
loss in epoch 291 iteration 376: 0.4172905683517456
loss in epoch 292 iteration 376: 0.36259621381759644
loss in epoch 293 iteration 376: 0.366966187953949
loss in epoch 294 iteration 376: 0.3449239432811737
loss in epoch 295 iteration 376: 0.41793695092201233
Evaluatingepoch:295, time: 875446.431875(s), valid (NDCG@5: 0.5741, HR@5: 0.7445, NDCG@10: 0.6065, HR@10: 0.8444, NDCG@20: 0.6259, HR@20: 0.9204), test (NDCG@5: 0.5467, HR@5: 0.7164, NDCG@10: 0.5808, HR@10: 0.8207, NDCG@20: 0.6010, HR@20: 0.9002)
loss in epoch 296 iteration 376: 0.4579946994781494
loss in epoch 297 iteration 376: 0.3121291697025299
loss in epoch 298 iteration 376: 0.4204624891281128
loss in epoch 299 iteration 376: 0.33719050884246826
loss in epoch 300 iteration 376: 0.44330915808677673
Evaluatingepoch:300, time: 901190.340519(s), valid (NDCG@5: 0.5698, HR@5: 0.7430, NDCG@10: 0.6023, HR@10: 0.8430, NDCG@20: 0.6208, HR@20: 0.9159), test (NDCG@5: 0.5460, HR@5: 0.7166, NDCG@10: 0.5800, HR@10: 0.8210, NDCG@20: 0.6000, HR@20: 0.8995)
loss in epoch 301 iteration 376: 0.4321801960468292
loss in epoch 302 iteration 376: 0.4328778386116028
loss in epoch 303 iteration 376: 0.3607926070690155
loss in epoch 304 iteration 376: 0.3443213701248169
loss in epoch 305 iteration 376: 0.40027594566345215
Evaluatingepoch:305, time: 926470.642805(s), valid (NDCG@5: 0.5719, HR@5: 0.7399, NDCG@10: 0.6064, HR@10: 0.8450, NDCG@20: 0.6243, HR@20: 0.9156), test (NDCG@5: 0.5407, HR@5: 0.7123, NDCG@10: 0.5746, HR@10: 0.8162, NDCG@20: 0.5963, HR@20: 0.9013)
loss in epoch 306 iteration 376: 0.39807575941085815
loss in epoch 307 iteration 376: 0.4673606753349304
loss in epoch 308 iteration 376: 0.4030758738517761
loss in epoch 309 iteration 376: 0.3801516890525818
loss in epoch 310 iteration 376: 0.39325857162475586
Evaluatingepoch:310, time: 952397.127151(s), valid (NDCG@5: 0.5728, HR@5: 0.7442, NDCG@10: 0.6064, HR@10: 0.8470, NDCG@20: 0.6245, HR@20: 0.9187), test (NDCG@5: 0.5512, HR@5: 0.7210, NDCG@10: 0.5840, HR@10: 0.8215, NDCG@20: 0.6041, HR@20: 0.9010)
loss in epoch 311 iteration 376: 0.38301679491996765
loss in epoch 312 iteration 376: 0.41558724641799927
loss in epoch 313 iteration 376: 0.37256920337677
loss in epoch 314 iteration 376: 0.41156458854675293
loss in epoch 315 iteration 376: 0.3486335277557373
Evaluatingepoch:315, time: 978436.294079(s), valid (NDCG@5: 0.5717, HR@5: 0.7407, NDCG@10: 0.6060, HR@10: 0.8460, NDCG@20: 0.6245, HR@20: 0.9184), test (NDCG@5: 0.5454, HR@5: 0.7139, NDCG@10: 0.5796, HR@10: 0.8184, NDCG@20: 0.6001, HR@20: 0.8988)
loss in epoch 316 iteration 376: 0.3712312579154968
loss in epoch 317 iteration 376: 0.3581879734992981
loss in epoch 318 iteration 376: 0.4869518280029297
loss in epoch 319 iteration 376: 0.44414398074150085
loss in epoch 320 iteration 376: 0.35749977827072144
Evaluatingepoch:320, time: 1003885.600805(s), valid (NDCG@5: 0.5714, HR@5: 0.7430, NDCG@10: 0.6036, HR@10: 0.8424, NDCG@20: 0.6223, HR@20: 0.9161), test (NDCG@5: 0.5452, HR@5: 0.7139, NDCG@10: 0.5778, HR@10: 0.8141, NDCG@20: 0.5997, HR@20: 0.8998)
loss in epoch 321 iteration 376: 0.37347298860549927
loss in epoch 322 iteration 376: 0.4436264932155609
loss in epoch 323 iteration 376: 0.3985680043697357
loss in epoch 324 iteration 376: 0.4856310486793518
loss in epoch 325 iteration 376: 0.40392976999282837
Evaluatingepoch:325, time: 1031802.480936(s), valid (NDCG@5: 0.5701, HR@5: 0.7421, NDCG@10: 0.6039, HR@10: 0.8465, NDCG@20: 0.6211, HR@20: 0.9139), test (NDCG@5: 0.5436, HR@5: 0.7106, NDCG@10: 0.5775, HR@10: 0.8152, NDCG@20: 0.5985, HR@20: 0.8975)
loss in epoch 326 iteration 376: 0.47426682710647583
loss in epoch 327 iteration 376: 0.3556813895702362
loss in epoch 328 iteration 376: 0.3062913417816162
loss in epoch 329 iteration 376: 0.4005030393600464
loss in epoch 330 iteration 376: 0.43251726031303406
Evaluatingepoch:330, time: 1057363.733530(s), valid (NDCG@5: 0.5701, HR@5: 0.7386, NDCG@10: 0.6036, HR@10: 0.8417, NDCG@20: 0.6230, HR@20: 0.9180), test (NDCG@5: 0.5437, HR@5: 0.7134, NDCG@10: 0.5777, HR@10: 0.8174, NDCG@20: 0.5980, HR@20: 0.8970)
loss in epoch 331 iteration 376: 0.4664495885372162
loss in epoch 332 iteration 376: 0.3822144865989685
loss in epoch 333 iteration 376: 0.30040913820266724
loss in epoch 334 iteration 376: 0.4277142584323883
loss in epoch 335 iteration 376: 0.3312319219112396
Evaluatingepoch:335, time: 1082709.827423(s), valid (NDCG@5: 0.5683, HR@5: 0.7392, NDCG@10: 0.6024, HR@10: 0.8432, NDCG@20: 0.6215, HR@20: 0.9177), test (NDCG@5: 0.5429, HR@5: 0.7149, NDCG@10: 0.5776, HR@10: 0.8219, NDCG@20: 0.5967, HR@20: 0.8969)
loss in epoch 336 iteration 376: 0.38216912746429443
loss in epoch 337 iteration 376: 0.4003744423389435
loss in epoch 338 iteration 376: 0.38379621505737305
loss in epoch 339 iteration 376: 0.35838645696640015
loss in epoch 340 iteration 376: 0.46170878410339355
Evaluatingepoch:340, time: 1104513.295174(s), valid (NDCG@5: 0.5718, HR@5: 0.7425, NDCG@10: 0.6046, HR@10: 0.8429, NDCG@20: 0.6239, HR@20: 0.9185), test (NDCG@5: 0.5459, HR@5: 0.7141, NDCG@10: 0.5807, HR@10: 0.8209, NDCG@20: 0.6011, HR@20: 0.9013)
loss in epoch 341 iteration 376: 0.47007906436920166
loss in epoch 342 iteration 376: 0.4491886496543884
loss in epoch 343 iteration 376: 0.46369504928588867
loss in epoch 344 iteration 376: 0.4396381974220276
loss in epoch 345 iteration 376: 0.462662935256958
Evaluatingepoch:345, time: 1119288.642883(s), valid (NDCG@5: 0.5697, HR@5: 0.7422, NDCG@10: 0.6017, HR@10: 0.8407, NDCG@20: 0.6213, HR@20: 0.9174), test (NDCG@5: 0.5473, HR@5: 0.7131, NDCG@10: 0.5816, HR@10: 0.8187, NDCG@20: 0.6021, HR@20: 0.8997)
loss in epoch 346 iteration 376: 0.44907593727111816
loss in epoch 347 iteration 376: 0.32988154888153076
loss in epoch 348 iteration 376: 0.4616747498512268
loss in epoch 349 iteration 376: 0.388746440410614
loss in epoch 350 iteration 376: 0.4573708772659302
Evaluatingepoch:350, time: 1133590.417385(s), valid (NDCG@5: 0.5734, HR@5: 0.7409, NDCG@10: 0.6072, HR@10: 0.8445, NDCG@20: 0.6258, HR@20: 0.9177), test (NDCG@5: 0.5488, HR@5: 0.7179, NDCG@10: 0.5825, HR@10: 0.8214, NDCG@20: 0.6025, HR@20: 0.9000)
loss in epoch 351 iteration 376: 0.4739348888397217
loss in epoch 352 iteration 376: 0.47376570105552673
loss in epoch 353 iteration 376: 0.39209383726119995
loss in epoch 354 iteration 376: 0.39779746532440186
loss in epoch 355 iteration 376: 0.4984934329986572
Evaluatingepoch:355, time: 1148521.243334(s), valid (NDCG@5: 0.5704, HR@5: 0.7411, NDCG@10: 0.6044, HR@10: 0.8455, NDCG@20: 0.6230, HR@20: 0.9189), test (NDCG@5: 0.5465, HR@5: 0.7136, NDCG@10: 0.5820, HR@10: 0.8224, NDCG@20: 0.6018, HR@20: 0.9003)
loss in epoch 356 iteration 376: 0.4283263087272644
loss in epoch 357 iteration 376: 0.42291080951690674
loss in epoch 358 iteration 376: 0.35903581976890564
loss in epoch 359 iteration 376: 0.35724228620529175
loss in epoch 360 iteration 376: 0.4330044388771057
Evaluatingepoch:360, time: 1173838.439703(s), valid (NDCG@5: 0.5790, HR@5: 0.7495, NDCG@10: 0.6117, HR@10: 0.8502, NDCG@20: 0.6288, HR@20: 0.9174), test (NDCG@5: 0.5438, HR@5: 0.7144, NDCG@10: 0.5772, HR@10: 0.8174, NDCG@20: 0.5981, HR@20: 0.8995)
loss in epoch 361 iteration 376: 0.3149339556694031
loss in epoch 362 iteration 376: 0.4137150049209595
loss in epoch 363 iteration 376: 0.3813004493713379
loss in epoch 364 iteration 376: 0.35995545983314514
loss in epoch 365 iteration 376: 0.34026625752449036
Evaluatingepoch:365, time: 1199203.004599(s), valid (NDCG@5: 0.5792, HR@5: 0.7452, NDCG@10: 0.6118, HR@10: 0.8454, NDCG@20: 0.6305, HR@20: 0.9185), test (NDCG@5: 0.5494, HR@5: 0.7184, NDCG@10: 0.5815, HR@10: 0.8171, NDCG@20: 0.6029, HR@20: 0.9010)
loss in epoch 366 iteration 376: 0.4080418348312378
loss in epoch 367 iteration 376: 0.3345329165458679
loss in epoch 368 iteration 376: 0.30404019355773926
loss in epoch 369 iteration 376: 0.37014567852020264
loss in epoch 370 iteration 376: 0.4877350330352783
Evaluatingepoch:370, time: 1224436.841965(s), valid (NDCG@5: 0.5726, HR@5: 0.7414, NDCG@10: 0.6061, HR@10: 0.8440, NDCG@20: 0.6246, HR@20: 0.9166), test (NDCG@5: 0.5447, HR@5: 0.7146, NDCG@10: 0.5782, HR@10: 0.8169, NDCG@20: 0.5993, HR@20: 0.9002)
loss in epoch 371 iteration 376: 0.35796141624450684
loss in epoch 372 iteration 376: 0.4242546856403351
loss in epoch 373 iteration 376: 0.3419070243835449
loss in epoch 374 iteration 376: 0.3977775573730469
loss in epoch 375 iteration 376: 0.4161417484283447
Evaluatingepoch:375, time: 1249774.691105(s), valid (NDCG@5: 0.5705, HR@5: 0.7399, NDCG@10: 0.6046, HR@10: 0.8444, NDCG@20: 0.6231, HR@20: 0.9169), test (NDCG@5: 0.5464, HR@5: 0.7147, NDCG@10: 0.5810, HR@10: 0.8209, NDCG@20: 0.6004, HR@20: 0.8975)
loss in epoch 376 iteration 376: 0.42381787300109863
loss in epoch 377 iteration 376: 0.3849204182624817
loss in epoch 378 iteration 376: 0.3939138650894165
loss in epoch 379 iteration 376: 0.44853341579437256
loss in epoch 380 iteration 376: 0.4409167170524597
Evaluatingepoch:380, time: 1274896.021128(s), valid (NDCG@5: 0.5737, HR@5: 0.7414, NDCG@10: 0.6078, HR@10: 0.8460, NDCG@20: 0.6262, HR@20: 0.9180), test (NDCG@5: 0.5461, HR@5: 0.7177, NDCG@10: 0.5787, HR@10: 0.8180, NDCG@20: 0.5999, HR@20: 0.9012)
loss in epoch 381 iteration 376: 0.36364099383354187
loss in epoch 382 iteration 376: 0.39128947257995605
loss in epoch 383 iteration 376: 0.42574775218963623
loss in epoch 384 iteration 376: 0.4244094491004944
loss in epoch 385 iteration 376: 0.4525257349014282
Evaluatingepoch:385, time: 1300330.142260(s), valid (NDCG@5: 0.5725, HR@5: 0.7445, NDCG@10: 0.6042, HR@10: 0.8416, NDCG@20: 0.6230, HR@20: 0.9156), test (NDCG@5: 0.5400, HR@5: 0.7094, NDCG@10: 0.5751, HR@10: 0.8169, NDCG@20: 0.5956, HR@20: 0.8972)
loss in epoch 386 iteration 376: 0.40307724475860596
loss in epoch 387 iteration 376: 0.39989057183265686
loss in epoch 388 iteration 376: 0.4723256230354309
loss in epoch 389 iteration 376: 0.385512113571167
loss in epoch 390 iteration 376: 0.4736935496330261
Evaluatingepoch:390, time: 1325841.275215(s), valid (NDCG@5: 0.5722, HR@5: 0.7422, NDCG@10: 0.6055, HR@10: 0.8444, NDCG@20: 0.6237, HR@20: 0.9157), test (NDCG@5: 0.5463, HR@5: 0.7147, NDCG@10: 0.5803, HR@10: 0.8187, NDCG@20: 0.6007, HR@20: 0.8990)
loss in epoch 391 iteration 376: 0.3631904125213623
loss in epoch 392 iteration 376: 0.4318874776363373
loss in epoch 393 iteration 376: 0.4726526737213135
loss in epoch 394 iteration 376: 0.35974860191345215
loss in epoch 395 iteration 376: 0.5166380405426025
Evaluatingepoch:395, time: 1351050.418377(s), valid (NDCG@5: 0.5760, HR@5: 0.7469, NDCG@10: 0.6079, HR@10: 0.8450, NDCG@20: 0.6266, HR@20: 0.9185), test (NDCG@5: 0.5513, HR@5: 0.7154, NDCG@10: 0.5859, HR@10: 0.8219, NDCG@20: 0.6050, HR@20: 0.8970)
loss in epoch 396 iteration 376: 0.44168806076049805
loss in epoch 397 iteration 376: 0.4342889189720154
loss in epoch 398 iteration 376: 0.4641427993774414
loss in epoch 399 iteration 376: 0.3477398753166199
loss in epoch 400 iteration 376: 0.3566886782646179
Evaluatingepoch:400, time: 1376211.933613(s), valid (NDCG@5: 0.5693, HR@5: 0.7424, NDCG@10: 0.6016, HR@10: 0.8416, NDCG@20: 0.6214, HR@20: 0.9194), test (NDCG@5: 0.5430, HR@5: 0.7116, NDCG@10: 0.5785, HR@10: 0.8204, NDCG@20: 0.5989, HR@20: 0.9007)
loss in epoch 401 iteration 376: 0.39468440413475037
loss in epoch 402 iteration 376: 0.412486732006073
loss in epoch 403 iteration 376: 0.30663353204727173
loss in epoch 404 iteration 376: 0.4034572243690491
loss in epoch 405 iteration 376: 0.4102621078491211
Evaluatingepoch:405, time: 1403652.135849(s), valid (NDCG@5: 0.5653, HR@5: 0.7351, NDCG@10: 0.6005, HR@10: 0.8427, NDCG@20: 0.6196, HR@20: 0.9175), test (NDCG@5: 0.5420, HR@5: 0.7164, NDCG@10: 0.5770, HR@10: 0.8237, NDCG@20: 0.5968, HR@20: 0.9017)
loss in epoch 406 iteration 376: 0.45671671628952026
loss in epoch 407 iteration 376: 0.3989446461200714
loss in epoch 408 iteration 376: 0.3942720890045166
loss in epoch 409 iteration 376: 0.555658221244812
loss in epoch 410 iteration 376: 0.44893598556518555
Evaluatingepoch:410, time: 1429473.821402(s), valid (NDCG@5: 0.5741, HR@5: 0.7432, NDCG@10: 0.6067, HR@10: 0.8432, NDCG@20: 0.6255, HR@20: 0.9174), test (NDCG@5: 0.5446, HR@5: 0.7111, NDCG@10: 0.5789, HR@10: 0.8159, NDCG@20: 0.6002, HR@20: 0.8993)
loss in epoch 411 iteration 376: 0.40677589178085327
loss in epoch 412 iteration 376: 0.4822908937931061
loss in epoch 413 iteration 376: 0.3721790909767151
loss in epoch 414 iteration 376: 0.5942064523696899
loss in epoch 415 iteration 376: 0.34916388988494873
Evaluatingepoch:415, time: 1455725.620985(s), valid (NDCG@5: 0.5715, HR@5: 0.7432, NDCG@10: 0.6047, HR@10: 0.8455, NDCG@20: 0.6231, HR@20: 0.9174), test (NDCG@5: 0.5464, HR@5: 0.7114, NDCG@10: 0.5817, HR@10: 0.8192, NDCG@20: 0.6033, HR@20: 0.9038)
loss in epoch 416 iteration 376: 0.4839063882827759
loss in epoch 417 iteration 376: 0.4352041482925415
loss in epoch 418 iteration 376: 0.37508416175842285
loss in epoch 419 iteration 376: 0.4194246530532837
loss in epoch 420 iteration 376: 0.44889652729034424
Evaluatingepoch:420, time: 1481802.593470(s), valid (NDCG@5: 0.5776, HR@5: 0.7464, NDCG@10: 0.6085, HR@10: 0.8411, NDCG@20: 0.6280, HR@20: 0.9175), test (NDCG@5: 0.5491, HR@5: 0.7147, NDCG@10: 0.5837, HR@10: 0.8209, NDCG@20: 0.6038, HR@20: 0.9000)
loss in epoch 421 iteration 376: 0.4150790572166443
loss in epoch 422 iteration 376: 0.43965983390808105
loss in epoch 423 iteration 376: 0.4273110330104828
loss in epoch 424 iteration 376: 0.34133753180503845
loss in epoch 425 iteration 376: 0.3629603385925293
Evaluatingepoch:425, time: 1497743.761778(s), valid (NDCG@5: 0.5702, HR@5: 0.7414, NDCG@10: 0.6038, HR@10: 0.8440, NDCG@20: 0.6218, HR@20: 0.9149), test (NDCG@5: 0.5457, HR@5: 0.7139, NDCG@10: 0.5799, HR@10: 0.8187, NDCG@20: 0.6005, HR@20: 0.8993)
loss in epoch 426 iteration 376: 0.4478403925895691
loss in epoch 427 iteration 376: 0.38475334644317627
loss in epoch 428 iteration 376: 0.4754108786582947
loss in epoch 429 iteration 376: 0.5162150859832764
loss in epoch 430 iteration 376: 0.33725735545158386
Evaluatingepoch:430, time: 1513814.166546(s), valid (NDCG@5: 0.5744, HR@5: 0.7409, NDCG@10: 0.6075, HR@10: 0.8427, NDCG@20: 0.6275, HR@20: 0.9210), test (NDCG@5: 0.5465, HR@5: 0.7139, NDCG@10: 0.5813, HR@10: 0.8210, NDCG@20: 0.6016, HR@20: 0.9008)
loss in epoch 431 iteration 376: 0.4753708243370056
loss in epoch 432 iteration 376: 0.391415536403656
loss in epoch 433 iteration 376: 0.4809420108795166
loss in epoch 434 iteration 376: 0.41786637902259827
loss in epoch 435 iteration 376: 0.3906930088996887
Evaluatingepoch:435, time: 1529925.040483(s), valid (NDCG@5: 0.5713, HR@5: 0.7386, NDCG@10: 0.6054, HR@10: 0.8427, NDCG@20: 0.6240, HR@20: 0.9154), test (NDCG@5: 0.5526, HR@5: 0.7171, NDCG@10: 0.5851, HR@10: 0.8169, NDCG@20: 0.6062, HR@20: 0.9002)
loss in epoch 436 iteration 376: 0.3748904764652252
loss in epoch 437 iteration 376: 0.4132011830806732
loss in epoch 438 iteration 376: 0.4268299639225006
loss in epoch 439 iteration 376: 0.4466105103492737
loss in epoch 440 iteration 376: 0.3666306436061859
Evaluatingepoch:440, time: 1545904.427528(s), valid (NDCG@5: 0.5685, HR@5: 0.7402, NDCG@10: 0.6043, HR@10: 0.8492, NDCG@20: 0.6222, HR@20: 0.9192), test (NDCG@5: 0.5520, HR@5: 0.7180, NDCG@10: 0.5868, HR@10: 0.8245, NDCG@20: 0.6063, HR@20: 0.9015)
loss in epoch 441 iteration 376: 0.4478606879711151
loss in epoch 442 iteration 376: 0.4014008045196533
loss in epoch 443 iteration 376: 0.46163931488990784
loss in epoch 444 iteration 376: 0.3298718333244324
loss in epoch 445 iteration 376: 0.37306249141693115
Evaluatingepoch:445, time: 1572673.746109(s), valid (NDCG@5: 0.5759, HR@5: 0.7439, NDCG@10: 0.6090, HR@10: 0.8460, NDCG@20: 0.6276, HR@20: 0.9189), test (NDCG@5: 0.5480, HR@5: 0.7156, NDCG@10: 0.5831, HR@10: 0.8233, NDCG@20: 0.6026, HR@20: 0.9000)
loss in epoch 446 iteration 376: 0.4137318432331085
loss in epoch 447 iteration 376: 0.3597496449947357
loss in epoch 448 iteration 376: 0.44295161962509155
loss in epoch 449 iteration 376: 0.4013292193412781
loss in epoch 450 iteration 376: 0.4444649815559387
Evaluatingepoch:450, time: 1599406.884193(s), valid (NDCG@5: 0.5748, HR@5: 0.7429, NDCG@10: 0.6082, HR@10: 0.8449, NDCG@20: 0.6273, HR@20: 0.9199), test (NDCG@5: 0.5522, HR@5: 0.7174, NDCG@10: 0.5865, HR@10: 0.8230, NDCG@20: 0.6067, HR@20: 0.9025)
loss in epoch 451 iteration 376: 0.34199532866477966
loss in epoch 452 iteration 376: 0.434561163187027
loss in epoch 453 iteration 376: 0.34459012746810913
loss in epoch 454 iteration 376: 0.41232699155807495
loss in epoch 455 iteration 376: 0.3958268165588379
Evaluatingepoch:455, time: 1625995.426178(s), valid (NDCG@5: 0.5767, HR@5: 0.7416, NDCG@10: 0.6094, HR@10: 0.8416, NDCG@20: 0.6290, HR@20: 0.9182), test (NDCG@5: 0.5487, HR@5: 0.7146, NDCG@10: 0.5832, HR@10: 0.8207, NDCG@20: 0.6037, HR@20: 0.9008)
loss in epoch 456 iteration 376: 0.42091304063796997
loss in epoch 457 iteration 376: 0.45015764236450195
loss in epoch 458 iteration 376: 0.4680148959159851
loss in epoch 459 iteration 376: 0.44695812463760376
loss in epoch 460 iteration 376: 0.4659615159034729
Evaluatingepoch:460, time: 1653752.579451(s), valid (NDCG@5: 0.5705, HR@5: 0.7406, NDCG@10: 0.6049, HR@10: 0.8457, NDCG@20: 0.6230, HR@20: 0.9167), test (NDCG@5: 0.5430, HR@5: 0.7114, NDCG@10: 0.5786, HR@10: 0.8202, NDCG@20: 0.5995, HR@20: 0.9025)
loss in epoch 461 iteration 376: 0.4069938063621521
loss in epoch 462 iteration 376: 0.4362565875053406
loss in epoch 463 iteration 376: 0.41116219758987427
loss in epoch 464 iteration 376: 0.3617974519729614
loss in epoch 465 iteration 376: 0.42331552505493164
Evaluatingepoch:465, time: 1680073.777914(s), valid (NDCG@5: 0.5712, HR@5: 0.7422, NDCG@10: 0.6044, HR@10: 0.8439, NDCG@20: 0.6233, HR@20: 0.9182), test (NDCG@5: 0.5432, HR@5: 0.7147, NDCG@10: 0.5778, HR@10: 0.8210, NDCG@20: 0.5976, HR@20: 0.8992)
loss in epoch 466 iteration 376: 0.3867345154285431
loss in epoch 467 iteration 376: 0.42797189950942993
loss in epoch 468 iteration 376: 0.377483069896698
loss in epoch 469 iteration 376: 0.4391370415687561
loss in epoch 470 iteration 376: 0.5190707445144653
Evaluatingepoch:470, time: 1707168.938637(s), valid (NDCG@5: 0.5754, HR@5: 0.7457, NDCG@10: 0.6088, HR@10: 0.8482, NDCG@20: 0.6267, HR@20: 0.9184), test (NDCG@5: 0.5463, HR@5: 0.7167, NDCG@10: 0.5807, HR@10: 0.8224, NDCG@20: 0.6015, HR@20: 0.9038)
loss in epoch 471 iteration 376: 0.32837045192718506
loss in epoch 472 iteration 376: 0.40765517950057983
loss in epoch 473 iteration 376: 0.48409202694892883
loss in epoch 474 iteration 376: 0.5330714583396912
loss in epoch 475 iteration 376: 0.47811779379844666
Evaluatingepoch:475, time: 1733338.118076(s), valid (NDCG@5: 0.5745, HR@5: 0.7421, NDCG@10: 0.6077, HR@10: 0.8445, NDCG@20: 0.6262, HR@20: 0.9171), test (NDCG@5: 0.5459, HR@5: 0.7146, NDCG@10: 0.5797, HR@10: 0.8180, NDCG@20: 0.6003, HR@20: 0.8990)
loss in epoch 476 iteration 376: 0.3846685290336609
loss in epoch 477 iteration 376: 0.449264794588089
loss in epoch 478 iteration 376: 0.4173964858055115
loss in epoch 479 iteration 376: 0.40759891271591187
loss in epoch 480 iteration 376: 0.380561888217926
Evaluatingepoch:480, time: 1760494.284630(s), valid (NDCG@5: 0.5723, HR@5: 0.7419, NDCG@10: 0.6066, HR@10: 0.8475, NDCG@20: 0.6245, HR@20: 0.9177), test (NDCG@5: 0.5435, HR@5: 0.7142, NDCG@10: 0.5783, HR@10: 0.8204, NDCG@20: 0.5991, HR@20: 0.9022)
loss in epoch 481 iteration 376: 0.43555641174316406
loss in epoch 482 iteration 376: 0.5535072684288025
loss in epoch 483 iteration 376: 0.45230773091316223
loss in epoch 484 iteration 376: 0.3307608366012573
loss in epoch 485 iteration 376: 0.3641919791698456
Evaluatingepoch:485, time: 1785969.481945(s), valid (NDCG@5: 0.5728, HR@5: 0.7442, NDCG@10: 0.6059, HR@10: 0.8457, NDCG@20: 0.6244, HR@20: 0.9185), test (NDCG@5: 0.5469, HR@5: 0.7127, NDCG@10: 0.5823, HR@10: 0.8215, NDCG@20: 0.6025, HR@20: 0.9007)
loss in epoch 486 iteration 376: 0.43223315477371216
loss in epoch 487 iteration 376: 0.2916792929172516
loss in epoch 488 iteration 376: 0.3831236958503723
loss in epoch 489 iteration 376: 0.37150710821151733
loss in epoch 490 iteration 376: 0.43757763504981995
Evaluatingepoch:490, time: 1811966.935873(s), valid (NDCG@5: 0.5771, HR@5: 0.7508, NDCG@10: 0.6091, HR@10: 0.8490, NDCG@20: 0.6270, HR@20: 0.9195), test (NDCG@5: 0.5481, HR@5: 0.7217, NDCG@10: 0.5814, HR@10: 0.8237, NDCG@20: 0.6012, HR@20: 0.9015)
loss in epoch 491 iteration 376: 0.41524505615234375
loss in epoch 492 iteration 376: 0.43559664487838745
loss in epoch 493 iteration 376: 0.4229641556739807
loss in epoch 494 iteration 376: 0.48274675011634827
loss in epoch 495 iteration 376: 0.3671201169490814
Evaluatingepoch:495, time: 1837649.646044(s), valid (NDCG@5: 0.5761, HR@5: 0.7432, NDCG@10: 0.6079, HR@10: 0.8407, NDCG@20: 0.6273, HR@20: 0.9169), test (NDCG@5: 0.5494, HR@5: 0.7167, NDCG@10: 0.5840, HR@10: 0.8230, NDCG@20: 0.6038, HR@20: 0.9012)
loss in epoch 496 iteration 376: 0.46836933493614197
loss in epoch 497 iteration 376: 0.48794132471084595
loss in epoch 498 iteration 376: 0.37981951236724854
loss in epoch 499 iteration 376: 0.5770034790039062
loss in epoch 500 iteration 376: 0.41149356961250305
Evaluatingepoch:500, time: 1865933.715582(s), valid (NDCG@5: 0.5742, HR@5: 0.7469, NDCG@10: 0.6052, HR@10: 0.8425, NDCG@20: 0.6248, HR@20: 0.9194), test (NDCG@5: 0.5500, HR@5: 0.7162, NDCG@10: 0.5840, HR@10: 0.8205, NDCG@20: 0.6042, HR@20: 0.9000)
Training time : 1865933.715581894
Done
