Arguments:
backbone hsas
batch_size 16
dataset ml-1m
device cuda:1
dropout_rate 0.5
eval_neg_sample 100
hidden_units 50
inference_only False
l2_emb 0.0
lr 0.0005
maxlen 260
name mamba
num_blocks 2
num_epochs 5
num_heads 1
state_dict_path None
train_dir tracks256_default/

user_count: 6040
item count: 3416
6040
average sequence length: 163.50
parameters_count: 248468
loss in epoch 1 iteration 376: 1.0657150745391846
loss in epoch 2 iteration 376: 1.0119240283966064
loss in epoch 3 iteration 376: 0.9735918641090393
loss in epoch 4 iteration 376: 0.9385208487510681
loss in epoch 5 iteration 376: 1.0271902084350586
Evaluating