Arguments:
backbone samba
batch_size 16
dataset ml-1m
device cuda:4
dropout_rate 0.5
eval_neg_sample 100
hidden_units 64
inference_only False
l2_emb 0.0
lr 0.0005
maxlen 200
name mamba
num_blocks 2
num_epochs 500
num_heads 1
state_dict_path None
train_dir tracks256_default/

user_count: 6040
item count: 3416
6040
average sequence length: 163.50
parameters_count: 286912
loss in epoch 1 iteration 376: 0.764262318611145
loss in epoch 2 iteration 376: 0.6171420812606812
loss in epoch 3 iteration 376: 0.468161404132843
loss in epoch 4 iteration 376: 0.4187929630279541
loss in epoch 5 iteration 376: 0.3611668348312378
Evaluating