Arguments:
backbone jamba
batch_size 16
dataset ml-1m
device cuda:6
dropout_rate 0.5
eval_neg_sample 100
hidden_units 50
inference_only False
l2_emb 0.0
lr 0.0005
maxlen 200
name mamba
num_blocks 2
num_epochs 501
num_heads 1
state_dict_path None
train_dir ml-1m_Jamba/

user_count: 6040
item count: 3416
6040
average sequence length: 163.50
parameters_count: 508800
loss in epoch 1 iteration 376: 0.9023715257644653
loss in epoch 2 iteration 376: 0.8748092651367188
loss in epoch 3 iteration 376: 0.8118743300437927
loss in epoch 4 iteration 376: 0.7351996302604675
loss in epoch 5 iteration 376: 0.6707910299301147
Evaluatingepoch:5, time: 49143.159151(s), valid (NDCG@5: 0.3903, HR@5: 0.5488, NDCG@10: 0.4384, HR@10: 0.6975, NDCG@20: 0.4738, HR@20: 0.8361), test (NDCG@5: 0.3687, HR@5: 0.5235, NDCG@10: 0.4216, HR@10: 0.6866, NDCG@20: 0.4560, HR@20: 0.8222)
loss in epoch 6 iteration 376: 0.6481621861457825
loss in epoch 7 iteration 376: 0.6692507266998291
loss in epoch 8 iteration 376: 0.5895378589630127
loss in epoch 9 iteration 376: 0.5036553144454956
loss in epoch 10 iteration 376: 0.5601831674575806
Evaluatingepoch:10, time: 72279.635906(s), valid (NDCG@5: 0.4816, HR@5: 0.6503, NDCG@10: 0.5251, HR@10: 0.7836, NDCG@20: 0.5504, HR@20: 0.8833), test (NDCG@5: 0.4539, HR@5: 0.6212, NDCG@10: 0.4976, HR@10: 0.7556, NDCG@20: 0.5243, HR@20: 0.8609)
loss in epoch 11 iteration 376: 0.5805020332336426
loss in epoch 12 iteration 376: 0.5410757064819336
loss in epoch 13 iteration 376: 0.4970552921295166
loss in epoch 14 iteration 376: 0.5452271699905396
loss in epoch 15 iteration 376: 0.499468058347702
Evaluatingepoch:15, time: 94871.777534(s), valid (NDCG@5: 0.5112, HR@5: 0.6828, NDCG@10: 0.5510, HR@10: 0.8048, NDCG@20: 0.5744, HR@20: 0.8965), test (NDCG@5: 0.4932, HR@5: 0.6563, NDCG@10: 0.5343, HR@10: 0.7825, NDCG@20: 0.5576, HR@20: 0.8745)
loss in epoch 16 iteration 376: 0.5764529705047607
loss in epoch 17 iteration 376: 0.4198625087738037
loss in epoch 18 iteration 376: 0.3923146724700928
loss in epoch 19 iteration 376: 0.3940305709838867
loss in epoch 20 iteration 376: 0.4710477590560913
Evaluatingepoch:20, time: 117837.997198(s), valid (NDCG@5: 0.5297, HR@5: 0.6980, NDCG@10: 0.5691, HR@10: 0.8184, NDCG@20: 0.5900, HR@20: 0.9013), test (NDCG@5: 0.5085, HR@5: 0.6763, NDCG@10: 0.5468, HR@10: 0.7935, NDCG@20: 0.5692, HR@20: 0.8816)
loss in epoch 21 iteration 376: 0.46862566471099854
loss in epoch 22 iteration 376: 0.38526809215545654
loss in epoch 23 iteration 376: 0.43382754921913147
loss in epoch 24 iteration 376: 0.47463977336883545
loss in epoch 25 iteration 376: 0.4716814160346985
Evaluatingepoch:25, time: 140680.526018(s), valid (NDCG@5: 0.5432, HR@5: 0.7093, NDCG@10: 0.5798, HR@10: 0.8220, NDCG@20: 0.6010, HR@20: 0.9056), test (NDCG@5: 0.5221, HR@5: 0.6843, NDCG@10: 0.5595, HR@10: 0.7992, NDCG@20: 0.5810, HR@20: 0.8838)
loss in epoch 26 iteration 376: 0.42609500885009766
loss in epoch 27 iteration 376: 0.4724031388759613
loss in epoch 28 iteration 376: 0.5158495306968689
loss in epoch 29 iteration 376: 0.46504852175712585
loss in epoch 30 iteration 376: 0.35419023036956787
Evaluatingepoch:30, time: 164076.211214(s), valid (NDCG@5: 0.5550, HR@5: 0.7219, NDCG@10: 0.5898, HR@10: 0.8290, NDCG@20: 0.6098, HR@20: 0.9075), test (NDCG@5: 0.5277, HR@5: 0.6934, NDCG@10: 0.5636, HR@10: 0.8031, NDCG@20: 0.5844, HR@20: 0.8851)
loss in epoch 31 iteration 376: 0.5411481857299805
loss in epoch 32 iteration 376: 0.3815125823020935
loss in epoch 33 iteration 376: 0.4112538695335388
loss in epoch 34 iteration 376: 0.43109211325645447
loss in epoch 35 iteration 376: 0.4548366069793701
Evaluatingepoch:35, time: 186892.336130(s), valid (NDCG@5: 0.5600, HR@5: 0.7247, NDCG@10: 0.5954, HR@10: 0.8331, NDCG@20: 0.6153, HR@20: 0.9111), test (NDCG@5: 0.5305, HR@5: 0.6959, NDCG@10: 0.5666, HR@10: 0.8068, NDCG@20: 0.5880, HR@20: 0.8911)
loss in epoch 36 iteration 376: 0.37431347370147705
loss in epoch 37 iteration 376: 0.36309492588043213
loss in epoch 38 iteration 376: 0.4951702356338501
loss in epoch 39 iteration 376: 0.47131824493408203
loss in epoch 40 iteration 376: 0.3770330548286438
Evaluatingepoch:40, time: 243193.858862(s), valid (NDCG@5: 0.5646, HR@5: 0.7295, NDCG@10: 0.5996, HR@10: 0.8364, NDCG@20: 0.6189, HR@20: 0.9127), test (NDCG@5: 0.5478, HR@5: 0.7035, NDCG@10: 0.5837, HR@10: 0.8142, NDCG@20: 0.6041, HR@20: 0.8944)
loss in epoch 41 iteration 376: 0.42530080676078796
loss in epoch 42 iteration 376: 0.4632835388183594
loss in epoch 43 iteration 376: 0.552739143371582
loss in epoch 44 iteration 376: 0.4255598485469818
loss in epoch 45 iteration 376: 0.39062196016311646
Evaluatingepoch:45, time: 299080.736399(s), valid (NDCG@5: 0.5682, HR@5: 0.7343, NDCG@10: 0.6020, HR@10: 0.8374, NDCG@20: 0.6209, HR@20: 0.9119), test (NDCG@5: 0.5482, HR@5: 0.7075, NDCG@10: 0.5804, HR@10: 0.8063, NDCG@20: 0.6020, HR@20: 0.8914)
loss in epoch 46 iteration 376: 0.4069230854511261
loss in epoch 47 iteration 376: 0.3978725075721741
loss in epoch 48 iteration 376: 0.5095931887626648
loss in epoch 49 iteration 376: 0.4266281723976135
loss in epoch 50 iteration 376: 0.4230078458786011
Evaluatingepoch:50, time: 322560.922146(s), valid (NDCG@5: 0.5678, HR@5: 0.7331, NDCG@10: 0.6034, HR@10: 0.8424, NDCG@20: 0.6210, HR@20: 0.9111), test (NDCG@5: 0.5480, HR@5: 0.7084, NDCG@10: 0.5821, HR@10: 0.8139, NDCG@20: 0.6019, HR@20: 0.8916)
loss in epoch 51 iteration 376: 0.40792346000671387
loss in epoch 52 iteration 376: 0.42858779430389404
loss in epoch 53 iteration 376: 0.45785513520240784
loss in epoch 54 iteration 376: 0.4746703505516052
loss in epoch 55 iteration 376: 0.44593918323516846
Evaluatingepoch:55, time: 364153.642654(s), valid (NDCG@5: 0.5730, HR@5: 0.7371, NDCG@10: 0.6052, HR@10: 0.8359, NDCG@20: 0.6246, HR@20: 0.9114), test (NDCG@5: 0.5535, HR@5: 0.7136, NDCG@10: 0.5862, HR@10: 0.8147, NDCG@20: 0.6062, HR@20: 0.8934)
loss in epoch 56 iteration 376: 0.48396188020706177
loss in epoch 57 iteration 376: 0.38323116302490234
loss in epoch 58 iteration 376: 0.3837830424308777
loss in epoch 59 iteration 376: 0.4413989782333374
loss in epoch 60 iteration 376: 0.3826040029525757
Evaluatingepoch:60, time: 419594.087601(s), valid (NDCG@5: 0.5723, HR@5: 0.7381, NDCG@10: 0.6045, HR@10: 0.8368, NDCG@20: 0.6241, HR@20: 0.9132), test (NDCG@5: 0.5490, HR@5: 0.7098, NDCG@10: 0.5834, HR@10: 0.8156, NDCG@20: 0.6035, HR@20: 0.8945)
loss in epoch 61 iteration 376: 0.3917069435119629
loss in epoch 62 iteration 376: 0.3303201198577881
loss in epoch 63 iteration 376: 0.3884086310863495
loss in epoch 64 iteration 376: 0.37798070907592773
loss in epoch 65 iteration 376: 0.3930172920227051
Evaluatingepoch:65, time: 475072.907448(s), valid (NDCG@5: 0.5820, HR@5: 0.7442, NDCG@10: 0.6136, HR@10: 0.8414, NDCG@20: 0.6314, HR@20: 0.9109), test (NDCG@5: 0.5591, HR@5: 0.7171, NDCG@10: 0.5919, HR@10: 0.8177, NDCG@20: 0.6115, HR@20: 0.8947)
loss in epoch 66 iteration 376: 0.3612862527370453
loss in epoch 67 iteration 376: 0.35741984844207764
loss in epoch 68 iteration 376: 0.37557995319366455
loss in epoch 69 iteration 376: 0.37811189889907837
loss in epoch 70 iteration 376: 0.4387357831001282
Evaluatingepoch:70, time: 530340.379000(s), valid (NDCG@5: 0.5778, HR@5: 0.7368, NDCG@10: 0.6115, HR@10: 0.8401, NDCG@20: 0.6292, HR@20: 0.9091), test (NDCG@5: 0.5518, HR@5: 0.7134, NDCG@10: 0.5854, HR@10: 0.8167, NDCG@20: 0.6051, HR@20: 0.8940)
loss in epoch 71 iteration 376: 0.32832181453704834
loss in epoch 72 iteration 376: 0.3985970616340637
loss in epoch 73 iteration 376: 0.36897963285446167
loss in epoch 74 iteration 376: 0.42307937145233154
loss in epoch 75 iteration 376: 0.3288364112377167
Evaluatingepoch:75, time: 586367.839575(s), valid (NDCG@5: 0.5852, HR@5: 0.7434, NDCG@10: 0.6176, HR@10: 0.8425, NDCG@20: 0.6350, HR@20: 0.9109), test (NDCG@5: 0.5557, HR@5: 0.7157, NDCG@10: 0.5899, HR@10: 0.8215, NDCG@20: 0.6096, HR@20: 0.8988)
loss in epoch 76 iteration 376: 0.4482647776603699
loss in epoch 77 iteration 376: 0.3835802972316742
loss in epoch 78 iteration 376: 0.3352862000465393
loss in epoch 79 iteration 376: 0.3847782015800476
loss in epoch 80 iteration 376: 0.3896356523036957
Evaluatingepoch:80, time: 641651.384592(s), valid (NDCG@5: 0.5810, HR@5: 0.7457, NDCG@10: 0.6120, HR@10: 0.8406, NDCG@20: 0.6303, HR@20: 0.9126), test (NDCG@5: 0.5600, HR@5: 0.7166, NDCG@10: 0.5928, HR@10: 0.8177, NDCG@20: 0.6131, HR@20: 0.8972)
loss in epoch 81 iteration 376: 0.3199334740638733
loss in epoch 82 iteration 376: 0.34688693284988403
loss in epoch 83 iteration 376: 0.4191027283668518
loss in epoch 84 iteration 376: 0.33140891790390015
loss in epoch 85 iteration 376: 0.2887445092201233
Evaluatingepoch:85, time: 697207.039595(s), valid (NDCG@5: 0.5858, HR@5: 0.7459, NDCG@10: 0.6175, HR@10: 0.8430, NDCG@20: 0.6352, HR@20: 0.9129), test (NDCG@5: 0.5609, HR@5: 0.7175, NDCG@10: 0.5932, HR@10: 0.8161, NDCG@20: 0.6138, HR@20: 0.8970)
loss in epoch 86 iteration 376: 0.30205491185188293
loss in epoch 87 iteration 376: 0.49067679047584534
loss in epoch 88 iteration 376: 0.4399150609970093
loss in epoch 89 iteration 376: 0.34343183040618896
loss in epoch 90 iteration 376: 0.4473450779914856
Evaluatingepoch:90, time: 752485.645294(s), valid (NDCG@5: 0.5844, HR@5: 0.7450, NDCG@10: 0.6174, HR@10: 0.8460, NDCG@20: 0.6343, HR@20: 0.9127), test (NDCG@5: 0.5583, HR@5: 0.7169, NDCG@10: 0.5900, HR@10: 0.8137, NDCG@20: 0.6111, HR@20: 0.8969)
loss in epoch 91 iteration 376: 0.389750599861145
loss in epoch 92 iteration 376: 0.45456463098526
loss in epoch 93 iteration 376: 0.42471227049827576
loss in epoch 94 iteration 376: 0.35787734389305115
loss in epoch 95 iteration 376: 0.446757972240448
Evaluatingepoch:95, time: 808191.566467(s), valid (NDCG@5: 0.5850, HR@5: 0.7488, NDCG@10: 0.6160, HR@10: 0.8440, NDCG@20: 0.6340, HR@20: 0.9151), test (NDCG@5: 0.5593, HR@5: 0.7180, NDCG@10: 0.5925, HR@10: 0.8202, NDCG@20: 0.6120, HR@20: 0.8972)
loss in epoch 96 iteration 376: 0.39078986644744873
loss in epoch 97 iteration 376: 0.3155626654624939
loss in epoch 98 iteration 376: 0.315266877412796
loss in epoch 99 iteration 376: 0.2948997914791107
loss in epoch 100 iteration 376: 0.26955974102020264
Evaluatingepoch:100, time: 863756.981134(s), valid (NDCG@5: 0.5836, HR@5: 0.7467, NDCG@10: 0.6171, HR@10: 0.8495, NDCG@20: 0.6336, HR@20: 0.9144), test (NDCG@5: 0.5597, HR@5: 0.7233, NDCG@10: 0.5908, HR@10: 0.8192, NDCG@20: 0.6104, HR@20: 0.8962)
loss in epoch 101 iteration 376: 0.3648225665092468
loss in epoch 102 iteration 376: 0.2728848159313202
loss in epoch 103 iteration 376: 0.46426838636398315
loss in epoch 104 iteration 376: 0.3578900694847107
loss in epoch 105 iteration 376: 0.4002079367637634
Evaluatingepoch:105, time: 891815.758944(s), valid (NDCG@5: 0.5843, HR@5: 0.7464, NDCG@10: 0.6159, HR@10: 0.8430, NDCG@20: 0.6343, HR@20: 0.9159), test (NDCG@5: 0.5571, HR@5: 0.7194, NDCG@10: 0.5893, HR@10: 0.8180, NDCG@20: 0.6095, HR@20: 0.8975)
loss in epoch 106 iteration 376: 0.4561527967453003
loss in epoch 107 iteration 376: 0.3807774782180786
loss in epoch 108 iteration 376: 0.32699474692344666
loss in epoch 109 iteration 376: 0.33064004778862
loss in epoch 110 iteration 376: 0.3619897961616516
Evaluatingepoch:110, time: 916362.506866(s), valid (NDCG@5: 0.5895, HR@5: 0.7533, NDCG@10: 0.6191, HR@10: 0.8442, NDCG@20: 0.6369, HR@20: 0.9141), test (NDCG@5: 0.5577, HR@5: 0.7199, NDCG@10: 0.5896, HR@10: 0.8177, NDCG@20: 0.6097, HR@20: 0.8970)
loss in epoch 111 iteration 376: 0.36527854204177856
loss in epoch 112 iteration 376: 0.283710241317749
loss in epoch 113 iteration 376: 0.3471830189228058
loss in epoch 114 iteration 376: 0.3509964942932129
loss in epoch 115 iteration 376: 0.45360082387924194
Evaluatingepoch:115, time: 943648.685455(s), valid (NDCG@5: 0.5894, HR@5: 0.7502, NDCG@10: 0.6204, HR@10: 0.8455, NDCG@20: 0.6385, HR@20: 0.9169), test (NDCG@5: 0.5567, HR@5: 0.7207, NDCG@10: 0.5877, HR@10: 0.8159, NDCG@20: 0.6078, HR@20: 0.8950)
loss in epoch 116 iteration 376: 0.4128507375717163
loss in epoch 117 iteration 376: 0.24824321269989014
loss in epoch 118 iteration 376: 0.37835800647735596
loss in epoch 119 iteration 376: 0.3442802429199219
loss in epoch 120 iteration 376: 0.3661932349205017
Evaluatingepoch:120, time: 998771.274328(s), valid (NDCG@5: 0.5878, HR@5: 0.7498, NDCG@10: 0.6196, HR@10: 0.8478, NDCG@20: 0.6369, HR@20: 0.9162), test (NDCG@5: 0.5604, HR@5: 0.7182, NDCG@10: 0.5931, HR@10: 0.8184, NDCG@20: 0.6128, HR@20: 0.8960)
loss in epoch 121 iteration 376: 0.37685245275497437
loss in epoch 122 iteration 376: 0.35584867000579834
loss in epoch 123 iteration 376: 0.32997000217437744
loss in epoch 124 iteration 376: 0.3467898368835449
loss in epoch 125 iteration 376: 0.40626662969589233
Evaluatingepoch:125, time: 1054787.005901(s), valid (NDCG@5: 0.5843, HR@5: 0.7440, NDCG@10: 0.6163, HR@10: 0.8419, NDCG@20: 0.6345, HR@20: 0.9127), test (NDCG@5: 0.5577, HR@5: 0.7144, NDCG@10: 0.5901, HR@10: 0.8144, NDCG@20: 0.6096, HR@20: 0.8916)
loss in epoch 126 iteration 376: 0.305990993976593
loss in epoch 127 iteration 376: 0.34211575984954834
loss in epoch 128 iteration 376: 0.37002992630004883
loss in epoch 129 iteration 376: 0.23557856678962708
loss in epoch 130 iteration 376: 0.38093629479408264
Evaluatingepoch:130, time: 1110687.642336(s), valid (NDCG@5: 0.5929, HR@5: 0.7525, NDCG@10: 0.6223, HR@10: 0.8425, NDCG@20: 0.6404, HR@20: 0.9136), test (NDCG@5: 0.5600, HR@5: 0.7177, NDCG@10: 0.5924, HR@10: 0.8174, NDCG@20: 0.6125, HR@20: 0.8962)
loss in epoch 131 iteration 376: 0.3222694993019104
loss in epoch 132 iteration 376: 0.3765137195587158
loss in epoch 133 iteration 376: 0.37894541025161743
loss in epoch 134 iteration 376: 0.34444260597229004
loss in epoch 135 iteration 376: 0.41963037848472595
Evaluatingepoch:135, time: 1166083.618164(s), valid (NDCG@5: 0.5941, HR@5: 0.7533, NDCG@10: 0.6241, HR@10: 0.8454, NDCG@20: 0.6415, HR@20: 0.9137), test (NDCG@5: 0.5615, HR@5: 0.7233, NDCG@10: 0.5917, HR@10: 0.8161, NDCG@20: 0.6123, HR@20: 0.8972)
loss in epoch 136 iteration 376: 0.4444781541824341
loss in epoch 137 iteration 376: 0.42413172125816345
loss in epoch 138 iteration 376: 0.39513128995895386
loss in epoch 139 iteration 376: 0.34012261033058167
loss in epoch 140 iteration 376: 0.31625843048095703
Evaluatingepoch:140, time: 1221173.026800(s), valid (NDCG@5: 0.5857, HR@5: 0.7475, NDCG@10: 0.6171, HR@10: 0.8437, NDCG@20: 0.6349, HR@20: 0.9144), test (NDCG@5: 0.5604, HR@5: 0.7166, NDCG@10: 0.5929, HR@10: 0.8166, NDCG@20: 0.6120, HR@20: 0.8917)
loss in epoch 141 iteration 376: 0.45615899562835693
loss in epoch 142 iteration 376: 0.3300386071205139
loss in epoch 143 iteration 376: 0.26123449206352234
loss in epoch 144 iteration 376: 0.39396482706069946
loss in epoch 145 iteration 376: 0.4998534619808197
Evaluatingepoch:145, time: 1276800.524950(s), valid (NDCG@5: 0.5910, HR@5: 0.7523, NDCG@10: 0.6216, HR@10: 0.8462, NDCG@20: 0.6393, HR@20: 0.9159), test (NDCG@5: 0.5672, HR@5: 0.7255, NDCG@10: 0.5966, HR@10: 0.8152, NDCG@20: 0.6174, HR@20: 0.8969)
loss in epoch 146 iteration 376: 0.3565140664577484
loss in epoch 147 iteration 376: 0.2648460865020752
loss in epoch 148 iteration 376: 0.3119161128997803
loss in epoch 149 iteration 376: 0.3542178273200989
loss in epoch 150 iteration 376: 0.43314385414123535
Evaluatingepoch:150, time: 1332158.719301(s), valid (NDCG@5: 0.5901, HR@5: 0.7523, NDCG@10: 0.6212, HR@10: 0.8482, NDCG@20: 0.6383, HR@20: 0.9154), test (NDCG@5: 0.5646, HR@5: 0.7220, NDCG@10: 0.5968, HR@10: 0.8210, NDCG@20: 0.6157, HR@20: 0.8955)
loss in epoch 151 iteration 376: 0.36573368310928345
loss in epoch 152 iteration 376: 0.31614649295806885
loss in epoch 153 iteration 376: 0.4360942244529724
loss in epoch 154 iteration 376: 0.39166826009750366
loss in epoch 155 iteration 376: 0.369265079498291
Evaluatingepoch:155, time: 1387651.221991(s), valid (NDCG@5: 0.5887, HR@5: 0.7472, NDCG@10: 0.6207, HR@10: 0.8452, NDCG@20: 0.6385, HR@20: 0.9146), test (NDCG@5: 0.5617, HR@5: 0.7195, NDCG@10: 0.5952, HR@10: 0.8225, NDCG@20: 0.6126, HR@20: 0.8911)
loss in epoch 156 iteration 376: 0.28993135690689087
loss in epoch 157 iteration 376: 0.3300955295562744
loss in epoch 158 iteration 376: 0.3511333465576172
loss in epoch 159 iteration 376: 0.3058541417121887
loss in epoch 160 iteration 376: 0.2976249158382416
Evaluatingepoch:160, time: 1443313.435793(s), valid (NDCG@5: 0.5882, HR@5: 0.7465, NDCG@10: 0.6198, HR@10: 0.8437, NDCG@20: 0.6373, HR@20: 0.9126), test (NDCG@5: 0.5633, HR@5: 0.7194, NDCG@10: 0.5953, HR@10: 0.8177, NDCG@20: 0.6149, HR@20: 0.8950)
loss in epoch 161 iteration 376: 0.3463890254497528
loss in epoch 162 iteration 376: 0.3179723620414734
loss in epoch 163 iteration 376: 0.4257591962814331
loss in epoch 164 iteration 376: 0.4145364761352539
loss in epoch 165 iteration 376: 0.34832167625427246
Evaluatingepoch:165, time: 1471137.802362(s), valid (NDCG@5: 0.5910, HR@5: 0.7526, NDCG@10: 0.6206, HR@10: 0.8427, NDCG@20: 0.6392, HR@20: 0.9162), test (NDCG@5: 0.5619, HR@5: 0.7142, NDCG@10: 0.5952, HR@10: 0.8161, NDCG@20: 0.6152, HR@20: 0.8949)
loss in epoch 166 iteration 376: 0.5414162874221802
loss in epoch 167 iteration 376: 0.3404476046562195
loss in epoch 168 iteration 376: 0.42742931842803955
loss in epoch 169 iteration 376: 0.3912857472896576
loss in epoch 170 iteration 376: 0.36089783906936646
Evaluatingepoch:170, time: 1495046.562672(s), valid (NDCG@5: 0.5901, HR@5: 0.7520, NDCG@10: 0.6201, HR@10: 0.8447, NDCG@20: 0.6382, HR@20: 0.9161), test (NDCG@5: 0.5648, HR@5: 0.7212, NDCG@10: 0.5955, HR@10: 0.8161, NDCG@20: 0.6161, HR@20: 0.8975)
loss in epoch 171 iteration 376: 0.35820481181144714
loss in epoch 172 iteration 376: 0.37009984254837036
loss in epoch 173 iteration 376: 0.36800068616867065
loss in epoch 174 iteration 376: 0.3830472230911255
loss in epoch 175 iteration 376: 0.3642227053642273
Evaluatingepoch:175, time: 1522551.862955(s), valid (NDCG@5: 0.5885, HR@5: 0.7487, NDCG@10: 0.6193, HR@10: 0.8434, NDCG@20: 0.6376, HR@20: 0.9151), test (NDCG@5: 0.5643, HR@5: 0.7224, NDCG@10: 0.5951, HR@10: 0.8169, NDCG@20: 0.6152, HR@20: 0.8962)
loss in epoch 176 iteration 376: 0.46406620740890503
loss in epoch 177 iteration 376: 0.3888254761695862
loss in epoch 178 iteration 376: 0.3870263993740082
loss in epoch 179 iteration 376: 0.33051711320877075
loss in epoch 180 iteration 376: 0.30282288789749146
Evaluatingepoch:180, time: 1578271.464586(s), valid (NDCG@5: 0.5841, HR@5: 0.7485, NDCG@10: 0.6153, HR@10: 0.8444, NDCG@20: 0.6324, HR@20: 0.9114), test (NDCG@5: 0.5613, HR@5: 0.7207, NDCG@10: 0.5924, HR@10: 0.8156, NDCG@20: 0.6126, HR@20: 0.8955)
loss in epoch 181 iteration 376: 0.41320985555648804
loss in epoch 182 iteration 376: 0.38043591380119324
loss in epoch 183 iteration 376: 0.3462214767932892
loss in epoch 184 iteration 376: 0.34466832876205444
loss in epoch 185 iteration 376: 0.38318103551864624
Evaluatingepoch:185, time: 1633735.632420(s), valid (NDCG@5: 0.5819, HR@5: 0.7450, NDCG@10: 0.6138, HR@10: 0.8422, NDCG@20: 0.6316, HR@20: 0.9119), test (NDCG@5: 0.5570, HR@5: 0.7142, NDCG@10: 0.5909, HR@10: 0.8190, NDCG@20: 0.6098, HR@20: 0.8932)
loss in epoch 186 iteration 376: 0.3316938281059265
loss in epoch 187 iteration 376: 0.43860769271850586
loss in epoch 188 iteration 376: 0.3629840910434723
loss in epoch 189 iteration 376: 0.35916781425476074
loss in epoch 190 iteration 376: 0.38045334815979004
Evaluatingepoch:190, time: 1689216.402769(s), valid (NDCG@5: 0.5855, HR@5: 0.7450, NDCG@10: 0.6182, HR@10: 0.8450, NDCG@20: 0.6357, HR@20: 0.9139), test (NDCG@5: 0.5647, HR@5: 0.7199, NDCG@10: 0.5953, HR@10: 0.8141, NDCG@20: 0.6167, HR@20: 0.8983)
loss in epoch 191 iteration 376: 0.3292016088962555
loss in epoch 192 iteration 376: 0.3767738938331604
loss in epoch 193 iteration 376: 0.29767298698425293
loss in epoch 194 iteration 376: 0.3960728645324707
loss in epoch 195 iteration 376: 0.3480936586856842
Evaluatingepoch:195, time: 1744457.829952(s), valid (NDCG@5: 0.5843, HR@5: 0.7447, NDCG@10: 0.6164, HR@10: 0.8430, NDCG@20: 0.6339, HR@20: 0.9121), test (NDCG@5: 0.5584, HR@5: 0.7195, NDCG@10: 0.5891, HR@10: 0.8137, NDCG@20: 0.6091, HR@20: 0.8929)
loss in epoch 196 iteration 376: 0.24199503660202026
loss in epoch 197 iteration 376: 0.4139902889728546
loss in epoch 198 iteration 376: 0.4203069806098938
loss in epoch 199 iteration 376: 0.3409149944782257
loss in epoch 200 iteration 376: 0.4289536774158478
Evaluatingepoch:200, time: 1800585.087299(s), valid (NDCG@5: 0.5876, HR@5: 0.7474, NDCG@10: 0.6193, HR@10: 0.8445, NDCG@20: 0.6372, HR@20: 0.9149), test (NDCG@5: 0.5587, HR@5: 0.7149, NDCG@10: 0.5924, HR@10: 0.8187, NDCG@20: 0.6117, HR@20: 0.8947)
loss in epoch 201 iteration 376: 0.4070998728275299
loss in epoch 202 iteration 376: 0.323343962430954
loss in epoch 203 iteration 376: 0.3216269016265869
loss in epoch 204 iteration 376: 0.36585962772369385
loss in epoch 205 iteration 376: 0.4138777256011963
Evaluatingepoch:205, time: 1856221.261263(s), valid (NDCG@5: 0.5870, HR@5: 0.7513, NDCG@10: 0.6167, HR@10: 0.8422, NDCG@20: 0.6351, HR@20: 0.9151), test (NDCG@5: 0.5644, HR@5: 0.7238, NDCG@10: 0.5950, HR@10: 0.8182, NDCG@20: 0.6143, HR@20: 0.8947)
loss in epoch 206 iteration 376: 0.2887277901172638
loss in epoch 207 iteration 376: 0.4205869436264038
loss in epoch 208 iteration 376: 0.36928844451904297
loss in epoch 209 iteration 376: 0.31864818930625916
loss in epoch 210 iteration 376: 0.3562062978744507
Evaluatingepoch:210, time: 1912163.272142(s), valid (NDCG@5: 0.5877, HR@5: 0.7477, NDCG@10: 0.6189, HR@10: 0.8435, NDCG@20: 0.6369, HR@20: 0.9144), test (NDCG@5: 0.5590, HR@5: 0.7142, NDCG@10: 0.5923, HR@10: 0.8162, NDCG@20: 0.6120, HR@20: 0.8944)
loss in epoch 211 iteration 376: 0.35519319772720337
loss in epoch 212 iteration 376: 0.2928585410118103
loss in epoch 213 iteration 376: 0.353528767824173
loss in epoch 214 iteration 376: 0.30641770362854004
loss in epoch 215 iteration 376: 0.3819252848625183
Evaluatingepoch:215, time: 1967814.726591(s), valid (NDCG@5: 0.5878, HR@5: 0.7447, NDCG@10: 0.6201, HR@10: 0.8444, NDCG@20: 0.6380, HR@20: 0.9149), test (NDCG@5: 0.5580, HR@5: 0.7205, NDCG@10: 0.5894, HR@10: 0.8166, NDCG@20: 0.6093, HR@20: 0.8950)
loss in epoch 216 iteration 376: 0.38916444778442383
loss in epoch 217 iteration 376: 0.4104313850402832
loss in epoch 218 iteration 376: 0.3232850134372711
loss in epoch 219 iteration 376: 0.3839603662490845
loss in epoch 220 iteration 376: 0.3643544912338257
Evaluatingepoch:220, time: 2025483.067513(s), valid (NDCG@5: 0.5914, HR@5: 0.7510, NDCG@10: 0.6223, HR@10: 0.8457, NDCG@20: 0.6400, HR@20: 0.9152), test (NDCG@5: 0.5626, HR@5: 0.7185, NDCG@10: 0.5943, HR@10: 0.8162, NDCG@20: 0.6144, HR@20: 0.8955)
loss in epoch 221 iteration 376: 0.3154822885990143
loss in epoch 222 iteration 376: 0.3403109908103943
loss in epoch 223 iteration 376: 0.36040231585502625
loss in epoch 224 iteration 376: 0.3350311517715454
loss in epoch 225 iteration 376: 0.3607777953147888
Evaluatingepoch:225, time: 2062484.476328(s), valid (NDCG@5: 0.5940, HR@5: 0.7510, NDCG@10: 0.6238, HR@10: 0.8424, NDCG@20: 0.6424, HR@20: 0.9154), test (NDCG@5: 0.5612, HR@5: 0.7215, NDCG@10: 0.5927, HR@10: 0.8179, NDCG@20: 0.6121, HR@20: 0.8949)
loss in epoch 226 iteration 376: 0.32165050506591797
loss in epoch 227 iteration 376: 0.2665948271751404
loss in epoch 228 iteration 376: 0.3980911076068878
loss in epoch 229 iteration 376: 0.35738128423690796
loss in epoch 230 iteration 376: 0.41688328981399536
Evaluatingepoch:230, time: 2099809.047699(s), valid (NDCG@5: 0.5896, HR@5: 0.7507, NDCG@10: 0.6205, HR@10: 0.8455, NDCG@20: 0.6382, HR@20: 0.9157), test (NDCG@5: 0.5622, HR@5: 0.7185, NDCG@10: 0.5948, HR@10: 0.8184, NDCG@20: 0.6136, HR@20: 0.8930)
loss in epoch 231 iteration 376: 0.30451762676239014
loss in epoch 232 iteration 376: 0.41976815462112427
loss in epoch 233 iteration 376: 0.3558301627635956
loss in epoch 234 iteration 376: 0.35232478380203247
loss in epoch 235 iteration 376: 0.32431304454803467
Evaluatingepoch:235, time: 2164870.878935(s), valid (NDCG@5: 0.5890, HR@5: 0.7492, NDCG@10: 0.6204, HR@10: 0.8457, NDCG@20: 0.6382, HR@20: 0.9152), test (NDCG@5: 0.5622, HR@5: 0.7228, NDCG@10: 0.5941, HR@10: 0.8212, NDCG@20: 0.6126, HR@20: 0.8942)
loss in epoch 236 iteration 376: 0.3713158667087555
loss in epoch 237 iteration 376: 0.4013679027557373
loss in epoch 238 iteration 376: 0.3562275171279907
loss in epoch 239 iteration 376: 0.33777010440826416
loss in epoch 240 iteration 376: 0.3301904797554016
Evaluatingepoch:240, time: 2230166.962147(s), valid (NDCG@5: 0.5901, HR@5: 0.7517, NDCG@10: 0.6206, HR@10: 0.8452, NDCG@20: 0.6382, HR@20: 0.9144), test (NDCG@5: 0.5656, HR@5: 0.7202, NDCG@10: 0.5975, HR@10: 0.8180, NDCG@20: 0.6165, HR@20: 0.8929)
loss in epoch 241 iteration 376: 0.3923105299472809
loss in epoch 242 iteration 376: 0.2831084728240967
loss in epoch 243 iteration 376: 0.3200356364250183
loss in epoch 244 iteration 376: 0.3119851350784302
loss in epoch 245 iteration 376: 0.37881776690483093
Evaluatingepoch:245, time: 2295538.736820(s), valid (NDCG@5: 0.5886, HR@5: 0.7497, NDCG@10: 0.6199, HR@10: 0.8452, NDCG@20: 0.6377, HR@20: 0.9149), test (NDCG@5: 0.5636, HR@5: 0.7207, NDCG@10: 0.5958, HR@10: 0.8195, NDCG@20: 0.6153, HR@20: 0.8964)
loss in epoch 246 iteration 376: 0.36813145875930786
loss in epoch 247 iteration 376: 0.4286003112792969
loss in epoch 248 iteration 376: 0.278408944606781
loss in epoch 249 iteration 376: 0.285895437002182
loss in epoch 250 iteration 376: 0.3606809377670288
Evaluatingepoch:250, time: 2361030.173779(s), valid (NDCG@5: 0.5833, HR@5: 0.7425, NDCG@10: 0.6156, HR@10: 0.8412, NDCG@20: 0.6344, HR@20: 0.9157), test (NDCG@5: 0.5557, HR@5: 0.7169, NDCG@10: 0.5872, HR@10: 0.8132, NDCG@20: 0.6082, HR@20: 0.8957)
loss in epoch 251 iteration 376: 0.272215873003006
loss in epoch 252 iteration 376: 0.35584259033203125
loss in epoch 253 iteration 376: 0.32085031270980835
loss in epoch 254 iteration 376: 0.3569442629814148
loss in epoch 255 iteration 376: 0.3463667035102844
Evaluatingepoch:255, time: 2426665.267706(s), valid (NDCG@5: 0.5907, HR@5: 0.7512, NDCG@10: 0.6214, HR@10: 0.8455, NDCG@20: 0.6386, HR@20: 0.9134), test (NDCG@5: 0.5611, HR@5: 0.7162, NDCG@10: 0.5934, HR@10: 0.8157, NDCG@20: 0.6143, HR@20: 0.8982)
loss in epoch 256 iteration 376: 0.4128608703613281
loss in epoch 257 iteration 376: 0.3835318684577942
loss in epoch 258 iteration 376: 0.3411354422569275
loss in epoch 259 iteration 376: 0.4086539149284363
loss in epoch 260 iteration 376: 0.2865872383117676
Evaluatingepoch:260, time: 2490987.712145(s), valid (NDCG@5: 0.5871, HR@5: 0.7495, NDCG@10: 0.6175, HR@10: 0.8425, NDCG@20: 0.6360, HR@20: 0.9154), test (NDCG@5: 0.5616, HR@5: 0.7189, NDCG@10: 0.5940, HR@10: 0.8179, NDCG@20: 0.6135, HR@20: 0.8952)
loss in epoch 261 iteration 376: 0.32301899790763855
loss in epoch 262 iteration 376: 0.31628721952438354
loss in epoch 263 iteration 376: 0.4596424102783203
loss in epoch 264 iteration 376: 0.30657580494880676
loss in epoch 265 iteration 376: 0.4215560555458069
Evaluatingepoch:265, time: 2555099.592447(s), valid (NDCG@5: 0.5814, HR@5: 0.7421, NDCG@10: 0.6141, HR@10: 0.8422, NDCG@20: 0.6322, HR@20: 0.9136), test (NDCG@5: 0.5629, HR@5: 0.7177, NDCG@10: 0.5949, HR@10: 0.8159, NDCG@20: 0.6149, HR@20: 0.8950)
loss in epoch 266 iteration 376: 0.37340086698532104
loss in epoch 267 iteration 376: 0.36035412549972534
loss in epoch 268 iteration 376: 0.34277987480163574
loss in epoch 269 iteration 376: 0.2712482511997223
loss in epoch 270 iteration 376: 0.4294653534889221
Evaluatingepoch:270, time: 2619131.024599(s), valid (NDCG@5: 0.5855, HR@5: 0.7467, NDCG@10: 0.6184, HR@10: 0.8477, NDCG@20: 0.6354, HR@20: 0.9142), test (NDCG@5: 0.5592, HR@5: 0.7199, NDCG@10: 0.5913, HR@10: 0.8180, NDCG@20: 0.6109, HR@20: 0.8950)
loss in epoch 271 iteration 376: 0.31437981128692627
loss in epoch 272 iteration 376: 0.3404855728149414
loss in epoch 273 iteration 376: 0.33091744780540466
loss in epoch 274 iteration 376: 0.3398103713989258
loss in epoch 275 iteration 376: 0.3032118082046509
Evaluatingepoch:275, time: 2652440.610170(s), valid (NDCG@5: 0.5877, HR@5: 0.7512, NDCG@10: 0.6174, HR@10: 0.8419, NDCG@20: 0.6359, HR@20: 0.9144), test (NDCG@5: 0.5628, HR@5: 0.7204, NDCG@10: 0.5942, HR@10: 0.8171, NDCG@20: 0.6141, HR@20: 0.8957)
loss in epoch 276 iteration 376: 0.49864429235458374
loss in epoch 277 iteration 376: 0.35872459411621094
loss in epoch 278 iteration 376: 0.3491256833076477
loss in epoch 279 iteration 376: 0.3873279094696045
loss in epoch 280 iteration 376: 0.3258071541786194
Evaluatingepoch:280, time: 2683394.901037(s), valid (NDCG@5: 0.5889, HR@5: 0.7488, NDCG@10: 0.6198, HR@10: 0.8435, NDCG@20: 0.6381, HR@20: 0.9159), test (NDCG@5: 0.5637, HR@5: 0.7245, NDCG@10: 0.5953, HR@10: 0.8210, NDCG@20: 0.6141, HR@20: 0.8954)
loss in epoch 281 iteration 376: 0.40438711643218994
loss in epoch 282 iteration 376: 0.4113684892654419
loss in epoch 283 iteration 376: 0.3079793155193329
loss in epoch 284 iteration 376: 0.33455348014831543
loss in epoch 285 iteration 376: 0.3650934100151062
Evaluatingepoch:285, time: 2732968.711376(s), valid (NDCG@5: 0.5924, HR@5: 0.7551, NDCG@10: 0.6213, HR@10: 0.8440, NDCG@20: 0.6395, HR@20: 0.9159), test (NDCG@5: 0.5606, HR@5: 0.7180, NDCG@10: 0.5919, HR@10: 0.8137, NDCG@20: 0.6127, HR@20: 0.8952)
loss in epoch 286 iteration 376: 0.33422234654426575
loss in epoch 287 iteration 376: 0.3202601373195648
loss in epoch 288 iteration 376: 0.4751225709915161
loss in epoch 289 iteration 376: 0.2921662926673889
loss in epoch 290 iteration 376: 0.3757701814174652
Evaluatingepoch:290, time: 2797711.878777(s), valid (NDCG@5: 0.5922, HR@5: 0.7485, NDCG@10: 0.6231, HR@10: 0.8437, NDCG@20: 0.6418, HR@20: 0.9175), test (NDCG@5: 0.5599, HR@5: 0.7172, NDCG@10: 0.5930, HR@10: 0.8187, NDCG@20: 0.6122, HR@20: 0.8944)
loss in epoch 291 iteration 376: 0.33944830298423767
loss in epoch 292 iteration 376: 0.37196701765060425
loss in epoch 293 iteration 376: 0.3426435589790344
loss in epoch 294 iteration 376: 0.32918354868888855
loss in epoch 295 iteration 376: 0.2551412880420685
Evaluatingepoch:295, time: 2862435.447693(s), valid (NDCG@5: 0.5879, HR@5: 0.7449, NDCG@10: 0.6206, HR@10: 0.8449, NDCG@20: 0.6386, HR@20: 0.9156), test (NDCG@5: 0.5625, HR@5: 0.7167, NDCG@10: 0.5964, HR@10: 0.8199, NDCG@20: 0.6157, HR@20: 0.8965)
loss in epoch 296 iteration 376: 0.35158222913742065
loss in epoch 297 iteration 376: 0.35920947790145874
loss in epoch 298 iteration 376: 0.4433287978172302
loss in epoch 299 iteration 376: 0.3158669173717499
loss in epoch 300 iteration 376: 0.3911973834037781
Evaluatingepoch:300, time: 2927708.734751(s), valid (NDCG@5: 0.5899, HR@5: 0.7487, NDCG@10: 0.6209, HR@10: 0.8430, NDCG@20: 0.6392, HR@20: 0.9147), test (NDCG@5: 0.5621, HR@5: 0.7175, NDCG@10: 0.5955, HR@10: 0.8199, NDCG@20: 0.6142, HR@20: 0.8935)
loss in epoch 301 iteration 376: 0.3595269024372101
loss in epoch 302 iteration 376: 0.3049694895744324
loss in epoch 303 iteration 376: 0.34984344244003296
loss in epoch 304 iteration 376: 0.37445974349975586
loss in epoch 305 iteration 376: 0.28896284103393555
Evaluatingepoch:305, time: 2993079.004765(s), valid (NDCG@5: 0.5892, HR@5: 0.7482, NDCG@10: 0.6199, HR@10: 0.8421, NDCG@20: 0.6385, HR@20: 0.9156), test (NDCG@5: 0.5593, HR@5: 0.7175, NDCG@10: 0.5922, HR@10: 0.8182, NDCG@20: 0.6110, HR@20: 0.8922)
loss in epoch 306 iteration 376: 0.3505793809890747
loss in epoch 307 iteration 376: 0.41349726915359497
loss in epoch 308 iteration 376: 0.3175421953201294
loss in epoch 309 iteration 376: 0.3381139636039734
loss in epoch 310 iteration 376: 0.3742443025112152
Evaluatingepoch:310, time: 3058189.235210(s), valid (NDCG@5: 0.5886, HR@5: 0.7475, NDCG@10: 0.6201, HR@10: 0.8442, NDCG@20: 0.6386, HR@20: 0.9171), test (NDCG@5: 0.5612, HR@5: 0.7180, NDCG@10: 0.5933, HR@10: 0.8162, NDCG@20: 0.6131, HR@20: 0.8940)
loss in epoch 311 iteration 376: 0.38726985454559326
loss in epoch 312 iteration 376: 0.3802163004875183
loss in epoch 313 iteration 376: 0.31259244680404663
loss in epoch 314 iteration 376: 0.3568369746208191
loss in epoch 315 iteration 376: 0.28768664598464966
Evaluatingepoch:315, time: 3123856.089354(s), valid (NDCG@5: 0.5909, HR@5: 0.7480, NDCG@10: 0.6226, HR@10: 0.8452, NDCG@20: 0.6405, HR@20: 0.9156), test (NDCG@5: 0.5609, HR@5: 0.7164, NDCG@10: 0.5947, HR@10: 0.8197, NDCG@20: 0.6130, HR@20: 0.8919)
loss in epoch 316 iteration 376: 0.38155126571655273
loss in epoch 317 iteration 376: 0.4580955505371094
loss in epoch 318 iteration 376: 0.3411526083946228
loss in epoch 319 iteration 376: 0.35685181617736816
loss in epoch 320 iteration 376: 0.3589944839477539
Evaluatingepoch:320, time: 3190102.396965(s), valid (NDCG@5: 0.5883, HR@5: 0.7483, NDCG@10: 0.6189, HR@10: 0.8424, NDCG@20: 0.6369, HR@20: 0.9129), test (NDCG@5: 0.5617, HR@5: 0.7161, NDCG@10: 0.5935, HR@10: 0.8137, NDCG@20: 0.6137, HR@20: 0.8932)
loss in epoch 321 iteration 376: 0.34756600856781006
loss in epoch 322 iteration 376: 0.32246387004852295
loss in epoch 323 iteration 376: 0.3262213468551636
loss in epoch 324 iteration 376: 0.4645344316959381
loss in epoch 325 iteration 376: 0.2750810384750366
Evaluatingepoch:325, time: 3241114.663839(s), valid (NDCG@5: 0.5881, HR@5: 0.7480, NDCG@10: 0.6191, HR@10: 0.8432, NDCG@20: 0.6375, HR@20: 0.9159), test (NDCG@5: 0.5591, HR@5: 0.7167, NDCG@10: 0.5926, HR@10: 0.8194, NDCG@20: 0.6114, HR@20: 0.8934)
loss in epoch 326 iteration 376: 0.31635576486587524
loss in epoch 327 iteration 376: 0.31320813298225403
loss in epoch 328 iteration 376: 0.28508302569389343
loss in epoch 329 iteration 376: 0.34806662797927856
loss in epoch 330 iteration 376: 0.2825990617275238
Evaluatingepoch:330, time: 3278557.069540(s), valid (NDCG@5: 0.5858, HR@5: 0.7435, NDCG@10: 0.6172, HR@10: 0.8402, NDCG@20: 0.6368, HR@20: 0.9175), test (NDCG@5: 0.5516, HR@5: 0.7141, NDCG@10: 0.5860, HR@10: 0.8199, NDCG@20: 0.6046, HR@20: 0.8930)
loss in epoch 331 iteration 376: 0.37308835983276367
loss in epoch 332 iteration 376: 0.31607890129089355
loss in epoch 333 iteration 376: 0.3415573239326477
loss in epoch 334 iteration 376: 0.3039912283420563
loss in epoch 335 iteration 376: 0.37791386246681213
Evaluatingepoch:335, time: 3316485.508204(s), valid (NDCG@5: 0.5931, HR@5: 0.7520, NDCG@10: 0.6227, HR@10: 0.8425, NDCG@20: 0.6412, HR@20: 0.9152), test (NDCG@5: 0.5629, HR@5: 0.7212, NDCG@10: 0.5943, HR@10: 0.8175, NDCG@20: 0.6138, HR@20: 0.8939)
loss in epoch 336 iteration 376: 0.3118125796318054
loss in epoch 337 iteration 376: 0.3733069896697998
loss in epoch 338 iteration 376: 0.33343416452407837
loss in epoch 339 iteration 376: 0.36683377623558044
loss in epoch 340 iteration 376: 0.33796364068984985
Evaluatingepoch:340, time: 3382145.004749(s), valid (NDCG@5: 0.5902, HR@5: 0.7493, NDCG@10: 0.6214, HR@10: 0.8454, NDCG@20: 0.6388, HR@20: 0.9139), test (NDCG@5: 0.5659, HR@5: 0.7242, NDCG@10: 0.5971, HR@10: 0.8200, NDCG@20: 0.6158, HR@20: 0.8939)
loss in epoch 341 iteration 376: 0.3422098159790039
loss in epoch 342 iteration 376: 0.34768638014793396
loss in epoch 343 iteration 376: 0.30109211802482605
loss in epoch 344 iteration 376: 0.33754175901412964
loss in epoch 345 iteration 376: 0.30166423320770264
Evaluatingepoch:345, time: 3447548.107386(s), valid (NDCG@5: 0.5855, HR@5: 0.7434, NDCG@10: 0.6179, HR@10: 0.8425, NDCG@20: 0.6366, HR@20: 0.9157), test (NDCG@5: 0.5595, HR@5: 0.7187, NDCG@10: 0.5922, HR@10: 0.8189, NDCG@20: 0.6115, HR@20: 0.8947)
loss in epoch 346 iteration 376: 0.2613696753978729
loss in epoch 347 iteration 376: 0.2978178858757019
loss in epoch 348 iteration 376: 0.322861909866333
loss in epoch 349 iteration 376: 0.39042961597442627
loss in epoch 350 iteration 376: 0.3835814595222473
Evaluatingepoch:350, time: 3513511.397362(s), valid (NDCG@5: 0.5895, HR@5: 0.7512, NDCG@10: 0.6187, HR@10: 0.8407, NDCG@20: 0.6377, HR@20: 0.9154), test (NDCG@5: 0.5608, HR@5: 0.7214, NDCG@10: 0.5924, HR@10: 0.8187, NDCG@20: 0.6120, HR@20: 0.8960)
loss in epoch 351 iteration 376: 0.38769686222076416
loss in epoch 352 iteration 376: 0.42687326669692993
loss in epoch 353 iteration 376: 0.3637200593948364
loss in epoch 354 iteration 376: 0.3677879273891449
loss in epoch 355 iteration 376: 0.347783625125885
Evaluatingepoch:355, time: 3579309.239626(s), valid (NDCG@5: 0.5862, HR@5: 0.7469, NDCG@10: 0.6178, HR@10: 0.8442, NDCG@20: 0.6357, HR@20: 0.9146), test (NDCG@5: 0.5639, HR@5: 0.7192, NDCG@10: 0.5955, HR@10: 0.8162, NDCG@20: 0.6153, HR@20: 0.8940)
loss in epoch 356 iteration 376: 0.33382511138916016
loss in epoch 357 iteration 376: 0.38848185539245605
loss in epoch 358 iteration 376: 0.318331778049469
loss in epoch 359 iteration 376: 0.39401957392692566
loss in epoch 360 iteration 376: 0.3382187485694885
Evaluatingepoch:360, time: 3645272.921562(s), valid (NDCG@5: 0.5896, HR@5: 0.7459, NDCG@10: 0.6207, HR@10: 0.8412, NDCG@20: 0.6393, HR@20: 0.9142), test (NDCG@5: 0.5570, HR@5: 0.7162, NDCG@10: 0.5899, HR@10: 0.8167, NDCG@20: 0.6100, HR@20: 0.8960)
loss in epoch 361 iteration 376: 0.29457545280456543
loss in epoch 362 iteration 376: 0.32395878434181213
loss in epoch 363 iteration 376: 0.3114776909351349
loss in epoch 364 iteration 376: 0.3690500259399414
loss in epoch 365 iteration 376: 0.3475819230079651
Evaluatingepoch:365, time: 3710968.635798(s), valid (NDCG@5: 0.5878, HR@5: 0.7475, NDCG@10: 0.6186, HR@10: 0.8412, NDCG@20: 0.6373, HR@20: 0.9147), test (NDCG@5: 0.5614, HR@5: 0.7190, NDCG@10: 0.5937, HR@10: 0.8182, NDCG@20: 0.6133, HR@20: 0.8957)
loss in epoch 366 iteration 376: 0.40643900632858276
loss in epoch 367 iteration 376: 0.26804569363594055
loss in epoch 368 iteration 376: 0.2845960855484009
loss in epoch 369 iteration 376: 0.46185779571533203
loss in epoch 370 iteration 376: 0.34806308150291443
Evaluatingepoch:370, time: 3777403.848171(s), valid (NDCG@5: 0.5872, HR@5: 0.7439, NDCG@10: 0.6199, HR@10: 0.8440, NDCG@20: 0.6380, HR@20: 0.9144), test (NDCG@5: 0.5626, HR@5: 0.7232, NDCG@10: 0.5936, HR@10: 0.8182, NDCG@20: 0.6129, HR@20: 0.8945)
loss in epoch 371 iteration 376: 0.31707170605659485
loss in epoch 372 iteration 376: 0.28447359800338745
loss in epoch 373 iteration 376: 0.34362757205963135
loss in epoch 374 iteration 376: 0.3127330541610718
loss in epoch 375 iteration 376: 0.3719445765018463
Evaluatingepoch:375, time: 3843369.129419(s), valid (NDCG@5: 0.5868, HR@5: 0.7430, NDCG@10: 0.6191, HR@10: 0.8417, NDCG@20: 0.6372, HR@20: 0.9129), test (NDCG@5: 0.5600, HR@5: 0.7147, NDCG@10: 0.5926, HR@10: 0.8147, NDCG@20: 0.6124, HR@20: 0.8930)
loss in epoch 376 iteration 376: 0.4167601466178894
loss in epoch 377 iteration 376: 0.3489246368408203
loss in epoch 378 iteration 376: 0.34728485345840454
loss in epoch 379 iteration 376: 0.33864980936050415
loss in epoch 380 iteration 376: 0.28322693705558777
Evaluatingepoch:380, time: 3881071.311712(s), valid (NDCG@5: 0.5852, HR@5: 0.7508, NDCG@10: 0.6168, HR@10: 0.8480, NDCG@20: 0.6333, HR@20: 0.9134), test (NDCG@5: 0.5652, HR@5: 0.7235, NDCG@10: 0.5964, HR@10: 0.8190, NDCG@20: 0.6156, HR@20: 0.8949)
loss in epoch 381 iteration 376: 0.41878798604011536
loss in epoch 382 iteration 376: 0.3609478175640106
loss in epoch 383 iteration 376: 0.29521507024765015
loss in epoch 384 iteration 376: 0.3286522924900055
loss in epoch 385 iteration 376: 0.3300374150276184
Evaluatingepoch:385, time: 3919303.441763(s), valid (NDCG@5: 0.5876, HR@5: 0.7460, NDCG@10: 0.6207, HR@10: 0.8475, NDCG@20: 0.6376, HR@20: 0.9139), test (NDCG@5: 0.5621, HR@5: 0.7205, NDCG@10: 0.5951, HR@10: 0.8219, NDCG@20: 0.6144, HR@20: 0.8982)
loss in epoch 386 iteration 376: 0.3819786310195923
loss in epoch 387 iteration 376: 0.3331119418144226
loss in epoch 388 iteration 376: 0.34047338366508484
loss in epoch 389 iteration 376: 0.3291078805923462
loss in epoch 390 iteration 376: 0.35411781072616577
Evaluatingepoch:390, time: 3984857.642651(s), valid (NDCG@5: 0.5856, HR@5: 0.7414, NDCG@10: 0.6182, HR@10: 0.8417, NDCG@20: 0.6363, HR@20: 0.9129), test (NDCG@5: 0.5663, HR@5: 0.7247, NDCG@10: 0.5961, HR@10: 0.8164, NDCG@20: 0.6156, HR@20: 0.8932)
loss in epoch 391 iteration 376: 0.3601328134536743
loss in epoch 392 iteration 376: 0.3080542981624603
loss in epoch 393 iteration 376: 0.32398349046707153
loss in epoch 394 iteration 376: 0.33781903982162476
loss in epoch 395 iteration 376: 0.37824195623397827
Evaluatingepoch:395, time: 4050806.333303(s), valid (NDCG@5: 0.5914, HR@5: 0.7467, NDCG@10: 0.6235, HR@10: 0.8449, NDCG@20: 0.6422, HR@20: 0.9179), test (NDCG@5: 0.5592, HR@5: 0.7204, NDCG@10: 0.5909, HR@10: 0.8179, NDCG@20: 0.6100, HR@20: 0.8934)
loss in epoch 396 iteration 376: 0.3201717734336853
loss in epoch 397 iteration 376: 0.3562401533126831
loss in epoch 398 iteration 376: 0.32044583559036255
loss in epoch 399 iteration 376: 0.35003864765167236
loss in epoch 400 iteration 376: 0.3759569525718689
Evaluatingepoch:400, time: 4115832.301378(s), valid (NDCG@5: 0.5895, HR@5: 0.7512, NDCG@10: 0.6194, HR@10: 0.8430, NDCG@20: 0.6377, HR@20: 0.9147), test (NDCG@5: 0.5651, HR@5: 0.7219, NDCG@10: 0.5970, HR@10: 0.8202, NDCG@20: 0.6161, HR@20: 0.8957)
loss in epoch 401 iteration 376: 0.2877216637134552
loss in epoch 402 iteration 376: 0.3313904404640198
loss in epoch 403 iteration 376: 0.29158514738082886
loss in epoch 404 iteration 376: 0.3188532590866089
loss in epoch 405 iteration 376: 0.3149098753929138
Evaluatingepoch:405, time: 4181115.477800(s), valid (NDCG@5: 0.5872, HR@5: 0.7472, NDCG@10: 0.6191, HR@10: 0.8447, NDCG@20: 0.6371, HR@20: 0.9149), test (NDCG@5: 0.5611, HR@5: 0.7197, NDCG@10: 0.5933, HR@10: 0.8185, NDCG@20: 0.6128, HR@20: 0.8955)
loss in epoch 406 iteration 376: 0.3948538303375244
loss in epoch 407 iteration 376: 0.3103964626789093
loss in epoch 408 iteration 376: 0.3203868269920349
loss in epoch 409 iteration 376: 0.3141239881515503
loss in epoch 410 iteration 376: 0.2972651422023773
Evaluatingepoch:410, time: 4246957.157612(s), valid (NDCG@5: 0.5875, HR@5: 0.7450, NDCG@10: 0.6182, HR@10: 0.8392, NDCG@20: 0.6382, HR@20: 0.9177), test (NDCG@5: 0.5619, HR@5: 0.7172, NDCG@10: 0.5954, HR@10: 0.8195, NDCG@20: 0.6145, HR@20: 0.8949)
loss in epoch 411 iteration 376: 0.29891884326934814
loss in epoch 412 iteration 376: 0.35432541370391846
loss in epoch 413 iteration 376: 0.32584816217422485
loss in epoch 414 iteration 376: 0.3849603533744812
loss in epoch 415 iteration 376: 0.2794327437877655
Evaluatingepoch:415, time: 4312635.467768(s), valid (NDCG@5: 0.5830, HR@5: 0.7434, NDCG@10: 0.6157, HR@10: 0.8435, NDCG@20: 0.6338, HR@20: 0.9151), test (NDCG@5: 0.5603, HR@5: 0.7192, NDCG@10: 0.5927, HR@10: 0.8189, NDCG@20: 0.6123, HR@20: 0.8957)
loss in epoch 416 iteration 376: 0.37246888875961304
loss in epoch 417 iteration 376: 0.3572251796722412
loss in epoch 418 iteration 376: 0.4014799892902374
loss in epoch 419 iteration 376: 0.380548894405365
loss in epoch 420 iteration 376: 0.3584907650947571
Evaluatingepoch:420, time: 4387691.271305(s), valid (NDCG@5: 0.5884, HR@5: 0.7495, NDCG@10: 0.6194, HR@10: 0.8449, NDCG@20: 0.6370, HR@20: 0.9139), test (NDCG@5: 0.5597, HR@5: 0.7147, NDCG@10: 0.5927, HR@10: 0.8162, NDCG@20: 0.6128, HR@20: 0.8957)
loss in epoch 421 iteration 376: 0.29390227794647217
loss in epoch 422 iteration 376: 0.2937214970588684
loss in epoch 423 iteration 376: 0.36429309844970703
loss in epoch 424 iteration 376: 0.3600600063800812
loss in epoch 425 iteration 376: 0.3250619173049927
Evaluatingepoch:425, time: 4453517.571211(s), valid (NDCG@5: 0.5821, HR@5: 0.7454, NDCG@10: 0.6141, HR@10: 0.8434, NDCG@20: 0.6315, HR@20: 0.9116), test (NDCG@5: 0.5576, HR@5: 0.7136, NDCG@10: 0.5907, HR@10: 0.8151, NDCG@20: 0.6108, HR@20: 0.8944)
loss in epoch 426 iteration 376: 0.3460331857204437
loss in epoch 427 iteration 376: 0.38402095437049866
loss in epoch 428 iteration 376: 0.28160804510116577
loss in epoch 429 iteration 376: 0.3199952244758606
loss in epoch 430 iteration 376: 0.34850072860717773
Evaluatingepoch:430, time: 4490788.969994(s), valid (NDCG@5: 0.5929, HR@5: 0.7531, NDCG@10: 0.6210, HR@10: 0.8394, NDCG@20: 0.6399, HR@20: 0.9142), test (NDCG@5: 0.5567, HR@5: 0.7144, NDCG@10: 0.5913, HR@10: 0.8205, NDCG@20: 0.6105, HR@20: 0.8959)
loss in epoch 431 iteration 376: 0.34659600257873535
loss in epoch 432 iteration 376: 0.31528621912002563
loss in epoch 433 iteration 376: 0.4623298943042755
loss in epoch 434 iteration 376: 0.3258275091648102
loss in epoch 435 iteration 376: 0.2849266529083252
Evaluatingepoch:435, time: 4528775.368929(s), valid (NDCG@5: 0.5872, HR@5: 0.7454, NDCG@10: 0.6190, HR@10: 0.8424, NDCG@20: 0.6374, HR@20: 0.9142), test (NDCG@5: 0.5646, HR@5: 0.7197, NDCG@10: 0.5962, HR@10: 0.8166, NDCG@20: 0.6163, HR@20: 0.8959)
loss in epoch 436 iteration 376: 0.3577386438846588
loss in epoch 437 iteration 376: 0.37390345335006714
loss in epoch 438 iteration 376: 0.2896302342414856
loss in epoch 439 iteration 376: 0.33431291580200195
loss in epoch 440 iteration 376: 0.3888225555419922
Evaluatingepoch:440, time: 4594523.547649(s), valid (NDCG@5: 0.5883, HR@5: 0.7477, NDCG@10: 0.6184, HR@10: 0.8399, NDCG@20: 0.6374, HR@20: 0.9144), test (NDCG@5: 0.5661, HR@5: 0.7240, NDCG@10: 0.5978, HR@10: 0.8212, NDCG@20: 0.6170, HR@20: 0.8970)
loss in epoch 441 iteration 376: 0.29074713587760925
loss in epoch 442 iteration 376: 0.29248154163360596
loss in epoch 443 iteration 376: 0.34760427474975586
loss in epoch 444 iteration 376: 0.3569527864456177
loss in epoch 445 iteration 376: 0.3365515470504761
Evaluatingepoch:445, time: 4659744.051695(s), valid (NDCG@5: 0.5876, HR@5: 0.7490, NDCG@10: 0.6188, HR@10: 0.8450, NDCG@20: 0.6364, HR@20: 0.9146), test (NDCG@5: 0.5632, HR@5: 0.7220, NDCG@10: 0.5949, HR@10: 0.8187, NDCG@20: 0.6144, HR@20: 0.8955)
loss in epoch 446 iteration 376: 0.3239619731903076
loss in epoch 447 iteration 376: 0.344296395778656
loss in epoch 448 iteration 376: 0.3133942782878876
loss in epoch 449 iteration 376: 0.3307943344116211
loss in epoch 450 iteration 376: 0.30906540155410767
Evaluatingepoch:450, time: 4725348.374367(s), valid (NDCG@5: 0.5886, HR@5: 0.7477, NDCG@10: 0.6195, HR@10: 0.8427, NDCG@20: 0.6379, HR@20: 0.9147), test (NDCG@5: 0.5590, HR@5: 0.7142, NDCG@10: 0.5925, HR@10: 0.8171, NDCG@20: 0.6122, HR@20: 0.8950)
loss in epoch 451 iteration 376: 0.33737078309059143
loss in epoch 452 iteration 376: 0.3175150156021118
loss in epoch 453 iteration 376: 0.2763749063014984
loss in epoch 454 iteration 376: 0.37018781900405884
loss in epoch 455 iteration 376: 0.3052833676338196
Evaluatingepoch:455, time: 4790749.005795(s), valid (NDCG@5: 0.5845, HR@5: 0.7472, NDCG@10: 0.6166, HR@10: 0.8457, NDCG@20: 0.6343, HR@20: 0.9154), test (NDCG@5: 0.5601, HR@5: 0.7174, NDCG@10: 0.5927, HR@10: 0.8175, NDCG@20: 0.6122, HR@20: 0.8940)
loss in epoch 456 iteration 376: 0.29382336139678955
loss in epoch 457 iteration 376: 0.3878137469291687
loss in epoch 458 iteration 376: 0.3209354877471924
loss in epoch 459 iteration 376: 0.3309674561023712
loss in epoch 460 iteration 376: 0.31429311633110046
Evaluatingepoch:460, time: 4856468.321085(s), valid (NDCG@5: 0.5804, HR@5: 0.7480, NDCG@10: 0.6123, HR@10: 0.8462, NDCG@20: 0.6299, HR@20: 0.9151), test (NDCG@5: 0.5641, HR@5: 0.7202, NDCG@10: 0.5967, HR@10: 0.8205, NDCG@20: 0.6162, HR@20: 0.8977)
loss in epoch 461 iteration 376: 0.393593966960907
loss in epoch 462 iteration 376: 0.34751468896865845
loss in epoch 463 iteration 376: 0.3421997129917145
loss in epoch 464 iteration 376: 0.2535842955112457
loss in epoch 465 iteration 376: 0.3297080397605896
Evaluatingepoch:465, time: 4922180.110931(s), valid (NDCG@5: 0.5844, HR@5: 0.7460, NDCG@10: 0.6156, HR@10: 0.8417, NDCG@20: 0.6337, HR@20: 0.9129), test (NDCG@5: 0.5568, HR@5: 0.7141, NDCG@10: 0.5902, HR@10: 0.8164, NDCG@20: 0.6102, HR@20: 0.8955)
loss in epoch 466 iteration 376: 0.33281660079956055
loss in epoch 467 iteration 376: 0.3312077522277832
loss in epoch 468 iteration 376: 0.3062787353992462
loss in epoch 469 iteration 376: 0.2748333215713501
loss in epoch 470 iteration 376: 0.31420448422431946
Evaluatingepoch:470, time: 4987789.963007(s), valid (NDCG@5: 0.5834, HR@5: 0.7442, NDCG@10: 0.6151, HR@10: 0.8411, NDCG@20: 0.6329, HR@20: 0.9109), test (NDCG@5: 0.5601, HR@5: 0.7180, NDCG@10: 0.5926, HR@10: 0.8172, NDCG@20: 0.6122, HR@20: 0.8940)
loss in epoch 471 iteration 376: 0.30395418405532837
loss in epoch 472 iteration 376: 0.3791043758392334
loss in epoch 473 iteration 376: 0.33805012702941895
loss in epoch 474 iteration 376: 0.32848066091537476
loss in epoch 475 iteration 376: 0.3967951238155365
Evaluatingepoch:475, time: 5053483.366489(s), valid (NDCG@5: 0.5805, HR@5: 0.7447, NDCG@10: 0.6118, HR@10: 0.8406, NDCG@20: 0.6306, HR@20: 0.9142), test (NDCG@5: 0.5535, HR@5: 0.7162, NDCG@10: 0.5857, HR@10: 0.8156, NDCG@20: 0.6055, HR@20: 0.8932)
loss in epoch 476 iteration 376: 0.3354114592075348
loss in epoch 477 iteration 376: 0.28299689292907715
loss in epoch 478 iteration 376: 0.3378957211971283
loss in epoch 479 iteration 376: 0.3020564913749695
loss in epoch 480 iteration 376: 0.32205861806869507
Evaluatingepoch:480, time: 5090998.230457(s), valid (NDCG@5: 0.5838, HR@5: 0.7435, NDCG@10: 0.6154, HR@10: 0.8407, NDCG@20: 0.6344, HR@20: 0.9151), test (NDCG@5: 0.5592, HR@5: 0.7179, NDCG@10: 0.5929, HR@10: 0.8215, NDCG@20: 0.6112, HR@20: 0.8937)
loss in epoch 481 iteration 376: 0.32755619287490845
loss in epoch 482 iteration 376: 0.32783859968185425
loss in epoch 483 iteration 376: 0.28528088331222534
loss in epoch 484 iteration 376: 0.40901628136634827
loss in epoch 485 iteration 376: 0.36948221921920776
Evaluatingepoch:485, time: 5130426.267624(s), valid (NDCG@5: 0.5833, HR@5: 0.7457, NDCG@10: 0.6153, HR@10: 0.8434, NDCG@20: 0.6334, HR@20: 0.9141), test (NDCG@5: 0.5612, HR@5: 0.7190, NDCG@10: 0.5942, HR@10: 0.8200, NDCG@20: 0.6134, HR@20: 0.8955)
loss in epoch 486 iteration 376: 0.23107704520225525
loss in epoch 487 iteration 376: 0.33574628829956055
loss in epoch 488 iteration 376: 0.2804339826107025
loss in epoch 489 iteration 376: 0.3691610097885132
loss in epoch 490 iteration 376: 0.30236679315567017
Evaluatingepoch:490, time: 5195985.630989(s), valid (NDCG@5: 0.5884, HR@5: 0.7503, NDCG@10: 0.6185, HR@10: 0.8429, NDCG@20: 0.6369, HR@20: 0.9156), test (NDCG@5: 0.5605, HR@5: 0.7199, NDCG@10: 0.5930, HR@10: 0.8195, NDCG@20: 0.6121, HR@20: 0.8952)
loss in epoch 491 iteration 376: 0.2920756936073303
loss in epoch 492 iteration 376: 0.27982524037361145
loss in epoch 493 iteration 376: 0.3008382022380829
loss in epoch 494 iteration 376: 0.38137292861938477
loss in epoch 495 iteration 376: 0.3042392134666443
Evaluatingepoch:495, time: 5261717.435360(s), valid (NDCG@5: 0.5869, HR@5: 0.7452, NDCG@10: 0.6190, HR@10: 0.8435, NDCG@20: 0.6373, HR@20: 0.9156), test (NDCG@5: 0.5614, HR@5: 0.7202, NDCG@10: 0.5920, HR@10: 0.8141, NDCG@20: 0.6127, HR@20: 0.8957)
loss in epoch 496 iteration 376: 0.3063088059425354
loss in epoch 497 iteration 376: 0.35511353611946106
loss in epoch 498 iteration 376: 0.3255546987056732
loss in epoch 499 iteration 376: 0.3135972023010254
loss in epoch 500 iteration 376: 0.3791813850402832
Evaluatingepoch:500, time: 5326474.325895(s), valid (NDCG@5: 0.5865, HR@5: 0.7469, NDCG@10: 0.6178, HR@10: 0.8425, NDCG@20: 0.6359, HR@20: 0.9134), test (NDCG@5: 0.5604, HR@5: 0.7154, NDCG@10: 0.5935, HR@10: 0.8169, NDCG@20: 0.6132, HR@20: 0.8945)
loss in epoch 501 iteration 376: 0.37192511558532715
Training time : 5339565.59586525
Done
