Arguments:
backbone samba
batch_size 16
dataset ml-1m
device cuda:4
dropout_rate 0.5
eval_neg_sample 100
hidden_units 64
inference_only False
l2_emb 0.0
lr 0.0005
maxlen 201
name mamba
num_blocks 2
num_epochs 500
num_heads 1
state_dict_path None
train_dir tracks256_default/

user_count: 6040
item count: 3416
6040
average sequence length: 163.50
parameters_count: 286976
loss in epoch 1 iteration 376: 0.7258354425430298
loss in epoch 2 iteration 376: 0.6022368669509888
loss in epoch 3 iteration 376: 0.5362652540206909
loss in epoch 4 iteration 376: 0.4604623317718506
loss in epoch 5 iteration 376: 0.37591105699539185
Evaluatingepoch:5, time: 157102.305412(s), valid (NDCG@5: 0.3753, HR@5: 0.5230, NDCG@10: 0.4216, HR@10: 0.6659, NDCG@20: 0.4550, HR@20: 0.7975), test (NDCG@5: 0.3595, HR@5: 0.5010, NDCG@10: 0.4053, HR@10: 0.6419, NDCG@20: 0.4380, HR@20: 0.7710)
loss in epoch 6 iteration 376: 0.35125917196273804
loss in epoch 7 iteration 376: 0.25277552008628845
loss in epoch 8 iteration 376: 0.22029505670070648
loss in epoch 9 iteration 376: 0.19803841412067413
loss in epoch 10 iteration 376: 0.21556228399276733
Evaluatingepoch:10, time: 313085.937023(s), valid (NDCG@5: 0.4299, HR@5: 0.5856, NDCG@10: 0.4789, HR@10: 0.7364, NDCG@20: 0.5082, HR@20: 0.8523), test (NDCG@5: 0.4067, HR@5: 0.5641, NDCG@10: 0.4548, HR@10: 0.7124, NDCG@20: 0.4856, HR@20: 0.8338)
loss in epoch 11 iteration 376: 0.19242727756500244
loss in epoch 12 iteration 376: 0.17895779013633728
loss in epoch 13 iteration 376: 0.16625496745109558
loss in epoch 14 iteration 376: 0.15252259373664856
loss in epoch 15 iteration 376: 0.19599604606628418
Evaluatingepoch:15, time: 477243.383884(s), valid (NDCG@5: 0.4309, HR@5: 0.5978, NDCG@10: 0.4785, HR@10: 0.7445, NDCG@20: 0.5094, HR@20: 0.8661), test (NDCG@5: 0.4119, HR@5: 0.5778, NDCG@10: 0.4581, HR@10: 0.7205, NDCG@20: 0.4900, HR@20: 0.8457)
loss in epoch 16 iteration 376: 0.2030043601989746
loss in epoch 17 iteration 376: 0.12464144825935364
loss in epoch 18 iteration 376: 0.13392722606658936
loss in epoch 19 iteration 376: 0.13761001825332642
loss in epoch 20 iteration 376: 0.14331263303756714
Evaluatingepoch:20, time: 634392.667532(s), valid (NDCG@5: 0.4541, HR@5: 0.6177, NDCG@10: 0.5025, HR@10: 0.7667, NDCG@20: 0.5299, HR@20: 0.8747), test (NDCG@5: 0.4287, HR@5: 0.5950, NDCG@10: 0.4750, HR@10: 0.7373, NDCG@20: 0.5038, HR@20: 0.8503)
loss in epoch 21 iteration 376: 0.19508200883865356
loss in epoch 22 iteration 376: 0.13197271525859833
loss in epoch 23 iteration 376: 0.16996052861213684
loss in epoch 24 iteration 376: 0.15644368529319763
loss in epoch 25 iteration 376: 0.15498583018779755
Evaluatingepoch:25, time: 792378.939867(s), valid (NDCG@5: 0.4615, HR@5: 0.6303, NDCG@10: 0.5070, HR@10: 0.7702, NDCG@20: 0.5341, HR@20: 0.8772), test (NDCG@5: 0.4414, HR@5: 0.6131, NDCG@10: 0.4840, HR@10: 0.7445, NDCG@20: 0.5120, HR@20: 0.8546)
loss in epoch 26 iteration 376: 0.1493595540523529
loss in epoch 27 iteration 376: 0.16558778285980225
loss in epoch 28 iteration 376: 0.18647107481956482
loss in epoch 29 iteration 376: 0.1723436862230301
loss in epoch 30 iteration 376: 0.152566060423851
Evaluatingepoch:30, time: 949842.442036(s), valid (NDCG@5: 0.4674, HR@5: 0.6323, NDCG@10: 0.5134, HR@10: 0.7740, NDCG@20: 0.5394, HR@20: 0.8760), test (NDCG@5: 0.4477, HR@5: 0.6144, NDCG@10: 0.4904, HR@10: 0.7452, NDCG@20: 0.5190, HR@20: 0.8581)
loss in epoch 31 iteration 376: 0.1498163640499115
loss in epoch 32 iteration 376: 0.14696399867534637
loss in epoch 33 iteration 376: 0.1401262879371643
loss in epoch 34 iteration 376: 0.12406086921691895
loss in epoch 35 iteration 376: 0.13429662585258484
Evaluatingepoch:35, time: 1107045.652151(s), valid (NDCG@5: 0.4661, HR@5: 0.6422, NDCG@10: 0.5105, HR@10: 0.7788, NDCG@20: 0.5364, HR@20: 0.8808), test (NDCG@5: 0.4511, HR@5: 0.6152, NDCG@10: 0.4964, HR@10: 0.7548, NDCG@20: 0.5225, HR@20: 0.8575)
loss in epoch 36 iteration 376: 0.16064998507499695
loss in epoch 37 iteration 376: 0.15328805148601532
loss in epoch 38 iteration 376: 0.1444636881351471
loss in epoch 39 iteration 376: 0.1432597041130066
loss in epoch 40 iteration 376: 0.18299990892410278
Evaluatingepoch:40, time: 1264191.210270(s), valid (NDCG@5: 0.4763, HR@5: 0.6429, NDCG@10: 0.5209, HR@10: 0.7805, NDCG@20: 0.5465, HR@20: 0.8811), test (NDCG@5: 0.4542, HR@5: 0.6174, NDCG@10: 0.4976, HR@10: 0.7502, NDCG@20: 0.5267, HR@20: 0.8651)
loss in epoch 41 iteration 376: 0.1470109522342682
loss in epoch 42 iteration 376: 0.15078827738761902
loss in epoch 43 iteration 376: 0.15119034051895142
loss in epoch 44 iteration 376: 0.12297896295785904
loss in epoch 45 iteration 376: 0.13655024766921997
Evaluatingepoch:45, time: 1422978.509188(s), valid (NDCG@5: 0.4833, HR@5: 0.6558, NDCG@10: 0.5260, HR@10: 0.7869, NDCG@20: 0.5502, HR@20: 0.8818), test (NDCG@5: 0.4645, HR@5: 0.6285, NDCG@10: 0.5061, HR@10: 0.7568, NDCG@20: 0.5330, HR@20: 0.8629)
loss in epoch 46 iteration 376: 0.10733406990766525
loss in epoch 47 iteration 376: 0.13375324010849
loss in epoch 48 iteration 376: 0.15911316871643066
loss in epoch 49 iteration 376: 0.10990144312381744
loss in epoch 50 iteration 376: 0.1503455638885498
Evaluatingepoch:50, time: 1571987.795830(s), valid (NDCG@5: 0.4803, HR@5: 0.6497, NDCG@10: 0.5229, HR@10: 0.7803, NDCG@20: 0.5493, HR@20: 0.8844), test (NDCG@5: 0.4590, HR@5: 0.6272, NDCG@10: 0.5000, HR@10: 0.7538, NDCG@20: 0.5279, HR@20: 0.8637)
loss in epoch 51 iteration 376: 0.12350533902645111
loss in epoch 52 iteration 376: 0.1446010023355484
loss in epoch 53 iteration 376: 0.14344577491283417
loss in epoch 54 iteration 376: 0.11522752046585083
loss in epoch 55 iteration 376: 0.10680222511291504
Evaluatingepoch:55, time: 1717370.359659(s), valid (NDCG@5: 0.4776, HR@5: 0.6478, NDCG@10: 0.5215, HR@10: 0.7826, NDCG@20: 0.5470, HR@20: 0.8833), test (NDCG@5: 0.4571, HR@5: 0.6222, NDCG@10: 0.4999, HR@10: 0.7540, NDCG@20: 0.5271, HR@20: 0.8609)
loss in epoch 56 iteration 376: 0.14636754989624023
loss in epoch 57 iteration 376: 0.14398401975631714
loss in epoch 58 iteration 376: 0.15309065580368042
loss in epoch 59 iteration 376: 0.10955053567886353
loss in epoch 60 iteration 376: 0.12231709808111191
Evaluatingepoch:60, time: 1876093.246698(s), valid (NDCG@5: 0.4822, HR@5: 0.6523, NDCG@10: 0.5268, HR@10: 0.7892, NDCG@20: 0.5511, HR@20: 0.8849), test (NDCG@5: 0.4652, HR@5: 0.6267, NDCG@10: 0.5061, HR@10: 0.7528, NDCG@20: 0.5339, HR@20: 0.8619)
loss in epoch 61 iteration 376: 0.13586056232452393
loss in epoch 62 iteration 376: 0.10674909502267838
loss in epoch 63 iteration 376: 0.13721738755702972
loss in epoch 64 iteration 376: 0.12189513444900513
loss in epoch 65 iteration 376: 0.12934283912181854
Evaluatingepoch:65, time: 2028940.603971(s), valid (NDCG@5: 0.4888, HR@5: 0.6573, NDCG@10: 0.5321, HR@10: 0.7899, NDCG@20: 0.5568, HR@20: 0.8868), test (NDCG@5: 0.4649, HR@5: 0.6276, NDCG@10: 0.5077, HR@10: 0.7594, NDCG@20: 0.5344, HR@20: 0.8641)
loss in epoch 66 iteration 376: 0.14060446619987488
loss in epoch 67 iteration 376: 0.1388017237186432
loss in epoch 68 iteration 376: 0.15648958086967468
loss in epoch 69 iteration 376: 0.12725123763084412
loss in epoch 70 iteration 376: 0.12598806619644165
Evaluatingepoch:70, time: 2184922.200918(s), valid (NDCG@5: 0.4866, HR@5: 0.6573, NDCG@10: 0.5292, HR@10: 0.7881, NDCG@20: 0.5538, HR@20: 0.8843), test (NDCG@5: 0.4615, HR@5: 0.6232, NDCG@10: 0.5053, HR@10: 0.7573, NDCG@20: 0.5329, HR@20: 0.8659)
loss in epoch 71 iteration 376: 0.12344415485858917
loss in epoch 72 iteration 376: 0.10571801662445068
loss in epoch 73 iteration 376: 0.15221326053142548
loss in epoch 74 iteration 376: 0.11221510171890259
loss in epoch 75 iteration 376: 0.13589560985565186
Evaluatingepoch:75, time: 2343590.141535(s), valid (NDCG@5: 0.4883, HR@5: 0.6618, NDCG@10: 0.5284, HR@10: 0.7851, NDCG@20: 0.5542, HR@20: 0.8864), test (NDCG@5: 0.4638, HR@5: 0.6237, NDCG@10: 0.5068, HR@10: 0.7558, NDCG@20: 0.5337, HR@20: 0.8611)
loss in epoch 76 iteration 376: 0.1255972981452942
loss in epoch 77 iteration 376: 0.12413392961025238
loss in epoch 78 iteration 376: 0.12762951850891113
loss in epoch 79 iteration 376: 0.1207086443901062
loss in epoch 80 iteration 376: 0.14099441468715668
Evaluatingepoch:80, time: 2502236.573458(s), valid (NDCG@5: 0.4864, HR@5: 0.6531, NDCG@10: 0.5302, HR@10: 0.7876, NDCG@20: 0.5547, HR@20: 0.8836), test (NDCG@5: 0.4624, HR@5: 0.6215, NDCG@10: 0.5072, HR@10: 0.7593, NDCG@20: 0.5340, HR@20: 0.8647)
loss in epoch 81 iteration 376: 0.14747759699821472
loss in epoch 82 iteration 376: 0.12029851227998734
loss in epoch 83 iteration 376: 0.11785395443439484
loss in epoch 84 iteration 376: 0.10931046307086945
loss in epoch 85 iteration 376: 0.12180276215076447
Evaluatingepoch:85, time: 2663018.826962(s), valid (NDCG@5: 0.4870, HR@5: 0.6613, NDCG@10: 0.5271, HR@10: 0.7846, NDCG@20: 0.5525, HR@20: 0.8841), test (NDCG@5: 0.4620, HR@5: 0.6225, NDCG@10: 0.5062, HR@10: 0.7588, NDCG@20: 0.5331, HR@20: 0.8647)
loss in epoch 86 iteration 376: 0.13546434044837952
loss in epoch 87 iteration 376: 0.10275505483150482
loss in epoch 88 iteration 376: 0.11157497763633728
loss in epoch 89 iteration 376: 0.10987566411495209
loss in epoch 90 iteration 376: 0.0986846387386322
Evaluatingepoch:90, time: 2822718.684912(s), valid (NDCG@5: 0.4882, HR@5: 0.6563, NDCG@10: 0.5333, HR@10: 0.7944, NDCG@20: 0.5566, HR@20: 0.8863), test (NDCG@5: 0.4727, HR@5: 0.6382, NDCG@10: 0.5129, HR@10: 0.7621, NDCG@20: 0.5392, HR@20: 0.8656)
loss in epoch 91 iteration 376: 0.1221199482679367
loss in epoch 92 iteration 376: 0.15043285489082336
loss in epoch 93 iteration 376: 0.1105312630534172
loss in epoch 94 iteration 376: 0.17133729159832
loss in epoch 95 iteration 376: 0.11731632053852081
Evaluatingepoch:95, time: 3038763.798237(s), valid (NDCG@5: 0.4886, HR@5: 0.6598, NDCG@10: 0.5314, HR@10: 0.7911, NDCG@20: 0.5556, HR@20: 0.8861), test (NDCG@5: 0.4684, HR@5: 0.6303, NDCG@10: 0.5117, HR@10: 0.7639, NDCG@20: 0.5374, HR@20: 0.8647)
loss in epoch 96 iteration 376: 0.10874886065721512
loss in epoch 97 iteration 376: 0.1139865517616272
loss in epoch 98 iteration 376: 0.09679785370826721
loss in epoch 99 iteration 376: 0.11046195775270462
loss in epoch 100 iteration 376: 0.12135693430900574
Evaluatingepoch:100, time: 3254374.880552(s), valid (NDCG@5: 0.4906, HR@5: 0.6586, NDCG@10: 0.5319, HR@10: 0.7861, NDCG@20: 0.5570, HR@20: 0.8843), test (NDCG@5: 0.4636, HR@5: 0.6225, NDCG@10: 0.5078, HR@10: 0.7586, NDCG@20: 0.5345, HR@20: 0.8637)
loss in epoch 101 iteration 376: 0.15437710285186768
loss in epoch 102 iteration 376: 0.1265365481376648
loss in epoch 103 iteration 376: 0.10556495189666748
loss in epoch 104 iteration 376: 0.1536693274974823
loss in epoch 105 iteration 376: 0.11845777183771133
Evaluatingepoch:105, time: 3476160.603523(s), valid (NDCG@5: 0.4916, HR@5: 0.6637, NDCG@10: 0.5339, HR@10: 0.7942, NDCG@20: 0.5571, HR@20: 0.8856), test (NDCG@5: 0.4675, HR@5: 0.6311, NDCG@10: 0.5090, HR@10: 0.7583, NDCG@20: 0.5369, HR@20: 0.8677)
loss in epoch 106 iteration 376: 0.12126322090625763
loss in epoch 107 iteration 376: 0.11188198626041412
loss in epoch 108 iteration 376: 0.11144409328699112
loss in epoch 109 iteration 376: 0.12018804252147675
loss in epoch 110 iteration 376: 0.11094515025615692
Evaluatingepoch:110, time: 3654870.844126(s), valid (NDCG@5: 0.4923, HR@5: 0.6649, NDCG@10: 0.5335, HR@10: 0.7911, NDCG@20: 0.5571, HR@20: 0.8841), test (NDCG@5: 0.4644, HR@5: 0.6291, NDCG@10: 0.5068, HR@10: 0.7596, NDCG@20: 0.5336, HR@20: 0.8644)
loss in epoch 111 iteration 376: 0.1025136411190033
loss in epoch 112 iteration 376: 0.08883941173553467
loss in epoch 113 iteration 376: 0.1422141045331955
loss in epoch 114 iteration 376: 0.11277791112661362
loss in epoch 115 iteration 376: 0.11956943571567535
Evaluatingepoch:115, time: 3815972.207069(s), valid (NDCG@5: 0.4880, HR@5: 0.6545, NDCG@10: 0.5306, HR@10: 0.7853, NDCG@20: 0.5557, HR@20: 0.8843), test (NDCG@5: 0.4659, HR@5: 0.6233, NDCG@10: 0.5094, HR@10: 0.7576, NDCG@20: 0.5370, HR@20: 0.8666)
loss in epoch 116 iteration 376: 0.1121005192399025
loss in epoch 117 iteration 376: 0.14255718886852264
loss in epoch 118 iteration 376: 0.0893925204873085
loss in epoch 119 iteration 376: 0.1196533665060997
loss in epoch 120 iteration 376: 0.11561492830514908
Evaluatingepoch:120, time: 3971009.543180(s), valid (NDCG@5: 0.4944, HR@5: 0.6671, NDCG@10: 0.5349, HR@10: 0.7922, NDCG@20: 0.5591, HR@20: 0.8879), test (NDCG@5: 0.4631, HR@5: 0.6255, NDCG@10: 0.5064, HR@10: 0.7588, NDCG@20: 0.5329, HR@20: 0.8629)
loss in epoch 121 iteration 376: 0.1434304118156433
loss in epoch 122 iteration 376: 0.1229792982339859
loss in epoch 123 iteration 376: 0.11926408112049103
loss in epoch 124 iteration 376: 0.11076481640338898
loss in epoch 125 iteration 376: 0.10351765155792236
Evaluatingepoch:125, time: 4128893.283606(s), valid (NDCG@5: 0.4956, HR@5: 0.6661, NDCG@10: 0.5371, HR@10: 0.7932, NDCG@20: 0.5603, HR@20: 0.8841), test (NDCG@5: 0.4734, HR@5: 0.6364, NDCG@10: 0.5139, HR@10: 0.7614, NDCG@20: 0.5396, HR@20: 0.8626)
loss in epoch 126 iteration 376: 0.11204192042350769
loss in epoch 127 iteration 376: 0.10245122015476227
loss in epoch 128 iteration 376: 0.11850500106811523
loss in epoch 129 iteration 376: 0.11016492545604706
loss in epoch 130 iteration 376: 0.13067857921123505
Evaluatingepoch:130, time: 4286620.885849(s), valid (NDCG@5: 0.4954, HR@5: 0.6666, NDCG@10: 0.5355, HR@10: 0.7894, NDCG@20: 0.5600, HR@20: 0.8863), test (NDCG@5: 0.4670, HR@5: 0.6263, NDCG@10: 0.5109, HR@10: 0.7619, NDCG@20: 0.5370, HR@20: 0.8639)
loss in epoch 131 iteration 376: 0.13776327669620514
loss in epoch 132 iteration 376: 0.10897234082221985
loss in epoch 133 iteration 376: 0.12352343648672104
loss in epoch 134 iteration 376: 0.09881974756717682
loss in epoch 135 iteration 376: 0.12640061974525452
Evaluatingepoch:135, time: 4445260.564089(s), valid (NDCG@5: 0.4910, HR@5: 0.6627, NDCG@10: 0.5332, HR@10: 0.7924, NDCG@20: 0.5576, HR@20: 0.8886), test (NDCG@5: 0.4723, HR@5: 0.6323, NDCG@10: 0.5150, HR@10: 0.7642, NDCG@20: 0.5409, HR@20: 0.8662)
loss in epoch 136 iteration 376: 0.11227701604366302
loss in epoch 137 iteration 376: 0.12324947118759155
loss in epoch 138 iteration 376: 0.0947595089673996
loss in epoch 139 iteration 376: 0.1265929490327835
loss in epoch 140 iteration 376: 0.13554474711418152
Evaluatingepoch:140, time: 4603014.762640(s), valid (NDCG@5: 0.4951, HR@5: 0.6637, NDCG@10: 0.5361, HR@10: 0.7896, NDCG@20: 0.5606, HR@20: 0.8858), test (NDCG@5: 0.4678, HR@5: 0.6323, NDCG@10: 0.5102, HR@10: 0.7629, NDCG@20: 0.5364, HR@20: 0.8666)
loss in epoch 141 iteration 376: 0.11228789389133453
loss in epoch 142 iteration 376: 0.12034444510936737
loss in epoch 143 iteration 376: 0.10706374049186707
loss in epoch 144 iteration 376: 0.10782945156097412
loss in epoch 145 iteration 376: 0.10372789204120636
Evaluatingepoch:145, time: 4761188.520670(s), valid (NDCG@5: 0.4941, HR@5: 0.6657, NDCG@10: 0.5360, HR@10: 0.7949, NDCG@20: 0.5595, HR@20: 0.8873), test (NDCG@5: 0.4701, HR@5: 0.6366, NDCG@10: 0.5107, HR@10: 0.7613, NDCG@20: 0.5372, HR@20: 0.8656)
loss in epoch 146 iteration 376: 0.11425233632326126
loss in epoch 147 iteration 376: 0.11457739770412445
loss in epoch 148 iteration 376: 0.10657158493995667
loss in epoch 149 iteration 376: 0.12130233645439148
loss in epoch 150 iteration 376: 0.11582557111978531
Evaluatingepoch:150, time: 4917983.283997(s), valid (NDCG@5: 0.4891, HR@5: 0.6636, NDCG@10: 0.5304, HR@10: 0.7912, NDCG@20: 0.5542, HR@20: 0.8846), test (NDCG@5: 0.4682, HR@5: 0.6270, NDCG@10: 0.5105, HR@10: 0.7573, NDCG@20: 0.5374, HR@20: 0.8634)
loss in epoch 151 iteration 376: 0.12755531072616577
loss in epoch 152 iteration 376: 0.10084647685289383
loss in epoch 153 iteration 376: 0.10284857451915741
loss in epoch 154 iteration 376: 0.11952583491802216
loss in epoch 155 iteration 376: 0.10806644707918167
Evaluatingepoch:155, time: 5073922.595024(s), valid (NDCG@5: 0.4913, HR@5: 0.6629, NDCG@10: 0.5342, HR@10: 0.7945, NDCG@20: 0.5575, HR@20: 0.8859), test (NDCG@5: 0.4704, HR@5: 0.6323, NDCG@10: 0.5118, HR@10: 0.7596, NDCG@20: 0.5392, HR@20: 0.8679)
loss in epoch 156 iteration 376: 0.09950703382492065
loss in epoch 157 iteration 376: 0.09260135889053345
loss in epoch 158 iteration 376: 0.11858801543712616
loss in epoch 159 iteration 376: 0.12418481707572937
loss in epoch 160 iteration 376: 0.10404101014137268
Evaluatingepoch:160, time: 5230173.737288(s), valid (NDCG@5: 0.4907, HR@5: 0.6598, NDCG@10: 0.5313, HR@10: 0.7848, NDCG@20: 0.5575, HR@20: 0.8871), test (NDCG@5: 0.4663, HR@5: 0.6262, NDCG@10: 0.5097, HR@10: 0.7594, NDCG@20: 0.5364, HR@20: 0.8647)
loss in epoch 161 iteration 376: 0.12218666076660156
loss in epoch 162 iteration 376: 0.11668168008327484
loss in epoch 163 iteration 376: 0.12691690027713776
loss in epoch 164 iteration 376: 0.12412282079458237
loss in epoch 165 iteration 376: 0.11475759744644165
Evaluatingepoch:165, time: 5384271.393538(s), valid (NDCG@5: 0.4915, HR@5: 0.6669, NDCG@10: 0.5320, HR@10: 0.7911, NDCG@20: 0.5566, HR@20: 0.8876), test (NDCG@5: 0.4683, HR@5: 0.6348, NDCG@10: 0.5079, HR@10: 0.7570, NDCG@20: 0.5352, HR@20: 0.8639)
loss in epoch 166 iteration 376: 0.10842225700616837
loss in epoch 167 iteration 376: 0.11288276314735413
loss in epoch 168 iteration 376: 0.1162165030837059
loss in epoch 169 iteration 376: 0.11300086230039597
loss in epoch 170 iteration 376: 0.10986918210983276
Evaluatingepoch:170, time: 5540014.718533(s), valid (NDCG@5: 0.4912, HR@5: 0.6603, NDCG@10: 0.5327, HR@10: 0.7882, NDCG@20: 0.5572, HR@20: 0.8841), test (NDCG@5: 0.4639, HR@5: 0.6286, NDCG@10: 0.5062, HR@10: 0.7593, NDCG@20: 0.5336, HR@20: 0.8672)
loss in epoch 171 iteration 376: 0.10354723036289215
loss in epoch 172 iteration 376: 0.08936195075511932
loss in epoch 173 iteration 376: 0.08855350315570831
loss in epoch 174 iteration 376: 0.11762015521526337
loss in epoch 175 iteration 376: 0.12598557770252228
Evaluatingepoch:175, time: 5697056.811094(s), valid (NDCG@5: 0.4886, HR@5: 0.6611, NDCG@10: 0.5315, HR@10: 0.7927, NDCG@20: 0.5552, HR@20: 0.8861), test (NDCG@5: 0.4702, HR@5: 0.6336, NDCG@10: 0.5112, HR@10: 0.7596, NDCG@20: 0.5375, HR@20: 0.8634)
loss in epoch 176 iteration 376: 0.10193751752376556
loss in epoch 177 iteration 376: 0.1023579090833664
loss in epoch 178 iteration 376: 0.09158068895339966
loss in epoch 179 iteration 376: 0.11155146360397339
loss in epoch 180 iteration 376: 0.10888296365737915
Evaluatingepoch:180, time: 5844563.886881(s), valid (NDCG@5: 0.4922, HR@5: 0.6644, NDCG@10: 0.5333, HR@10: 0.7901, NDCG@20: 0.5576, HR@20: 0.8856), test (NDCG@5: 0.4760, HR@5: 0.6290, NDCG@10: 0.5178, HR@10: 0.7583, NDCG@20: 0.5456, HR@20: 0.8674)
loss in epoch 181 iteration 376: 0.10495856404304504
loss in epoch 182 iteration 376: 0.10034327208995819
loss in epoch 183 iteration 376: 0.10222397744655609
loss in epoch 184 iteration 376: 0.10262279212474823
loss in epoch 185 iteration 376: 0.13739340007305145
Evaluatingepoch:185, time: 5991831.479073(s), valid (NDCG@5: 0.4850, HR@5: 0.6503, NDCG@10: 0.5282, HR@10: 0.7829, NDCG@20: 0.5539, HR@20: 0.8838), test (NDCG@5: 0.4587, HR@5: 0.6268, NDCG@10: 0.4998, HR@10: 0.7535, NDCG@20: 0.5275, HR@20: 0.8624)
loss in epoch 186 iteration 376: 0.11184118688106537
loss in epoch 187 iteration 376: 0.14880333840847015
loss in epoch 188 iteration 376: 0.12774795293807983
loss in epoch 189 iteration 376: 0.11634303629398346
loss in epoch 190 iteration 376: 0.10639306157827377
Evaluatingepoch:190, time: 6140748.113155(s), valid (NDCG@5: 0.4897, HR@5: 0.6608, NDCG@10: 0.5311, HR@10: 0.7877, NDCG@20: 0.5557, HR@20: 0.8849), test (NDCG@5: 0.4626, HR@5: 0.6240, NDCG@10: 0.5069, HR@10: 0.7601, NDCG@20: 0.5333, HR@20: 0.8636)
loss in epoch 191 iteration 376: 0.10076253116130829
loss in epoch 192 iteration 376: 0.12186552584171295
loss in epoch 193 iteration 376: 0.10302647948265076
loss in epoch 194 iteration 376: 0.12062475085258484
loss in epoch 195 iteration 376: 0.08780115842819214
Evaluatingepoch:195, time: 6292198.100805(s), valid (NDCG@5: 0.4907, HR@5: 0.6584, NDCG@10: 0.5323, HR@10: 0.7858, NDCG@20: 0.5579, HR@20: 0.8859), test (NDCG@5: 0.4664, HR@5: 0.6318, NDCG@10: 0.5081, HR@10: 0.7601, NDCG@20: 0.5353, HR@20: 0.8664)
loss in epoch 196 iteration 376: 0.11513423919677734
loss in epoch 197 iteration 376: 0.12207607179880142
loss in epoch 198 iteration 376: 0.09511119872331619
loss in epoch 199 iteration 376: 0.1113053560256958
loss in epoch 200 iteration 376: 0.10059227049350739
Evaluatingepoch:200, time: 6459428.596735(s), valid (NDCG@5: 0.4836, HR@5: 0.6520, NDCG@10: 0.5265, HR@10: 0.7834, NDCG@20: 0.5510, HR@20: 0.8793), test (NDCG@5: 0.4597, HR@5: 0.6209, NDCG@10: 0.5018, HR@10: 0.7505, NDCG@20: 0.5304, HR@20: 0.8629)
loss in epoch 201 iteration 376: 0.11995097994804382
loss in epoch 202 iteration 376: 0.12400417029857635
loss in epoch 203 iteration 376: 0.12078490853309631
loss in epoch 204 iteration 376: 0.1262601912021637
loss in epoch 205 iteration 376: 0.11089882254600525
Evaluatingepoch:205, time: 6631266.982079(s), valid (NDCG@5: 0.4861, HR@5: 0.6546, NDCG@10: 0.5305, HR@10: 0.7907, NDCG@20: 0.5542, HR@20: 0.8843), test (NDCG@5: 0.4633, HR@5: 0.6248, NDCG@10: 0.5076, HR@10: 0.7614, NDCG@20: 0.5346, HR@20: 0.8680)
loss in epoch 206 iteration 376: 0.11328567564487457
loss in epoch 207 iteration 376: 0.10458813607692719
loss in epoch 208 iteration 376: 0.11495973914861679
loss in epoch 209 iteration 376: 0.0903557538986206
loss in epoch 210 iteration 376: 0.12164145708084106
Evaluating