Arguments:
backbone hsas
batch_size 16
dataset tracks2000
device cuda:3
dropout_rate 0.5
eval_neg_sample 100
hidden_units 8
inference_only False
l2_emb 0.0
lr 0.0005
maxlen 2000
name mamba
num_blocks 2
num_epochs 500
num_heads 1
state_dict_path None
train_dir tracks256_default/

user_count: 25001
item count: 8163986
25001
average sequence length: 1656.24
parameters_count: 258289146
loss in epoch 1 iteration 1561: 0.9767434597015381
loss in epoch 2 iteration 1561: 0.8560959696769714
loss in epoch 3 iteration 1561: 0.8407917022705078
loss in epoch 4 iteration 1561: 0.8133994936943054
loss in epoch 5 iteration 1561: 0.7318823337554932
Evaluatingepoch:5, time: 549329.006195(s), valid (NDCG@5: 0.6365, HR@5: 0.7512, NDCG@10: 0.6559, HR@10: 0.8101, NDCG@20: 0.6655, HR@20: 0.8482), test (NDCG@5: 0.6312, HR@5: 0.7475, NDCG@10: 0.6493, HR@10: 0.8029, NDCG@20: 0.6592, HR@20: 0.8418)
loss in epoch 6 iteration 1561: 0.7978440523147583
loss in epoch 7 iteration 1561: 0.7522820234298706
loss in epoch 8 iteration 1561: 0.7317646145820618
loss in epoch 9 iteration 1561: 0.7247211933135986
loss in epoch 10 iteration 1561: 0.7100746631622314
Evaluatingepoch:10, time: 1077382.297993(s), valid (NDCG@5: 0.6353, HR@5: 0.7558, NDCG@10: 0.6541, HR@10: 0.8134, NDCG@20: 0.6636, HR@20: 0.8510), test (NDCG@5: 0.6283, HR@5: 0.7491, NDCG@10: 0.6473, HR@10: 0.8070, NDCG@20: 0.6569, HR@20: 0.8449)
loss in epoch 11 iteration 1561: 0.800299882888794
loss in epoch 12 iteration 1561: 0.7005441188812256
loss in epoch 13 iteration 1561: 0.6777876615524292
loss in epoch 14 iteration 1561: 0.71461421251297
loss in epoch 15 iteration 1561: 0.7431986331939697
Evaluatingepoch:15, time: 1605884.593010(s), valid (NDCG@5: 0.6347, HR@5: 0.7531, NDCG@10: 0.6539, HR@10: 0.8117, NDCG@20: 0.6639, HR@20: 0.8512), test (NDCG@5: 0.6289, HR@5: 0.7483, NDCG@10: 0.6479, HR@10: 0.8062, NDCG@20: 0.6580, HR@20: 0.8465)
loss in epoch 16 iteration 1561: 0.7402968406677246
loss in epoch 17 iteration 1561: 0.7019345760345459
loss in epoch 18 iteration 1561: 0.6750701665878296
loss in epoch 19 iteration 1561: 0.7443675994873047
loss in epoch 20 iteration 1561: 0.7197598218917847
Evaluatingepoch:20, time: 2134394.634724(s), valid (NDCG@5: 0.6369, HR@5: 0.7571, NDCG@10: 0.6564, HR@10: 0.8164, NDCG@20: 0.6654, HR@20: 0.8521), test (NDCG@5: 0.6296, HR@5: 0.7494, NDCG@10: 0.6486, HR@10: 0.8077, NDCG@20: 0.6585, HR@20: 0.8468)
loss in epoch 21 iteration 1561: 0.6793698072433472
loss in epoch 22 iteration 1561: 0.6203594207763672
loss in epoch 23 iteration 1561: 0.6743513941764832
loss in epoch 24 iteration 1561: 0.6251492500305176
loss in epoch 25 iteration 1561: 0.6195903420448303
Evaluatingepoch:25, time: 2662167.139053(s), valid (NDCG@5: 0.6291, HR@5: 0.7561, NDCG@10: 0.6466, HR@10: 0.8097, NDCG@20: 0.6571, HR@20: 0.8508), test (NDCG@5: 0.6200, HR@5: 0.7460, NDCG@10: 0.6386, HR@10: 0.8028, NDCG@20: 0.6495, HR@20: 0.8455)
loss in epoch 26 iteration 1561: 0.6814741492271423
loss in epoch 27 iteration 1561: 0.605721116065979
loss in epoch 28 iteration 1561: 0.6018438339233398
loss in epoch 29 iteration 1561: 0.6124179363250732
loss in epoch 30 iteration 1561: 0.5988259315490723
Evaluatingepoch:30, time: 4164200.738907(s), valid (NDCG@5: 0.6249, HR@5: 0.7527, NDCG@10: 0.6434, HR@10: 0.8089, NDCG@20: 0.6537, HR@20: 0.8496), test (NDCG@5: 0.6173, HR@5: 0.7432, NDCG@10: 0.6369, HR@10: 0.8028, NDCG@20: 0.6476, HR@20: 0.8450)
loss in epoch 31 iteration 1561: 0.5866438746452332
loss in epoch 32 iteration 1561: 0.5790845155715942
loss in epoch 33 iteration 1561: 0.5854032039642334
loss in epoch 34 iteration 1561: 0.6190108060836792
loss in epoch 35 iteration 1561: 0.5899120569229126
Evaluatingepoch:35, time: 6343034.511089(s), valid (NDCG@5: 0.6256, HR@5: 0.7508, NDCG@10: 0.6439, HR@10: 0.8064, NDCG@20: 0.6540, HR@20: 0.8464), test (NDCG@5: 0.6176, HR@5: 0.7407, NDCG@10: 0.6370, HR@10: 0.8001, NDCG@20: 0.6474, HR@20: 0.8410)
loss in epoch 36 iteration 1561: 0.5739351511001587
loss in epoch 37 iteration 1561: 0.5938161015510559
loss in epoch 38 iteration 1561: 0.5721400380134583
loss in epoch 39 iteration 1561: 0.591269314289093
loss in epoch 40 iteration 1561: 0.5635666847229004
Evaluatingepoch:40, time: 8090271.058083(s), valid (NDCG@5: 0.6269, HR@5: 0.7503, NDCG@10: 0.6445, HR@10: 0.8044, NDCG@20: 0.6544, HR@20: 0.8435), test (NDCG@5: 0.6169, HR@5: 0.7394, NDCG@10: 0.6357, HR@10: 0.7972, NDCG@20: 0.6464, HR@20: 0.8390)
loss in epoch 41 iteration 1561: 0.5951001644134521
loss in epoch 42 iteration 1561: 0.575384259223938
loss in epoch 43 iteration 1561: 0.5711226463317871
loss in epoch 44 iteration 1561: 0.5654420852661133
loss in epoch 45 iteration 1561: 0.5487000942230225
Evaluatingepoch:45, time: 9826656.406403(s), valid (NDCG@5: 0.6287, HR@5: 0.7485, NDCG@10: 0.6471, HR@10: 0.8050, NDCG@20: 0.6570, HR@20: 0.8438), test (NDCG@5: 0.6188, HR@5: 0.7401, NDCG@10: 0.6370, HR@10: 0.7962, NDCG@20: 0.6478, HR@20: 0.8386)
loss in epoch 46 iteration 1561: 0.5640149116516113
loss in epoch 47 iteration 1561: 0.554063618183136
loss in epoch 48 iteration 1561: 0.5372222661972046
loss in epoch 49 iteration 1561: 0.595914900302887
loss in epoch 50 iteration 1561: 0.5484088063240051
Evaluatingepoch:50, time: 10899903.326511(s), valid (NDCG@5: 0.6259, HR@5: 0.7480, NDCG@10: 0.6443, HR@10: 0.8047, NDCG@20: 0.6541, HR@20: 0.8430), test (NDCG@5: 0.6189, HR@5: 0.7382, NDCG@10: 0.6374, HR@10: 0.7948, NDCG@20: 0.6481, HR@20: 0.8368)
loss in epoch 51 iteration 1561: 0.5562946200370789
loss in epoch 52 iteration 1561: 0.562508761882782
loss in epoch 53 iteration 1561: 0.5304715037345886
loss in epoch 54 iteration 1561: 0.5456447005271912
loss in epoch 55 iteration 1561: 0.5553359389305115
Evaluatingepoch:55, time: 11428463.421345(s), valid (NDCG@5: 0.6267, HR@5: 0.7475, NDCG@10: 0.6446, HR@10: 0.8024, NDCG@20: 0.6545, HR@20: 0.8414), test (NDCG@5: 0.6176, HR@5: 0.7384, NDCG@10: 0.6357, HR@10: 0.7939, NDCG@20: 0.6464, HR@20: 0.8359)
loss in epoch 56 iteration 1561: 0.545404314994812
loss in epoch 57 iteration 1561: 0.5346786379814148
loss in epoch 58 iteration 1561: 0.5209442377090454
loss in epoch 59 iteration 1561: 0.5242816805839539
loss in epoch 60 iteration 1561: 0.5301095843315125
Evaluatingepoch:60, time: 11957780.564785(s), valid (NDCG@5: 0.6233, HR@5: 0.7468, NDCG@10: 0.6415, HR@10: 0.8027, NDCG@20: 0.6517, HR@20: 0.8428), test (NDCG@5: 0.6168, HR@5: 0.7394, NDCG@10: 0.6348, HR@10: 0.7944, NDCG@20: 0.6456, HR@20: 0.8372)
loss in epoch 61 iteration 1561: 0.5185474157333374
loss in epoch 62 iteration 1561: 0.5500968098640442
loss in epoch 63 iteration 1561: 0.5297268629074097
loss in epoch 64 iteration 1561: 0.5244141221046448
loss in epoch 65 iteration 1561: 0.548309326171875
Evaluatingepoch:65, time: 12485842.102051(s), valid (NDCG@5: 0.6268, HR@5: 0.7486, NDCG@10: 0.6448, HR@10: 0.8036, NDCG@20: 0.6552, HR@20: 0.8446), test (NDCG@5: 0.6174, HR@5: 0.7390, NDCG@10: 0.6356, HR@10: 0.7951, NDCG@20: 0.6462, HR@20: 0.8367)
loss in epoch 66 iteration 1561: 0.5323259830474854
loss in epoch 67 iteration 1561: 0.5156486630439758
loss in epoch 68 iteration 1561: 0.49658843874931335
loss in epoch 69 iteration 1561: 0.5048598647117615
loss in epoch 70 iteration 1561: 0.5063411593437195
Evaluatingepoch:70, time: 13015403.949022(s), valid (NDCG@5: 0.6251, HR@5: 0.7480, NDCG@10: 0.6433, HR@10: 0.8038, NDCG@20: 0.6534, HR@20: 0.8432), test (NDCG@5: 0.6165, HR@5: 0.7397, NDCG@10: 0.6341, HR@10: 0.7936, NDCG@20: 0.6453, HR@20: 0.8376)
loss in epoch 71 iteration 1561: 0.5054728984832764
loss in epoch 72 iteration 1561: 0.5265647768974304
loss in epoch 73 iteration 1561: 0.5097886323928833
loss in epoch 74 iteration 1561: 0.5338703393936157
loss in epoch 75 iteration 1561: 0.5102025866508484
Evaluatingepoch:75, time: 13544491.831303(s), valid (NDCG@5: 0.6239, HR@5: 0.7496, NDCG@10: 0.6416, HR@10: 0.8038, NDCG@20: 0.6518, HR@20: 0.8437), test (NDCG@5: 0.6152, HR@5: 0.7386, NDCG@10: 0.6334, HR@10: 0.7945, NDCG@20: 0.6446, HR@20: 0.8386)
loss in epoch 76 iteration 1561: 0.527158796787262
loss in epoch 77 iteration 1561: 0.5152649283409119
loss in epoch 78 iteration 1561: 0.5165892839431763
loss in epoch 79 iteration 1561: 0.5314679145812988
loss in epoch 80 iteration 1561: 0.5227778553962708
Evaluatingepoch:80, time: 14072942.076206(s), valid (NDCG@5: 0.6262, HR@5: 0.7487, NDCG@10: 0.6440, HR@10: 0.8035, NDCG@20: 0.6541, HR@20: 0.8434), test (NDCG@5: 0.6183, HR@5: 0.7397, NDCG@10: 0.6362, HR@10: 0.7948, NDCG@20: 0.6470, HR@20: 0.8372)
loss in epoch 81 iteration 1561: 0.5054360032081604
loss in epoch 82 iteration 1561: 0.511999785900116
loss in epoch 83 iteration 1561: 0.49341991543769836
loss in epoch 84 iteration 1561: 0.5182815790176392
loss in epoch 85 iteration 1561: 0.5012162923812866
Evaluatingepoch:85, time: 14602332.720757(s), valid (NDCG@5: 0.6277, HR@5: 0.7470, NDCG@10: 0.6453, HR@10: 0.8010, NDCG@20: 0.6562, HR@20: 0.8434), test (NDCG@5: 0.6184, HR@5: 0.7379, NDCG@10: 0.6365, HR@10: 0.7934, NDCG@20: 0.6477, HR@20: 0.8374)
loss in epoch 86 iteration 1561: 0.5121036767959595
loss in epoch 87 iteration 1561: 0.49469006061553955
loss in epoch 88 iteration 1561: 0.5086752772331238
loss in epoch 89 iteration 1561: 0.48292624950408936
loss in epoch 90 iteration 1561: 0.49911031126976013
Evaluatingepoch:90, time: 15130869.310856(s), valid (NDCG@5: 0.6292, HR@5: 0.7478, NDCG@10: 0.6474, HR@10: 0.8036, NDCG@20: 0.6574, HR@20: 0.8433), test (NDCG@5: 0.6186, HR@5: 0.7388, NDCG@10: 0.6370, HR@10: 0.7949, NDCG@20: 0.6477, HR@20: 0.8371)
loss in epoch 91 iteration 1561: 0.5041158199310303
loss in epoch 92 iteration 1561: 0.4758724570274353
loss in epoch 93 iteration 1561: 0.5017826557159424
loss in epoch 94 iteration 1561: 0.513980507850647
loss in epoch 95 iteration 1561: 0.49001574516296387
Evaluatingepoch:95, time: 15660368.974686(s), valid (NDCG@5: 0.6250, HR@5: 0.7473, NDCG@10: 0.6427, HR@10: 0.8019, NDCG@20: 0.6535, HR@20: 0.8441), test (NDCG@5: 0.6170, HR@5: 0.7375, NDCG@10: 0.6355, HR@10: 0.7940, NDCG@20: 0.6464, HR@20: 0.8370)
loss in epoch 96 iteration 1561: 0.47338175773620605
loss in epoch 97 iteration 1561: 0.5105670094490051
loss in epoch 98 iteration 1561: 0.5153255462646484
loss in epoch 99 iteration 1561: 0.5257604718208313
loss in epoch 100 iteration 1561: 0.5155488848686218
Evaluatingepoch:100, time: 16189388.248920(s), valid (NDCG@5: 0.6168, HR@5: 0.7473, NDCG@10: 0.6350, HR@10: 0.8030, NDCG@20: 0.6454, HR@20: 0.8442), test (NDCG@5: 0.6099, HR@5: 0.7374, NDCG@10: 0.6286, HR@10: 0.7947, NDCG@20: 0.6393, HR@20: 0.8372)
loss in epoch 101 iteration 1561: 0.5098658204078674
loss in epoch 102 iteration 1561: 0.49483075737953186
loss in epoch 103 iteration 1561: 0.5111724138259888
loss in epoch 104 iteration 1561: 0.5174751877784729
loss in epoch 105 iteration 1561: 0.4799796938896179
Evaluatingepoch:105, time: 16717618.988276(s), valid (NDCG@5: 0.6198, HR@5: 0.7481, NDCG@10: 0.6375, HR@10: 0.8022, NDCG@20: 0.6482, HR@20: 0.8443), test (NDCG@5: 0.6130, HR@5: 0.7374, NDCG@10: 0.6316, HR@10: 0.7946, NDCG@20: 0.6427, HR@20: 0.8382)
loss in epoch 106 iteration 1561: 0.5019596815109253
loss in epoch 107 iteration 1561: 0.5209577679634094
loss in epoch 108 iteration 1561: 0.4820779860019684
loss in epoch 109 iteration 1561: 0.5042997598648071
loss in epoch 110 iteration 1561: 0.47568902373313904
Evaluatingepoch:110, time: 17247081.863165(s), valid (NDCG@5: 0.6137, HR@5: 0.7482, NDCG@10: 0.6315, HR@10: 0.8028, NDCG@20: 0.6421, HR@20: 0.8444), test (NDCG@5: 0.6049, HR@5: 0.7390, NDCG@10: 0.6234, HR@10: 0.7958, NDCG@20: 0.6341, HR@20: 0.8380)
loss in epoch 111 iteration 1561: 0.47747963666915894
loss in epoch 112 iteration 1561: 0.4752429127693176
loss in epoch 113 iteration 1561: 0.4983176290988922
loss in epoch 114 iteration 1561: 0.47924476861953735
loss in epoch 115 iteration 1561: 0.48238605260849
Evaluatingepoch:115, time: 17775516.868591(s), valid (NDCG@5: 0.6183, HR@5: 0.7469, NDCG@10: 0.6362, HR@10: 0.8014, NDCG@20: 0.6468, HR@20: 0.8431), test (NDCG@5: 0.6088, HR@5: 0.7372, NDCG@10: 0.6277, HR@10: 0.7956, NDCG@20: 0.6382, HR@20: 0.8368)
loss in epoch 116 iteration 1561: 0.5117719769477844
loss in epoch 117 iteration 1561: 0.4622940719127655
loss in epoch 118 iteration 1561: 0.4927525818347931
loss in epoch 119 iteration 1561: 0.4843257963657379
loss in epoch 120 iteration 1561: 0.48084113001823425
Evaluatingepoch:120, time: 18305225.615978(s), valid (NDCG@5: 0.6248, HR@5: 0.7473, NDCG@10: 0.6430, HR@10: 0.8032, NDCG@20: 0.6531, HR@20: 0.8428), test (NDCG@5: 0.6147, HR@5: 0.7357, NDCG@10: 0.6333, HR@10: 0.7928, NDCG@20: 0.6443, HR@20: 0.8359)
loss in epoch 121 iteration 1561: 0.484080046415329
loss in epoch 122 iteration 1561: 0.5005738139152527
loss in epoch 123 iteration 1561: 0.48710864782333374
loss in epoch 124 iteration 1561: 0.4993857145309448
loss in epoch 125 iteration 1561: 0.4912515878677368
Evaluatingepoch:125, time: 18835198.078632(s), valid (NDCG@5: 0.6306, HR@5: 0.7476, NDCG@10: 0.6486, HR@10: 0.8025, NDCG@20: 0.6590, HR@20: 0.8433), test (NDCG@5: 0.6192, HR@5: 0.7378, NDCG@10: 0.6377, HR@10: 0.7946, NDCG@20: 0.6486, HR@20: 0.8371)
loss in epoch 126 iteration 1561: 0.49499475955963135
loss in epoch 127 iteration 1561: 0.4864163100719452
loss in epoch 128 iteration 1561: 0.5003546476364136
loss in epoch 129 iteration 1561: 0.4919823706150055
loss in epoch 130 iteration 1561: 0.48796117305755615
Evaluatingepoch:130, time: 19363765.042067(s), valid (NDCG@5: 0.6303, HR@5: 0.7477, NDCG@10: 0.6479, HR@10: 0.8016, NDCG@20: 0.6582, HR@20: 0.8422), test (NDCG@5: 0.6194, HR@5: 0.7376, NDCG@10: 0.6379, HR@10: 0.7944, NDCG@20: 0.6485, HR@20: 0.8360)
loss in epoch 131 iteration 1561: 0.5010175704956055
loss in epoch 132 iteration 1561: 0.48481225967407227
loss in epoch 133 iteration 1561: 0.47959139943122864
loss in epoch 134 iteration 1561: 0.46429988741874695
loss in epoch 135 iteration 1561: 0.5015761256217957
Evaluatingepoch:135, time: 19893390.385628(s), valid (NDCG@5: 0.6312, HR@5: 0.7489, NDCG@10: 0.6484, HR@10: 0.8020, NDCG@20: 0.6588, HR@20: 0.8428), test (NDCG@5: 0.6223, HR@5: 0.7384, NDCG@10: 0.6398, HR@10: 0.7921, NDCG@20: 0.6509, HR@20: 0.8356)
loss in epoch 136 iteration 1561: 0.4785344898700714
loss in epoch 137 iteration 1561: 0.4959331452846527
loss in epoch 138 iteration 1561: 0.49683526158332825
loss in epoch 139 iteration 1561: 0.4883294105529785
loss in epoch 140 iteration 1561: 0.4944189786911011
Evaluatingepoch:140, time: 20423022.836447(s), valid (NDCG@5: 0.6286, HR@5: 0.7459, NDCG@10: 0.6468, HR@10: 0.8020, NDCG@20: 0.6571, HR@20: 0.8424), test (NDCG@5: 0.6193, HR@5: 0.7387, NDCG@10: 0.6371, HR@10: 0.7934, NDCG@20: 0.6481, HR@20: 0.8366)
loss in epoch 141 iteration 1561: 0.4912594258785248
loss in epoch 142 iteration 1561: 0.4690404534339905
loss in epoch 143 iteration 1561: 0.47711634635925293
loss in epoch 144 iteration 1561: 0.45966047048568726
loss in epoch 145 iteration 1561: 0.49762892723083496
Evaluatingepoch:145, time: 20952933.406830(s), valid (NDCG@5: 0.6285, HR@5: 0.7477, NDCG@10: 0.6462, HR@10: 0.8020, NDCG@20: 0.6565, HR@20: 0.8424), test (NDCG@5: 0.6202, HR@5: 0.7373, NDCG@10: 0.6392, HR@10: 0.7955, NDCG@20: 0.6495, HR@20: 0.8363)
loss in epoch 146 iteration 1561: 0.4785456359386444
loss in epoch 147 iteration 1561: 0.47306710481643677
loss in epoch 148 iteration 1561: 0.4678264558315277
loss in epoch 149 iteration 1561: 0.492034375667572
loss in epoch 150 iteration 1561: 0.46490663290023804
Evaluatingepoch:150, time: 21482206.817627(s), valid (NDCG@5: 0.6273, HR@5: 0.7454, NDCG@10: 0.6455, HR@10: 0.8013, NDCG@20: 0.6559, HR@20: 0.8418), test (NDCG@5: 0.6175, HR@5: 0.7369, NDCG@10: 0.6355, HR@10: 0.7920, NDCG@20: 0.6464, HR@20: 0.8351)
loss in epoch 151 iteration 1561: 0.46137070655822754
loss in epoch 152 iteration 1561: 0.4880681037902832
loss in epoch 153 iteration 1561: 0.46833333373069763
loss in epoch 154 iteration 1561: 0.4689275622367859
loss in epoch 155 iteration 1561: 0.4820387363433838
Evaluatingepoch:155, time: 22011316.661835(s), valid (NDCG@5: 0.6286, HR@5: 0.7478, NDCG@10: 0.6458, HR@10: 0.8008, NDCG@20: 0.6563, HR@20: 0.8418), test (NDCG@5: 0.6179, HR@5: 0.7385, NDCG@10: 0.6354, HR@10: 0.7924, NDCG@20: 0.6463, HR@20: 0.8350)
loss in epoch 156 iteration 1561: 0.49033403396606445
loss in epoch 157 iteration 1561: 0.48423734307289124
loss in epoch 158 iteration 1561: 0.4856109619140625
loss in epoch 159 iteration 1561: 0.4692658483982086
loss in epoch 160 iteration 1561: 0.4496978223323822
Evaluatingepoch:160, time: 22541114.617348(s), valid (NDCG@5: 0.6301, HR@5: 0.7490, NDCG@10: 0.6470, HR@10: 0.8006, NDCG@20: 0.6577, HR@20: 0.8425), test (NDCG@5: 0.6211, HR@5: 0.7395, NDCG@10: 0.6389, HR@10: 0.7940, NDCG@20: 0.6496, HR@20: 0.8361)
loss in epoch 161 iteration 1561: 0.4590001702308655
loss in epoch 162 iteration 1561: 0.45672672986984253
loss in epoch 163 iteration 1561: 0.47182291746139526
loss in epoch 164 iteration 1561: 0.469882994890213
loss in epoch 165 iteration 1561: 0.4907293915748596
Evaluatingepoch:165, time: 23069676.316023(s), valid (NDCG@5: 0.6283, HR@5: 0.7465, NDCG@10: 0.6466, HR@10: 0.8024, NDCG@20: 0.6569, HR@20: 0.8431), test (NDCG@5: 0.6197, HR@5: 0.7367, NDCG@10: 0.6385, HR@10: 0.7946, NDCG@20: 0.6491, HR@20: 0.8360)
loss in epoch 166 iteration 1561: 0.4848187565803528
loss in epoch 167 iteration 1561: 0.4828122854232788
loss in epoch 168 iteration 1561: 0.4749561548233032
loss in epoch 169 iteration 1561: 0.4730079770088196
loss in epoch 170 iteration 1561: 0.4664076566696167
Evaluatingepoch:170, time: 23599394.067049(s), valid (NDCG@5: 0.6296, HR@5: 0.7476, NDCG@10: 0.6473, HR@10: 0.8020, NDCG@20: 0.6575, HR@20: 0.8420), test (NDCG@5: 0.6213, HR@5: 0.7375, NDCG@10: 0.6396, HR@10: 0.7938, NDCG@20: 0.6504, HR@20: 0.8363)
loss in epoch 171 iteration 1561: 0.5028016567230225
loss in epoch 172 iteration 1561: 0.45929110050201416
loss in epoch 173 iteration 1561: 0.47487789392471313
loss in epoch 174 iteration 1561: 0.48093298077583313
loss in epoch 175 iteration 1561: 0.4681081771850586
Evaluatingepoch:175, time: 24128911.252499(s), valid (NDCG@5: 0.6307, HR@5: 0.7480, NDCG@10: 0.6486, HR@10: 0.8029, NDCG@20: 0.6585, HR@20: 0.8415), test (NDCG@5: 0.6209, HR@5: 0.7363, NDCG@10: 0.6393, HR@10: 0.7931, NDCG@20: 0.6502, HR@20: 0.8357)
loss in epoch 176 iteration 1561: 0.46299490332603455
loss in epoch 177 iteration 1561: 0.4633333384990692
loss in epoch 178 iteration 1561: 0.4479212164878845
loss in epoch 179 iteration 1561: 0.48927542567253113
loss in epoch 180 iteration 1561: 0.4667174816131592
Evaluatingepoch:180, time: 24658103.851795(s), valid (NDCG@5: 0.6315, HR@5: 0.7490, NDCG@10: 0.6492, HR@10: 0.8035, NDCG@20: 0.6597, HR@20: 0.8444), test (NDCG@5: 0.6227, HR@5: 0.7378, NDCG@10: 0.6414, HR@10: 0.7950, NDCG@20: 0.6523, HR@20: 0.8380)
loss in epoch 181 iteration 1561: 0.4560469388961792
loss in epoch 182 iteration 1561: 0.46534889936447144
loss in epoch 183 iteration 1561: 0.4524785876274109
loss in epoch 184 iteration 1561: 0.48175501823425293
loss in epoch 185 iteration 1561: 0.4709692895412445
Evaluatingepoch:185, time: 25187849.125862(s), valid (NDCG@5: 0.6316, HR@5: 0.7486, NDCG@10: 0.6496, HR@10: 0.8038, NDCG@20: 0.6599, HR@20: 0.8445), test (NDCG@5: 0.6243, HR@5: 0.7390, NDCG@10: 0.6428, HR@10: 0.7959, NDCG@20: 0.6534, HR@20: 0.8376)
loss in epoch 186 iteration 1561: 0.4688677191734314
loss in epoch 187 iteration 1561: 0.44658178091049194
loss in epoch 188 iteration 1561: 0.46680960059165955
loss in epoch 189 iteration 1561: 0.4519527852535248
loss in epoch 190 iteration 1561: 0.46920210123062134
Evaluatingepoch:190, time: 25717542.419910(s), valid (NDCG@5: 0.6327, HR@5: 0.7493, NDCG@10: 0.6505, HR@10: 0.8040, NDCG@20: 0.6609, HR@20: 0.8448), test (NDCG@5: 0.6240, HR@5: 0.7395, NDCG@10: 0.6422, HR@10: 0.7953, NDCG@20: 0.6534, HR@20: 0.8392)
loss in epoch 191 iteration 1561: 0.47997957468032837
loss in epoch 192 iteration 1561: 0.46372127532958984
loss in epoch 193 iteration 1561: 0.5225523710250854
loss in epoch 194 iteration 1561: 0.45331165194511414
loss in epoch 195 iteration 1561: 0.4813596308231354
Evaluatingepoch:195, time: 26247086.759567(s), valid (NDCG@5: 0.6323, HR@5: 0.7487, NDCG@10: 0.6501, HR@10: 0.8032, NDCG@20: 0.6607, HR@20: 0.8452), test (NDCG@5: 0.6250, HR@5: 0.7403, NDCG@10: 0.6436, HR@10: 0.7974, NDCG@20: 0.6543, HR@20: 0.8396)
loss in epoch 196 iteration 1561: 0.4465615749359131
loss in epoch 197 iteration 1561: 0.4815427362918854
loss in epoch 198 iteration 1561: 0.47661125659942627
loss in epoch 199 iteration 1561: 0.4259709417819977
loss in epoch 200 iteration 1561: 0.4812290370464325
Evaluatingepoch:200, time: 26776221.620083(s), valid (NDCG@5: 0.6344, HR@5: 0.7484, NDCG@10: 0.6526, HR@10: 0.8044, NDCG@20: 0.6629, HR@20: 0.8448), test (NDCG@5: 0.6237, HR@5: 0.7392, NDCG@10: 0.6424, HR@10: 0.7965, NDCG@20: 0.6533, HR@20: 0.8391)
loss in epoch 201 iteration 1561: 0.4641852378845215
loss in epoch 202 iteration 1561: 0.4489695429801941
loss in epoch 203 iteration 1561: 0.47669994831085205
loss in epoch 204 iteration 1561: 0.45610836148262024
loss in epoch 205 iteration 1561: 0.4573608934879303
Evaluatingepoch:205, time: 27305807.271481(s), valid (NDCG@5: 0.6332, HR@5: 0.7502, NDCG@10: 0.6510, HR@10: 0.8047, NDCG@20: 0.6614, HR@20: 0.8453), test (NDCG@5: 0.6249, HR@5: 0.7404, NDCG@10: 0.6433, HR@10: 0.7970, NDCG@20: 0.6542, HR@20: 0.8396)
loss in epoch 206 iteration 1561: 0.47901254892349243
loss in epoch 207 iteration 1561: 0.4829185903072357
loss in epoch 208 iteration 1561: 0.47822046279907227
loss in epoch 209 iteration 1561: 0.4691692888736725
loss in epoch 210 iteration 1561: 0.4686014652252197
Evaluatingepoch:210, time: 27835083.538771(s), valid (NDCG@5: 0.6352, HR@5: 0.7502, NDCG@10: 0.6529, HR@10: 0.8045, NDCG@20: 0.6632, HR@20: 0.8450), test (NDCG@5: 0.6259, HR@5: 0.7415, NDCG@10: 0.6443, HR@10: 0.7980, NDCG@20: 0.6549, HR@20: 0.8398)
loss in epoch 211 iteration 1561: 0.465638130903244
loss in epoch 212 iteration 1561: 0.45344749093055725
loss in epoch 213 iteration 1561: 0.4542488157749176
loss in epoch 214 iteration 1561: 0.42758870124816895
loss in epoch 215 iteration 1561: 0.4668748080730438
Evaluatingepoch:215, time: 28363532.048941(s), valid (NDCG@5: 0.6347, HR@5: 0.7490, NDCG@10: 0.6532, HR@10: 0.8057, NDCG@20: 0.6632, HR@20: 0.8450), test (NDCG@5: 0.6267, HR@5: 0.7423, NDCG@10: 0.6447, HR@10: 0.7976, NDCG@20: 0.6554, HR@20: 0.8398)
loss in epoch 216 iteration 1561: 0.46328064799308777
loss in epoch 217 iteration 1561: 0.46111130714416504
loss in epoch 218 iteration 1561: 0.46006637811660767
loss in epoch 219 iteration 1561: 0.431986927986145
loss in epoch 220 iteration 1561: 0.46787184476852417
Evaluatingepoch:220, time: 28893084.917545(s), valid (NDCG@5: 0.6345, HR@5: 0.7508, NDCG@10: 0.6525, HR@10: 0.8059, NDCG@20: 0.6631, HR@20: 0.8476), test (NDCG@5: 0.6244, HR@5: 0.7401, NDCG@10: 0.6437, HR@10: 0.7993, NDCG@20: 0.6542, HR@20: 0.8405)
loss in epoch 221 iteration 1561: 0.44620442390441895
loss in epoch 222 iteration 1561: 0.47894006967544556
loss in epoch 223 iteration 1561: 0.44714200496673584
loss in epoch 224 iteration 1561: 0.48038816452026367
loss in epoch 225 iteration 1561: 0.4505959153175354
Evaluatingepoch:225, time: 29422570.049763(s), valid (NDCG@5: 0.6362, HR@5: 0.7510, NDCG@10: 0.6543, HR@10: 0.8064, NDCG@20: 0.6646, HR@20: 0.8471), test (NDCG@5: 0.6271, HR@5: 0.7407, NDCG@10: 0.6456, HR@10: 0.7971, NDCG@20: 0.6569, HR@20: 0.8417)
loss in epoch 226 iteration 1561: 0.4435896873474121
loss in epoch 227 iteration 1561: 0.4814346730709076
loss in epoch 228 iteration 1561: 0.45180144906044006
loss in epoch 229 iteration 1561: 0.47028911113739014
loss in epoch 230 iteration 1561: 0.4393233358860016
Evaluatingepoch:230, time: 29951996.757507(s), valid (NDCG@5: 0.6365, HR@5: 0.7510, NDCG@10: 0.6543, HR@10: 0.8058, NDCG@20: 0.6648, HR@20: 0.8469), test (NDCG@5: 0.6297, HR@5: 0.7447, NDCG@10: 0.6477, HR@10: 0.8001, NDCG@20: 0.6584, HR@20: 0.8424)
loss in epoch 231 iteration 1561: 0.4701066315174103
loss in epoch 232 iteration 1561: 0.4422149956226349
loss in epoch 233 iteration 1561: 0.47818055748939514
loss in epoch 234 iteration 1561: 0.4576677680015564
loss in epoch 235 iteration 1561: 0.4708845615386963
Evaluatingepoch:235, time: 30480983.830690(s), valid (NDCG@5: 0.6367, HR@5: 0.7509, NDCG@10: 0.6545, HR@10: 0.8054, NDCG@20: 0.6652, HR@20: 0.8474), test (NDCG@5: 0.6287, HR@5: 0.7418, NDCG@10: 0.6476, HR@10: 0.7997, NDCG@20: 0.6584, HR@20: 0.8420)
loss in epoch 236 iteration 1561: 0.46763020753860474
loss in epoch 237 iteration 1561: 0.45279309153556824
loss in epoch 238 iteration 1561: 0.4602424204349518
loss in epoch 239 iteration 1561: 0.46515172719955444
loss in epoch 240 iteration 1561: 0.45262205600738525
Evaluatingepoch:240, time: 31010249.209642(s), valid (NDCG@5: 0.6366, HR@5: 0.7545, NDCG@10: 0.6536, HR@10: 0.8065, NDCG@20: 0.6640, HR@20: 0.8475), test (NDCG@5: 0.6276, HR@5: 0.7416, NDCG@10: 0.6465, HR@10: 0.7996, NDCG@20: 0.6578, HR@20: 0.8438)
loss in epoch 241 iteration 1561: 0.4598024785518646
loss in epoch 242 iteration 1561: 0.4626806676387787
loss in epoch 243 iteration 1561: 0.4628576338291168
loss in epoch 244 iteration 1561: 0.4557693302631378
loss in epoch 245 iteration 1561: 0.4454306364059448
Evaluatingepoch:245, time: 31539494.695187(s), valid (NDCG@5: 0.6380, HR@5: 0.7534, NDCG@10: 0.6558, HR@10: 0.8080, NDCG@20: 0.6659, HR@20: 0.8476), test (NDCG@5: 0.6289, HR@5: 0.7450, NDCG@10: 0.6469, HR@10: 0.8000, NDCG@20: 0.6578, HR@20: 0.8428)
loss in epoch 246 iteration 1561: 0.44973745942115784
loss in epoch 247 iteration 1561: 0.4615563750267029
loss in epoch 248 iteration 1561: 0.47944384813308716
loss in epoch 249 iteration 1561: 0.44774705171585083
loss in epoch 250 iteration 1561: 0.4477536976337433
Evaluatingepoch:250, time: 32068499.491692(s), valid (NDCG@5: 0.6393, HR@5: 0.7538, NDCG@10: 0.6566, HR@10: 0.8069, NDCG@20: 0.6669, HR@20: 0.8474), test (NDCG@5: 0.6306, HR@5: 0.7446, NDCG@10: 0.6488, HR@10: 0.8002, NDCG@20: 0.6596, HR@20: 0.8429)
loss in epoch 251 iteration 1561: 0.45471033453941345
loss in epoch 252 iteration 1561: 0.4529242217540741
loss in epoch 253 iteration 1561: 0.46071872115135193
loss in epoch 254 iteration 1561: 0.4474736750125885
loss in epoch 255 iteration 1561: 0.43537378311157227
Evaluatingepoch:255, time: 32598300.190449(s), valid (NDCG@5: 0.6374, HR@5: 0.7534, NDCG@10: 0.6549, HR@10: 0.8072, NDCG@20: 0.6651, HR@20: 0.8472), test (NDCG@5: 0.6252, HR@5: 0.7407, NDCG@10: 0.6446, HR@10: 0.8004, NDCG@20: 0.6554, HR@20: 0.8430)
loss in epoch 256 iteration 1561: 0.46690768003463745
loss in epoch 257 iteration 1561: 0.44582581520080566
loss in epoch 258 iteration 1561: 0.4483754634857178
loss in epoch 259 iteration 1561: 0.4373115599155426
loss in epoch 260 iteration 1561: 0.459907591342926
Evaluatingepoch:260, time: 33128040.079117(s), valid (NDCG@5: 0.6384, HR@5: 0.7522, NDCG@10: 0.6563, HR@10: 0.8070, NDCG@20: 0.6668, HR@20: 0.8484), test (NDCG@5: 0.6306, HR@5: 0.7443, NDCG@10: 0.6490, HR@10: 0.8007, NDCG@20: 0.6599, HR@20: 0.8436)
loss in epoch 261 iteration 1561: 0.44080883264541626
loss in epoch 262 iteration 1561: 0.4504806399345398
loss in epoch 263 iteration 1561: 0.4456302225589752
loss in epoch 264 iteration 1561: 0.432119756937027
loss in epoch 265 iteration 1561: 0.45730060338974
Evaluatingepoch:265, time: 33657302.886486(s), valid (NDCG@5: 0.6370, HR@5: 0.7519, NDCG@10: 0.6550, HR@10: 0.8070, NDCG@20: 0.6654, HR@20: 0.8478), test (NDCG@5: 0.6294, HR@5: 0.7442, NDCG@10: 0.6478, HR@10: 0.8006, NDCG@20: 0.6588, HR@20: 0.8438)
loss in epoch 266 iteration 1561: 0.4470824897289276
loss in epoch 267 iteration 1561: 0.4451829791069031
loss in epoch 268 iteration 1561: 0.4434397220611572
loss in epoch 269 iteration 1561: 0.4631078839302063
loss in epoch 270 iteration 1561: 0.4458105266094208
Evaluatingepoch:270, time: 34186867.453337(s), valid (NDCG@5: 0.6388, HR@5: 0.7526, NDCG@10: 0.6571, HR@10: 0.8085, NDCG@20: 0.6673, HR@20: 0.8488), test (NDCG@5: 0.6300, HR@5: 0.7437, NDCG@10: 0.6487, HR@10: 0.8011, NDCG@20: 0.6596, HR@20: 0.8440)
loss in epoch 271 iteration 1561: 0.43493226170539856
loss in epoch 272 iteration 1561: 0.4389282763004303
loss in epoch 273 iteration 1561: 0.4439447224140167
loss in epoch 274 iteration 1561: 0.45017382502555847
loss in epoch 275 iteration 1561: 0.4474168121814728
Evaluatingepoch:275, time: 34716721.642494(s), valid (NDCG@5: 0.6396, HR@5: 0.7535, NDCG@10: 0.6579, HR@10: 0.8096, NDCG@20: 0.6678, HR@20: 0.8486), test (NDCG@5: 0.6309, HR@5: 0.7436, NDCG@10: 0.6498, HR@10: 0.8014, NDCG@20: 0.6608, HR@20: 0.8450)
loss in epoch 276 iteration 1561: 0.42929986119270325
loss in epoch 277 iteration 1561: 0.4418177008628845
loss in epoch 278 iteration 1561: 0.44305700063705444
loss in epoch 279 iteration 1561: 0.4516214430332184
loss in epoch 280 iteration 1561: 0.46469372510910034
Evaluatingepoch:280, time: 35246593.706846(s), valid (NDCG@5: 0.6398, HR@5: 0.7538, NDCG@10: 0.6578, HR@10: 0.8088, NDCG@20: 0.6680, HR@20: 0.8493), test (NDCG@5: 0.6306, HR@5: 0.7449, NDCG@10: 0.6490, HR@10: 0.8012, NDCG@20: 0.6601, HR@20: 0.8450)
loss in epoch 281 iteration 1561: 0.4747069478034973
loss in epoch 282 iteration 1561: 0.45494213700294495
loss in epoch 283 iteration 1561: 0.4658837914466858
loss in epoch 284 iteration 1561: 0.4404505789279938
loss in epoch 285 iteration 1561: 0.447563111782074
Evaluatingepoch:285, time: 35775675.421953(s), valid (NDCG@5: 0.6376, HR@5: 0.7524, NDCG@10: 0.6556, HR@10: 0.8078, NDCG@20: 0.6660, HR@20: 0.8485), test (NDCG@5: 0.6297, HR@5: 0.7439, NDCG@10: 0.6483, HR@10: 0.8010, NDCG@20: 0.6594, HR@20: 0.8444)
loss in epoch 286 iteration 1561: 0.44457462430000305
loss in epoch 287 iteration 1561: 0.43804672360420227
loss in epoch 288 iteration 1561: 0.45670434832572937
loss in epoch 289 iteration 1561: 0.43468794226646423
loss in epoch 290 iteration 1561: 0.44936153292655945
Evaluatingepoch:290, time: 36304954.149723(s), valid (NDCG@5: 0.6413, HR@5: 0.7555, NDCG@10: 0.6594, HR@10: 0.8108, NDCG@20: 0.6693, HR@20: 0.8498), test (NDCG@5: 0.6321, HR@5: 0.7457, NDCG@10: 0.6501, HR@10: 0.8012, NDCG@20: 0.6611, HR@20: 0.8444)
loss in epoch 291 iteration 1561: 0.4765565097332001
loss in epoch 292 iteration 1561: 0.43805572390556335
loss in epoch 293 iteration 1561: 0.4514695405960083
loss in epoch 294 iteration 1561: 0.4495677351951599
loss in epoch 295 iteration 1561: 0.42647528648376465
Evaluatingepoch:295, time: 36834488.526583(s), valid (NDCG@5: 0.6385, HR@5: 0.7536, NDCG@10: 0.6565, HR@10: 0.8088, NDCG@20: 0.6666, HR@20: 0.8488), test (NDCG@5: 0.6284, HR@5: 0.7443, NDCG@10: 0.6467, HR@10: 0.8002, NDCG@20: 0.6580, HR@20: 0.8447)
loss in epoch 296 iteration 1561: 0.44842275977134705
loss in epoch 297 iteration 1561: 0.4289099872112274
loss in epoch 298 iteration 1561: 0.45351442694664
loss in epoch 299 iteration 1561: 0.4480234384536743
loss in epoch 300 iteration 1561: 0.45971253514289856
Evaluatingepoch:300, time: 37363883.981943(s), valid (NDCG@5: 0.6351, HR@5: 0.7551, NDCG@10: 0.6527, HR@10: 0.8089, NDCG@20: 0.6632, HR@20: 0.8503), test (NDCG@5: 0.6270, HR@5: 0.7453, NDCG@10: 0.6458, HR@10: 0.8027, NDCG@20: 0.6567, HR@20: 0.8458)
loss in epoch 301 iteration 1561: 0.4478676915168762
loss in epoch 302 iteration 1561: 0.4489167630672455
loss in epoch 303 iteration 1561: 0.4375387728214264
loss in epoch 304 iteration 1561: 0.44469746947288513
loss in epoch 305 iteration 1561: 0.4454054832458496
Evaluatingepoch:305, time: 37892652.047873(s), valid (NDCG@5: 0.6379, HR@5: 0.7536, NDCG@10: 0.6563, HR@10: 0.8100, NDCG@20: 0.6665, HR@20: 0.8504), test (NDCG@5: 0.6292, HR@5: 0.7461, NDCG@10: 0.6475, HR@10: 0.8026, NDCG@20: 0.6584, HR@20: 0.8455)
loss in epoch 306 iteration 1561: 0.433526873588562
loss in epoch 307 iteration 1561: 0.46889886260032654
loss in epoch 308 iteration 1561: 0.4381862282752991
loss in epoch 309 iteration 1561: 0.44054868817329407
loss in epoch 310 iteration 1561: 0.44457316398620605
Evaluatingepoch:310, time: 38422136.227846(s), valid (NDCG@5: 0.6375, HR@5: 0.7548, NDCG@10: 0.6551, HR@10: 0.8088, NDCG@20: 0.6655, HR@20: 0.8499), test (NDCG@5: 0.6286, HR@5: 0.7446, NDCG@10: 0.6471, HR@10: 0.8014, NDCG@20: 0.6582, HR@20: 0.8448)
loss in epoch 311 iteration 1561: 0.44161030650138855
loss in epoch 312 iteration 1561: 0.4483422040939331
loss in epoch 313 iteration 1561: 0.44968679547309875
loss in epoch 314 iteration 1561: 0.4363212585449219
loss in epoch 315 iteration 1561: 0.45027413964271545
Evaluatingepoch:315, time: 38951551.755428(s), valid (NDCG@5: 0.6390, HR@5: 0.7564, NDCG@10: 0.6563, HR@10: 0.8096, NDCG@20: 0.6665, HR@20: 0.8498), test (NDCG@5: 0.6304, HR@5: 0.7450, NDCG@10: 0.6491, HR@10: 0.8026, NDCG@20: 0.6601, HR@20: 0.8458)
loss in epoch 316 iteration 1561: 0.42670372128486633
loss in epoch 317 iteration 1561: 0.45982614159584045
loss in epoch 318 iteration 1561: 0.44416505098342896
loss in epoch 319 iteration 1561: 0.44382190704345703
loss in epoch 320 iteration 1561: 0.43576371669769287
Evaluatingepoch:320, time: 39480643.660069(s), valid (NDCG@5: 0.6389, HR@5: 0.7543, NDCG@10: 0.6570, HR@10: 0.8098, NDCG@20: 0.6672, HR@20: 0.8496), test (NDCG@5: 0.6305, HR@5: 0.7457, NDCG@10: 0.6492, HR@10: 0.8030, NDCG@20: 0.6599, HR@20: 0.8455)
loss in epoch 321 iteration 1561: 0.42585423588752747
loss in epoch 322 iteration 1561: 0.46090614795684814
loss in epoch 323 iteration 1561: 0.42198848724365234
loss in epoch 324 iteration 1561: 0.44831863045692444
loss in epoch 325 iteration 1561: 0.4237707853317261
Evaluatingepoch:325, time: 40009978.964567(s), valid (NDCG@5: 0.6387, HR@5: 0.7535, NDCG@10: 0.6568, HR@10: 0.8090, NDCG@20: 0.6672, HR@20: 0.8499), test (NDCG@5: 0.6302, HR@5: 0.7450, NDCG@10: 0.6489, HR@10: 0.8025, NDCG@20: 0.6597, HR@20: 0.8449)
loss in epoch 326 iteration 1561: 0.4490220844745636
loss in epoch 327 iteration 1561: 0.4617730975151062
loss in epoch 328 iteration 1561: 0.44464582204818726
loss in epoch 329 iteration 1561: 0.43487313389778137
loss in epoch 330 iteration 1561: 0.4274708330631256
Evaluatingepoch:330, time: 40539262.858152(s), valid (NDCG@5: 0.6392, HR@5: 0.7540, NDCG@10: 0.6569, HR@10: 0.8082, NDCG@20: 0.6675, HR@20: 0.8501), test (NDCG@5: 0.6323, HR@5: 0.7459, NDCG@10: 0.6508, HR@10: 0.8026, NDCG@20: 0.6618, HR@20: 0.8459)
loss in epoch 331 iteration 1561: 0.4451880156993866
loss in epoch 332 iteration 1561: 0.42445093393325806
loss in epoch 333 iteration 1561: 0.45055997371673584
loss in epoch 334 iteration 1561: 0.4458300769329071
loss in epoch 335 iteration 1561: 0.4505576491355896
Evaluatingepoch:335, time: 41069044.972897(s), valid (NDCG@5: 0.6395, HR@5: 0.7539, NDCG@10: 0.6576, HR@10: 0.8092, NDCG@20: 0.6683, HR@20: 0.8513), test (NDCG@5: 0.6311, HR@5: 0.7449, NDCG@10: 0.6495, HR@10: 0.8014, NDCG@20: 0.6607, HR@20: 0.8455)
loss in epoch 336 iteration 1561: 0.4270292818546295
loss in epoch 337 iteration 1561: 0.4358591139316559
loss in epoch 338 iteration 1561: 0.45163947343826294
loss in epoch 339 iteration 1561: 0.43117839097976685
loss in epoch 340 iteration 1561: 0.4423549175262451
Evaluatingepoch:340, time: 41598500.789881(s), valid (NDCG@5: 0.6391, HR@5: 0.7542, NDCG@10: 0.6575, HR@10: 0.8104, NDCG@20: 0.6677, HR@20: 0.8504), test (NDCG@5: 0.6306, HR@5: 0.7440, NDCG@10: 0.6493, HR@10: 0.8013, NDCG@20: 0.6605, HR@20: 0.8454)
loss in epoch 341 iteration 1561: 0.43513041734695435
loss in epoch 342 iteration 1561: 0.44756439328193665
loss in epoch 343 iteration 1561: 0.4379127323627472
