Arguments:
backbone qmamba
batch_size 128
dataset tracks256_mapped
device cuda:7
dropout_rate 0.5
eval_neg_sample 100
hidden_units 16
inference_only False
l2_emb 0.0
lr 0.0005
maxlen 208
name mamba
num_blocks 2
num_epochs 500
num_heads 1
state_dict_path None
train_dir tracks256_default/

user_count: 25001
item count: 2225190
25001
average sequence length: 248.89
Quantized Mamba Rec device:  cuda:7
Replacing linears
parameters_count: 35611633
Current Memory Allocated: 560.79 MB
Current Memory Cached: 746.00 MB
Peak Memory Cached: 746.00 MB
loss in epoch 1 iteration 194: 1.176058292388916
loss in epoch 2 iteration 194: 1.0852468013763428
loss in epoch 3 iteration 194: 1.0244038105010986
loss in epoch 4 iteration 194: 0.9766016006469727
loss in epoch 5 iteration 194: 0.9401369690895081
Evaluatingepoch:5, time: 23336.900473(s), valid (NDCG@5: 0.2892, HR@5: 0.4013, NDCG@10: 0.3230, HR@10: 0.5054, NDCG@20: 0.3437, HR@20: 0.5869), test (NDCG@5: 0.2785, HR@5: 0.3827, NDCG@10: 0.3107, HR@10: 0.4819, NDCG@20: 0.3313, HR@20: 0.5630)
loss in epoch 6 iteration 194: 0.9064496755599976
loss in epoch 7 iteration 194: 0.851810097694397
loss in epoch 8 iteration 194: 0.8458695411682129
loss in epoch 9 iteration 194: 0.8247500658035278
loss in epoch 10 iteration 194: 0.7820392847061157
Evaluatingepoch:10, time: 48094.716311(s), valid (NDCG@5: 0.2989, HR@5: 0.4056, NDCG@10: 0.3318, HR@10: 0.5069, NDCG@20: 0.3523, HR@20: 0.5874), test (NDCG@5: 0.2777, HR@5: 0.3791, NDCG@10: 0.3086, HR@10: 0.4741, NDCG@20: 0.3282, HR@20: 0.5511)
loss in epoch 11 iteration 194: 0.7777523398399353
loss in epoch 12 iteration 194: 0.7326439619064331
loss in epoch 13 iteration 194: 0.7204943895339966
loss in epoch 14 iteration 194: 0.690554678440094
loss in epoch 15 iteration 194: 0.6592179536819458
Evaluatingepoch:15, time: 70882.879019(s), valid (NDCG@5: 0.3021, HR@5: 0.4110, NDCG@10: 0.3337, HR@10: 0.5085, NDCG@20: 0.3538, HR@20: 0.5873), test (NDCG@5: 0.2852, HR@5: 0.3860, NDCG@10: 0.3153, HR@10: 0.4789, NDCG@20: 0.3348, HR@20: 0.5559)
loss in epoch 16 iteration 194: 0.6709087491035461
loss in epoch 17 iteration 194: 0.6365470290184021
loss in epoch 18 iteration 194: 0.645393967628479
loss in epoch 19 iteration 194: 0.6268452405929565
loss in epoch 20 iteration 194: 0.6121983528137207
Evaluatingepoch:20, time: 93953.324080(s), valid (NDCG@5: 0.3066, HR@5: 0.4147, NDCG@10: 0.3377, HR@10: 0.5106, NDCG@20: 0.3571, HR@20: 0.5868), test (NDCG@5: 0.2846, HR@5: 0.3879, NDCG@10: 0.3137, HR@10: 0.4776, NDCG@20: 0.3331, HR@20: 0.5541)
loss in epoch 21 iteration 194: 0.5759536027908325
loss in epoch 22 iteration 194: 0.5798702836036682
loss in epoch 23 iteration 194: 0.5515967011451721
loss in epoch 24 iteration 194: 0.5528120994567871
loss in epoch 25 iteration 194: 0.5442267656326294
Evaluatingepoch:25, time: 118335.053682(s), valid (NDCG@5: 0.3087, HR@5: 0.4187, NDCG@10: 0.3398, HR@10: 0.5143, NDCG@20: 0.3588, HR@20: 0.5895), test (NDCG@5: 0.2901, HR@5: 0.3950, NDCG@10: 0.3192, HR@10: 0.4847, NDCG@20: 0.3386, HR@20: 0.5611)
loss in epoch 26 iteration 194: 0.5404785871505737
loss in epoch 27 iteration 194: 0.5363458395004272
loss in epoch 28 iteration 194: 0.5192167162895203
loss in epoch 29 iteration 194: 0.5227146148681641
loss in epoch 30 iteration 194: 0.5078427791595459
Evaluatingepoch:30, time: 140621.548176(s), valid (NDCG@5: 0.3062, HR@5: 0.4154, NDCG@10: 0.3370, HR@10: 0.5102, NDCG@20: 0.3568, HR@20: 0.5881), test (NDCG@5: 0.2941, HR@5: 0.3997, NDCG@10: 0.3229, HR@10: 0.4883, NDCG@20: 0.3422, HR@20: 0.5645)
loss in epoch 31 iteration 194: 0.48332303762435913
loss in epoch 32 iteration 194: 0.47939324378967285
loss in epoch 33 iteration 194: 0.47573596239089966
loss in epoch 34 iteration 194: 0.4934405982494354
loss in epoch 35 iteration 194: 0.474646657705307
Evaluatingepoch:35, time: 164488.882065(s), valid (NDCG@5: 0.3091, HR@5: 0.4203, NDCG@10: 0.3394, HR@10: 0.5137, NDCG@20: 0.3590, HR@20: 0.5907), test (NDCG@5: 0.2965, HR@5: 0.4008, NDCG@10: 0.3258, HR@10: 0.4912, NDCG@20: 0.3457, HR@20: 0.5693)
loss in epoch 36 iteration 194: 0.4634318947792053
loss in epoch 37 iteration 194: 0.49386483430862427
loss in epoch 38 iteration 194: 0.47425979375839233
loss in epoch 39 iteration 194: 0.4512452781200409
loss in epoch 40 iteration 194: 0.44057396054267883
Evaluatingepoch:40, time: 186395.416260(s), valid (NDCG@5: 0.3099, HR@5: 0.4221, NDCG@10: 0.3403, HR@10: 0.5158, NDCG@20: 0.3597, HR@20: 0.5924), test (NDCG@5: 0.2974, HR@5: 0.4044, NDCG@10: 0.3265, HR@10: 0.4941, NDCG@20: 0.3464, HR@20: 0.5723)
loss in epoch 41 iteration 194: 0.44240158796310425
loss in epoch 42 iteration 194: 0.4495979845523834
loss in epoch 43 iteration 194: 0.4401610195636749
loss in epoch 44 iteration 194: 0.42679616808891296
loss in epoch 45 iteration 194: 0.4370611608028412
Evaluatingepoch:45, time: 210369.528294(s), valid (NDCG@5: 0.3123, HR@5: 0.4243, NDCG@10: 0.3424, HR@10: 0.5164, NDCG@20: 0.3623, HR@20: 0.5949), test (NDCG@5: 0.2997, HR@5: 0.4064, NDCG@10: 0.3295, HR@10: 0.4982, NDCG@20: 0.3490, HR@20: 0.5748)
loss in epoch 46 iteration 194: 0.4287441074848175
loss in epoch 47 iteration 194: 0.44923266768455505
loss in epoch 48 iteration 194: 0.4297489523887634
loss in epoch 49 iteration 194: 0.42747509479522705
loss in epoch 50 iteration 194: 0.42006540298461914
Evaluatingepoch:50, time: 235312.129498(s), valid (NDCG@5: 0.3111, HR@5: 0.4246, NDCG@10: 0.3411, HR@10: 0.5169, NDCG@20: 0.3608, HR@20: 0.5946), test (NDCG@5: 0.3014, HR@5: 0.4109, NDCG@10: 0.3303, HR@10: 0.4995, NDCG@20: 0.3503, HR@20: 0.5782)
loss in epoch 51 iteration 194: 0.41946929693222046
loss in epoch 52 iteration 194: 0.4093172550201416
loss in epoch 53 iteration 194: 0.42634743452072144
loss in epoch 54 iteration 194: 0.4044734835624695
loss in epoch 55 iteration 194: 0.4105980396270752
Evaluatingepoch:55, time: 259314.723969(s), valid (NDCG@5: 0.3169, HR@5: 0.4299, NDCG@10: 0.3463, HR@10: 0.5203, NDCG@20: 0.3651, HR@20: 0.5945), test (NDCG@5: 0.3040, HR@5: 0.4111, NDCG@10: 0.3332, HR@10: 0.5011, NDCG@20: 0.3526, HR@20: 0.5775)
loss in epoch 56 iteration 194: 0.406332790851593
loss in epoch 57 iteration 194: 0.40051811933517456
loss in epoch 58 iteration 194: 0.405653178691864
loss in epoch 59 iteration 194: 0.40087273716926575
loss in epoch 60 iteration 194: 0.38430067896842957
Evaluatingepoch:60, time: 282613.408089(s), valid (NDCG@5: 0.3175, HR@5: 0.4318, NDCG@10: 0.3465, HR@10: 0.5210, NDCG@20: 0.3659, HR@20: 0.5973), test (NDCG@5: 0.3042, HR@5: 0.4129, NDCG@10: 0.3334, HR@10: 0.5027, NDCG@20: 0.3529, HR@20: 0.5797)
loss in epoch 61 iteration 194: 0.40410304069519043
loss in epoch 62 iteration 194: 0.3984528183937073
loss in epoch 63 iteration 194: 0.4013740122318268
loss in epoch 64 iteration 194: 0.39794373512268066
loss in epoch 65 iteration 194: 0.3878169655799866
Evaluatingepoch:65, time: 304137.912989(s), valid (NDCG@5: 0.3163, HR@5: 0.4285, NDCG@10: 0.3463, HR@10: 0.5205, NDCG@20: 0.3656, HR@20: 0.5965), test (NDCG@5: 0.3059, HR@5: 0.4149, NDCG@10: 0.3341, HR@10: 0.5017, NDCG@20: 0.3536, HR@20: 0.5787)
loss in epoch 66 iteration 194: 0.3977927267551422
loss in epoch 67 iteration 194: 0.38230499625205994
loss in epoch 68 iteration 194: 0.40687933564186096
loss in epoch 69 iteration 194: 0.3741009831428528
loss in epoch 70 iteration 194: 0.3821186125278473
Evaluatingepoch:70, time: 329468.266249(s), valid (NDCG@5: 0.3204, HR@5: 0.4343, NDCG@10: 0.3489, HR@10: 0.5220, NDCG@20: 0.3682, HR@20: 0.5982), test (NDCG@5: 0.3080, HR@5: 0.4162, NDCG@10: 0.3370, HR@10: 0.5054, NDCG@20: 0.3559, HR@20: 0.5799)
loss in epoch 71 iteration 194: 0.3822503983974457
loss in epoch 72 iteration 194: 0.37085163593292236
loss in epoch 73 iteration 194: 0.38780730962753296
loss in epoch 74 iteration 194: 0.3852062225341797
loss in epoch 75 iteration 194: 0.3903510272502899
Evaluatingepoch:75, time: 352101.862907(s), valid (NDCG@5: 0.3208, HR@5: 0.4363, NDCG@10: 0.3491, HR@10: 0.5235, NDCG@20: 0.3677, HR@20: 0.5967), test (NDCG@5: 0.3106, HR@5: 0.4198, NDCG@10: 0.3395, HR@10: 0.5088, NDCG@20: 0.3580, HR@20: 0.5816)
loss in epoch 76 iteration 194: 0.36732217669487
loss in epoch 77 iteration 194: 0.3765605092048645
loss in epoch 78 iteration 194: 0.3924829959869385
loss in epoch 79 iteration 194: 0.3864104449748993
loss in epoch 80 iteration 194: 0.3784031867980957
Evaluatingepoch:80, time: 375829.576492(s), valid (NDCG@5: 0.3236, HR@5: 0.4355, NDCG@10: 0.3525, HR@10: 0.5242, NDCG@20: 0.3714, HR@20: 0.5988), test (NDCG@5: 0.3104, HR@5: 0.4198, NDCG@10: 0.3389, HR@10: 0.5075, NDCG@20: 0.3578, HR@20: 0.5822)
loss in epoch 81 iteration 194: 0.38451939821243286
loss in epoch 82 iteration 194: 0.3762844502925873
loss in epoch 83 iteration 194: 0.38329169154167175
loss in epoch 84 iteration 194: 0.375593364238739
loss in epoch 85 iteration 194: 0.3741026818752289
Evaluatingepoch:85, time: 403010.591507(s), valid (NDCG@5: 0.3277, HR@5: 0.4407, NDCG@10: 0.3553, HR@10: 0.5256, NDCG@20: 0.3741, HR@20: 0.5995), test (NDCG@5: 0.3131, HR@5: 0.4222, NDCG@10: 0.3426, HR@10: 0.5127, NDCG@20: 0.3607, HR@20: 0.5841)
loss in epoch 86 iteration 194: 0.37167155742645264
loss in epoch 87 iteration 194: 0.3736072778701782
loss in epoch 88 iteration 194: 0.35040444135665894
loss in epoch 89 iteration 194: 0.35357189178466797
loss in epoch 90 iteration 194: 0.36907804012298584
Evaluatingepoch:90, time: 412230.449915(s), valid (NDCG@5: 0.3282, HR@5: 0.4399, NDCG@10: 0.3566, HR@10: 0.5273, NDCG@20: 0.3750, HR@20: 0.5998), test (NDCG@5: 0.3163, HR@5: 0.4265, NDCG@10: 0.3426, HR@10: 0.5076, NDCG@20: 0.3623, HR@20: 0.5852)
loss in epoch 91 iteration 194: 0.3687686324119568
loss in epoch 92 iteration 194: 0.3685998022556305
loss in epoch 93 iteration 194: 0.3629079759120941
loss in epoch 94 iteration 194: 0.3547958731651306
loss in epoch 95 iteration 194: 0.36885130405426025
Evaluatingepoch:95, time: 420442.251205(s), valid (NDCG@5: 0.3311, HR@5: 0.4438, NDCG@10: 0.3586, HR@10: 0.5287, NDCG@20: 0.3770, HR@20: 0.6012), test (NDCG@5: 0.3153, HR@5: 0.4240, NDCG@10: 0.3433, HR@10: 0.5102, NDCG@20: 0.3618, HR@20: 0.5828)
loss in epoch 96 iteration 194: 0.3728334605693817
loss in epoch 97 iteration 194: 0.3519308567047119
loss in epoch 98 iteration 194: 0.36300477385520935
loss in epoch 99 iteration 194: 0.3582771420478821
Current Memory Allocated: 560.79 MB
Current Memory Cached: 746.00 MB
Peak Memory Cached: 746.00 MB
loss in epoch 100 iteration 194: 0.356762170791626
Evaluatingepoch:100, time: 429259.682894(s), valid (NDCG@5: 0.3320, HR@5: 0.4433, NDCG@10: 0.3597, HR@10: 0.5283, NDCG@20: 0.3786, HR@20: 0.6030), test (NDCG@5: 0.3157, HR@5: 0.4235, NDCG@10: 0.3441, HR@10: 0.5112, NDCG@20: 0.3628, HR@20: 0.5845)
loss in epoch 101 iteration 194: 0.3675236403942108
loss in epoch 102 iteration 194: 0.34739184379577637
loss in epoch 103 iteration 194: 0.35313138365745544
loss in epoch 104 iteration 194: 0.35041046142578125
loss in epoch 105 iteration 194: 0.3505242168903351
Evaluatingepoch:105, time: 437559.524059(s), valid (NDCG@5: 0.3296, HR@5: 0.4428, NDCG@10: 0.3579, HR@10: 0.5297, NDCG@20: 0.3763, HR@20: 0.6023), test (NDCG@5: 0.3179, HR@5: 0.4259, NDCG@10: 0.3454, HR@10: 0.5107, NDCG@20: 0.3640, HR@20: 0.5841)
loss in epoch 106 iteration 194: 0.3577708601951599
loss in epoch 107 iteration 194: 0.35206979513168335
loss in epoch 108 iteration 194: 0.3492910861968994
loss in epoch 109 iteration 194: 0.3516404628753662
loss in epoch 110 iteration 194: 0.36131274700164795
Evaluatingepoch:110, time: 445803.610802(s), valid (NDCG@5: 0.3343, HR@5: 0.4472, NDCG@10: 0.3617, HR@10: 0.5315, NDCG@20: 0.3803, HR@20: 0.6049), test (NDCG@5: 0.3204, HR@5: 0.4291, NDCG@10: 0.3481, HR@10: 0.5144, NDCG@20: 0.3663, HR@20: 0.5859)
loss in epoch 111 iteration 194: 0.3546886444091797
loss in epoch 112 iteration 194: 0.35344821214675903
loss in epoch 113 iteration 194: 0.36470186710357666
loss in epoch 114 iteration 194: 0.3590051531791687
loss in epoch 115 iteration 194: 0.35289573669433594
Evaluatingepoch:115, time: 453887.127399(s), valid (NDCG@5: 0.3368, HR@5: 0.4481, NDCG@10: 0.3640, HR@10: 0.5323, NDCG@20: 0.3820, HR@20: 0.6032), test (NDCG@5: 0.3206, HR@5: 0.4273, NDCG@10: 0.3489, HR@10: 0.5143, NDCG@20: 0.3668, HR@20: 0.5853)
loss in epoch 116 iteration 194: 0.34465959668159485
loss in epoch 117 iteration 194: 0.3479384481906891
loss in epoch 118 iteration 194: 0.35539698600769043
loss in epoch 119 iteration 194: 0.36493533849716187
loss in epoch 120 iteration 194: 0.343822181224823
Evaluatingepoch:120, time: 461864.336967(s), valid (NDCG@5: 0.3358, HR@5: 0.4475, NDCG@10: 0.3633, HR@10: 0.5323, NDCG@20: 0.3818, HR@20: 0.6050), test (NDCG@5: 0.3223, HR@5: 0.4305, NDCG@10: 0.3497, HR@10: 0.5149, NDCG@20: 0.3678, HR@20: 0.5864)
loss in epoch 121 iteration 194: 0.3652113676071167
loss in epoch 122 iteration 194: 0.34602877497673035
loss in epoch 123 iteration 194: 0.3467719852924347
loss in epoch 124 iteration 194: 0.3415554165840149
loss in epoch 125 iteration 194: 0.35570839047431946
Evaluatingepoch:125, time: 469948.501348(s), valid (NDCG@5: 0.3397, HR@5: 0.4511, NDCG@10: 0.3663, HR@10: 0.5329, NDCG@20: 0.3847, HR@20: 0.6056), test (NDCG@5: 0.3240, HR@5: 0.4323, NDCG@10: 0.3508, HR@10: 0.5146, NDCG@20: 0.3689, HR@20: 0.5858)
loss in epoch 126 iteration 194: 0.3343328535556793
loss in epoch 127 iteration 194: 0.34145036339759827
loss in epoch 128 iteration 194: 0.33989042043685913
loss in epoch 129 iteration 194: 0.3518591821193695
loss in epoch 130 iteration 194: 0.33594512939453125
Evaluatingepoch:130, time: 477967.975378(s), valid (NDCG@5: 0.3412, HR@5: 0.4509, NDCG@10: 0.3686, HR@10: 0.5353, NDCG@20: 0.3864, HR@20: 0.6057), test (NDCG@5: 0.3260, HR@5: 0.4349, NDCG@10: 0.3532, HR@10: 0.5186, NDCG@20: 0.3707, HR@20: 0.5877)
loss in epoch 131 iteration 194: 0.3510163128376007
loss in epoch 132 iteration 194: 0.3513205051422119
loss in epoch 133 iteration 194: 0.3471452295780182
loss in epoch 134 iteration 194: 0.3497121334075928
loss in epoch 135 iteration 194: 0.3354926109313965
Evaluatingepoch:135, time: 486001.786709(s), valid (NDCG@5: 0.3416, HR@5: 0.4520, NDCG@10: 0.3682, HR@10: 0.5340, NDCG@20: 0.3863, HR@20: 0.6052), test (NDCG@5: 0.3268, HR@5: 0.4355, NDCG@10: 0.3534, HR@10: 0.5172, NDCG@20: 0.3712, HR@20: 0.5874)
loss in epoch 136 iteration 194: 0.34492892026901245
loss in epoch 137 iteration 194: 0.3478047847747803
loss in epoch 138 iteration 194: 0.3431473672389984
loss in epoch 139 iteration 194: 0.339649498462677
loss in epoch 140 iteration 194: 0.34575456380844116
Evaluatingepoch:140, time: 494595.730782(s), valid (NDCG@5: 0.3462, HR@5: 0.4573, NDCG@10: 0.3725, HR@10: 0.5380, NDCG@20: 0.3898, HR@20: 0.6064), test (NDCG@5: 0.3289, HR@5: 0.4361, NDCG@10: 0.3549, HR@10: 0.5160, NDCG@20: 0.3730, HR@20: 0.5874)
loss in epoch 141 iteration 194: 0.3325324058532715
loss in epoch 142 iteration 194: 0.33299368619918823
loss in epoch 143 iteration 194: 0.3388059139251709
loss in epoch 144 iteration 194: 0.33407673239707947
loss in epoch 145 iteration 194: 0.3382716774940491
Evaluatingepoch:145, time: 502180.637598(s), valid (NDCG@5: 0.3440, HR@5: 0.4543, NDCG@10: 0.3709, HR@10: 0.5372, NDCG@20: 0.3888, HR@20: 0.6077), test (NDCG@5: 0.3285, HR@5: 0.4351, NDCG@10: 0.3551, HR@10: 0.5169, NDCG@20: 0.3731, HR@20: 0.5879)
loss in epoch 146 iteration 194: 0.3294634521007538
loss in epoch 147 iteration 194: 0.35236674547195435
loss in epoch 148 iteration 194: 0.3401421904563904
loss in epoch 149 iteration 194: 0.33442431688308716
loss in epoch 150 iteration 194: 0.32924214005470276
Evaluatingepoch:150, time: 510184.743404(s), valid (NDCG@5: 0.3461, HR@5: 0.4556, NDCG@10: 0.3724, HR@10: 0.5364, NDCG@20: 0.3903, HR@20: 0.6068), test (NDCG@5: 0.3314, HR@5: 0.4385, NDCG@10: 0.3568, HR@10: 0.5168, NDCG@20: 0.3749, HR@20: 0.5880)
loss in epoch 151 iteration 194: 0.3363502025604248
loss in epoch 152 iteration 194: 0.32349589467048645
loss in epoch 153 iteration 194: 0.3395986557006836
loss in epoch 154 iteration 194: 0.326896071434021
loss in epoch 155 iteration 194: 0.33210787177085876
Evaluatingepoch:155, time: 518396.754503(s), valid (NDCG@5: 0.3466, HR@5: 0.4568, NDCG@10: 0.3734, HR@10: 0.5393, NDCG@20: 0.3907, HR@20: 0.6073), test (NDCG@5: 0.3311, HR@5: 0.4395, NDCG@10: 0.3569, HR@10: 0.5191, NDCG@20: 0.3747, HR@20: 0.5890)
loss in epoch 156 iteration 194: 0.3425969183444977
loss in epoch 157 iteration 194: 0.35249653458595276
loss in epoch 158 iteration 194: 0.3323885500431061
loss in epoch 159 iteration 194: 0.3224317729473114
loss in epoch 160 iteration 194: 0.3305923342704773
Evaluatingepoch:160, time: 526774.974346(s), valid (NDCG@5: 0.3472, HR@5: 0.4570, NDCG@10: 0.3742, HR@10: 0.5399, NDCG@20: 0.3914, HR@20: 0.6079), test (NDCG@5: 0.3314, HR@5: 0.4378, NDCG@10: 0.3574, HR@10: 0.5176, NDCG@20: 0.3755, HR@20: 0.5889)
loss in epoch 161 iteration 194: 0.3327528238296509
loss in epoch 162 iteration 194: 0.3354300856590271
loss in epoch 163 iteration 194: 0.3235311806201935
loss in epoch 164 iteration 194: 0.3317648768424988
loss in epoch 165 iteration 194: 0.3329355716705322
Evaluatingepoch:165, time: 535465.006590(s), valid (NDCG@5: 0.3514, HR@5: 0.4616, NDCG@10: 0.3771, HR@10: 0.5410, NDCG@20: 0.3941, HR@20: 0.6080), test (NDCG@5: 0.3342, HR@5: 0.4409, NDCG@10: 0.3603, HR@10: 0.5212, NDCG@20: 0.3774, HR@20: 0.5889)
loss in epoch 166 iteration 194: 0.32938680052757263
loss in epoch 167 iteration 194: 0.32212957739830017
loss in epoch 168 iteration 194: 0.3206189274787903
loss in epoch 169 iteration 194: 0.3312762975692749
loss in epoch 170 iteration 194: 0.3250640332698822
Evaluatingepoch:170, time: 543925.101519(s), valid (NDCG@5: 0.3501, HR@5: 0.4606, NDCG@10: 0.3763, HR@10: 0.5411, NDCG@20: 0.3937, HR@20: 0.6095), test (NDCG@5: 0.3354, HR@5: 0.4404, NDCG@10: 0.3613, HR@10: 0.5205, NDCG@20: 0.3789, HR@20: 0.5899)
loss in epoch 171 iteration 194: 0.3361063301563263
loss in epoch 172 iteration 194: 0.32807686924934387
loss in epoch 173 iteration 194: 0.3281612992286682
loss in epoch 174 iteration 194: 0.318850576877594
loss in epoch 175 iteration 194: 0.3378763198852539
Evaluatingepoch:175, time: 552442.401886(s), valid (NDCG@5: 0.3523, HR@5: 0.4602, NDCG@10: 0.3785, HR@10: 0.5409, NDCG@20: 0.3958, HR@20: 0.6091), test (NDCG@5: 0.3344, HR@5: 0.4415, NDCG@10: 0.3605, HR@10: 0.5217, NDCG@20: 0.3776, HR@20: 0.5893)
loss in epoch 176 iteration 194: 0.32647544145584106
loss in epoch 177 iteration 194: 0.31970810890197754
loss in epoch 178 iteration 194: 0.32126691937446594
loss in epoch 179 iteration 194: 0.31699830293655396
loss in epoch 180 iteration 194: 0.319747656583786
Evaluatingepoch:180, time: 575611.259699(s), valid (NDCG@5: 0.3524, HR@5: 0.4618, NDCG@10: 0.3783, HR@10: 0.5415, NDCG@20: 0.3953, HR@20: 0.6087), test (NDCG@5: 0.3346, HR@5: 0.4418, NDCG@10: 0.3599, HR@10: 0.5196, NDCG@20: 0.3778, HR@20: 0.5900)
loss in epoch 181 iteration 194: 0.32790642976760864
loss in epoch 182 iteration 194: 0.3372393250465393
loss in epoch 183 iteration 194: 0.32765769958496094
loss in epoch 184 iteration 194: 0.3247344195842743
loss in epoch 185 iteration 194: 0.32144439220428467
Evaluatingepoch:185, time: 599981.626272(s), valid (NDCG@5: 0.3528, HR@5: 0.4632, NDCG@10: 0.3780, HR@10: 0.5406, NDCG@20: 0.3954, HR@20: 0.6093), test (NDCG@5: 0.3366, HR@5: 0.4426, NDCG@10: 0.3621, HR@10: 0.5212, NDCG@20: 0.3796, HR@20: 0.5903)
loss in epoch 186 iteration 194: 0.31857144832611084
loss in epoch 187 iteration 194: 0.32341468334198
loss in epoch 188 iteration 194: 0.3249432146549225
loss in epoch 189 iteration 194: 0.32625195384025574
loss in epoch 190 iteration 194: 0.3223811388015747
Evaluatingepoch:190, time: 621378.351450(s), valid (NDCG@5: 0.3543, HR@5: 0.4642, NDCG@10: 0.3800, HR@10: 0.5437, NDCG@20: 0.3970, HR@20: 0.6107), test (NDCG@5: 0.3387, HR@5: 0.4439, NDCG@10: 0.3649, HR@10: 0.5246, NDCG@20: 0.3821, HR@20: 0.5923)
loss in epoch 191 iteration 194: 0.32538557052612305
loss in epoch 192 iteration 194: 0.3309444785118103
loss in epoch 193 iteration 194: 0.31876152753829956
loss in epoch 194 iteration 194: 0.3209017515182495
loss in epoch 195 iteration 194: 0.32085731625556946
Evaluatingepoch:195, time: 647944.508076(s), valid (NDCG@5: 0.3553, HR@5: 0.4628, NDCG@10: 0.3814, HR@10: 0.5432, NDCG@20: 0.3989, HR@20: 0.6123), test (NDCG@5: 0.3362, HR@5: 0.4421, NDCG@10: 0.3620, HR@10: 0.5217, NDCG@20: 0.3796, HR@20: 0.5910)
loss in epoch 196 iteration 194: 0.3115598261356354
loss in epoch 197 iteration 194: 0.3216891884803772
loss in epoch 198 iteration 194: 0.3243209719657898
Current Memory Allocated: 560.79 MB
Current Memory Cached: 746.00 MB
Peak Memory Cached: 746.00 MB
loss in epoch 199 iteration 194: 0.3186792731285095
loss in epoch 200 iteration 194: 0.3244285583496094
Evaluatingepoch:200, time: 672471.488237(s), valid (NDCG@5: 0.3591, HR@5: 0.4685, NDCG@10: 0.3841, HR@10: 0.5456, NDCG@20: 0.4015, HR@20: 0.6143), test (NDCG@5: 0.3405, HR@5: 0.4465, NDCG@10: 0.3662, HR@10: 0.5257, NDCG@20: 0.3836, HR@20: 0.5945)
loss in epoch 201 iteration 194: 0.33467918634414673
loss in epoch 202 iteration 194: 0.3275052011013031
loss in epoch 203 iteration 194: 0.3311265707015991
loss in epoch 204 iteration 194: 0.3398151695728302
loss in epoch 205 iteration 194: 0.3167085647583008
Evaluatingepoch:205, time: 696563.222170(s), valid (NDCG@5: 0.3595, HR@5: 0.4682, NDCG@10: 0.3853, HR@10: 0.5473, NDCG@20: 0.4017, HR@20: 0.6120), test (NDCG@5: 0.3423, HR@5: 0.4461, NDCG@10: 0.3683, HR@10: 0.5262, NDCG@20: 0.3856, HR@20: 0.5946)
loss in epoch 206 iteration 194: 0.3248276710510254
loss in epoch 207 iteration 194: 0.3228808641433716
loss in epoch 208 iteration 194: 0.3163831830024719
loss in epoch 209 iteration 194: 0.3206390142440796
loss in epoch 210 iteration 194: 0.30513760447502136
Evaluatingepoch:210, time: 718105.311871(s), valid (NDCG@5: 0.3607, HR@5: 0.4685, NDCG@10: 0.3864, HR@10: 0.5481, NDCG@20: 0.4030, HR@20: 0.6135), test (NDCG@5: 0.3429, HR@5: 0.4491, NDCG@10: 0.3683, HR@10: 0.5272, NDCG@20: 0.3853, HR@20: 0.5946)
loss in epoch 211 iteration 194: 0.3306531310081482
loss in epoch 212 iteration 194: 0.31427210569381714
loss in epoch 213 iteration 194: 0.3236108720302582
loss in epoch 214 iteration 194: 0.3157575726509094
loss in epoch 215 iteration 194: 0.32154375314712524
Evaluatingepoch:215, time: 747050.088882(s), valid (NDCG@5: 0.3604, HR@5: 0.4684, NDCG@10: 0.3860, HR@10: 0.5474, NDCG@20: 0.4031, HR@20: 0.6149), test (NDCG@5: 0.3425, HR@5: 0.4482, NDCG@10: 0.3677, HR@10: 0.5257, NDCG@20: 0.3851, HR@20: 0.5943)
loss in epoch 216 iteration 194: 0.3253539800643921
loss in epoch 217 iteration 194: 0.3228396773338318
loss in epoch 218 iteration 194: 0.31401386857032776
loss in epoch 219 iteration 194: 0.3396182954311371
loss in epoch 220 iteration 194: 0.3120579123497009
Evaluatingepoch:220, time: 769161.293030(s), valid (NDCG@5: 0.3608, HR@5: 0.4676, NDCG@10: 0.3862, HR@10: 0.5457, NDCG@20: 0.4032, HR@20: 0.6127), test (NDCG@5: 0.3434, HR@5: 0.4484, NDCG@10: 0.3691, HR@10: 0.5277, NDCG@20: 0.3863, HR@20: 0.5955)
loss in epoch 221 iteration 194: 0.31855449080467224
loss in epoch 222 iteration 194: 0.32176145911216736
loss in epoch 223 iteration 194: 0.3195483088493347
loss in epoch 224 iteration 194: 0.3120760917663574
loss in epoch 225 iteration 194: 0.31220054626464844
Evaluatingepoch:225, time: 792945.440531(s), valid (NDCG@5: 0.3614, HR@5: 0.4677, NDCG@10: 0.3874, HR@10: 0.5477, NDCG@20: 0.4044, HR@20: 0.6148), test (NDCG@5: 0.3435, HR@5: 0.4490, NDCG@10: 0.3686, HR@10: 0.5264, NDCG@20: 0.3859, HR@20: 0.5944)
loss in epoch 226 iteration 194: 0.3180314302444458
loss in epoch 227 iteration 194: 0.3200039565563202
loss in epoch 228 iteration 194: 0.31941813230514526
loss in epoch 229 iteration 194: 0.32253533601760864
loss in epoch 230 iteration 194: 0.31801503896713257
Evaluatingepoch:230, time: 815510.593653(s), valid (NDCG@5: 0.3624, HR@5: 0.4690, NDCG@10: 0.3885, HR@10: 0.5487, NDCG@20: 0.4053, HR@20: 0.6152), test (NDCG@5: 0.3465, HR@5: 0.4523, NDCG@10: 0.3708, HR@10: 0.5271, NDCG@20: 0.3884, HR@20: 0.5964)
loss in epoch 231 iteration 194: 0.3102009892463684
loss in epoch 232 iteration 194: 0.30528393387794495
loss in epoch 233 iteration 194: 0.30867844820022583
loss in epoch 234 iteration 194: 0.3160676062107086
loss in epoch 235 iteration 194: 0.3272364139556885
Evaluatingepoch:235, time: 840262.677431(s), valid (NDCG@5: 0.3646, HR@5: 0.4726, NDCG@10: 0.3893, HR@10: 0.5486, NDCG@20: 0.4062, HR@20: 0.6154), test (NDCG@5: 0.3479, HR@5: 0.4520, NDCG@10: 0.3730, HR@10: 0.5293, NDCG@20: 0.3899, HR@20: 0.5959)
loss in epoch 236 iteration 194: 0.3073526918888092
loss in epoch 237 iteration 194: 0.3111019432544708
loss in epoch 238 iteration 194: 0.3124312460422516
loss in epoch 239 iteration 194: 0.31218379735946655
loss in epoch 240 iteration 194: 0.31633782386779785
Evaluatingepoch:240, time: 861173.259258(s), valid (NDCG@5: 0.3667, HR@5: 0.4733, NDCG@10: 0.3916, HR@10: 0.5497, NDCG@20: 0.4085, HR@20: 0.6167), test (NDCG@5: 0.3465, HR@5: 0.4530, NDCG@10: 0.3712, HR@10: 0.5293, NDCG@20: 0.3886, HR@20: 0.5981)
loss in epoch 241 iteration 194: 0.3188683092594147
loss in epoch 242 iteration 194: 0.3009900450706482
loss in epoch 243 iteration 194: 0.3086296021938324
loss in epoch 244 iteration 194: 0.31803828477859497
loss in epoch 245 iteration 194: 0.31936943531036377
Evaluatingepoch:245, time: 886554.703951(s), valid (NDCG@5: 0.3665, HR@5: 0.4748, NDCG@10: 0.3916, HR@10: 0.5523, NDCG@20: 0.4080, HR@20: 0.6169), test (NDCG@5: 0.3493, HR@5: 0.4527, NDCG@10: 0.3743, HR@10: 0.5298, NDCG@20: 0.3913, HR@20: 0.5966)
loss in epoch 246 iteration 194: 0.31449246406555176
loss in epoch 247 iteration 194: 0.31665369868278503
loss in epoch 248 iteration 194: 0.3274267613887787
loss in epoch 249 iteration 194: 0.3091176152229309
loss in epoch 250 iteration 194: 0.3184826076030731
Evaluatingepoch:250, time: 911141.181946(s), valid (NDCG@5: 0.3693, HR@5: 0.4759, NDCG@10: 0.3940, HR@10: 0.5520, NDCG@20: 0.4106, HR@20: 0.6173), test (NDCG@5: 0.3515, HR@5: 0.4544, NDCG@10: 0.3764, HR@10: 0.5308, NDCG@20: 0.3935, HR@20: 0.5986)
loss in epoch 251 iteration 194: 0.31715044379234314
loss in epoch 252 iteration 194: 0.3081827461719513
loss in epoch 253 iteration 194: 0.29888081550598145
loss in epoch 254 iteration 194: 0.312690794467926
loss in epoch 255 iteration 194: 0.3084986209869385
Evaluatingepoch:255, time: 933759.850264(s), valid (NDCG@5: 0.3699, HR@5: 0.4764, NDCG@10: 0.3944, HR@10: 0.5519, NDCG@20: 0.4110, HR@20: 0.6179), test (NDCG@5: 0.3507, HR@5: 0.4537, NDCG@10: 0.3756, HR@10: 0.5307, NDCG@20: 0.3928, HR@20: 0.5982)
loss in epoch 256 iteration 194: 0.307746559381485
loss in epoch 257 iteration 194: 0.3108949363231659
loss in epoch 258 iteration 194: 0.3162662386894226
loss in epoch 259 iteration 194: 0.3006255030632019
loss in epoch 260 iteration 194: 0.3145594894886017
Evaluatingepoch:260, time: 956227.017164(s), valid (NDCG@5: 0.3675, HR@5: 0.4743, NDCG@10: 0.3929, HR@10: 0.5523, NDCG@20: 0.4095, HR@20: 0.6177), test (NDCG@5: 0.3496, HR@5: 0.4534, NDCG@10: 0.3744, HR@10: 0.5298, NDCG@20: 0.3917, HR@20: 0.5979)
loss in epoch 261 iteration 194: 0.3065703511238098
loss in epoch 262 iteration 194: 0.3139466941356659
loss in epoch 263 iteration 194: 0.30292901396751404
loss in epoch 264 iteration 194: 0.30754464864730835
loss in epoch 265 iteration 194: 0.2958996295928955
Evaluatingepoch:265, time: 982998.312235(s), valid (NDCG@5: 0.3687, HR@5: 0.4767, NDCG@10: 0.3935, HR@10: 0.5529, NDCG@20: 0.4099, HR@20: 0.6177), test (NDCG@5: 0.3507, HR@5: 0.4548, NDCG@10: 0.3754, HR@10: 0.5307, NDCG@20: 0.3927, HR@20: 0.5991)
loss in epoch 266 iteration 194: 0.30321797728538513
loss in epoch 267 iteration 194: 0.3134588897228241
loss in epoch 268 iteration 194: 0.31285786628723145
loss in epoch 269 iteration 194: 0.30488741397857666
loss in epoch 270 iteration 194: 0.3068300187587738
Evaluatingepoch:270, time: 1006394.351721(s), valid (NDCG@5: 0.3727, HR@5: 0.4790, NDCG@10: 0.3974, HR@10: 0.5549, NDCG@20: 0.4136, HR@20: 0.6188), test (NDCG@5: 0.3543, HR@5: 0.4579, NDCG@10: 0.3785, HR@10: 0.5322, NDCG@20: 0.3961, HR@20: 0.6017)
loss in epoch 271 iteration 194: 0.30061769485473633
loss in epoch 272 iteration 194: 0.31587451696395874
loss in epoch 273 iteration 194: 0.30202406644821167
loss in epoch 274 iteration 194: 0.3124794363975525
loss in epoch 275 iteration 194: 0.3086744248867035
Evaluatingepoch:275, time: 1028151.900291(s), valid (NDCG@5: 0.3705, HR@5: 0.4780, NDCG@10: 0.3948, HR@10: 0.5526, NDCG@20: 0.4118, HR@20: 0.6198), test (NDCG@5: 0.3533, HR@5: 0.4569, NDCG@10: 0.3774, HR@10: 0.5308, NDCG@20: 0.3948, HR@20: 0.6001)
loss in epoch 276 iteration 194: 0.30587977170944214
loss in epoch 277 iteration 194: 0.30594730377197266
loss in epoch 278 iteration 194: 0.3011634945869446
loss in epoch 279 iteration 194: 0.3059341609477997
loss in epoch 280 iteration 194: 0.3053685426712036
Evaluatingepoch:280, time: 1051036.277056(s), valid (NDCG@5: 0.3725, HR@5: 0.4796, NDCG@10: 0.3969, HR@10: 0.5544, NDCG@20: 0.4131, HR@20: 0.6187), test (NDCG@5: 0.3526, HR@5: 0.4561, NDCG@10: 0.3780, HR@10: 0.5343, NDCG@20: 0.3946, HR@20: 0.6000)
loss in epoch 281 iteration 194: 0.3086901605129242
loss in epoch 282 iteration 194: 0.30681729316711426
loss in epoch 283 iteration 194: 0.3160845637321472
loss in epoch 284 iteration 194: 0.3106859624385834
loss in epoch 285 iteration 194: 0.31261324882507324
Evaluatingepoch:285, time: 1076708.801508(s), valid (NDCG@5: 0.3741, HR@5: 0.4796, NDCG@10: 0.3988, HR@10: 0.5554, NDCG@20: 0.4150, HR@20: 0.6192), test (NDCG@5: 0.3559, HR@5: 0.4575, NDCG@10: 0.3810, HR@10: 0.5346, NDCG@20: 0.3976, HR@20: 0.6002)
loss in epoch 286 iteration 194: 0.3085862100124359
loss in epoch 287 iteration 194: 0.30248236656188965
loss in epoch 288 iteration 194: 0.29816949367523193
loss in epoch 289 iteration 194: 0.2976013123989105
loss in epoch 290 iteration 194: 0.30212563276290894
Evaluatingepoch:290, time: 1103841.213703(s), valid (NDCG@5: 0.3740, HR@5: 0.4799, NDCG@10: 0.3986, HR@10: 0.5554, NDCG@20: 0.4148, HR@20: 0.6193), test (NDCG@5: 0.3555, HR@5: 0.4598, NDCG@10: 0.3797, HR@10: 0.5343, NDCG@20: 0.3961, HR@20: 0.5989)
loss in epoch 291 iteration 194: 0.2978512644767761
loss in epoch 292 iteration 194: 0.2940339744091034
loss in epoch 293 iteration 194: 0.29212138056755066
loss in epoch 294 iteration 194: 0.30417391657829285
loss in epoch 295 iteration 194: 0.2999686300754547
Evaluatingepoch:295, time: 1131554.426432(s), valid (NDCG@5: 0.3780, HR@5: 0.4827, NDCG@10: 0.4023, HR@10: 0.5576, NDCG@20: 0.4184, HR@20: 0.6212), test (NDCG@5: 0.3581, HR@5: 0.4603, NDCG@10: 0.3825, HR@10: 0.5352, NDCG@20: 0.3995, HR@20: 0.6025)
loss in epoch 296 iteration 194: 0.30940186977386475
loss in epoch 297 iteration 194: 0.3011351227760315
Current Memory Allocated: 560.79 MB
Current Memory Cached: 746.00 MB
Peak Memory Cached: 746.00 MB
loss in epoch 298 iteration 194: 0.3095730245113373
loss in epoch 299 iteration 194: 0.3130032420158386
loss in epoch 300 iteration 194: 0.3060455620288849
Evaluatingepoch:300, time: 1156094.403744(s), valid (NDCG@5: 0.3758, HR@5: 0.4835, NDCG@10: 0.4000, HR@10: 0.5581, NDCG@20: 0.4160, HR@20: 0.6214), test (NDCG@5: 0.3597, HR@5: 0.4636, NDCG@10: 0.3829, HR@10: 0.5353, NDCG@20: 0.4002, HR@20: 0.6032)
loss in epoch 301 iteration 194: 0.3008665144443512
loss in epoch 302 iteration 194: 0.30999958515167236
loss in epoch 303 iteration 194: 0.2983422577381134
loss in epoch 304 iteration 194: 0.3002775311470032
loss in epoch 305 iteration 194: 0.2903755009174347
Evaluatingepoch:305, time: 1176663.552761(s), valid (NDCG@5: 0.3770, HR@5: 0.4828, NDCG@10: 0.4007, HR@10: 0.5560, NDCG@20: 0.4172, HR@20: 0.6211), test (NDCG@5: 0.3566, HR@5: 0.4595, NDCG@10: 0.3809, HR@10: 0.5342, NDCG@20: 0.3981, HR@20: 0.6021)
loss in epoch 306 iteration 194: 0.2941868305206299
loss in epoch 307 iteration 194: 0.2978072166442871
loss in epoch 308 iteration 194: 0.29589948058128357
loss in epoch 309 iteration 194: 0.30601951479911804
loss in epoch 310 iteration 194: 0.30658355355262756
Evaluatingepoch:310, time: 1199117.416859(s), valid (NDCG@5: 0.3785, HR@5: 0.4839, NDCG@10: 0.4027, HR@10: 0.5582, NDCG@20: 0.4192, HR@20: 0.6232), test (NDCG@5: 0.3602, HR@5: 0.4621, NDCG@10: 0.3843, HR@10: 0.5367, NDCG@20: 0.4009, HR@20: 0.6021)
loss in epoch 311 iteration 194: 0.31342294812202454
loss in epoch 312 iteration 194: 0.3078039586544037
loss in epoch 313 iteration 194: 0.3143218457698822
loss in epoch 314 iteration 194: 0.3016544580459595
loss in epoch 315 iteration 194: 0.2988373041152954
Evaluatingepoch:315, time: 1212563.269138(s), valid (NDCG@5: 0.3795, HR@5: 0.4849, NDCG@10: 0.4033, HR@10: 0.5579, NDCG@20: 0.4192, HR@20: 0.6207), test (NDCG@5: 0.3588, HR@5: 0.4601, NDCG@10: 0.3831, HR@10: 0.5351, NDCG@20: 0.3995, HR@20: 0.5998)
loss in epoch 316 iteration 194: 0.2953951060771942
loss in epoch 317 iteration 194: 0.30567482113838196
loss in epoch 318 iteration 194: 0.29964983463287354
loss in epoch 319 iteration 194: 0.30107998847961426
loss in epoch 320 iteration 194: 0.30556270480155945
Evaluatingepoch:320, time: 1222127.053499(s), valid (NDCG@5: 0.3786, HR@5: 0.4837, NDCG@10: 0.4031, HR@10: 0.5591, NDCG@20: 0.4191, HR@20: 0.6221), test (NDCG@5: 0.3616, HR@5: 0.4641, NDCG@10: 0.3858, HR@10: 0.5386, NDCG@20: 0.4022, HR@20: 0.6035)
loss in epoch 321 iteration 194: 0.3081231713294983
loss in epoch 322 iteration 194: 0.295596182346344
loss in epoch 323 iteration 194: 0.2995150089263916
loss in epoch 324 iteration 194: 0.29773396253585815
loss in epoch 325 iteration 194: 0.30335527658462524
Evaluatingepoch:325, time: 1231460.394621(s), valid (NDCG@5: 0.3819, HR@5: 0.4864, NDCG@10: 0.4061, HR@10: 0.5610, NDCG@20: 0.4221, HR@20: 0.6240), test (NDCG@5: 0.3619, HR@5: 0.4645, NDCG@10: 0.3858, HR@10: 0.5380, NDCG@20: 0.4025, HR@20: 0.6039)
loss in epoch 326 iteration 194: 0.2881365716457367
loss in epoch 327 iteration 194: 0.3048548698425293
loss in epoch 328 iteration 194: 0.29002153873443604
loss in epoch 329 iteration 194: 0.30288761854171753
loss in epoch 330 iteration 194: 0.3057553172111511
Evaluatingepoch:330, time: 1240650.577784(s), valid (NDCG@5: 0.3816, HR@5: 0.4872, NDCG@10: 0.4052, HR@10: 0.5600, NDCG@20: 0.4213, HR@20: 0.6235), test (NDCG@5: 0.3609, HR@5: 0.4613, NDCG@10: 0.3853, HR@10: 0.5362, NDCG@20: 0.4020, HR@20: 0.6020)
loss in epoch 331 iteration 194: 0.28673264384269714
loss in epoch 332 iteration 194: 0.29191136360168457
loss in epoch 333 iteration 194: 0.2980809509754181
loss in epoch 334 iteration 194: 0.30263978242874146
loss in epoch 335 iteration 194: 0.3030945062637329
Evaluatingepoch:335, time: 1248819.481611(s), valid (NDCG@5: 0.3818, HR@5: 0.4863, NDCG@10: 0.4061, HR@10: 0.5610, NDCG@20: 0.4223, HR@20: 0.6250), test (NDCG@5: 0.3645, HR@5: 0.4662, NDCG@10: 0.3885, HR@10: 0.5401, NDCG@20: 0.4045, HR@20: 0.6033)
loss in epoch 336 iteration 194: 0.29253095388412476
loss in epoch 337 iteration 194: 0.29784297943115234
loss in epoch 338 iteration 194: 0.29488518834114075
loss in epoch 339 iteration 194: 0.29715973138809204
loss in epoch 340 iteration 194: 0.29560327529907227
Evaluatingepoch:340, time: 1256914.082527(s), valid (NDCG@5: 0.3822, HR@5: 0.4864, NDCG@10: 0.4060, HR@10: 0.5595, NDCG@20: 0.4223, HR@20: 0.6239), test (NDCG@5: 0.3635, HR@5: 0.4635, NDCG@10: 0.3881, HR@10: 0.5392, NDCG@20: 0.4045, HR@20: 0.6039)
loss in epoch 341 iteration 194: 0.2956739664077759
loss in epoch 342 iteration 194: 0.28222566843032837
loss in epoch 343 iteration 194: 0.2893429398536682
loss in epoch 344 iteration 194: 0.285607248544693
loss in epoch 345 iteration 194: 0.29973456263542175
Evaluatingepoch:345, time: 1264941.134453(s), valid (NDCG@5: 0.3822, HR@5: 0.4873, NDCG@10: 0.4058, HR@10: 0.5598, NDCG@20: 0.4219, HR@20: 0.6229), test (NDCG@5: 0.3632, HR@5: 0.4654, NDCG@10: 0.3875, HR@10: 0.5404, NDCG@20: 0.4038, HR@20: 0.6045)
loss in epoch 346 iteration 194: 0.3095552325248718
loss in epoch 347 iteration 194: 0.2854078710079193
loss in epoch 348 iteration 194: 0.2999151945114136
loss in epoch 349 iteration 194: 0.2919217348098755
loss in epoch 350 iteration 194: 0.2965671718120575
Evaluatingepoch:350, time: 1274204.268932(s), valid (NDCG@5: 0.3859, HR@5: 0.4905, NDCG@10: 0.4091, HR@10: 0.5621, NDCG@20: 0.4251, HR@20: 0.6251), test (NDCG@5: 0.3673, HR@5: 0.4682, NDCG@10: 0.3910, HR@10: 0.5413, NDCG@20: 0.4072, HR@20: 0.6049)
loss in epoch 351 iteration 194: 0.3029015064239502
loss in epoch 352 iteration 194: 0.29530853033065796
loss in epoch 353 iteration 194: 0.29223549365997314
loss in epoch 354 iteration 194: 0.2993741035461426
loss in epoch 355 iteration 194: 0.29412326216697693
Evaluatingepoch:355, time: 1282200.962067(s), valid (NDCG@5: 0.3831, HR@5: 0.4878, NDCG@10: 0.4069, HR@10: 0.5610, NDCG@20: 0.4230, HR@20: 0.6247), test (NDCG@5: 0.3640, HR@5: 0.4654, NDCG@10: 0.3879, HR@10: 0.5391, NDCG@20: 0.4042, HR@20: 0.6033)
loss in epoch 356 iteration 194: 0.3015871047973633
loss in epoch 357 iteration 194: 0.27939316630363464
loss in epoch 358 iteration 194: 0.2911565601825714
loss in epoch 359 iteration 194: 0.28731483221054077
loss in epoch 360 iteration 194: 0.2849965989589691
Evaluatingepoch:360, time: 1290427.124500(s), valid (NDCG@5: 0.3855, HR@5: 0.4909, NDCG@10: 0.4090, HR@10: 0.5634, NDCG@20: 0.4248, HR@20: 0.6257), test (NDCG@5: 0.3664, HR@5: 0.4677, NDCG@10: 0.3904, HR@10: 0.5415, NDCG@20: 0.4065, HR@20: 0.6050)
loss in epoch 361 iteration 194: 0.27967536449432373
loss in epoch 362 iteration 194: 0.2866677939891815
loss in epoch 363 iteration 194: 0.2958977222442627
loss in epoch 364 iteration 194: 0.2971822917461395
loss in epoch 365 iteration 194: 0.2809067964553833
Evaluatingepoch:365, time: 1298993.612289(s), valid (NDCG@5: 0.3858, HR@5: 0.4894, NDCG@10: 0.4099, HR@10: 0.5636, NDCG@20: 0.4256, HR@20: 0.6255), test (NDCG@5: 0.3671, HR@5: 0.4673, NDCG@10: 0.3909, HR@10: 0.5406, NDCG@20: 0.4075, HR@20: 0.6061)
loss in epoch 366 iteration 194: 0.3004573881626129
loss in epoch 367 iteration 194: 0.301375150680542
loss in epoch 368 iteration 194: 0.29242831468582153
loss in epoch 369 iteration 194: 0.2889356017112732
loss in epoch 370 iteration 194: 0.2903999388217926
Evaluatingepoch:370, time: 1306918.005228(s), valid (NDCG@5: 0.3855, HR@5: 0.4906, NDCG@10: 0.4091, HR@10: 0.5633, NDCG@20: 0.4250, HR@20: 0.6261), test (NDCG@5: 0.3643, HR@5: 0.4669, NDCG@10: 0.3893, HR@10: 0.5442, NDCG@20: 0.4047, HR@20: 0.6049)
loss in epoch 371 iteration 194: 0.2958070635795593
loss in epoch 372 iteration 194: 0.27847054600715637
loss in epoch 373 iteration 194: 0.28962242603302
loss in epoch 374 iteration 194: 0.2962872087955475
loss in epoch 375 iteration 194: 0.29424893856048584
Evaluatingepoch:375, time: 1315829.245329(s), valid (NDCG@5: 0.3866, HR@5: 0.4930, NDCG@10: 0.4104, HR@10: 0.5661, NDCG@20: 0.4253, HR@20: 0.6250), test (NDCG@5: 0.3675, HR@5: 0.4697, NDCG@10: 0.3906, HR@10: 0.5408, NDCG@20: 0.4069, HR@20: 0.6049)
loss in epoch 376 iteration 194: 0.29406052827835083
loss in epoch 377 iteration 194: 0.27942460775375366
loss in epoch 378 iteration 194: 0.2855670750141144
loss in epoch 379 iteration 194: 0.2846183776855469
loss in epoch 380 iteration 194: 0.3019077777862549
Evaluatingepoch:380, time: 1325432.009935(s), valid (NDCG@5: 0.3900, HR@5: 0.4938, NDCG@10: 0.4126, HR@10: 0.5636, NDCG@20: 0.4281, HR@20: 0.6247), test (NDCG@5: 0.3705, HR@5: 0.4723, NDCG@10: 0.3939, HR@10: 0.5445, NDCG@20: 0.4098, HR@20: 0.6072)
loss in epoch 381 iteration 194: 0.2999170124530792
loss in epoch 382 iteration 194: 0.28891775012016296
loss in epoch 383 iteration 194: 0.2901676595211029
loss in epoch 384 iteration 194: 0.28083255887031555
loss in epoch 385 iteration 194: 0.2891513705253601
Evaluatingepoch:385, time: 1333873.706341(s), valid (NDCG@5: 0.3888, HR@5: 0.4933, NDCG@10: 0.4121, HR@10: 0.5651, NDCG@20: 0.4277, HR@20: 0.6265), test (NDCG@5: 0.3688, HR@5: 0.4705, NDCG@10: 0.3924, HR@10: 0.5430, NDCG@20: 0.4089, HR@20: 0.6083)
loss in epoch 386 iteration 194: 0.29724976420402527
loss in epoch 387 iteration 194: 0.29899322986602783
loss in epoch 388 iteration 194: 0.29570135474205017
loss in epoch 389 iteration 194: 0.29305800795555115
loss in epoch 390 iteration 194: 0.30017003417015076
Evaluatingepoch:390, time: 1341914.975882(s), valid (NDCG@5: 0.3903, HR@5: 0.4951, NDCG@10: 0.4134, HR@10: 0.5661, NDCG@20: 0.4288, HR@20: 0.6266), test (NDCG@5: 0.3701, HR@5: 0.4701, NDCG@10: 0.3940, HR@10: 0.5438, NDCG@20: 0.4101, HR@20: 0.6070)
loss in epoch 391 iteration 194: 0.2841208279132843
loss in epoch 392 iteration 194: 0.28867873549461365
loss in epoch 393 iteration 194: 0.27939826250076294
loss in epoch 394 iteration 194: 0.29411080479621887
loss in epoch 395 iteration 194: 0.2904362380504608
Evaluatingepoch:395, time: 1350406.708717(s), valid (NDCG@5: 0.3865, HR@5: 0.4917, NDCG@10: 0.4101, HR@10: 0.5645, NDCG@20: 0.4258, HR@20: 0.6261), test (NDCG@5: 0.3685, HR@5: 0.4704, NDCG@10: 0.3927, HR@10: 0.5448, NDCG@20: 0.4083, HR@20: 0.6061)
loss in epoch 396 iteration 194: 0.2812533974647522
Current Memory Allocated: 560.79 MB
Current Memory Cached: 746.00 MB
Peak Memory Cached: 746.00 MB
loss in epoch 397 iteration 194: 0.2896660566329956
loss in epoch 398 iteration 194: 0.2853395938873291
loss in epoch 399 iteration 194: 0.288847416639328
loss in epoch 400 iteration 194: 0.2822333574295044
Evaluatingepoch:400, time: 1363691.172838(s), valid (NDCG@5: 0.3913, HR@5: 0.4958, NDCG@10: 0.4141, HR@10: 0.5662, NDCG@20: 0.4294, HR@20: 0.6265), test (NDCG@5: 0.3728, HR@5: 0.4728, NDCG@10: 0.3956, HR@10: 0.5428, NDCG@20: 0.4117, HR@20: 0.6064)
loss in epoch 401 iteration 194: 0.27864718437194824
loss in epoch 402 iteration 194: 0.27318960428237915
loss in epoch 403 iteration 194: 0.27957621216773987
loss in epoch 404 iteration 194: 0.3017727732658386
loss in epoch 405 iteration 194: 0.2799002528190613
Evaluatingepoch:405, time: 1376343.569756(s), valid (NDCG@5: 0.3885, HR@5: 0.4927, NDCG@10: 0.4124, HR@10: 0.5663, NDCG@20: 0.4282, HR@20: 0.6289), test (NDCG@5: 0.3706, HR@5: 0.4713, NDCG@10: 0.3944, HR@10: 0.5447, NDCG@20: 0.4110, HR@20: 0.6100)
loss in epoch 406 iteration 194: 0.2881506681442261
loss in epoch 407 iteration 194: 0.27884188294410706
loss in epoch 408 iteration 194: 0.28199222683906555
loss in epoch 409 iteration 194: 0.2868463695049286
loss in epoch 410 iteration 194: 0.286027193069458
Evaluatingepoch:410, time: 1396960.361242(s), valid (NDCG@5: 0.3900, HR@5: 0.4952, NDCG@10: 0.4131, HR@10: 0.5663, NDCG@20: 0.4288, HR@20: 0.6281), test (NDCG@5: 0.3708, HR@5: 0.4720, NDCG@10: 0.3949, HR@10: 0.5462, NDCG@20: 0.4107, HR@20: 0.6087)
loss in epoch 411 iteration 194: 0.28963080048561096
loss in epoch 412 iteration 194: 0.2822754681110382
loss in epoch 413 iteration 194: 0.2839283049106598
loss in epoch 414 iteration 194: 0.29038965702056885
loss in epoch 415 iteration 194: 0.2899959683418274
Evaluatingepoch:415, time: 1404802.627325(s), valid (NDCG@5: 0.3889, HR@5: 0.4937, NDCG@10: 0.4119, HR@10: 0.5642, NDCG@20: 0.4281, HR@20: 0.6282), test (NDCG@5: 0.3702, HR@5: 0.4729, NDCG@10: 0.3938, HR@10: 0.5457, NDCG@20: 0.4098, HR@20: 0.6089)
loss in epoch 416 iteration 194: 0.28603363037109375
loss in epoch 417 iteration 194: 0.27644744515419006
loss in epoch 418 iteration 194: 0.28052401542663574
loss in epoch 419 iteration 194: 0.2824990153312683
loss in epoch 420 iteration 194: 0.2821740508079529
Evaluatingepoch:420, time: 1426632.211447(s), valid (NDCG@5: 0.3936, HR@5: 0.4970, NDCG@10: 0.4164, HR@10: 0.5671, NDCG@20: 0.4319, HR@20: 0.6283), test (NDCG@5: 0.3746, HR@5: 0.4758, NDCG@10: 0.3977, HR@10: 0.5472, NDCG@20: 0.4133, HR@20: 0.6085)
loss in epoch 421 iteration 194: 0.27132540941238403
loss in epoch 422 iteration 194: 0.2879198491573334
loss in epoch 423 iteration 194: 0.27710115909576416
loss in epoch 424 iteration 194: 0.2838940918445587
loss in epoch 425 iteration 194: 0.29498159885406494
Evaluatingepoch:425, time: 1448487.323284(s), valid (NDCG@5: 0.3912, HR@5: 0.4965, NDCG@10: 0.4138, HR@10: 0.5663, NDCG@20: 0.4296, HR@20: 0.6282), test (NDCG@5: 0.3722, HR@5: 0.4745, NDCG@10: 0.3953, HR@10: 0.5458, NDCG@20: 0.4115, HR@20: 0.6099)
loss in epoch 426 iteration 194: 0.274600625038147
loss in epoch 427 iteration 194: 0.285121887922287
loss in epoch 428 iteration 194: 0.2845315933227539
loss in epoch 429 iteration 194: 0.29822659492492676
loss in epoch 430 iteration 194: 0.28436654806137085
Evaluatingepoch:430, time: 1471883.913517(s), valid (NDCG@5: 0.3922, HR@5: 0.4979, NDCG@10: 0.4147, HR@10: 0.5672, NDCG@20: 0.4303, HR@20: 0.6288), test (NDCG@5: 0.3725, HR@5: 0.4745, NDCG@10: 0.3959, HR@10: 0.5461, NDCG@20: 0.4121, HR@20: 0.6101)
loss in epoch 431 iteration 194: 0.28272950649261475
loss in epoch 432 iteration 194: 0.2797608971595764
loss in epoch 433 iteration 194: 0.2800154387950897
loss in epoch 434 iteration 194: 0.28162819147109985
loss in epoch 435 iteration 194: 0.28503191471099854
Evaluatingepoch:435, time: 1496887.364864(s), valid (NDCG@5: 0.3943, HR@5: 0.4981, NDCG@10: 0.4172, HR@10: 0.5690, NDCG@20: 0.4327, HR@20: 0.6300), test (NDCG@5: 0.3741, HR@5: 0.4749, NDCG@10: 0.3975, HR@10: 0.5468, NDCG@20: 0.4132, HR@20: 0.6089)
loss in epoch 436 iteration 194: 0.2760503888130188
loss in epoch 437 iteration 194: 0.28926998376846313
loss in epoch 438 iteration 194: 0.2794673442840576
loss in epoch 439 iteration 194: 0.28279203176498413
loss in epoch 440 iteration 194: 0.2785099744796753
Evaluatingepoch:440, time: 1518825.896502(s), valid (NDCG@5: 0.3931, HR@5: 0.4981, NDCG@10: 0.4155, HR@10: 0.5671, NDCG@20: 0.4312, HR@20: 0.6289), test (NDCG@5: 0.3755, HR@5: 0.4760, NDCG@10: 0.3987, HR@10: 0.5478, NDCG@20: 0.4144, HR@20: 0.6096)
loss in epoch 441 iteration 194: 0.27712690830230713
loss in epoch 442 iteration 194: 0.28386032581329346
loss in epoch 443 iteration 194: 0.27073073387145996
loss in epoch 444 iteration 194: 0.2835383415222168
loss in epoch 445 iteration 194: 0.2800596356391907
Evaluatingepoch:445, time: 1541023.412704(s), valid (NDCG@5: 0.3942, HR@5: 0.4977, NDCG@10: 0.4174, HR@10: 0.5693, NDCG@20: 0.4325, HR@20: 0.6290), test (NDCG@5: 0.3734, HR@5: 0.4735, NDCG@10: 0.3967, HR@10: 0.5455, NDCG@20: 0.4130, HR@20: 0.6094)
loss in epoch 446 iteration 194: 0.2791641354560852
loss in epoch 447 iteration 194: 0.2786794900894165
loss in epoch 448 iteration 194: 0.2665712237358093
loss in epoch 449 iteration 194: 0.279889851808548
loss in epoch 450 iteration 194: 0.28757989406585693
Evaluatingepoch:450, time: 1562451.125383(s), valid (NDCG@5: 0.3938, HR@5: 0.4984, NDCG@10: 0.4166, HR@10: 0.5681, NDCG@20: 0.4319, HR@20: 0.6285), test (NDCG@5: 0.3762, HR@5: 0.4754, NDCG@10: 0.3992, HR@10: 0.5460, NDCG@20: 0.4154, HR@20: 0.6099)
loss in epoch 451 iteration 194: 0.27729278802871704
loss in epoch 452 iteration 194: 0.287539005279541
loss in epoch 453 iteration 194: 0.2877740263938904
loss in epoch 454 iteration 194: 0.2809109687805176
loss in epoch 455 iteration 194: 0.2775285840034485
Evaluatingepoch:455, time: 1584398.099899(s), valid (NDCG@5: 0.3950, HR@5: 0.4989, NDCG@10: 0.4176, HR@10: 0.5688, NDCG@20: 0.4328, HR@20: 0.6287), test (NDCG@5: 0.3768, HR@5: 0.4778, NDCG@10: 0.3994, HR@10: 0.5476, NDCG@20: 0.4155, HR@20: 0.6111)
loss in epoch 456 iteration 194: 0.28028419613838196
loss in epoch 457 iteration 194: 0.2793942391872406
loss in epoch 458 iteration 194: 0.28176581859588623
loss in epoch 459 iteration 194: 0.27976930141448975
loss in epoch 460 iteration 194: 0.2719533443450928
Evaluatingepoch:460, time: 1604361.668825(s), valid (NDCG@5: 0.3972, HR@5: 0.5007, NDCG@10: 0.4200, HR@10: 0.5709, NDCG@20: 0.4349, HR@20: 0.6297), test (NDCG@5: 0.3774, HR@5: 0.4762, NDCG@10: 0.4006, HR@10: 0.5475, NDCG@20: 0.4164, HR@20: 0.6101)
loss in epoch 461 iteration 194: 0.27902084589004517
loss in epoch 462 iteration 194: 0.28071022033691406
loss in epoch 463 iteration 194: 0.2857195734977722
loss in epoch 464 iteration 194: 0.270260214805603
loss in epoch 465 iteration 194: 0.2881343960762024
Evaluatingepoch:465, time: 1628850.670338(s), valid (NDCG@5: 0.3968, HR@5: 0.5004, NDCG@10: 0.4198, HR@10: 0.5710, NDCG@20: 0.4351, HR@20: 0.6313), test (NDCG@5: 0.3779, HR@5: 0.4786, NDCG@10: 0.4010, HR@10: 0.5495, NDCG@20: 0.4166, HR@20: 0.6112)
loss in epoch 466 iteration 194: 0.27644553780555725
loss in epoch 467 iteration 194: 0.2768786549568176
loss in epoch 468 iteration 194: 0.26822027564048767
loss in epoch 469 iteration 194: 0.2827851176261902
loss in epoch 470 iteration 194: 0.2757994532585144
Evaluatingepoch:470, time: 1654744.970322(s), valid (NDCG@5: 0.3947, HR@5: 0.4990, NDCG@10: 0.4177, HR@10: 0.5696, NDCG@20: 0.4330, HR@20: 0.6300), test (NDCG@5: 0.3766, HR@5: 0.4764, NDCG@10: 0.3998, HR@10: 0.5476, NDCG@20: 0.4162, HR@20: 0.6123)
loss in epoch 471 iteration 194: 0.276841402053833
loss in epoch 472 iteration 194: 0.2750971019268036
loss in epoch 473 iteration 194: 0.2784234285354614
loss in epoch 474 iteration 194: 0.27500641345977783
loss in epoch 475 iteration 194: 0.2763198912143707
Evaluatingepoch:475, time: 1678460.722446(s), valid (NDCG@5: 0.3948, HR@5: 0.4985, NDCG@10: 0.4182, HR@10: 0.5705, NDCG@20: 0.4335, HR@20: 0.6306), test (NDCG@5: 0.3769, HR@5: 0.4803, NDCG@10: 0.3994, HR@10: 0.5494, NDCG@20: 0.4150, HR@20: 0.6109)
loss in epoch 476 iteration 194: 0.28119802474975586
loss in epoch 477 iteration 194: 0.2763766944408417
loss in epoch 478 iteration 194: 0.2742120921611786
loss in epoch 479 iteration 194: 0.2789410948753357
loss in epoch 480 iteration 194: 0.27926886081695557
Evaluatingepoch:480, time: 1703172.871113(s), valid (NDCG@5: 0.3947, HR@5: 0.4990, NDCG@10: 0.4182, HR@10: 0.5718, NDCG@20: 0.4332, HR@20: 0.6309), test (NDCG@5: 0.3773, HR@5: 0.4794, NDCG@10: 0.3998, HR@10: 0.5487, NDCG@20: 0.4153, HR@20: 0.6097)
loss in epoch 481 iteration 194: 0.2814592719078064
loss in epoch 482 iteration 194: 0.273088663816452
loss in epoch 483 iteration 194: 0.2849961519241333
loss in epoch 484 iteration 194: 0.2765335440635681
loss in epoch 485 iteration 194: 0.27522391080856323
Evaluatingepoch:485, time: 1726995.611668(s), valid (NDCG@5: 0.3977, HR@5: 0.5012, NDCG@10: 0.4208, HR@10: 0.5720, NDCG@20: 0.4359, HR@20: 0.6312), test (NDCG@5: 0.3806, HR@5: 0.4813, NDCG@10: 0.4030, HR@10: 0.5503, NDCG@20: 0.4189, HR@20: 0.6131)
loss in epoch 486 iteration 194: 0.27255862951278687
loss in epoch 487 iteration 194: 0.27876874804496765
loss in epoch 488 iteration 194: 0.2650848925113678
loss in epoch 489 iteration 194: 0.283042848110199
loss in epoch 490 iteration 194: 0.26963067054748535
Evaluatingepoch:490, time: 1752001.365662(s), valid (NDCG@5: 0.3986, HR@5: 0.5026, NDCG@10: 0.4209, HR@10: 0.5713, NDCG@20: 0.4361, HR@20: 0.6314), test (NDCG@5: 0.3813, HR@5: 0.4809, NDCG@10: 0.4041, HR@10: 0.5511, NDCG@20: 0.4196, HR@20: 0.6119)
loss in epoch 491 iteration 194: 0.28020530939102173
loss in epoch 492 iteration 194: 0.2710171937942505
loss in epoch 493 iteration 194: 0.28500133752822876
loss in epoch 494 iteration 194: 0.28014394640922546
loss in epoch 495 iteration 194: 0.2860269546508789
Evaluatingepoch:495, time: 1773471.197844(s), valid (NDCG@5: 0.3986, HR@5: 0.5027, NDCG@10: 0.4211, HR@10: 0.5720, NDCG@20: 0.4360, HR@20: 0.6306), test (NDCG@5: 0.3804, HR@5: 0.4820, NDCG@10: 0.4026, HR@10: 0.5503, NDCG@20: 0.4182, HR@20: 0.6121)
Current Memory Allocated: 560.79 MB
Current Memory Cached: 746.00 MB
Peak Memory Cached: 746.00 MB
loss in epoch 496 iteration 194: 0.29118049144744873
loss in epoch 497 iteration 194: 0.28298085927963257
loss in epoch 498 iteration 194: 0.273545503616333
loss in epoch 499 iteration 194: 0.2780109941959381
loss in epoch 500 iteration 194: 0.27587565779685974
Evaluatingepoch:500, time: 1804063.379288(s), valid (NDCG@5: 0.3969, HR@5: 0.4999, NDCG@10: 0.4201, HR@10: 0.5711, NDCG@20: 0.4356, HR@20: 0.6319), test (NDCG@5: 0.3799, HR@5: 0.4790, NDCG@10: 0.4034, HR@10: 0.5517, NDCG@20: 0.4191, HR@20: 0.6136)
Training time : 1804063.3792877197
Done
