Arguments:
backbone sas
batch_size 32
dataset tracks512
device cuda:0
dropout_rate 0.5
eval_neg_sample 100
hidden_units 32
inference_only False
l2_emb 0.0
lr 0.0005
maxlen 1000
name mamba
num_blocks 2
num_epochs 501
num_heads 1
state_dict_path None
train_dir tracks256_default/

user_count: 25001
item count: 3541576
25001
average sequence length: 487.54
parameters_count: 1033125824
loss in epoch 1 iteration 780: 0.9494190216064453
loss in epoch 2 iteration 780: 0.8874911069869995
loss in epoch 3 iteration 780: 0.8188462257385254
loss in epoch 4 iteration 780: 0.7664957046508789
loss in epoch 5 iteration 780: 0.7628718018531799
Evaluatingepoch:5, time: 862811.666489(s), valid (NDCG@5: 0.6271, HR@5: 0.7294, NDCG@10: 0.6442, HR@10: 0.7817, NDCG@20: 0.6524, HR@20: 0.8142), test (NDCG@5: 0.6178, HR@5: 0.7203, NDCG@10: 0.6361, HR@10: 0.7765, NDCG@20: 0.6450, HR@20: 0.8116)
loss in epoch 6 iteration 780: 0.7392828464508057
loss in epoch 7 iteration 780: 0.727087140083313
loss in epoch 8 iteration 780: 0.7135683298110962
loss in epoch 9 iteration 780: 0.6879290342330933
loss in epoch 10 iteration 780: 0.6747875213623047
Evaluatingepoch:10, time: 2173421.160936(s), valid (NDCG@5: 0.6117, HR@5: 0.7305, NDCG@10: 0.6299, HR@10: 0.7866, NDCG@20: 0.6384, HR@20: 0.8203), test (NDCG@5: 0.6061, HR@5: 0.7261, NDCG@10: 0.6235, HR@10: 0.7798, NDCG@20: 0.6323, HR@20: 0.8144)
loss in epoch 11 iteration 780: 0.6616495847702026
loss in epoch 12 iteration 780: 0.6254976987838745
loss in epoch 13 iteration 780: 0.6023592352867126
loss in epoch 14 iteration 780: 0.6016765832901001
loss in epoch 15 iteration 780: 0.5776264071464539
Evaluatingepoch:15, time: 3486599.779606(s), valid (NDCG@5: 0.6002, HR@5: 0.7321, NDCG@10: 0.6170, HR@10: 0.7838, NDCG@20: 0.6255, HR@20: 0.8173), test (NDCG@5: 0.5897, HR@5: 0.7213, NDCG@10: 0.6078, HR@10: 0.7769, NDCG@20: 0.6169, HR@20: 0.8127)
loss in epoch 16 iteration 780: 0.5633208751678467
loss in epoch 17 iteration 780: 0.5542757511138916
loss in epoch 18 iteration 780: 0.549830436706543
loss in epoch 19 iteration 780: 0.5391592979431152
loss in epoch 20 iteration 780: 0.5273209810256958
Evaluatingepoch:20, time: 4799415.882587(s), valid (NDCG@5: 0.5925, HR@5: 0.7263, NDCG@10: 0.6098, HR@10: 0.7790, NDCG@20: 0.6179, HR@20: 0.8108), test (NDCG@5: 0.5855, HR@5: 0.7191, NDCG@10: 0.6036, HR@10: 0.7746, NDCG@20: 0.6116, HR@20: 0.8061)
loss in epoch 21 iteration 780: 0.5045841336250305
loss in epoch 22 iteration 780: 0.5067446231842041
loss in epoch 23 iteration 780: 0.5096083283424377
loss in epoch 24 iteration 780: 0.48036667704582214
loss in epoch 25 iteration 780: 0.4789741337299347
Evaluatingepoch:25, time: 5600539.780140(s), valid (NDCG@5: 0.5917, HR@5: 0.7255, NDCG@10: 0.6085, HR@10: 0.7767, NDCG@20: 0.6170, HR@20: 0.8101), test (NDCG@5: 0.5789, HR@5: 0.7144, NDCG@10: 0.5977, HR@10: 0.7718, NDCG@20: 0.6060, HR@20: 0.8046)
loss in epoch 26 iteration 780: 0.46875593066215515
loss in epoch 27 iteration 780: 0.460277259349823
loss in epoch 28 iteration 780: 0.4562511146068573
loss in epoch 29 iteration 780: 0.4537125527858734
loss in epoch 30 iteration 780: 0.43496018648147583
Evaluatingepoch:30, time: 6401001.604795(s), valid (NDCG@5: 0.5955, HR@5: 0.7259, NDCG@10: 0.6118, HR@10: 0.7758, NDCG@20: 0.6200, HR@20: 0.8083), test (NDCG@5: 0.5805, HR@5: 0.7131, NDCG@10: 0.5985, HR@10: 0.7680, NDCG@20: 0.6069, HR@20: 0.8010)
loss in epoch 31 iteration 780: 0.4536122679710388
loss in epoch 32 iteration 780: 0.4368368983268738
loss in epoch 33 iteration 780: 0.4198026657104492
loss in epoch 34 iteration 780: 0.434734970331192
loss in epoch 35 iteration 780: 0.41381362080574036
Evaluatingepoch:35, time: 7208183.129072(s), valid (NDCG@5: 0.5984, HR@5: 0.7286, NDCG@10: 0.6137, HR@10: 0.7754, NDCG@20: 0.6221, HR@20: 0.8084), test (NDCG@5: 0.5856, HR@5: 0.7165, NDCG@10: 0.6021, HR@10: 0.7667, NDCG@20: 0.6102, HR@20: 0.7990)
loss in epoch 36 iteration 780: 0.42790091037750244
loss in epoch 37 iteration 780: 0.41035962104797363
loss in epoch 38 iteration 780: 0.42129459977149963
loss in epoch 39 iteration 780: 0.4083945155143738
loss in epoch 40 iteration 780: 0.4111790359020233
Evaluatingepoch:40, time: 8011957.520247(s), valid (NDCG@5: 0.5910, HR@5: 0.7284, NDCG@10: 0.6068, HR@10: 0.7766, NDCG@20: 0.6150, HR@20: 0.8091), test (NDCG@5: 0.5778, HR@5: 0.7157, NDCG@10: 0.5950, HR@10: 0.7682, NDCG@20: 0.6034, HR@20: 0.8014)
loss in epoch 41 iteration 780: 0.39606475830078125
loss in epoch 42 iteration 780: 0.38561463356018066
loss in epoch 43 iteration 780: 0.4007682204246521
loss in epoch 44 iteration 780: 0.38613155484199524
loss in epoch 45 iteration 780: 0.3960202932357788
Evaluatingepoch:45, time: 8828496.386051(s), valid (NDCG@5: 0.5946, HR@5: 0.7276, NDCG@10: 0.6096, HR@10: 0.7734, NDCG@20: 0.6177, HR@20: 0.8056), test (NDCG@5: 0.5823, HR@5: 0.7153, NDCG@10: 0.5989, HR@10: 0.7660, NDCG@20: 0.6075, HR@20: 0.7997)
loss in epoch 46 iteration 780: 0.3820587694644928
loss in epoch 47 iteration 780: 0.3759244978427887
loss in epoch 48 iteration 780: 0.36850544810295105
loss in epoch 49 iteration 780: 0.3937564790248871
loss in epoch 50 iteration 780: 0.36941757798194885
Evaluatingepoch:50, time: 9635066.847086(s), valid (NDCG@5: 0.5983, HR@5: 0.7279, NDCG@10: 0.6136, HR@10: 0.7746, NDCG@20: 0.6212, HR@20: 0.8048), test (NDCG@5: 0.5885, HR@5: 0.7174, NDCG@10: 0.6046, HR@10: 0.7667, NDCG@20: 0.6132, HR@20: 0.8007)
loss in epoch 51 iteration 780: 0.3600468933582306
loss in epoch 52 iteration 780: 0.3689468204975128
loss in epoch 53 iteration 780: 0.36260557174682617
loss in epoch 54 iteration 780: 0.3689431846141815
loss in epoch 55 iteration 780: 0.36837533116340637
Evaluatingepoch:55, time: 10449054.286480(s), valid (NDCG@5: 0.6033, HR@5: 0.7301, NDCG@10: 0.6176, HR@10: 0.7736, NDCG@20: 0.6257, HR@20: 0.8060), test (NDCG@5: 0.5909, HR@5: 0.7194, NDCG@10: 0.6062, HR@10: 0.7660, NDCG@20: 0.6145, HR@20: 0.7994)
loss in epoch 56 iteration 780: 0.38054484128952026
loss in epoch 57 iteration 780: 0.3627780079841614
loss in epoch 58 iteration 780: 0.3718043863773346
loss in epoch 59 iteration 780: 0.360543817281723
loss in epoch 60 iteration 780: 0.3614330291748047
Evaluatingepoch:60, time: 11258025.452375(s), valid (NDCG@5: 0.6074, HR@5: 0.7325, NDCG@10: 0.6218, HR@10: 0.7762, NDCG@20: 0.6295, HR@20: 0.8069), test (NDCG@5: 0.5932, HR@5: 0.7190, NDCG@10: 0.6087, HR@10: 0.7661, NDCG@20: 0.6179, HR@20: 0.8026)
loss in epoch 61 iteration 780: 0.35838717222213745
loss in epoch 62 iteration 780: 0.36338943243026733
loss in epoch 63 iteration 780: 0.37031233310699463
loss in epoch 64 iteration 780: 0.36854487657546997
loss in epoch 65 iteration 780: 0.35579589009284973
Evaluatingepoch:65, time: 12067312.588930(s), valid (NDCG@5: 0.6074, HR@5: 0.7340, NDCG@10: 0.6215, HR@10: 0.7770, NDCG@20: 0.6296, HR@20: 0.8094), test (NDCG@5: 0.5952, HR@5: 0.7203, NDCG@10: 0.6106, HR@10: 0.7672, NDCG@20: 0.6199, HR@20: 0.8039)
loss in epoch 66 iteration 780: 0.343730628490448
loss in epoch 67 iteration 780: 0.3391371965408325
loss in epoch 68 iteration 780: 0.350579172372818
loss in epoch 69 iteration 780: 0.36632871627807617
loss in epoch 70 iteration 780: 0.3572903275489807
Evaluatingepoch:70, time: 12883680.963516(s), valid (NDCG@5: 0.6015, HR@5: 0.7311, NDCG@10: 0.6165, HR@10: 0.7766, NDCG@20: 0.6247, HR@20: 0.8092), test (NDCG@5: 0.5916, HR@5: 0.7217, NDCG@10: 0.6069, HR@10: 0.7686, NDCG@20: 0.6157, HR@20: 0.8033)
loss in epoch 71 iteration 780: 0.3560619354248047
loss in epoch 72 iteration 780: 0.3655053973197937
loss in epoch 73 iteration 780: 0.3485594689846039
loss in epoch 74 iteration 780: 0.3556465208530426
loss in epoch 75 iteration 780: 0.3643956780433655
Evaluatingepoch:75, time: 13687438.314915(s), valid (NDCG@5: 0.6083, HR@5: 0.7343, NDCG@10: 0.6229, HR@10: 0.7788, NDCG@20: 0.6313, HR@20: 0.8122), test (NDCG@5: 0.5973, HR@5: 0.7227, NDCG@10: 0.6130, HR@10: 0.7704, NDCG@20: 0.6217, HR@20: 0.8049)
loss in epoch 76 iteration 780: 0.35236454010009766
loss in epoch 77 iteration 780: 0.34761035442352295
loss in epoch 78 iteration 780: 0.362508088350296
loss in epoch 79 iteration 780: 0.3425706624984741
loss in epoch 80 iteration 780: 0.3516163229942322
Evaluatingepoch:80, time: 14501388.518095(s), valid (NDCG@5: 0.6121, HR@5: 0.7362, NDCG@10: 0.6268, HR@10: 0.7810, NDCG@20: 0.6348, HR@20: 0.8125), test (NDCG@5: 0.6010, HR@5: 0.7238, NDCG@10: 0.6167, HR@10: 0.7718, NDCG@20: 0.6250, HR@20: 0.8046)
loss in epoch 81 iteration 780: 0.34549540281295776
loss in epoch 82 iteration 780: 0.3520214557647705
loss in epoch 83 iteration 780: 0.34360653162002563
loss in epoch 84 iteration 780: 0.3396811783313751
loss in epoch 85 iteration 780: 0.3406085669994354
Evaluatingepoch:85, time: 15304028.721333(s), valid (NDCG@5: 0.6099, HR@5: 0.7364, NDCG@10: 0.6246, HR@10: 0.7813, NDCG@20: 0.6330, HR@20: 0.8147), test (NDCG@5: 0.5983, HR@5: 0.7249, NDCG@10: 0.6139, HR@10: 0.7724, NDCG@20: 0.6229, HR@20: 0.8080)
loss in epoch 86 iteration 780: 0.3382997214794159
loss in epoch 87 iteration 780: 0.34108659625053406
loss in epoch 88 iteration 780: 0.34243956208229065
loss in epoch 89 iteration 780: 0.35495516657829285
loss in epoch 90 iteration 780: 0.34907788038253784
Evaluatingepoch:90, time: 16116403.376102(s), valid (NDCG@5: 0.6133, HR@5: 0.7364, NDCG@10: 0.6286, HR@10: 0.7834, NDCG@20: 0.6361, HR@20: 0.8128), test (NDCG@5: 0.5999, HR@5: 0.7235, NDCG@10: 0.6167, HR@10: 0.7746, NDCG@20: 0.6250, HR@20: 0.8074)
loss in epoch 91 iteration 780: 0.34357818961143494
loss in epoch 92 iteration 780: 0.3405425250530243
loss in epoch 93 iteration 780: 0.3225524425506592
loss in epoch 94 iteration 780: 0.3424980342388153
loss in epoch 95 iteration 780: 0.3336482346057892
Evaluatingepoch:95, time: 16922612.157583(s), valid (NDCG@5: 0.6096, HR@5: 0.7357, NDCG@10: 0.6250, HR@10: 0.7826, NDCG@20: 0.6332, HR@20: 0.8149), test (NDCG@5: 0.6010, HR@5: 0.7252, NDCG@10: 0.6175, HR@10: 0.7755, NDCG@20: 0.6259, HR@20: 0.8087)
loss in epoch 96 iteration 780: 0.3418354094028473
loss in epoch 97 iteration 780: 0.3329589366912842
loss in epoch 98 iteration 780: 0.3395092487335205
loss in epoch 99 iteration 780: 0.33844929933547974
loss in epoch 100 iteration 780: 0.3310057520866394
Evaluatingepoch:100, time: 17731328.097343(s), valid (NDCG@5: 0.6145, HR@5: 0.7357, NDCG@10: 0.6299, HR@10: 0.7829, NDCG@20: 0.6383, HR@20: 0.8158), test (NDCG@5: 0.6028, HR@5: 0.7247, NDCG@10: 0.6193, HR@10: 0.7752, NDCG@20: 0.6283, HR@20: 0.8105)
loss in epoch 101 iteration 780: 0.3475779891014099
loss in epoch 102 iteration 780: 0.3304041922092438
loss in epoch 103 iteration 780: 0.3228355646133423
loss in epoch 104 iteration 780: 0.34520235657691956
loss in epoch 105 iteration 780: 0.32145845890045166
Evaluatingepoch:105, time: 18813829.068184(s), valid (NDCG@5: 0.6157, HR@5: 0.7379, NDCG@10: 0.6312, HR@10: 0.7852, NDCG@20: 0.6387, HR@20: 0.8150), test (NDCG@5: 0.6057, HR@5: 0.7274, NDCG@10: 0.6219, HR@10: 0.7768, NDCG@20: 0.6305, HR@20: 0.8109)
loss in epoch 106 iteration 780: 0.33896884322166443
loss in epoch 107 iteration 780: 0.3333861529827118
loss in epoch 108 iteration 780: 0.3088088035583496
loss in epoch 109 iteration 780: 0.33329030871391296
loss in epoch 110 iteration 780: 0.3201476037502289
Evaluatingepoch:110, time: 20121336.550951(s), valid (NDCG@5: 0.6129, HR@5: 0.7386, NDCG@10: 0.6278, HR@10: 0.7841, NDCG@20: 0.6357, HR@20: 0.8153), test (NDCG@5: 0.6020, HR@5: 0.7267, NDCG@10: 0.6181, HR@10: 0.7760, NDCG@20: 0.6271, HR@20: 0.8111)
loss in epoch 111 iteration 780: 0.3337169289588928
loss in epoch 112 iteration 780: 0.32323604822158813
loss in epoch 113 iteration 780: 0.3330968916416168
loss in epoch 114 iteration 780: 0.337849885225296
loss in epoch 115 iteration 780: 0.3158029019832611
Evaluatingepoch:115, time: 21431594.525814(s), valid (NDCG@5: 0.6174, HR@5: 0.7375, NDCG@10: 0.6330, HR@10: 0.7854, NDCG@20: 0.6408, HR@20: 0.8161), test (NDCG@5: 0.6025, HR@5: 0.7257, NDCG@10: 0.6193, HR@10: 0.7774, NDCG@20: 0.6281, HR@20: 0.8120)
loss in epoch 116 iteration 780: 0.33178120851516724
loss in epoch 117 iteration 780: 0.32571256160736084
loss in epoch 118 iteration 780: 0.32639452815055847
loss in epoch 119 iteration 780: 0.31302493810653687
loss in epoch 120 iteration 780: 0.3277219235897064
Evaluatingepoch:120, time: 22732079.008579(s), valid (NDCG@5: 0.6166, HR@5: 0.7394, NDCG@10: 0.6319, HR@10: 0.7862, NDCG@20: 0.6395, HR@20: 0.8162), test (NDCG@5: 0.6070, HR@5: 0.7274, NDCG@10: 0.6235, HR@10: 0.7780, NDCG@20: 0.6322, HR@20: 0.8122)
loss in epoch 121 iteration 780: 0.3130851984024048
loss in epoch 122 iteration 780: 0.33174455165863037
loss in epoch 123 iteration 780: 0.32828155159950256
loss in epoch 124 iteration 780: 0.3268369734287262
loss in epoch 125 iteration 780: 0.3303619921207428
Evaluatingepoch:125, time: 23530417.906523(s), valid (NDCG@5: 0.6203, HR@5: 0.7384, NDCG@10: 0.6363, HR@10: 0.7873, NDCG@20: 0.6443, HR@20: 0.8187), test (NDCG@5: 0.6101, HR@5: 0.7293, NDCG@10: 0.6263, HR@10: 0.7790, NDCG@20: 0.6351, HR@20: 0.8135)
loss in epoch 126 iteration 780: 0.3002597987651825
loss in epoch 127 iteration 780: 0.3227790594100952
loss in epoch 128 iteration 780: 0.3273315131664276
loss in epoch 129 iteration 780: 0.32299771904945374
loss in epoch 130 iteration 780: 0.3144233226776123
Evaluatingepoch:130, time: 24635017.924309(s), valid (NDCG@5: 0.6171, HR@5: 0.7389, NDCG@10: 0.6332, HR@10: 0.7882, NDCG@20: 0.6411, HR@20: 0.8194), test (NDCG@5: 0.6064, HR@5: 0.7298, NDCG@10: 0.6227, HR@10: 0.7796, NDCG@20: 0.6315, HR@20: 0.8144)
loss in epoch 131 iteration 780: 0.31867456436157227
loss in epoch 132 iteration 780: 0.31812554597854614
loss in epoch 133 iteration 780: 0.31057459115982056
loss in epoch 134 iteration 780: 0.322848916053772
loss in epoch 135 iteration 780: 0.32602766156196594
Evaluating