Arguments:
backbone bimamba
batch_size 16
dataset tracks2000
device cuda:5
dropout_rate 0.5
eval_neg_sample 100
hidden_units 32
inference_only False
l2_emb 0.0
lr 0.0005
maxlen 1500
name mamba
num_blocks 2
num_epochs 500
num_heads 1
state_dict_path None
train_dir tracks256_default/

user_count: 25001
item count: 8163986
25001
average sequence length: 1656.24
parameters_count: 1033157408
loss in epoch 1 iteration 1561: 0.8480845093727112
loss in epoch 2 iteration 1561: 0.7474541664123535
loss in epoch 3 iteration 1561: 0.6261307001113892
loss in epoch 4 iteration 1561: 0.5275906324386597
loss in epoch 5 iteration 1561: 0.4730667471885681
Evaluatingepoch:5, time: 1512820.303679(s), valid (NDCG@5: 0.5835, HR@5: 0.7355, NDCG@10: 0.6033, HR@10: 0.7959, NDCG@20: 0.6129, HR@20: 0.8335), test (NDCG@5: 0.5777, HR@5: 0.7297, NDCG@10: 0.5968, HR@10: 0.7881, NDCG@20: 0.6067, HR@20: 0.8270)
loss in epoch 6 iteration 1561: 0.42367851734161377
loss in epoch 7 iteration 1561: 0.4602871239185333
loss in epoch 8 iteration 1561: 0.4212789535522461
loss in epoch 9 iteration 1561: 0.38311710953712463
loss in epoch 10 iteration 1561: 0.3479054570198059
Evaluatingepoch:10, time: 3005438.440084(s), valid (NDCG@5: 0.5994, HR@5: 0.7447, NDCG@10: 0.6165, HR@10: 0.7970, NDCG@20: 0.6251, HR@20: 0.8312), test (NDCG@5: 0.5926, HR@5: 0.7364, NDCG@10: 0.6098, HR@10: 0.7890, NDCG@20: 0.6193, HR@20: 0.8263)
loss in epoch 11 iteration 1561: 0.36068740487098694
loss in epoch 12 iteration 1561: 0.31213149428367615
loss in epoch 13 iteration 1561: 0.3006836175918579
loss in epoch 14 iteration 1561: 0.29819878935813904
loss in epoch 15 iteration 1561: 0.29916438460350037
Evaluatingepoch:15, time: 4408290.877819(s), valid (NDCG@5: 0.6023, HR@5: 0.7473, NDCG@10: 0.6189, HR@10: 0.7981, NDCG@20: 0.6272, HR@20: 0.8310), test (NDCG@5: 0.5972, HR@5: 0.7371, NDCG@10: 0.6145, HR@10: 0.7900, NDCG@20: 0.6229, HR@20: 0.8237)
loss in epoch 16 iteration 1561: 0.29875046014785767
loss in epoch 17 iteration 1561: 0.2935194969177246
loss in epoch 18 iteration 1561: 0.27879077196121216
loss in epoch 19 iteration 1561: 0.29629337787628174
loss in epoch 20 iteration 1561: 0.2689065635204315
Evaluatingepoch:20, time: 5799396.678209(s), valid (NDCG@5: 0.6123, HR@5: 0.7498, NDCG@10: 0.6286, HR@10: 0.7993, NDCG@20: 0.6371, HR@20: 0.8328), test (NDCG@5: 0.6036, HR@5: 0.7396, NDCG@10: 0.6197, HR@10: 0.7890, NDCG@20: 0.6281, HR@20: 0.8222)
loss in epoch 21 iteration 1561: 0.2631419003009796
loss in epoch 22 iteration 1561: 0.25981125235557556
loss in epoch 23 iteration 1561: 0.23986150324344635
loss in epoch 24 iteration 1561: 0.2581793963909149
loss in epoch 25 iteration 1561: 0.25129926204681396
Evaluatingepoch:25, time: 7196954.261541(s), valid (NDCG@5: 0.6229, HR@5: 0.7531, NDCG@10: 0.6381, HR@10: 0.7996, NDCG@20: 0.6466, HR@20: 0.8332), test (NDCG@5: 0.6151, HR@5: 0.7450, NDCG@10: 0.6298, HR@10: 0.7902, NDCG@20: 0.6386, HR@20: 0.8249)
loss in epoch 26 iteration 1561: 0.2303944081068039
loss in epoch 27 iteration 1561: 0.2437478005886078
loss in epoch 28 iteration 1561: 0.23442181944847107
loss in epoch 29 iteration 1561: 0.23253700137138367
loss in epoch 30 iteration 1561: 0.23393124341964722
Evaluatingepoch:30, time: 8556492.477894(s), valid (NDCG@5: 0.6356, HR@5: 0.7601, NDCG@10: 0.6498, HR@10: 0.8036, NDCG@20: 0.6588, HR@20: 0.8394), test (NDCG@5: 0.6254, HR@5: 0.7486, NDCG@10: 0.6405, HR@10: 0.7949, NDCG@20: 0.6490, HR@20: 0.8286)
loss in epoch 31 iteration 1561: 0.2332981824874878
loss in epoch 32 iteration 1561: 0.236379012465477
loss in epoch 33 iteration 1561: 0.22608493268489838
loss in epoch 34 iteration 1561: 0.22863145172595978
loss in epoch 35 iteration 1561: 0.21948450803756714
Evaluatingepoch:35, time: 9917617.852211(s), valid (NDCG@5: 0.6382, HR@5: 0.7615, NDCG@10: 0.6531, HR@10: 0.8070, NDCG@20: 0.6617, HR@20: 0.8410), test (NDCG@5: 0.6279, HR@5: 0.7511, NDCG@10: 0.6429, HR@10: 0.7969, NDCG@20: 0.6519, HR@20: 0.8326)
loss in epoch 36 iteration 1561: 0.2392614632844925
loss in epoch 37 iteration 1561: 0.224476158618927
loss in epoch 38 iteration 1561: 0.2234538495540619
loss in epoch 39 iteration 1561: 0.22253896296024323
loss in epoch 40 iteration 1561: 0.21352849900722504
Evaluatingepoch:40, time: 11372036.682367(s), valid (NDCG@5: 0.6429, HR@5: 0.7657, NDCG@10: 0.6574, HR@10: 0.8100, NDCG@20: 0.6661, HR@20: 0.8442), test (NDCG@5: 0.6356, HR@5: 0.7538, NDCG@10: 0.6508, HR@10: 0.8004, NDCG@20: 0.6596, HR@20: 0.8350)
loss in epoch 41 iteration 1561: 0.21457579731941223
loss in epoch 42 iteration 1561: 0.2165834903717041
loss in epoch 43 iteration 1561: 0.21855908632278442
loss in epoch 44 iteration 1561: 0.2220507562160492
loss in epoch 45 iteration 1561: 0.22666269540786743
Evaluatingepoch:45, time: 12867512.756824(s), valid (NDCG@5: 0.6479, HR@5: 0.7644, NDCG@10: 0.6632, HR@10: 0.8112, NDCG@20: 0.6719, HR@20: 0.8453), test (NDCG@5: 0.6427, HR@5: 0.7570, NDCG@10: 0.6575, HR@10: 0.8023, NDCG@20: 0.6668, HR@20: 0.8390)
loss in epoch 46 iteration 1561: 0.22427764534950256
loss in epoch 47 iteration 1561: 0.22014783322811127
loss in epoch 48 iteration 1561: 0.2237028330564499
loss in epoch 49 iteration 1561: 0.22163912653923035
loss in epoch 50 iteration 1561: 0.217039093375206
Evaluatingepoch:50, time: 14398090.290785(s), valid (NDCG@5: 0.6527, HR@5: 0.7677, NDCG@10: 0.6676, HR@10: 0.8130, NDCG@20: 0.6759, HR@20: 0.8458), test (NDCG@5: 0.6420, HR@5: 0.7582, NDCG@10: 0.6569, HR@10: 0.8038, NDCG@20: 0.6662, HR@20: 0.8404)
loss in epoch 51 iteration 1561: 0.22101277112960815
loss in epoch 52 iteration 1561: 0.2271919548511505
loss in epoch 53 iteration 1561: 0.21078534424304962
loss in epoch 54 iteration 1561: 0.21456335484981537
loss in epoch 55 iteration 1561: 0.21667839586734772
Evaluatingepoch:55, time: 15948239.793062(s), valid (NDCG@5: 0.6569, HR@5: 0.7711, NDCG@10: 0.6711, HR@10: 0.8146, NDCG@20: 0.6797, HR@20: 0.8483), test (NDCG@5: 0.6488, HR@5: 0.7602, NDCG@10: 0.6638, HR@10: 0.8061, NDCG@20: 0.6729, HR@20: 0.8421)
loss in epoch 56 iteration 1561: 0.1998898684978485
loss in epoch 57 iteration 1561: 0.2083882987499237
loss in epoch 58 iteration 1561: 0.21528807282447815
loss in epoch 59 iteration 1561: 0.21181215345859528
loss in epoch 60 iteration 1561: 0.20218008756637573
Evaluatingepoch:60, time: 17473049.104929(s), valid (NDCG@5: 0.6589, HR@5: 0.7718, NDCG@10: 0.6731, HR@10: 0.8150, NDCG@20: 0.6817, HR@20: 0.8490), test (NDCG@5: 0.6510, HR@5: 0.7622, NDCG@10: 0.6650, HR@10: 0.8052, NDCG@20: 0.6743, HR@20: 0.8420)
loss in epoch 61 iteration 1561: 0.21563446521759033
loss in epoch 62 iteration 1561: 0.21088667213916779
loss in epoch 63 iteration 1561: 0.21445859968662262
loss in epoch 64 iteration 1561: 0.2016814649105072
loss in epoch 65 iteration 1561: 0.21805302798748016
Evaluatingepoch:65, time: 19037637.732983(s), valid (NDCG@5: 0.6646, HR@5: 0.7737, NDCG@10: 0.6788, HR@10: 0.8171, NDCG@20: 0.6869, HR@20: 0.8493), test (NDCG@5: 0.6549, HR@5: 0.7625, NDCG@10: 0.6695, HR@10: 0.8074, NDCG@20: 0.6784, HR@20: 0.8426)
loss in epoch 66 iteration 1561: 0.2070145457983017
loss in epoch 67 iteration 1561: 0.2120477706193924
loss in epoch 68 iteration 1561: 0.21139934659004211
loss in epoch 69 iteration 1561: 0.2009049355983734
loss in epoch 70 iteration 1561: 0.2067570686340332
Evaluatingepoch:70, time: 20514925.390005(s), valid (NDCG@5: 0.6655, HR@5: 0.7741, NDCG@10: 0.6796, HR@10: 0.8172, NDCG@20: 0.6876, HR@20: 0.8489), test (NDCG@5: 0.6568, HR@5: 0.7624, NDCG@10: 0.6716, HR@10: 0.8074, NDCG@20: 0.6802, HR@20: 0.8413)
loss in epoch 71 iteration 1561: 0.20328842103481293
loss in epoch 72 iteration 1561: 0.19022372364997864
loss in epoch 73 iteration 1561: 0.21568386256694794
loss in epoch 74 iteration 1561: 0.2000521719455719
loss in epoch 75 iteration 1561: 0.19869102537631989
Evaluatingepoch:75, time: 21982342.025995(s), valid (NDCG@5: 0.6666, HR@5: 0.7749, NDCG@10: 0.6804, HR@10: 0.8171, NDCG@20: 0.6883, HR@20: 0.8484), test (NDCG@5: 0.6581, HR@5: 0.7640, NDCG@10: 0.6724, HR@10: 0.8082, NDCG@20: 0.6811, HR@20: 0.8422)
loss in epoch 76 iteration 1561: 0.19615438580513
loss in epoch 77 iteration 1561: 0.20159921050071716
loss in epoch 78 iteration 1561: 0.20361635088920593
loss in epoch 79 iteration 1561: 0.20021286606788635
loss in epoch 80 iteration 1561: 0.2016080915927887
Evaluatingepoch:80, time: 23467579.991102(s), valid (NDCG@5: 0.6714, HR@5: 0.7758, NDCG@10: 0.6850, HR@10: 0.8176, NDCG@20: 0.6932, HR@20: 0.8498), test (NDCG@5: 0.6575, HR@5: 0.7631, NDCG@10: 0.6721, HR@10: 0.8080, NDCG@20: 0.6808, HR@20: 0.8422)
loss in epoch 81 iteration 1561: 0.1946059763431549
loss in epoch 82 iteration 1561: 0.20945611596107483
loss in epoch 83 iteration 1561: 0.20407085120677948
loss in epoch 84 iteration 1561: 0.20604978501796722
loss in epoch 85 iteration 1561: 0.2011505514383316
Evaluatingepoch:85, time: 25043384.834290(s), valid (NDCG@5: 0.6713, HR@5: 0.7779, NDCG@10: 0.6841, HR@10: 0.8172, NDCG@20: 0.6920, HR@20: 0.8484), test (NDCG@5: 0.6636, HR@5: 0.7664, NDCG@10: 0.6774, HR@10: 0.8088, NDCG@20: 0.6860, HR@20: 0.8426)
loss in epoch 86 iteration 1561: 0.20140591263771057
loss in epoch 87 iteration 1561: 0.19355309009552002
loss in epoch 88 iteration 1561: 0.19207656383514404
loss in epoch 89 iteration 1561: 0.19340723752975464
loss in epoch 90 iteration 1561: 0.20233894884586334
Evaluatingepoch:90, time: 26647056.904793(s), valid (NDCG@5: 0.6742, HR@5: 0.7779, NDCG@10: 0.6876, HR@10: 0.8188, NDCG@20: 0.6952, HR@20: 0.8486), test (NDCG@5: 0.6653, HR@5: 0.7667, NDCG@10: 0.6787, HR@10: 0.8078, NDCG@20: 0.6878, HR@20: 0.8434)
loss in epoch 91 iteration 1561: 0.1968749314546585
loss in epoch 92 iteration 1561: 0.1910693347454071
loss in epoch 93 iteration 1561: 0.19143074750900269
loss in epoch 94 iteration 1561: 0.1903962641954422
loss in epoch 95 iteration 1561: 0.1939440220594406
Evaluatingepoch:95, time: 28166138.732672(s), valid (NDCG@5: 0.6755, HR@5: 0.7785, NDCG@10: 0.6885, HR@10: 0.8185, NDCG@20: 0.6966, HR@20: 0.8503), test (NDCG@5: 0.6649, HR@5: 0.7667, NDCG@10: 0.6784, HR@10: 0.8081, NDCG@20: 0.6873, HR@20: 0.8431)
loss in epoch 96 iteration 1561: 0.19053122401237488
loss in epoch 97 iteration 1561: 0.19123421609401703
loss in epoch 98 iteration 1561: 0.19033615291118622
loss in epoch 99 iteration 1561: 0.19138850271701813
loss in epoch 100 iteration 1561: 0.18812480568885803
Evaluatingepoch:100, time: 29728785.417795(s), valid (NDCG@5: 0.6764, HR@5: 0.7780, NDCG@10: 0.6898, HR@10: 0.8192, NDCG@20: 0.6977, HR@20: 0.8504), test (NDCG@5: 0.6670, HR@5: 0.7678, NDCG@10: 0.6810, HR@10: 0.8108, NDCG@20: 0.6894, HR@20: 0.8439)
loss in epoch 101 iteration 1561: 0.194757878780365
loss in epoch 102 iteration 1561: 0.1813734769821167
loss in epoch 103 iteration 1561: 0.1922263205051422
loss in epoch 104 iteration 1561: 0.20305024087429047
loss in epoch 105 iteration 1561: 0.1876906454563141
Evaluatingepoch:105, time: 31383384.153843(s), valid (NDCG@5: 0.6786, HR@5: 0.7800, NDCG@10: 0.6912, HR@10: 0.8186, NDCG@20: 0.6994, HR@20: 0.8511), test (NDCG@5: 0.6666, HR@5: 0.7666, NDCG@10: 0.6812, HR@10: 0.8112, NDCG@20: 0.6894, HR@20: 0.8434)
loss in epoch 106 iteration 1561: 0.1856924146413803
loss in epoch 107 iteration 1561: 0.1869751214981079
loss in epoch 108 iteration 1561: 0.19575068354606628
loss in epoch 109 iteration 1561: 0.19082047045230865
loss in epoch 110 iteration 1561: 0.1937798112630844
Evaluatingepoch:110, time: 33042048.501015(s), valid (NDCG@5: 0.6807, HR@5: 0.7800, NDCG@10: 0.6934, HR@10: 0.8188, NDCG@20: 0.7013, HR@20: 0.8500), test (NDCG@5: 0.6709, HR@5: 0.7691, NDCG@10: 0.6848, HR@10: 0.8117, NDCG@20: 0.6930, HR@20: 0.8441)
loss in epoch 111 iteration 1561: 0.18458938598632812
loss in epoch 112 iteration 1561: 0.2004055380821228
loss in epoch 113 iteration 1561: 0.1934829205274582
loss in epoch 114 iteration 1561: 0.18429328501224518
loss in epoch 115 iteration 1561: 0.1825232058763504
Evaluatingepoch:115, time: 34700251.764774(s), valid (NDCG@5: 0.6788, HR@5: 0.7789, NDCG@10: 0.6921, HR@10: 0.8196, NDCG@20: 0.6999, HR@20: 0.8506), test (NDCG@5: 0.6700, HR@5: 0.7686, NDCG@10: 0.6840, HR@10: 0.8114, NDCG@20: 0.6924, HR@20: 0.8446)
loss in epoch 116 iteration 1561: 0.1873621642589569
loss in epoch 117 iteration 1561: 0.19707618653774261
loss in epoch 118 iteration 1561: 0.18940170109272003
loss in epoch 119 iteration 1561: 0.19624263048171997
loss in epoch 120 iteration 1561: 0.1908642202615738
Evaluatingepoch:120, time: 36246413.481951(s), valid (NDCG@5: 0.6820, HR@5: 0.7799, NDCG@10: 0.6952, HR@10: 0.8206, NDCG@20: 0.7030, HR@20: 0.8514), test (NDCG@5: 0.6720, HR@5: 0.7693, NDCG@10: 0.6857, HR@10: 0.8112, NDCG@20: 0.6941, HR@20: 0.8444)
loss in epoch 121 iteration 1561: 0.184106707572937
loss in epoch 122 iteration 1561: 0.18622097373008728
loss in epoch 123 iteration 1561: 0.20026201009750366
loss in epoch 124 iteration 1561: 0.18354976177215576
loss in epoch 125 iteration 1561: 0.18228945136070251
Evaluatingepoch:125, time: 37843455.686808(s), valid (NDCG@5: 0.6850, HR@5: 0.7812, NDCG@10: 0.6979, HR@10: 0.8206, NDCG@20: 0.7057, HR@20: 0.8511), test (NDCG@5: 0.6741, HR@5: 0.7707, NDCG@10: 0.6873, HR@10: 0.8110, NDCG@20: 0.6959, HR@20: 0.8451)
loss in epoch 126 iteration 1561: 0.1957535296678543
loss in epoch 127 iteration 1561: 0.18550552427768707
loss in epoch 128 iteration 1561: 0.1975015550851822
loss in epoch 129 iteration 1561: 0.18890611827373505
loss in epoch 130 iteration 1561: 0.19462136924266815
Evaluatingepoch:130, time: 39392962.872505(s), valid (NDCG@5: 0.6828, HR@5: 0.7794, NDCG@10: 0.6961, HR@10: 0.8198, NDCG@20: 0.7039, HR@20: 0.8507), test (NDCG@5: 0.6752, HR@5: 0.7708, NDCG@10: 0.6884, HR@10: 0.8110, NDCG@20: 0.6970, HR@20: 0.8449)
loss in epoch 131 iteration 1561: 0.18702270090579987
loss in epoch 132 iteration 1561: 0.19154074788093567
loss in epoch 133 iteration 1561: 0.17589059472084045
loss in epoch 134 iteration 1561: 0.18677189946174622
loss in epoch 135 iteration 1561: 0.18775507807731628
Evaluatingepoch:135, time: 41027735.099792(s), valid (NDCG@5: 0.6864, HR@5: 0.7839, NDCG@10: 0.6986, HR@10: 0.8213, NDCG@20: 0.7061, HR@20: 0.8510), test (NDCG@5: 0.6774, HR@5: 0.7728, NDCG@10: 0.6908, HR@10: 0.8138, NDCG@20: 0.6987, HR@20: 0.8452)
loss in epoch 136 iteration 1561: 0.18220853805541992
loss in epoch 137 iteration 1561: 0.1797449141740799
loss in epoch 138 iteration 1561: 0.18503910303115845
loss in epoch 139 iteration 1561: 0.18172696232795715
loss in epoch 140 iteration 1561: 0.1739143282175064
Evaluatingepoch:140, time: 42684231.788158(s), valid (NDCG@5: 0.6858, HR@5: 0.7814, NDCG@10: 0.6986, HR@10: 0.8207, NDCG@20: 0.7065, HR@20: 0.8519), test (NDCG@5: 0.6769, HR@5: 0.7715, NDCG@10: 0.6903, HR@10: 0.8128, NDCG@20: 0.6985, HR@20: 0.8454)
loss in epoch 141 iteration 1561: 0.18391233682632446
loss in epoch 142 iteration 1561: 0.17967835068702698
loss in epoch 143 iteration 1561: 0.17713281512260437
loss in epoch 144 iteration 1561: 0.17879129946231842
loss in epoch 145 iteration 1561: 0.18073491752147675
Evaluatingepoch:145, time: 44333559.504986(s), valid (NDCG@5: 0.6857, HR@5: 0.7823, NDCG@10: 0.6980, HR@10: 0.8199, NDCG@20: 0.7060, HR@20: 0.8515), test (NDCG@5: 0.6742, HR@5: 0.7692, NDCG@10: 0.6881, HR@10: 0.8117, NDCG@20: 0.6967, HR@20: 0.8455)
loss in epoch 146 iteration 1561: 0.17851273715496063
loss in epoch 147 iteration 1561: 0.1837509572505951
loss in epoch 148 iteration 1561: 0.17948706448078156
loss in epoch 149 iteration 1561: 0.18260960280895233
loss in epoch 150 iteration 1561: 0.18835565447807312
Evaluatingepoch:150, time: 45991332.132101(s), valid (NDCG@5: 0.6880, HR@5: 0.7832, NDCG@10: 0.7002, HR@10: 0.8206, NDCG@20: 0.7078, HR@20: 0.8510), test (NDCG@5: 0.6778, HR@5: 0.7728, NDCG@10: 0.6910, HR@10: 0.8131, NDCG@20: 0.6990, HR@20: 0.8446)
loss in epoch 151 iteration 1561: 0.17280006408691406
loss in epoch 152 iteration 1561: 0.18204374611377716
loss in epoch 153 iteration 1561: 0.18257687985897064
loss in epoch 154 iteration 1561: 0.1741848587989807
loss in epoch 155 iteration 1561: 0.197635680437088
Evaluatingepoch:155, time: 47644204.666138(s), valid (NDCG@5: 0.6891, HR@5: 0.7837, NDCG@10: 0.7015, HR@10: 0.8218, NDCG@20: 0.7089, HR@20: 0.8508), test (NDCG@5: 0.6781, HR@5: 0.7710, NDCG@10: 0.6918, HR@10: 0.8129, NDCG@20: 0.7001, HR@20: 0.8456)
loss in epoch 156 iteration 1561: 0.18415333330631256
loss in epoch 157 iteration 1561: 0.18471354246139526
loss in epoch 158 iteration 1561: 0.18638885021209717
loss in epoch 159 iteration 1561: 0.1697663962841034
loss in epoch 160 iteration 1561: 0.17614798247814178
Evaluatingepoch:160, time: 49256608.018398(s), valid (NDCG@5: 0.6910, HR@5: 0.7844, NDCG@10: 0.7029, HR@10: 0.8210, NDCG@20: 0.7109, HR@20: 0.8523), test (NDCG@5: 0.6804, HR@5: 0.7724, NDCG@10: 0.6940, HR@10: 0.8141, NDCG@20: 0.7018, HR@20: 0.8451)
loss in epoch 161 iteration 1561: 0.18844811618328094
loss in epoch 162 iteration 1561: 0.1941796988248825
loss in epoch 163 iteration 1561: 0.17628754675388336
loss in epoch 164 iteration 1561: 0.17534120380878448
loss in epoch 165 iteration 1561: 0.17769324779510498
Evaluatingepoch:165, time: 50911870.203495(s), valid (NDCG@5: 0.6895, HR@5: 0.7828, NDCG@10: 0.7021, HR@10: 0.8216, NDCG@20: 0.7101, HR@20: 0.8530), test (NDCG@5: 0.6807, HR@5: 0.7731, NDCG@10: 0.6943, HR@10: 0.8146, NDCG@20: 0.7022, HR@20: 0.8459)
loss in epoch 166 iteration 1561: 0.180057093501091
loss in epoch 167 iteration 1561: 0.19031444191932678
loss in epoch 168 iteration 1561: 0.17296496033668518
loss in epoch 169 iteration 1561: 0.18164348602294922
loss in epoch 170 iteration 1561: 0.1778329312801361
Evaluatingepoch:170, time: 52484411.457062(s), valid (NDCG@5: 0.6917, HR@5: 0.7845, NDCG@10: 0.7042, HR@10: 0.8229, NDCG@20: 0.7118, HR@20: 0.8529), test (NDCG@5: 0.6813, HR@5: 0.7727, NDCG@10: 0.6948, HR@10: 0.8139, NDCG@20: 0.7026, HR@20: 0.8450)
loss in epoch 171 iteration 1561: 0.1754319965839386
loss in epoch 172 iteration 1561: 0.18263284862041473
loss in epoch 173 iteration 1561: 0.18512608110904694
loss in epoch 174 iteration 1561: 0.18506579101085663
loss in epoch 175 iteration 1561: 0.18515068292617798
Evaluatingepoch:175, time: 54006202.468872(s), valid (NDCG@5: 0.6937, HR@5: 0.7849, NDCG@10: 0.7061, HR@10: 0.8230, NDCG@20: 0.7135, HR@20: 0.8522), test (NDCG@5: 0.6825, HR@5: 0.7748, NDCG@10: 0.6955, HR@10: 0.8149, NDCG@20: 0.7035, HR@20: 0.8462)
loss in epoch 176 iteration 1561: 0.17492157220840454
loss in epoch 177 iteration 1561: 0.16719362139701843
loss in epoch 178 iteration 1561: 0.1679593175649643
loss in epoch 179 iteration 1561: 0.1769382804632187
loss in epoch 180 iteration 1561: 0.18410632014274597
Evaluatingepoch:180, time: 55536382.798195(s), valid (NDCG@5: 0.6928, HR@5: 0.7843, NDCG@10: 0.7052, HR@10: 0.8222, NDCG@20: 0.7129, HR@20: 0.8526), test (NDCG@5: 0.6834, HR@5: 0.7742, NDCG@10: 0.6966, HR@10: 0.8144, NDCG@20: 0.7048, HR@20: 0.8468)
loss in epoch 181 iteration 1561: 0.18209624290466309
loss in epoch 182 iteration 1561: 0.18134626746177673
loss in epoch 183 iteration 1561: 0.18176397681236267
loss in epoch 184 iteration 1561: 0.17275235056877136
loss in epoch 185 iteration 1561: 0.17503958940505981
Evaluatingepoch:185, time: 57145224.010468(s), valid (NDCG@5: 0.6958, HR@5: 0.7854, NDCG@10: 0.7084, HR@10: 0.8240, NDCG@20: 0.7157, HR@20: 0.8528), test (NDCG@5: 0.6851, HR@5: 0.7735, NDCG@10: 0.6985, HR@10: 0.8144, NDCG@20: 0.7068, HR@20: 0.8473)
loss in epoch 186 iteration 1561: 0.1712649017572403
loss in epoch 187 iteration 1561: 0.17180117964744568
loss in epoch 188 iteration 1561: 0.17171277105808258
loss in epoch 189 iteration 1561: 0.17551173269748688
loss in epoch 190 iteration 1561: 0.1817818135023117
Evaluatingepoch:190, time: 58682283.578396(s), valid (NDCG@5: 0.6936, HR@5: 0.7839, NDCG@10: 0.7065, HR@10: 0.8230, NDCG@20: 0.7142, HR@20: 0.8535), test (NDCG@5: 0.6848, HR@5: 0.7753, NDCG@10: 0.6978, HR@10: 0.8151, NDCG@20: 0.7062, HR@20: 0.8483)
loss in epoch 191 iteration 1561: 0.17739522457122803
loss in epoch 192 iteration 1561: 0.1809796541929245
loss in epoch 193 iteration 1561: 0.18420445919036865
loss in epoch 194 iteration 1561: 0.1758178025484085
loss in epoch 195 iteration 1561: 0.1835462898015976
Evaluatingepoch:195, time: 60172140.533924(s), valid (NDCG@5: 0.6972, HR@5: 0.7865, NDCG@10: 0.7097, HR@10: 0.8248, NDCG@20: 0.7169, HR@20: 0.8535), test (NDCG@5: 0.6867, HR@5: 0.7750, NDCG@10: 0.6996, HR@10: 0.8146, NDCG@20: 0.7079, HR@20: 0.8475)
loss in epoch 196 iteration 1561: 0.17118866741657257
loss in epoch 197 iteration 1561: 0.1794842928647995
loss in epoch 198 iteration 1561: 0.17194733023643494
loss in epoch 199 iteration 1561: 0.17206907272338867
loss in epoch 200 iteration 1561: 0.17499342560768127
Evaluatingepoch:200, time: 61778788.710117(s), valid (NDCG@5: 0.6996, HR@5: 0.7876, NDCG@10: 0.7117, HR@10: 0.8249, NDCG@20: 0.7188, HR@20: 0.8527), test (NDCG@5: 0.6871, HR@5: 0.7757, NDCG@10: 0.7002, HR@10: 0.8164, NDCG@20: 0.7083, HR@20: 0.8480)
loss in epoch 201 iteration 1561: 0.17907387018203735
loss in epoch 202 iteration 1561: 0.17942067980766296
loss in epoch 203 iteration 1561: 0.1760941594839096
loss in epoch 204 iteration 1561: 0.17416203022003174
loss in epoch 205 iteration 1561: 0.17901505529880524
Evaluatingepoch:205, time: 63397709.345341(s), valid (NDCG@5: 0.6974, HR@5: 0.7873, NDCG@10: 0.7095, HR@10: 0.8246, NDCG@20: 0.7168, HR@20: 0.8533), test (NDCG@5: 0.6860, HR@5: 0.7760, NDCG@10: 0.6990, HR@10: 0.8157, NDCG@20: 0.7072, HR@20: 0.8481)
loss in epoch 206 iteration 1561: 0.17609325051307678
loss in epoch 207 iteration 1561: 0.177750363945961
loss in epoch 208 iteration 1561: 0.1684407889842987
loss in epoch 209 iteration 1561: 0.1707005351781845
loss in epoch 210 iteration 1561: 0.17217223346233368
Evaluatingepoch:210, time: 65014340.975285(s), valid (NDCG@5: 0.6990, HR@5: 0.7868, NDCG@10: 0.7111, HR@10: 0.8241, NDCG@20: 0.7186, HR@20: 0.8536), test (NDCG@5: 0.6867, HR@5: 0.7757, NDCG@10: 0.7002, HR@10: 0.8172, NDCG@20: 0.7078, HR@20: 0.8472)
loss in epoch 211 iteration 1561: 0.17882047593593597
loss in epoch 212 iteration 1561: 0.1726219654083252
loss in epoch 213 iteration 1561: 0.17259842157363892
loss in epoch 214 iteration 1561: 0.1830345243215561
loss in epoch 215 iteration 1561: 0.16287904977798462
Evaluatingepoch:215, time: 66665692.816496(s), valid (NDCG@5: 0.6973, HR@5: 0.7864, NDCG@10: 0.7098, HR@10: 0.8246, NDCG@20: 0.7170, HR@20: 0.8533), test (NDCG@5: 0.6875, HR@5: 0.7769, NDCG@10: 0.7005, HR@10: 0.8168, NDCG@20: 0.7084, HR@20: 0.8481)
loss in epoch 216 iteration 1561: 0.17232966423034668
loss in epoch 217 iteration 1561: 0.17290113866329193
loss in epoch 218 iteration 1561: 0.17059683799743652
loss in epoch 219 iteration 1561: 0.17902323603630066
loss in epoch 220 iteration 1561: 0.17022080719470978
Evaluatingepoch:220, time: 68303893.587112(s), valid (NDCG@5: 0.6955, HR@5: 0.7866, NDCG@10: 0.7077, HR@10: 0.8240, NDCG@20: 0.7152, HR@20: 0.8536), test (NDCG@5: 0.6854, HR@5: 0.7756, NDCG@10: 0.6989, HR@10: 0.8169, NDCG@20: 0.7070, HR@20: 0.8487)
loss in epoch 221 iteration 1561: 0.1653624325990677
loss in epoch 222 iteration 1561: 0.1703261286020279
loss in epoch 223 iteration 1561: 0.178362637758255
loss in epoch 224 iteration 1561: 0.17340028285980225
loss in epoch 225 iteration 1561: 0.16335248947143555
Evaluatingepoch:225, time: 69948713.372707(s), valid (NDCG@5: 0.6997, HR@5: 0.7866, NDCG@10: 0.7125, HR@10: 0.8259, NDCG@20: 0.7196, HR@20: 0.8540), test (NDCG@5: 0.6886, HR@5: 0.7769, NDCG@10: 0.7019, HR@10: 0.8177, NDCG@20: 0.7097, HR@20: 0.8488)
loss in epoch 226 iteration 1561: 0.17356954514980316
loss in epoch 227 iteration 1561: 0.17146840691566467
loss in epoch 228 iteration 1561: 0.17090237140655518
loss in epoch 229 iteration 1561: 0.17902186512947083
loss in epoch 230 iteration 1561: 0.17176005244255066
Evaluatingepoch:230, time: 71589991.900444(s), valid (NDCG@5: 0.6997, HR@5: 0.7865, NDCG@10: 0.7124, HR@10: 0.8252, NDCG@20: 0.7197, HR@20: 0.8542), test (NDCG@5: 0.6888, HR@5: 0.7751, NDCG@10: 0.7024, HR@10: 0.8169, NDCG@20: 0.7104, HR@20: 0.8485)
loss in epoch 231 iteration 1561: 0.1673637479543686
loss in epoch 232 iteration 1561: 0.175432026386261
loss in epoch 233 iteration 1561: 0.17932075262069702
loss in epoch 234 iteration 1561: 0.17234504222869873
loss in epoch 235 iteration 1561: 0.1728931963443756
Evaluatingepoch:235, time: 73239237.337351(s), valid (NDCG@5: 0.6997, HR@5: 0.7880, NDCG@10: 0.7118, HR@10: 0.8252, NDCG@20: 0.7192, HR@20: 0.8541), test (NDCG@5: 0.6884, HR@5: 0.7778, NDCG@10: 0.7010, HR@10: 0.8165, NDCG@20: 0.7090, HR@20: 0.8482)
loss in epoch 236 iteration 1561: 0.16872355341911316
loss in epoch 237 iteration 1561: 0.17549146711826324
loss in epoch 238 iteration 1561: 0.1660192608833313
loss in epoch 239 iteration 1561: 0.16761590540409088
loss in epoch 240 iteration 1561: 0.17609372735023499
Evaluatingepoch:240, time: 74851794.672489(s), valid (NDCG@5: 0.7022, HR@5: 0.7879, NDCG@10: 0.7143, HR@10: 0.8249, NDCG@20: 0.7216, HR@20: 0.8537), test (NDCG@5: 0.6904, HR@5: 0.7768, NDCG@10: 0.7033, HR@10: 0.8160, NDCG@20: 0.7114, HR@20: 0.8478)
loss in epoch 241 iteration 1561: 0.174879252910614
loss in epoch 242 iteration 1561: 0.1689942628145218
loss in epoch 243 iteration 1561: 0.17497701942920685
loss in epoch 244 iteration 1561: 0.1706586331129074
loss in epoch 245 iteration 1561: 0.17239484190940857
Evaluatingepoch:245, time: 76492182.258129(s), valid (NDCG@5: 0.7017, HR@5: 0.7897, NDCG@10: 0.7131, HR@10: 0.8246, NDCG@20: 0.7205, HR@20: 0.8537), test (NDCG@5: 0.6904, HR@5: 0.7777, NDCG@10: 0.7030, HR@10: 0.8161, NDCG@20: 0.7110, HR@20: 0.8479)
loss in epoch 246 iteration 1561: 0.17304876446723938
loss in epoch 247 iteration 1561: 0.1769503653049469
loss in epoch 248 iteration 1561: 0.17139244079589844
loss in epoch 249 iteration 1561: 0.1629844605922699
loss in epoch 250 iteration 1561: 0.17277982831001282
Evaluatingepoch:250, time: 78115514.902830(s), valid (NDCG@5: 0.7028, HR@5: 0.7891, NDCG@10: 0.7149, HR@10: 0.8263, NDCG@20: 0.7219, HR@20: 0.8540), test (NDCG@5: 0.6914, HR@5: 0.7780, NDCG@10: 0.7041, HR@10: 0.8169, NDCG@20: 0.7120, HR@20: 0.8480)
loss in epoch 251 iteration 1561: 0.1768026053905487
loss in epoch 252 iteration 1561: 0.17809581756591797
loss in epoch 253 iteration 1561: 0.1689760982990265
loss in epoch 254 iteration 1561: 0.1765410453081131
loss in epoch 255 iteration 1561: 0.16817818582057953
Evaluatingepoch:255, time: 79750703.675508(s), valid (NDCG@5: 0.7028, HR@5: 0.7885, NDCG@10: 0.7149, HR@10: 0.8256, NDCG@20: 0.7222, HR@20: 0.8543), test (NDCG@5: 0.6914, HR@5: 0.7776, NDCG@10: 0.7040, HR@10: 0.8163, NDCG@20: 0.7124, HR@20: 0.8492)
loss in epoch 256 iteration 1561: 0.16363079845905304
loss in epoch 257 iteration 1561: 0.17292948067188263
loss in epoch 258 iteration 1561: 0.15970349311828613
loss in epoch 259 iteration 1561: 0.1679186075925827
loss in epoch 260 iteration 1561: 0.18046052753925323
Evaluatingepoch:260, time: 81380614.449501(s), valid (NDCG@5: 0.7005, HR@5: 0.7875, NDCG@10: 0.7128, HR@10: 0.8254, NDCG@20: 0.7201, HR@20: 0.8539), test (NDCG@5: 0.6890, HR@5: 0.7764, NDCG@10: 0.7020, HR@10: 0.8162, NDCG@20: 0.7103, HR@20: 0.8487)
loss in epoch 261 iteration 1561: 0.17579014599323273
loss in epoch 262 iteration 1561: 0.16544218361377716
loss in epoch 263 iteration 1561: 0.17463886737823486
loss in epoch 264 iteration 1561: 0.16684776544570923
loss in epoch 265 iteration 1561: 0.17304277420043945
Evaluatingepoch:265, time: 82831739.722252(s), valid (NDCG@5: 0.7051, HR@5: 0.7888, NDCG@10: 0.7171, HR@10: 0.8254, NDCG@20: 0.7246, HR@20: 0.8552), test (NDCG@5: 0.6921, HR@5: 0.7773, NDCG@10: 0.7050, HR@10: 0.8169, NDCG@20: 0.7130, HR@20: 0.8483)
loss in epoch 266 iteration 1561: 0.1761329621076584
loss in epoch 267 iteration 1561: 0.16425804793834686
loss in epoch 268 iteration 1561: 0.1701243817806244
loss in epoch 269 iteration 1561: 0.17044785618782043
loss in epoch 270 iteration 1561: 0.1726984977722168
Evaluatingepoch:270, time: 84248595.954418(s), valid (NDCG@5: 0.7022, HR@5: 0.7879, NDCG@10: 0.7147, HR@10: 0.8262, NDCG@20: 0.7220, HR@20: 0.8548), test (NDCG@5: 0.6913, HR@5: 0.7784, NDCG@10: 0.7038, HR@10: 0.8168, NDCG@20: 0.7120, HR@20: 0.8494)
loss in epoch 271 iteration 1561: 0.15873664617538452
loss in epoch 272 iteration 1561: 0.17470531165599823
loss in epoch 273 iteration 1561: 0.1652463674545288
loss in epoch 274 iteration 1561: 0.1727871596813202
loss in epoch 275 iteration 1561: 0.1688936948776245
Evaluatingepoch:275, time: 85686029.169559(s), valid (NDCG@5: 0.7010, HR@5: 0.7869, NDCG@10: 0.7138, HR@10: 0.8264, NDCG@20: 0.7212, HR@20: 0.8557), test (NDCG@5: 0.6909, HR@5: 0.7773, NDCG@10: 0.7038, HR@10: 0.8170, NDCG@20: 0.7121, HR@20: 0.8497)
loss in epoch 276 iteration 1561: 0.15917973220348358
loss in epoch 277 iteration 1561: 0.1693219393491745
loss in epoch 278 iteration 1561: 0.1788022667169571
loss in epoch 279 iteration 1561: 0.1704167276620865
loss in epoch 280 iteration 1561: 0.17355935275554657
Evaluatingepoch:280, time: 87091198.156834(s), valid (NDCG@5: 0.7046, HR@5: 0.7890, NDCG@10: 0.7164, HR@10: 0.8252, NDCG@20: 0.7239, HR@20: 0.8549), test (NDCG@5: 0.6918, HR@5: 0.7776, NDCG@10: 0.7049, HR@10: 0.8179, NDCG@20: 0.7129, HR@20: 0.8491)
loss in epoch 281 iteration 1561: 0.17030823230743408
loss in epoch 282 iteration 1561: 0.1692112684249878
loss in epoch 283 iteration 1561: 0.15858949720859528
loss in epoch 284 iteration 1561: 0.17034590244293213
loss in epoch 285 iteration 1561: 0.16541187465190887
Evaluatingepoch:285, time: 88507333.961487(s), valid (NDCG@5: 0.7065, HR@5: 0.7900, NDCG@10: 0.7185, HR@10: 0.8265, NDCG@20: 0.7258, HR@20: 0.8554), test (NDCG@5: 0.6935, HR@5: 0.7786, NDCG@10: 0.7056, HR@10: 0.8157, NDCG@20: 0.7141, HR@20: 0.8487)
loss in epoch 286 iteration 1561: 0.17563381791114807
loss in epoch 287 iteration 1561: 0.17238129675388336
loss in epoch 288 iteration 1561: 0.1660112589597702
loss in epoch 289 iteration 1561: 0.16929087042808533
loss in epoch 290 iteration 1561: 0.17134056985378265
Evaluatingepoch:290, time: 90149400.138617(s), valid (NDCG@5: 0.7041, HR@5: 0.7898, NDCG@10: 0.7162, HR@10: 0.8269, NDCG@20: 0.7232, HR@20: 0.8546), test (NDCG@5: 0.6940, HR@5: 0.7778, NDCG@10: 0.7071, HR@10: 0.8182, NDCG@20: 0.7152, HR@20: 0.8499)
loss in epoch 291 iteration 1561: 0.16682153940200806
loss in epoch 292 iteration 1561: 0.17141300439834595
loss in epoch 293 iteration 1561: 0.17484644055366516
loss in epoch 294 iteration 1561: 0.16702722012996674
loss in epoch 295 iteration 1561: 0.16543802618980408
Evaluatingepoch:295, time: 91780293.380737(s), valid (NDCG@5: 0.7078, HR@5: 0.7900, NDCG@10: 0.7199, HR@10: 0.8272, NDCG@20: 0.7271, HR@20: 0.8555), test (NDCG@5: 0.6976, HR@5: 0.7798, NDCG@10: 0.7098, HR@10: 0.8174, NDCG@20: 0.7180, HR@20: 0.8498)
loss in epoch 296 iteration 1561: 0.1699414849281311
loss in epoch 297 iteration 1561: 0.17086400091648102
loss in epoch 298 iteration 1561: 0.17055299878120422
loss in epoch 299 iteration 1561: 0.1698608249425888
loss in epoch 300 iteration 1561: 0.16100017726421356
Evaluatingepoch:300, time: 93399671.332121(s), valid (NDCG@5: 0.7063, HR@5: 0.7897, NDCG@10: 0.7186, HR@10: 0.8274, NDCG@20: 0.7257, HR@20: 0.8554), test (NDCG@5: 0.6936, HR@5: 0.7778, NDCG@10: 0.7064, HR@10: 0.8172, NDCG@20: 0.7145, HR@20: 0.8490)
loss in epoch 301 iteration 1561: 0.1576511561870575
loss in epoch 302 iteration 1561: 0.17528605461120605
loss in epoch 303 iteration 1561: 0.16696563363075256
loss in epoch 304 iteration 1561: 0.17766988277435303
loss in epoch 305 iteration 1561: 0.1664537489414215
Evaluatingepoch:305, time: 95034807.394743(s), valid (NDCG@5: 0.7086, HR@5: 0.7900, NDCG@10: 0.7210, HR@10: 0.8281, NDCG@20: 0.7281, HR@20: 0.8561), test (NDCG@5: 0.6976, HR@5: 0.7793, NDCG@10: 0.7100, HR@10: 0.8171, NDCG@20: 0.7183, HR@20: 0.8500)
loss in epoch 306 iteration 1561: 0.16766981780529022
loss in epoch 307 iteration 1561: 0.1769050657749176
loss in epoch 308 iteration 1561: 0.1680527627468109
loss in epoch 309 iteration 1561: 0.15831893682479858
loss in epoch 310 iteration 1561: 0.16952408850193024
Evaluatingepoch:310, time: 96666719.283104(s), valid (NDCG@5: 0.7110, HR@5: 0.7922, NDCG@10: 0.7224, HR@10: 0.8274, NDCG@20: 0.7298, HR@20: 0.8563), test (NDCG@5: 0.6969, HR@5: 0.7792, NDCG@10: 0.7095, HR@10: 0.8177, NDCG@20: 0.7178, HR@20: 0.8504)
loss in epoch 311 iteration 1561: 0.16647927463054657
loss in epoch 312 iteration 1561: 0.16215139627456665
loss in epoch 313 iteration 1561: 0.17389334738254547
loss in epoch 314 iteration 1561: 0.15920542180538177
loss in epoch 315 iteration 1561: 0.17165298759937286
Evaluatingepoch:315, time: 98296934.297800(s), valid (NDCG@5: 0.7087, HR@5: 0.7910, NDCG@10: 0.7203, HR@10: 0.8267, NDCG@20: 0.7275, HR@20: 0.8551), test (NDCG@5: 0.6971, HR@5: 0.7793, NDCG@10: 0.7096, HR@10: 0.8174, NDCG@20: 0.7180, HR@20: 0.8508)
loss in epoch 316 iteration 1561: 0.17011399567127228
loss in epoch 317 iteration 1561: 0.16784556210041046
loss in epoch 318 iteration 1561: 0.17196613550186157
loss in epoch 319 iteration 1561: 0.17026323080062866
loss in epoch 320 iteration 1561: 0.1651248186826706
Evaluatingepoch:320, time: 100171553.765535(s), valid (NDCG@5: 0.7101, HR@5: 0.7907, NDCG@10: 0.7223, HR@10: 0.8283, NDCG@20: 0.7294, HR@20: 0.8560), test (NDCG@5: 0.6983, HR@5: 0.7811, NDCG@10: 0.7105, HR@10: 0.8185, NDCG@20: 0.7185, HR@20: 0.8501)
loss in epoch 321 iteration 1561: 0.14962397515773773
loss in epoch 322 iteration 1561: 0.1559353917837143
loss in epoch 323 iteration 1561: 0.16674382984638214
loss in epoch 324 iteration 1561: 0.15513618290424347
loss in epoch 325 iteration 1561: 0.17030949890613556
Evaluatingepoch:325, time: 101822587.634802(s), valid (NDCG@5: 0.7102, HR@5: 0.7926, NDCG@10: 0.7215, HR@10: 0.8272, NDCG@20: 0.7288, HR@20: 0.8559), test (NDCG@5: 0.6985, HR@5: 0.7809, NDCG@10: 0.7112, HR@10: 0.8198, NDCG@20: 0.7187, HR@20: 0.8498)
loss in epoch 326 iteration 1561: 0.16527336835861206
loss in epoch 327 iteration 1561: 0.16539478302001953
loss in epoch 328 iteration 1561: 0.17081765830516815
loss in epoch 329 iteration 1561: 0.17163027822971344
loss in epoch 330 iteration 1561: 0.16536197066307068
Evaluatingepoch:330, time: 103464996.115923(s), valid (NDCG@5: 0.7104, HR@5: 0.7912, NDCG@10: 0.7222, HR@10: 0.8275, NDCG@20: 0.7293, HR@20: 0.8552), test (NDCG@5: 0.6979, HR@5: 0.7795, NDCG@10: 0.7104, HR@10: 0.8177, NDCG@20: 0.7185, HR@20: 0.8499)
loss in epoch 331 iteration 1561: 0.17280660569667816
loss in epoch 332 iteration 1561: 0.17111793160438538
loss in epoch 333 iteration 1561: 0.16700588166713715
loss in epoch 334 iteration 1561: 0.1616116762161255
loss in epoch 335 iteration 1561: 0.1709858477115631
Evaluatingepoch:335, time: 105108557.152987(s), valid (NDCG@5: 0.7117, HR@5: 0.7910, NDCG@10: 0.7237, HR@10: 0.8278, NDCG@20: 0.7308, HR@20: 0.8555), test (NDCG@5: 0.7012, HR@5: 0.7802, NDCG@10: 0.7138, HR@10: 0.8187, NDCG@20: 0.7216, HR@20: 0.8495)
loss in epoch 336 iteration 1561: 0.16291481256484985
loss in epoch 337 iteration 1561: 0.16651137173175812
loss in epoch 338 iteration 1561: 0.1714419424533844
loss in epoch 339 iteration 1561: 0.15989136695861816
loss in epoch 340 iteration 1561: 0.1704871654510498
Evaluatingepoch:340, time: 106763008.511782(s), valid (NDCG@5: 0.7125, HR@5: 0.7932, NDCG@10: 0.7241, HR@10: 0.8289, NDCG@20: 0.7310, HR@20: 0.8562), test (NDCG@5: 0.6992, HR@5: 0.7818, NDCG@10: 0.7115, HR@10: 0.8196, NDCG@20: 0.7194, HR@20: 0.8507)
loss in epoch 341 iteration 1561: 0.16108939051628113
loss in epoch 342 iteration 1561: 0.15857157111167908
loss in epoch 343 iteration 1561: 0.1623549908399582
loss in epoch 344 iteration 1561: 0.1569748967885971
loss in epoch 345 iteration 1561: 0.17398570477962494
Evaluatingepoch:345, time: 108412732.452631(s), valid (NDCG@5: 0.7067, HR@5: 0.7896, NDCG@10: 0.7194, HR@10: 0.8286, NDCG@20: 0.7263, HR@20: 0.8559), test (NDCG@5: 0.6947, HR@5: 0.7786, NDCG@10: 0.7077, HR@10: 0.8184, NDCG@20: 0.7157, HR@20: 0.8498)
loss in epoch 346 iteration 1561: 0.16689832508563995
loss in epoch 347 iteration 1561: 0.17419898509979248
loss in epoch 348 iteration 1561: 0.16126324236392975
loss in epoch 349 iteration 1561: 0.16644708812236786
loss in epoch 350 iteration 1561: 0.1512560248374939
Evaluatingepoch:350, time: 110083585.112810(s), valid (NDCG@5: 0.7132, HR@5: 0.7919, NDCG@10: 0.7250, HR@10: 0.8281, NDCG@20: 0.7319, HR@20: 0.8555), test (NDCG@5: 0.7001, HR@5: 0.7808, NDCG@10: 0.7127, HR@10: 0.8194, NDCG@20: 0.7204, HR@20: 0.8498)
loss in epoch 351 iteration 1561: 0.16898898780345917
loss in epoch 352 iteration 1561: 0.1761293113231659
loss in epoch 353 iteration 1561: 0.1709929257631302
loss in epoch 354 iteration 1561: 0.1699129343032837
loss in epoch 355 iteration 1561: 0.1583162099123001
Evaluatingepoch:355, time: 111730525.775194(s), valid (NDCG@5: 0.7098, HR@5: 0.7934, NDCG@10: 0.7214, HR@10: 0.8290, NDCG@20: 0.7283, HR@20: 0.8561), test (NDCG@5: 0.6996, HR@5: 0.7818, NDCG@10: 0.7117, HR@10: 0.8190, NDCG@20: 0.7197, HR@20: 0.8508)
loss in epoch 356 iteration 1561: 0.16431772708892822
loss in epoch 357 iteration 1561: 0.16050659120082855
loss in epoch 358 iteration 1561: 0.15983708202838898
loss in epoch 359 iteration 1561: 0.1603545993566513
loss in epoch 360 iteration 1561: 0.16316334903240204
Evaluatingepoch:360, time: 113372379.866362(s), valid (NDCG@5: 0.7118, HR@5: 0.7936, NDCG@10: 0.7231, HR@10: 0.8280, NDCG@20: 0.7303, HR@20: 0.8565), test (NDCG@5: 0.7008, HR@5: 0.7821, NDCG@10: 0.7130, HR@10: 0.8193, NDCG@20: 0.7210, HR@20: 0.8509)
loss in epoch 361 iteration 1561: 0.16745895147323608
loss in epoch 362 iteration 1561: 0.1675088107585907
loss in epoch 363 iteration 1561: 0.1626887023448944
loss in epoch 364 iteration 1561: 0.17123167216777802
loss in epoch 365 iteration 1561: 0.15959405899047852
Evaluatingepoch:365, time: 114994243.472815(s), valid (NDCG@5: 0.7120, HR@5: 0.7922, NDCG@10: 0.7237, HR@10: 0.8280, NDCG@20: 0.7307, HR@20: 0.8558), test (NDCG@5: 0.7013, HR@5: 0.7819, NDCG@10: 0.7137, HR@10: 0.8200, NDCG@20: 0.7213, HR@20: 0.8500)
loss in epoch 366 iteration 1561: 0.16182878613471985
loss in epoch 367 iteration 1561: 0.16992239654064178
loss in epoch 368 iteration 1561: 0.15710726380348206
loss in epoch 369 iteration 1561: 0.16142146289348602
loss in epoch 370 iteration 1561: 0.16272097826004028
Evaluatingepoch:370, time: 116655693.845272(s), valid (NDCG@5: 0.7125, HR@5: 0.7928, NDCG@10: 0.7245, HR@10: 0.8298, NDCG@20: 0.7312, HR@20: 0.8562), test (NDCG@5: 0.7006, HR@5: 0.7809, NDCG@10: 0.7138, HR@10: 0.8212, NDCG@20: 0.7213, HR@20: 0.8509)
loss in epoch 371 iteration 1561: 0.172755628824234
loss in epoch 372 iteration 1561: 0.15962956845760345
loss in epoch 373 iteration 1561: 0.15473368763923645
loss in epoch 374 iteration 1561: 0.16124515235424042
loss in epoch 375 iteration 1561: 0.15428940951824188
Evaluatingepoch:375, time: 118290077.334642(s), valid (NDCG@5: 0.7123, HR@5: 0.7934, NDCG@10: 0.7240, HR@10: 0.8291, NDCG@20: 0.7308, HR@20: 0.8560), test (NDCG@5: 0.7007, HR@5: 0.7826, NDCG@10: 0.7128, HR@10: 0.8197, NDCG@20: 0.7205, HR@20: 0.8502)
loss in epoch 376 iteration 1561: 0.16471606492996216
loss in epoch 377 iteration 1561: 0.17077036201953888
loss in epoch 378 iteration 1561: 0.1644202619791031
loss in epoch 379 iteration 1561: 0.16189736127853394
loss in epoch 380 iteration 1561: 0.16116037964820862
Evaluatingepoch:380, time: 119942669.722795(s), valid (NDCG@5: 0.7133, HR@5: 0.7930, NDCG@10: 0.7255, HR@10: 0.8302, NDCG@20: 0.7320, HR@20: 0.8561), test (NDCG@5: 0.7009, HR@5: 0.7804, NDCG@10: 0.7137, HR@10: 0.8197, NDCG@20: 0.7216, HR@20: 0.8510)
loss in epoch 381 iteration 1561: 0.16757407784461975
loss in epoch 382 iteration 1561: 0.16031362116336823
loss in epoch 383 iteration 1561: 0.1708184778690338
loss in epoch 384 iteration 1561: 0.1657225638628006
loss in epoch 385 iteration 1561: 0.1617625206708908
Evaluatingepoch:385, time: 121601918.836117(s), valid (NDCG@5: 0.7119, HR@5: 0.7914, NDCG@10: 0.7241, HR@10: 0.8287, NDCG@20: 0.7310, HR@20: 0.8560), test (NDCG@5: 0.7002, HR@5: 0.7814, NDCG@10: 0.7130, HR@10: 0.8206, NDCG@20: 0.7206, HR@20: 0.8504)
loss in epoch 386 iteration 1561: 0.16226746141910553
loss in epoch 387 iteration 1561: 0.17115433514118195
loss in epoch 388 iteration 1561: 0.15648964047431946
loss in epoch 389 iteration 1561: 0.16423772275447845
loss in epoch 390 iteration 1561: 0.15625523030757904
Evaluatingepoch:390, time: 123255544.804573(s), valid (NDCG@5: 0.7152, HR@5: 0.7937, NDCG@10: 0.7269, HR@10: 0.8299, NDCG@20: 0.7334, HR@20: 0.8554), test (NDCG@5: 0.7014, HR@5: 0.7813, NDCG@10: 0.7135, HR@10: 0.8187, NDCG@20: 0.7216, HR@20: 0.8504)
loss in epoch 391 iteration 1561: 0.1687725931406021
loss in epoch 392 iteration 1561: 0.1642305999994278
loss in epoch 393 iteration 1561: 0.16474464535713196
loss in epoch 394 iteration 1561: 0.16407348215579987
loss in epoch 395 iteration 1561: 0.17027798295021057
Evaluatingepoch:395, time: 124898347.341299(s), valid (NDCG@5: 0.7125, HR@5: 0.7926, NDCG@10: 0.7243, HR@10: 0.8288, NDCG@20: 0.7309, HR@20: 0.8549), test (NDCG@5: 0.7009, HR@5: 0.7809, NDCG@10: 0.7134, HR@10: 0.8191, NDCG@20: 0.7214, HR@20: 0.8506)
loss in epoch 396 iteration 1561: 0.1507481336593628
loss in epoch 397 iteration 1561: 0.17292465269565582
loss in epoch 398 iteration 1561: 0.1637653410434723
loss in epoch 399 iteration 1561: 0.1609603613615036
loss in epoch 400 iteration 1561: 0.15613722801208496
Evaluatingepoch:400, time: 126526419.378996(s), valid (NDCG@5: 0.7121, HR@5: 0.7917, NDCG@10: 0.7242, HR@10: 0.8286, NDCG@20: 0.7313, HR@20: 0.8567), test (NDCG@5: 0.7019, HR@5: 0.7830, NDCG@10: 0.7141, HR@10: 0.8204, NDCG@20: 0.7217, HR@20: 0.8507)
loss in epoch 401 iteration 1561: 0.16844701766967773
loss in epoch 402 iteration 1561: 0.1625872105360031
loss in epoch 403 iteration 1561: 0.1675681620836258
loss in epoch 404 iteration 1561: 0.15901176631450653
loss in epoch 405 iteration 1561: 0.15446540713310242
Evaluatingepoch:405, time: 128149605.357647(s), valid (NDCG@5: 0.7129, HR@5: 0.7934, NDCG@10: 0.7246, HR@10: 0.8290, NDCG@20: 0.7313, HR@20: 0.8558), test (NDCG@5: 0.7013, HR@5: 0.7816, NDCG@10: 0.7139, HR@10: 0.8202, NDCG@20: 0.7217, HR@20: 0.8509)
loss in epoch 406 iteration 1561: 0.1615208387374878
loss in epoch 407 iteration 1561: 0.17363180220127106
loss in epoch 408 iteration 1561: 0.15757113695144653
loss in epoch 409 iteration 1561: 0.1542438268661499
loss in epoch 410 iteration 1561: 0.15858156979084015
Evaluatingepoch:410, time: 129809766.731739(s), valid (NDCG@5: 0.7143, HR@5: 0.7934, NDCG@10: 0.7259, HR@10: 0.8293, NDCG@20: 0.7326, HR@20: 0.8557), test (NDCG@5: 0.7016, HR@5: 0.7830, NDCG@10: 0.7137, HR@10: 0.8200, NDCG@20: 0.7213, HR@20: 0.8500)
loss in epoch 411 iteration 1561: 0.15558983385562897
loss in epoch 412 iteration 1561: 0.1670534759759903
loss in epoch 413 iteration 1561: 0.1620441973209381
loss in epoch 414 iteration 1561: 0.17142966389656067
loss in epoch 415 iteration 1561: 0.16782742738723755
Evaluatingepoch:415, time: 131434268.935442(s), valid (NDCG@5: 0.7145, HR@5: 0.7942, NDCG@10: 0.7258, HR@10: 0.8288, NDCG@20: 0.7328, HR@20: 0.8564), test (NDCG@5: 0.7034, HR@5: 0.7839, NDCG@10: 0.7154, HR@10: 0.8206, NDCG@20: 0.7230, HR@20: 0.8508)
loss in epoch 416 iteration 1561: 0.16170525550842285
loss in epoch 417 iteration 1561: 0.16389794647693634
loss in epoch 418 iteration 1561: 0.16537296772003174
loss in epoch 419 iteration 1561: 0.1591825634241104
loss in epoch 420 iteration 1561: 0.17111434042453766
Evaluatingepoch:420, time: 133051724.601269(s), valid (NDCG@5: 0.7124, HR@5: 0.7928, NDCG@10: 0.7241, HR@10: 0.8288, NDCG@20: 0.7311, HR@20: 0.8565), test (NDCG@5: 0.7014, HR@5: 0.7826, NDCG@10: 0.7134, HR@10: 0.8194, NDCG@20: 0.7213, HR@20: 0.8504)
loss in epoch 421 iteration 1561: 0.16698774695396423
loss in epoch 422 iteration 1561: 0.1666315197944641
loss in epoch 423 iteration 1561: 0.15907344222068787
loss in epoch 424 iteration 1561: 0.1615329384803772
loss in epoch 425 iteration 1561: 0.15925905108451843
Evaluatingepoch:425, time: 134669687.935352(s), valid (NDCG@5: 0.7145, HR@5: 0.7936, NDCG@10: 0.7260, HR@10: 0.8288, NDCG@20: 0.7327, HR@20: 0.8553), test (NDCG@5: 0.7024, HR@5: 0.7821, NDCG@10: 0.7149, HR@10: 0.8203, NDCG@20: 0.7225, HR@20: 0.8504)
loss in epoch 426 iteration 1561: 0.1625726819038391
loss in epoch 427 iteration 1561: 0.1559750735759735
loss in epoch 428 iteration 1561: 0.16193902492523193
loss in epoch 429 iteration 1561: 0.15679067373275757
loss in epoch 430 iteration 1561: 0.15931658446788788
Evaluatingepoch:430, time: 136319235.352278(s), valid (NDCG@5: 0.7137, HR@5: 0.7936, NDCG@10: 0.7252, HR@10: 0.8287, NDCG@20: 0.7321, HR@20: 0.8557), test (NDCG@5: 0.7011, HR@5: 0.7829, NDCG@10: 0.7137, HR@10: 0.8213, NDCG@20: 0.7211, HR@20: 0.8509)
loss in epoch 431 iteration 1561: 0.15737572312355042
loss in epoch 432 iteration 1561: 0.16024023294448853
loss in epoch 433 iteration 1561: 0.16573107242584229
loss in epoch 434 iteration 1561: 0.1627996414899826
loss in epoch 435 iteration 1561: 0.16456539928913116
Evaluatingepoch:435, time: 137967423.856735(s), valid (NDCG@5: 0.7129, HR@5: 0.7920, NDCG@10: 0.7252, HR@10: 0.8296, NDCG@20: 0.7316, HR@20: 0.8552), test (NDCG@5: 0.7009, HR@5: 0.7823, NDCG@10: 0.7129, HR@10: 0.8193, NDCG@20: 0.7208, HR@20: 0.8504)
loss in epoch 436 iteration 1561: 0.16903842985630035
loss in epoch 437 iteration 1561: 0.16471752524375916
loss in epoch 438 iteration 1561: 0.14897406101226807
loss in epoch 439 iteration 1561: 0.15196460485458374
loss in epoch 440 iteration 1561: 0.15140891075134277
Evaluatingepoch:440, time: 139586120.441914(s), valid (NDCG@5: 0.7149, HR@5: 0.7928, NDCG@10: 0.7272, HR@10: 0.8302, NDCG@20: 0.7336, HR@20: 0.8557), test (NDCG@5: 0.7031, HR@5: 0.7831, NDCG@10: 0.7158, HR@10: 0.8220, NDCG@20: 0.7228, HR@20: 0.8499)
loss in epoch 441 iteration 1561: 0.1536797732114792
loss in epoch 442 iteration 1561: 0.15503305196762085
loss in epoch 443 iteration 1561: 0.16779084503650665
loss in epoch 444 iteration 1561: 0.1567910760641098
loss in epoch 445 iteration 1561: 0.14830690622329712
Evaluatingepoch:445, time: 141208236.485720(s), valid (NDCG@5: 0.7145, HR@5: 0.7931, NDCG@10: 0.7266, HR@10: 0.8300, NDCG@20: 0.7331, HR@20: 0.8557), test (NDCG@5: 0.7024, HR@5: 0.7823, NDCG@10: 0.7148, HR@10: 0.8202, NDCG@20: 0.7227, HR@20: 0.8516)
loss in epoch 446 iteration 1561: 0.16622088849544525
loss in epoch 447 iteration 1561: 0.15255515277385712
loss in epoch 448 iteration 1561: 0.15871164202690125
loss in epoch 449 iteration 1561: 0.15341845154762268
loss in epoch 450 iteration 1561: 0.16497665643692017
Evaluatingepoch:450, time: 142860055.543184(s), valid (NDCG@5: 0.7153, HR@5: 0.7939, NDCG@10: 0.7270, HR@10: 0.8296, NDCG@20: 0.7337, HR@20: 0.8560), test (NDCG@5: 0.7038, HR@5: 0.7843, NDCG@10: 0.7156, HR@10: 0.8205, NDCG@20: 0.7235, HR@20: 0.8517)
loss in epoch 451 iteration 1561: 0.15907524526119232
loss in epoch 452 iteration 1561: 0.16332152485847473
loss in epoch 453 iteration 1561: 0.16493694484233856
loss in epoch 454 iteration 1561: 0.15997065603733063
loss in epoch 455 iteration 1561: 0.15902866423130035
Evaluatingepoch:455, time: 144502282.194138(s), valid (NDCG@5: 0.7169, HR@5: 0.7945, NDCG@10: 0.7283, HR@10: 0.8294, NDCG@20: 0.7351, HR@20: 0.8564), test (NDCG@5: 0.7063, HR@5: 0.7846, NDCG@10: 0.7182, HR@10: 0.8211, NDCG@20: 0.7257, HR@20: 0.8505)
loss in epoch 456 iteration 1561: 0.15953274071216583
loss in epoch 457 iteration 1561: 0.16483573615550995
loss in epoch 458 iteration 1561: 0.1547163873910904
loss in epoch 459 iteration 1561: 0.16969163715839386
loss in epoch 460 iteration 1561: 0.15941862761974335
Evaluatingepoch:460, time: 146111454.446316(s), valid (NDCG@5: 0.7176, HR@5: 0.7938, NDCG@10: 0.7298, HR@10: 0.8312, NDCG@20: 0.7358, HR@20: 0.8551), test (NDCG@5: 0.7057, HR@5: 0.7827, NDCG@10: 0.7184, HR@10: 0.8214, NDCG@20: 0.7260, HR@20: 0.8518)
loss in epoch 461 iteration 1561: 0.15936726331710815
loss in epoch 462 iteration 1561: 0.16413992643356323
loss in epoch 463 iteration 1561: 0.1585170179605484
loss in epoch 464 iteration 1561: 0.16247940063476562
loss in epoch 465 iteration 1561: 0.16947025060653687
Evaluatingepoch:465, time: 147715401.875973(s), valid (NDCG@5: 0.7157, HR@5: 0.7948, NDCG@10: 0.7272, HR@10: 0.8303, NDCG@20: 0.7337, HR@20: 0.8560), test (NDCG@5: 0.7029, HR@5: 0.7824, NDCG@10: 0.7155, HR@10: 0.8208, NDCG@20: 0.7232, HR@20: 0.8513)
loss in epoch 466 iteration 1561: 0.16039447486400604
loss in epoch 467 iteration 1561: 0.1529352217912674
loss in epoch 468 iteration 1561: 0.15674526989459991
loss in epoch 469 iteration 1561: 0.1553078591823578
loss in epoch 470 iteration 1561: 0.15551862120628357
Evaluatingepoch:470, time: 149330137.024403(s), valid (NDCG@5: 0.7164, HR@5: 0.7930, NDCG@10: 0.7281, HR@10: 0.8287, NDCG@20: 0.7351, HR@20: 0.8562), test (NDCG@5: 0.7037, HR@5: 0.7837, NDCG@10: 0.7158, HR@10: 0.8210, NDCG@20: 0.7234, HR@20: 0.8509)
loss in epoch 471 iteration 1561: 0.14993847906589508
loss in epoch 472 iteration 1561: 0.15857326984405518
loss in epoch 473 iteration 1561: 0.15598927438259125
loss in epoch 474 iteration 1561: 0.15175761282444
loss in epoch 475 iteration 1561: 0.1539856642484665
Evaluatingepoch:475, time: 150926868.154287(s), valid (NDCG@5: 0.7150, HR@5: 0.7941, NDCG@10: 0.7266, HR@10: 0.8296, NDCG@20: 0.7332, HR@20: 0.8556), test (NDCG@5: 0.7041, HR@5: 0.7847, NDCG@10: 0.7162, HR@10: 0.8216, NDCG@20: 0.7236, HR@20: 0.8512)
loss in epoch 476 iteration 1561: 0.15518902242183685
loss in epoch 477 iteration 1561: 0.15388938784599304
loss in epoch 478 iteration 1561: 0.154997318983078
loss in epoch 479 iteration 1561: 0.1609904021024704
loss in epoch 480 iteration 1561: 0.16250096261501312
Evaluatingepoch:480, time: 152513722.769976(s), valid (NDCG@5: 0.7172, HR@5: 0.7938, NDCG@10: 0.7287, HR@10: 0.8292, NDCG@20: 0.7354, HR@20: 0.8558), test (NDCG@5: 0.7064, HR@5: 0.7845, NDCG@10: 0.7185, HR@10: 0.8216, NDCG@20: 0.7260, HR@20: 0.8512)
loss in epoch 481 iteration 1561: 0.15915372967720032
loss in epoch 482 iteration 1561: 0.16000153124332428
loss in epoch 483 iteration 1561: 0.16272284090518951
loss in epoch 484 iteration 1561: 0.1527295857667923
loss in epoch 485 iteration 1561: 0.1554720252752304
Evaluatingepoch:485, time: 154137788.887024(s), valid (NDCG@5: 0.7160, HR@5: 0.7942, NDCG@10: 0.7276, HR@10: 0.8299, NDCG@20: 0.7345, HR@20: 0.8570), test (NDCG@5: 0.7040, HR@5: 0.7837, NDCG@10: 0.7162, HR@10: 0.8210, NDCG@20: 0.7240, HR@20: 0.8516)
loss in epoch 486 iteration 1561: 0.16202771663665771
loss in epoch 487 iteration 1561: 0.15418154001235962
loss in epoch 488 iteration 1561: 0.15618237853050232
loss in epoch 489 iteration 1561: 0.16609753668308258
loss in epoch 490 iteration 1561: 0.1498252898454666
Evaluatingepoch:490, time: 155731409.544945(s), valid (NDCG@5: 0.7165, HR@5: 0.7960, NDCG@10: 0.7276, HR@10: 0.8302, NDCG@20: 0.7343, HR@20: 0.8566), test (NDCG@5: 0.7051, HR@5: 0.7839, NDCG@10: 0.7175, HR@10: 0.8218, NDCG@20: 0.7250, HR@20: 0.8518)
loss in epoch 491 iteration 1561: 0.15876621007919312
loss in epoch 492 iteration 1561: 0.15861697494983673
loss in epoch 493 iteration 1561: 0.16197222471237183
loss in epoch 494 iteration 1561: 0.14786633849143982
loss in epoch 495 iteration 1561: 0.15607067942619324
Evaluatingepoch:495, time: 157328078.669548(s), valid (NDCG@5: 0.7163, HR@5: 0.7934, NDCG@10: 0.7281, HR@10: 0.8295, NDCG@20: 0.7350, HR@20: 0.8568), test (NDCG@5: 0.7045, HR@5: 0.7844, NDCG@10: 0.7167, HR@10: 0.8220, NDCG@20: 0.7240, HR@20: 0.8508)
loss in epoch 496 iteration 1561: 0.16725559532642365
loss in epoch 497 iteration 1561: 0.1630587875843048
loss in epoch 498 iteration 1561: 0.15784668922424316
loss in epoch 499 iteration 1561: 0.16090141236782074
loss in epoch 500 iteration 1561: 0.1570785641670227
Evaluatingepoch:500, time: 158916911.949635(s), valid (NDCG@5: 0.7171, HR@5: 0.7948, NDCG@10: 0.7287, HR@10: 0.8300, NDCG@20: 0.7352, HR@20: 0.8560), test (NDCG@5: 0.7067, HR@5: 0.7845, NDCG@10: 0.7187, HR@10: 0.8211, NDCG@20: 0.7263, HR@20: 0.8511)
Training time : 158916911.94963455
Done
