Arguments:
backbone sasmamba
batch_size 16
dataset tracks2000
device cuda:5
dropout_rate 0.5
eval_neg_sample 100
hidden_units 32
inference_only False
l2_emb 0.0
lr 0.0005
maxlen 2001
name mamba
num_blocks 2
num_epochs 501
num_heads 1
state_dict_path None
train_dir tracks256_default/

user_count: 25001
item count: 8163986
25001
average sequence length: 1656.24
parameters_count: 1033173154
loss in epoch 1 iteration 1561: 0.8121230602264404
loss in epoch 2 iteration 1561: 0.7645260095596313
loss in epoch 3 iteration 1561: 0.7150106430053711
loss in epoch 4 iteration 1561: 0.6344709396362305
loss in epoch 5 iteration 1561: 0.587245762348175
Evaluatingepoch:5, time: 1631351.987600(s), valid (NDCG@5: 0.6235, HR@5: 0.7566, NDCG@10: 0.6415, HR@10: 0.8115, NDCG@20: 0.6505, HR@20: 0.8471), test (NDCG@5: 0.6136, HR@5: 0.7475, NDCG@10: 0.6325, HR@10: 0.8052, NDCG@20: 0.6421, HR@20: 0.8428)
loss in epoch 6 iteration 1561: 0.5402790307998657
loss in epoch 7 iteration 1561: 0.5153111219406128
loss in epoch 8 iteration 1561: 0.4531276226043701
loss in epoch 9 iteration 1561: 0.4067979156970978
loss in epoch 10 iteration 1561: 0.38819679617881775
Evaluatingepoch:10, time: 3261504.617691(s), valid (NDCG@5: 0.6242, HR@5: 0.7606, NDCG@10: 0.6416, HR@10: 0.8139, NDCG@20: 0.6501, HR@20: 0.8474), test (NDCG@5: 0.6124, HR@5: 0.7504, NDCG@10: 0.6303, HR@10: 0.8050, NDCG@20: 0.6395, HR@20: 0.8413)
loss in epoch 11 iteration 1561: 0.38138023018836975
loss in epoch 12 iteration 1561: 0.3974423408508301
loss in epoch 13 iteration 1561: 0.363226979970932
loss in epoch 14 iteration 1561: 0.36675211787223816
loss in epoch 15 iteration 1561: 0.3002359867095947
Evaluatingepoch:15, time: 4891567.568779(s), valid (NDCG@5: 0.6293, HR@5: 0.7618, NDCG@10: 0.6455, HR@10: 0.8114, NDCG@20: 0.6537, HR@20: 0.8439), test (NDCG@5: 0.6227, HR@5: 0.7529, NDCG@10: 0.6385, HR@10: 0.8011, NDCG@20: 0.6475, HR@20: 0.8364)
loss in epoch 16 iteration 1561: 0.30767348408699036
loss in epoch 17 iteration 1561: 0.29903826117515564
loss in epoch 18 iteration 1561: 0.3032100796699524
loss in epoch 19 iteration 1561: 0.3030078411102295
loss in epoch 20 iteration 1561: 0.27389875054359436
Evaluatingepoch:20, time: 6521911.596060(s), valid (NDCG@5: 0.6428, HR@5: 0.7664, NDCG@10: 0.6580, HR@10: 0.8128, NDCG@20: 0.6659, HR@20: 0.8441), test (NDCG@5: 0.6311, HR@5: 0.7534, NDCG@10: 0.6472, HR@10: 0.8028, NDCG@20: 0.6553, HR@20: 0.8348)
loss in epoch 21 iteration 1561: 0.2892724275588989
loss in epoch 22 iteration 1561: 0.27079251408576965
loss in epoch 23 iteration 1561: 0.2535649240016937
loss in epoch 24 iteration 1561: 0.2689216136932373
loss in epoch 25 iteration 1561: 0.23638412356376648
Evaluatingepoch:25, time: 8152189.740181(s), valid (NDCG@5: 0.6547, HR@5: 0.7707, NDCG@10: 0.6687, HR@10: 0.8134, NDCG@20: 0.6766, HR@20: 0.8447), test (NDCG@5: 0.6427, HR@5: 0.7574, NDCG@10: 0.6575, HR@10: 0.8028, NDCG@20: 0.6656, HR@20: 0.8346)
loss in epoch 26 iteration 1561: 0.25700974464416504
loss in epoch 27 iteration 1561: 0.2345637083053589
loss in epoch 28 iteration 1561: 0.22982120513916016
loss in epoch 29 iteration 1561: 0.234964519739151
loss in epoch 30 iteration 1561: 0.23554030060768127
Evaluatingepoch:30, time: 9782575.858116(s), valid (NDCG@5: 0.6647, HR@5: 0.7755, NDCG@10: 0.6781, HR@10: 0.8165, NDCG@20: 0.6856, HR@20: 0.8462), test (NDCG@5: 0.6523, HR@5: 0.7627, NDCG@10: 0.6663, HR@10: 0.8055, NDCG@20: 0.6741, HR@20: 0.8364)
loss in epoch 31 iteration 1561: 0.2289116382598877
loss in epoch 32 iteration 1561: 0.23454365134239197
loss in epoch 33 iteration 1561: 0.23951466381549835
loss in epoch 34 iteration 1561: 0.22912338376045227
loss in epoch 35 iteration 1561: 0.2149873971939087
Evaluatingepoch:35, time: 11412999.724865(s), valid (NDCG@5: 0.6708, HR@5: 0.7767, NDCG@10: 0.6836, HR@10: 0.8159, NDCG@20: 0.6912, HR@20: 0.8461), test (NDCG@5: 0.6547, HR@5: 0.7636, NDCG@10: 0.6681, HR@10: 0.8046, NDCG@20: 0.6762, HR@20: 0.8366)
loss in epoch 36 iteration 1561: 0.20129179954528809
loss in epoch 37 iteration 1561: 0.2100820094347
loss in epoch 38 iteration 1561: 0.21263271570205688
loss in epoch 39 iteration 1561: 0.20706449449062347
loss in epoch 40 iteration 1561: 0.2045012265443802
Evaluatingepoch:40, time: 13043816.081762(s), valid (NDCG@5: 0.6733, HR@5: 0.7794, NDCG@10: 0.6855, HR@10: 0.8167, NDCG@20: 0.6932, HR@20: 0.8472), test (NDCG@5: 0.6597, HR@5: 0.7668, NDCG@10: 0.6730, HR@10: 0.8076, NDCG@20: 0.6811, HR@20: 0.8394)
loss in epoch 41 iteration 1561: 0.22421623766422272
loss in epoch 42 iteration 1561: 0.20590248703956604
loss in epoch 43 iteration 1561: 0.22140100598335266
loss in epoch 44 iteration 1561: 0.20572704076766968
loss in epoch 45 iteration 1561: 0.21232184767723083
Evaluatingepoch:45, time: 14674176.747322(s), valid (NDCG@5: 0.6757, HR@5: 0.7820, NDCG@10: 0.6883, HR@10: 0.8205, NDCG@20: 0.6958, HR@20: 0.8505), test (NDCG@5: 0.6613, HR@5: 0.7684, NDCG@10: 0.6746, HR@10: 0.8092, NDCG@20: 0.6827, HR@20: 0.8411)
loss in epoch 46 iteration 1561: 0.19300232827663422
loss in epoch 47 iteration 1561: 0.1925082802772522
loss in epoch 48 iteration 1561: 0.20264317095279694
loss in epoch 49 iteration 1561: 0.2093476504087448
loss in epoch 50 iteration 1561: 0.18052071332931519
Evaluatingepoch:50, time: 16304607.800484(s), valid (NDCG@5: 0.6776, HR@5: 0.7826, NDCG@10: 0.6902, HR@10: 0.8210, NDCG@20: 0.6978, HR@20: 0.8513), test (NDCG@5: 0.6638, HR@5: 0.7700, NDCG@10: 0.6775, HR@10: 0.8121, NDCG@20: 0.6851, HR@20: 0.8423)
loss in epoch 51 iteration 1561: 0.19385160505771637
loss in epoch 52 iteration 1561: 0.19653749465942383
loss in epoch 53 iteration 1561: 0.19450607895851135
loss in epoch 54 iteration 1561: 0.1955377608537674
loss in epoch 55 iteration 1561: 0.1841048151254654
Evaluatingepoch:55, time: 17935077.935696(s), valid (NDCG@5: 0.6814, HR@5: 0.7825, NDCG@10: 0.6949, HR@10: 0.8238, NDCG@20: 0.7021, HR@20: 0.8524), test (NDCG@5: 0.6673, HR@5: 0.7716, NDCG@10: 0.6811, HR@10: 0.8139, NDCG@20: 0.6889, HR@20: 0.8448)
loss in epoch 56 iteration 1561: 0.18173734843730927
loss in epoch 57 iteration 1561: 0.18981771171092987
loss in epoch 58 iteration 1561: 0.19371603429317474
loss in epoch 59 iteration 1561: 0.198263019323349
loss in epoch 60 iteration 1561: 0.19603729248046875
Evaluatingepoch:60, time: 19565558.974504(s), valid (NDCG@5: 0.6860, HR@5: 0.7868, NDCG@10: 0.6986, HR@10: 0.8254, NDCG@20: 0.7054, HR@20: 0.8521), test (NDCG@5: 0.6739, HR@5: 0.7746, NDCG@10: 0.6870, HR@10: 0.8150, NDCG@20: 0.6950, HR@20: 0.8465)
loss in epoch 61 iteration 1561: 0.20601873099803925
loss in epoch 62 iteration 1561: 0.1906447857618332
loss in epoch 63 iteration 1561: 0.19494222104549408
loss in epoch 64 iteration 1561: 0.18816864490509033
loss in epoch 65 iteration 1561: 0.19310052692890167
Evaluatingepoch:65, time: 21195840.898752(s), valid (NDCG@5: 0.6858, HR@5: 0.7860, NDCG@10: 0.6986, HR@10: 0.8252, NDCG@20: 0.7057, HR@20: 0.8530), test (NDCG@5: 0.6755, HR@5: 0.7761, NDCG@10: 0.6890, HR@10: 0.8174, NDCG@20: 0.6969, HR@20: 0.8489)
loss in epoch 66 iteration 1561: 0.18730604648590088
loss in epoch 67 iteration 1561: 0.18899595737457275
loss in epoch 68 iteration 1561: 0.18323291838169098
loss in epoch 69 iteration 1561: 0.18823695182800293
loss in epoch 70 iteration 1561: 0.18972589075565338
Evaluatingepoch:70, time: 22826304.715395(s), valid (NDCG@5: 0.6897, HR@5: 0.7883, NDCG@10: 0.7022, HR@10: 0.8265, NDCG@20: 0.7096, HR@20: 0.8556), test (NDCG@5: 0.6774, HR@5: 0.7778, NDCG@10: 0.6906, HR@10: 0.8185, NDCG@20: 0.6985, HR@20: 0.8496)
loss in epoch 71 iteration 1561: 0.18648751080036163
loss in epoch 72 iteration 1561: 0.19446592032909393
loss in epoch 73 iteration 1561: 0.19888745248317719
loss in epoch 74 iteration 1561: 0.1904953420162201
loss in epoch 75 iteration 1561: 0.1936844140291214
Evaluatingepoch:75, time: 24456605.669022(s), valid (NDCG@5: 0.6904, HR@5: 0.7880, NDCG@10: 0.7031, HR@10: 0.8270, NDCG@20: 0.7106, HR@20: 0.8566), test (NDCG@5: 0.6796, HR@5: 0.7772, NDCG@10: 0.6930, HR@10: 0.8184, NDCG@20: 0.7013, HR@20: 0.8510)
loss in epoch 76 iteration 1561: 0.1917513906955719
loss in epoch 77 iteration 1561: 0.19649900496006012
loss in epoch 78 iteration 1561: 0.19138914346694946
loss in epoch 79 iteration 1561: 0.1872500777244568
loss in epoch 80 iteration 1561: 0.18925145268440247
Evaluatingepoch:80, time: 26086994.811773(s), valid (NDCG@5: 0.6945, HR@5: 0.7898, NDCG@10: 0.7070, HR@10: 0.8280, NDCG@20: 0.7146, HR@20: 0.8580), test (NDCG@5: 0.6820, HR@5: 0.7783, NDCG@10: 0.6957, HR@10: 0.8202, NDCG@20: 0.7038, HR@20: 0.8522)
loss in epoch 81 iteration 1561: 0.19185951352119446
loss in epoch 82 iteration 1561: 0.18326079845428467
loss in epoch 83 iteration 1561: 0.1979944109916687
loss in epoch 84 iteration 1561: 0.18677502870559692
loss in epoch 85 iteration 1561: 0.1894712597131729
Evaluatingepoch:85, time: 27718515.229702(s), valid (NDCG@5: 0.6993, HR@5: 0.7919, NDCG@10: 0.7116, HR@10: 0.8294, NDCG@20: 0.7190, HR@20: 0.8586), test (NDCG@5: 0.6860, HR@5: 0.7793, NDCG@10: 0.6993, HR@10: 0.8201, NDCG@20: 0.7076, HR@20: 0.8528)
loss in epoch 86 iteration 1561: 0.1918741911649704
loss in epoch 87 iteration 1561: 0.17327694594860077
loss in epoch 88 iteration 1561: 0.18675395846366882
loss in epoch 89 iteration 1561: 0.18695002794265747
loss in epoch 90 iteration 1561: 0.18051841855049133
Evaluatingepoch:90, time: 29350204.262495(s), valid (NDCG@5: 0.6998, HR@5: 0.7916, NDCG@10: 0.7122, HR@10: 0.8294, NDCG@20: 0.7195, HR@20: 0.8581), test (NDCG@5: 0.6851, HR@5: 0.7796, NDCG@10: 0.6986, HR@10: 0.8212, NDCG@20: 0.7066, HR@20: 0.8527)
loss in epoch 91 iteration 1561: 0.19500665366649628
loss in epoch 92 iteration 1561: 0.1920010894536972
loss in epoch 93 iteration 1561: 0.18240630626678467
loss in epoch 94 iteration 1561: 0.17164616286754608
loss in epoch 95 iteration 1561: 0.17862533032894135
Evaluatingepoch:95, time: 30981694.384098(s), valid (NDCG@5: 0.7008, HR@5: 0.7921, NDCG@10: 0.7135, HR@10: 0.8309, NDCG@20: 0.7205, HR@20: 0.8586), test (NDCG@5: 0.6884, HR@5: 0.7801, NDCG@10: 0.7018, HR@10: 0.8214, NDCG@20: 0.7099, HR@20: 0.8533)
loss in epoch 96 iteration 1561: 0.17780917882919312
loss in epoch 97 iteration 1561: 0.18737567961215973
loss in epoch 98 iteration 1561: 0.1851983666419983
loss in epoch 99 iteration 1561: 0.17100945115089417
loss in epoch 100 iteration 1561: 0.18547680974006653
Evaluatingepoch:100, time: 32613382.562160(s), valid (NDCG@5: 0.7056, HR@5: 0.7944, NDCG@10: 0.7174, HR@10: 0.8306, NDCG@20: 0.7246, HR@20: 0.8590), test (NDCG@5: 0.6914, HR@5: 0.7812, NDCG@10: 0.7043, HR@10: 0.8208, NDCG@20: 0.7126, HR@20: 0.8535)
loss in epoch 101 iteration 1561: 0.18070940673351288
loss in epoch 102 iteration 1561: 0.17763811349868774
loss in epoch 103 iteration 1561: 0.18319696187973022
loss in epoch 104 iteration 1561: 0.1767607033252716
loss in epoch 105 iteration 1561: 0.17741753160953522
Evaluatingepoch:105, time: 34245084.604502(s), valid (NDCG@5: 0.7037, HR@5: 0.7937, NDCG@10: 0.7159, HR@10: 0.8309, NDCG@20: 0.7230, HR@20: 0.8587), test (NDCG@5: 0.6919, HR@5: 0.7813, NDCG@10: 0.7052, HR@10: 0.8220, NDCG@20: 0.7133, HR@20: 0.8538)
loss in epoch 106 iteration 1561: 0.19160759449005127
loss in epoch 107 iteration 1561: 0.17819349467754364
loss in epoch 108 iteration 1561: 0.17796465754508972
loss in epoch 109 iteration 1561: 0.18516325950622559
loss in epoch 110 iteration 1561: 0.17643140256404877
Evaluatingepoch:110, time: 35876772.029161(s), valid (NDCG@5: 0.7067, HR@5: 0.7946, NDCG@10: 0.7185, HR@10: 0.8306, NDCG@20: 0.7255, HR@20: 0.8580), test (NDCG@5: 0.6937, HR@5: 0.7822, NDCG@10: 0.7064, HR@10: 0.8212, NDCG@20: 0.7147, HR@20: 0.8539)
loss in epoch 111 iteration 1561: 0.17574600875377655
loss in epoch 112 iteration 1561: 0.18793371319770813
loss in epoch 113 iteration 1561: 0.17597882449626923
loss in epoch 114 iteration 1561: 0.17802180349826813
loss in epoch 115 iteration 1561: 0.18821606040000916
Evaluatingepoch:115, time: 37508356.544256(s), valid (NDCG@5: 0.7059, HR@5: 0.7938, NDCG@10: 0.7182, HR@10: 0.8317, NDCG@20: 0.7250, HR@20: 0.8585), test (NDCG@5: 0.6949, HR@5: 0.7822, NDCG@10: 0.7081, HR@10: 0.8228, NDCG@20: 0.7159, HR@20: 0.8538)
loss in epoch 116 iteration 1561: 0.18189001083374023
loss in epoch 117 iteration 1561: 0.18517383933067322
loss in epoch 118 iteration 1561: 0.18759362399578094
loss in epoch 119 iteration 1561: 0.17057515680789948
loss in epoch 120 iteration 1561: 0.1780863106250763
Evaluatingepoch:120, time: 39139795.163393(s), valid (NDCG@5: 0.7070, HR@5: 0.7942, NDCG@10: 0.7190, HR@10: 0.8308, NDCG@20: 0.7261, HR@20: 0.8588), test (NDCG@5: 0.6933, HR@5: 0.7818, NDCG@10: 0.7066, HR@10: 0.8227, NDCG@20: 0.7143, HR@20: 0.8528)
loss in epoch 121 iteration 1561: 0.1775178462266922
loss in epoch 122 iteration 1561: 0.1757129281759262
loss in epoch 123 iteration 1561: 0.1771186888217926
loss in epoch 124 iteration 1561: 0.17243558168411255
loss in epoch 125 iteration 1561: 0.17055964469909668
Evaluatingepoch:125, time: 40771459.830046(s), valid (NDCG@5: 0.7090, HR@5: 0.7951, NDCG@10: 0.7208, HR@10: 0.8312, NDCG@20: 0.7276, HR@20: 0.8581), test (NDCG@5: 0.6961, HR@5: 0.7833, NDCG@10: 0.7086, HR@10: 0.8217, NDCG@20: 0.7166, HR@20: 0.8533)
loss in epoch 126 iteration 1561: 0.1808137744665146
loss in epoch 127 iteration 1561: 0.17521704733371735
loss in epoch 128 iteration 1561: 0.17560014128684998
loss in epoch 129 iteration 1561: 0.18505147099494934
loss in epoch 130 iteration 1561: 0.17233534157276154
Evaluatingepoch:130, time: 42402980.221510(s), valid (NDCG@5: 0.7115, HR@5: 0.7963, NDCG@10: 0.7230, HR@10: 0.8315, NDCG@20: 0.7298, HR@20: 0.8581), test (NDCG@5: 0.6981, HR@5: 0.7841, NDCG@10: 0.7109, HR@10: 0.8234, NDCG@20: 0.7185, HR@20: 0.8532)
loss in epoch 131 iteration 1561: 0.17137040197849274
loss in epoch 132 iteration 1561: 0.1790190190076828
loss in epoch 133 iteration 1561: 0.17440031468868256
loss in epoch 134 iteration 1561: 0.18018361926078796
loss in epoch 135 iteration 1561: 0.1717645525932312
Evaluatingepoch:135, time: 44034413.016081(s), valid (NDCG@5: 0.7129, HR@5: 0.7965, NDCG@10: 0.7249, HR@10: 0.8331, NDCG@20: 0.7315, HR@20: 0.8593), test (NDCG@5: 0.6992, HR@5: 0.7844, NDCG@10: 0.7120, HR@10: 0.8232, NDCG@20: 0.7194, HR@20: 0.8524)
loss in epoch 136 iteration 1561: 0.17333634197711945
loss in epoch 137 iteration 1561: 0.17215129733085632
loss in epoch 138 iteration 1561: 0.1816914677619934
loss in epoch 139 iteration 1561: 0.17094801366329193
loss in epoch 140 iteration 1561: 0.1681436449289322
Evaluatingepoch:140, time: 45665573.030710(s), valid (NDCG@5: 0.7117, HR@5: 0.7972, NDCG@10: 0.7231, HR@10: 0.8320, NDCG@20: 0.7298, HR@20: 0.8586), test (NDCG@5: 0.6983, HR@5: 0.7839, NDCG@10: 0.7111, HR@10: 0.8233, NDCG@20: 0.7189, HR@20: 0.8541)
loss in epoch 141 iteration 1561: 0.17797353863716125
loss in epoch 142 iteration 1561: 0.17020893096923828
loss in epoch 143 iteration 1561: 0.16584576666355133
loss in epoch 144 iteration 1561: 0.1694634109735489
loss in epoch 145 iteration 1561: 0.16024869680404663
Evaluatingepoch:145, time: 47296671.044588(s), valid (NDCG@5: 0.7122, HR@5: 0.7966, NDCG@10: 0.7238, HR@10: 0.8321, NDCG@20: 0.7306, HR@20: 0.8590), test (NDCG@5: 0.6980, HR@5: 0.7833, NDCG@10: 0.7110, HR@10: 0.8234, NDCG@20: 0.7187, HR@20: 0.8537)
loss in epoch 146 iteration 1561: 0.17332647740840912
loss in epoch 147 iteration 1561: 0.1732863485813141
loss in epoch 148 iteration 1561: 0.16945156455039978
loss in epoch 149 iteration 1561: 0.16531933844089508
loss in epoch 150 iteration 1561: 0.17412303388118744
Evaluating