Arguments:
backbone sas
batch_size 32
dataset tracks1000
device cuda:1
dropout_rate 0.5
eval_neg_sample 100
hidden_units 32
inference_only False
l2_emb 0.0
lr 0.0005
maxlen 1000
name mamba
num_blocks 2
num_epochs 501
num_heads 1
state_dict_path None
train_dir tracks256_default/

user_count: 25001
item count: 5428290
25001
average sequence length: 910.34
parameters_count: 1033128416
loss in epoch 1 iteration 780: 0.881321132183075
loss in epoch 2 iteration 780: 0.815584659576416
loss in epoch 3 iteration 780: 0.7941046357154846
loss in epoch 4 iteration 780: 0.7497254610061646
loss in epoch 5 iteration 780: 0.7271401286125183
Evaluatingepoch:5, time: 809752.991676(s), valid (NDCG@5: 0.6322, HR@5: 0.7448, NDCG@10: 0.6492, HR@10: 0.7968, NDCG@20: 0.6594, HR@20: 0.8370), test (NDCG@5: 0.6264, HR@5: 0.7398, NDCG@10: 0.6433, HR@10: 0.7919, NDCG@20: 0.6537, HR@20: 0.8328)
loss in epoch 6 iteration 780: 0.7273911237716675
loss in epoch 7 iteration 780: 0.7040871381759644
loss in epoch 8 iteration 780: 0.6504808664321899
loss in epoch 9 iteration 780: 0.6354293823242188
loss in epoch 10 iteration 780: 0.5884659290313721
Evaluatingepoch:10, time: 1618024.909973(s), valid (NDCG@5: 0.6128, HR@5: 0.7432, NDCG@10: 0.6306, HR@10: 0.7979, NDCG@20: 0.6411, HR@20: 0.8388), test (NDCG@5: 0.6036, HR@5: 0.7364, NDCG@10: 0.6223, HR@10: 0.7934, NDCG@20: 0.6325, HR@20: 0.8339)
loss in epoch 11 iteration 780: 0.5551874041557312
loss in epoch 12 iteration 780: 0.5829926133155823
loss in epoch 13 iteration 780: 0.5309102535247803
loss in epoch 14 iteration 780: 0.5109066963195801
loss in epoch 15 iteration 780: 0.4991858899593353
Evaluatingepoch:15, time: 2422694.460392(s), valid (NDCG@5: 0.6066, HR@5: 0.7395, NDCG@10: 0.6254, HR@10: 0.7971, NDCG@20: 0.6346, HR@20: 0.8332), test (NDCG@5: 0.5985, HR@5: 0.7334, NDCG@10: 0.6169, HR@10: 0.7898, NDCG@20: 0.6272, HR@20: 0.8305)
loss in epoch 16 iteration 780: 0.48922523856163025
loss in epoch 17 iteration 780: 0.48266249895095825
loss in epoch 18 iteration 780: 0.45813101530075073
loss in epoch 19 iteration 780: 0.44684532284736633
loss in epoch 20 iteration 780: 0.4145505726337433
Evaluatingepoch:20, time: 5094563.729048(s), valid (NDCG@5: 0.6073, HR@5: 0.7388, NDCG@10: 0.6250, HR@10: 0.7929, NDCG@20: 0.6342, HR@20: 0.8293), test (NDCG@5: 0.5967, HR@5: 0.7266, NDCG@10: 0.6169, HR@10: 0.7885, NDCG@20: 0.6264, HR@20: 0.8260)
loss in epoch 21 iteration 780: 0.43546366691589355
loss in epoch 22 iteration 780: 0.3946916460990906
loss in epoch 23 iteration 780: 0.39813995361328125
loss in epoch 24 iteration 780: 0.39371463656425476
loss in epoch 25 iteration 780: 0.3995853066444397
Evaluatingepoch:25, time: 7529801.739931(s), valid (NDCG@5: 0.6070, HR@5: 0.7349, NDCG@10: 0.6247, HR@10: 0.7892, NDCG@20: 0.6336, HR@20: 0.8242), test (NDCG@5: 0.5975, HR@5: 0.7259, NDCG@10: 0.6157, HR@10: 0.7817, NDCG@20: 0.6260, HR@20: 0.8220)
loss in epoch 26 iteration 780: 0.371974378824234
loss in epoch 27 iteration 780: 0.3678530752658844
loss in epoch 28 iteration 780: 0.36500805616378784
loss in epoch 29 iteration 780: 0.3603576719760895
loss in epoch 30 iteration 780: 0.3508858382701874
Evaluatingepoch:30, time: 8740127.144575(s), valid (NDCG@5: 0.6129, HR@5: 0.7369, NDCG@10: 0.6298, HR@10: 0.7885, NDCG@20: 0.6390, HR@20: 0.8249), test (NDCG@5: 0.6007, HR@5: 0.7254, NDCG@10: 0.6193, HR@10: 0.7824, NDCG@20: 0.6287, HR@20: 0.8192)
loss in epoch 31 iteration 780: 0.3569653630256653
loss in epoch 32 iteration 780: 0.34968870878219604
loss in epoch 33 iteration 780: 0.3428135812282562
loss in epoch 34 iteration 780: 0.3414478302001953
loss in epoch 35 iteration 780: 0.3402572274208069
Evaluatingepoch:35, time: 9544458.515644(s), valid (NDCG@5: 0.6141, HR@5: 0.7362, NDCG@10: 0.6306, HR@10: 0.7869, NDCG@20: 0.6400, HR@20: 0.8241), test (NDCG@5: 0.6021, HR@5: 0.7261, NDCG@10: 0.6192, HR@10: 0.7783, NDCG@20: 0.6294, HR@20: 0.8184)
loss in epoch 36 iteration 780: 0.33219677209854126
loss in epoch 37 iteration 780: 0.32820895314216614
loss in epoch 38 iteration 780: 0.3266353905200958
loss in epoch 39 iteration 780: 0.3329402208328247
loss in epoch 40 iteration 780: 0.3056672215461731
Evaluatingepoch:40, time: 10348672.854185(s), valid (NDCG@5: 0.6175, HR@5: 0.7385, NDCG@10: 0.6333, HR@10: 0.7870, NDCG@20: 0.6429, HR@20: 0.8246), test (NDCG@5: 0.6060, HR@5: 0.7282, NDCG@10: 0.6227, HR@10: 0.7792, NDCG@20: 0.6322, HR@20: 0.8165)
loss in epoch 41 iteration 780: 0.30330777168273926
loss in epoch 42 iteration 780: 0.3208504319190979
loss in epoch 43 iteration 780: 0.3240690231323242
loss in epoch 44 iteration 780: 0.3136183023452759
loss in epoch 45 iteration 780: 0.31934669613838196
Evaluatingepoch:45, time: 11153020.482302(s), valid (NDCG@5: 0.6183, HR@5: 0.7391, NDCG@10: 0.6342, HR@10: 0.7878, NDCG@20: 0.6433, HR@20: 0.8238), test (NDCG@5: 0.6093, HR@5: 0.7290, NDCG@10: 0.6262, HR@10: 0.7810, NDCG@20: 0.6356, HR@20: 0.8180)
loss in epoch 46 iteration 780: 0.318537175655365
loss in epoch 47 iteration 780: 0.30177971720695496
loss in epoch 48 iteration 780: 0.30043408274650574
loss in epoch 49 iteration 780: 0.2945748567581177
loss in epoch 50 iteration 780: 0.301393985748291
Evaluatingepoch:50, time: 11957107.959032(s), valid (NDCG@5: 0.6223, HR@5: 0.7380, NDCG@10: 0.6386, HR@10: 0.7877, NDCG@20: 0.6479, HR@20: 0.8246), test (NDCG@5: 0.6141, HR@5: 0.7327, NDCG@10: 0.6302, HR@10: 0.7819, NDCG@20: 0.6394, HR@20: 0.8184)
loss in epoch 51 iteration 780: 0.30054378509521484
loss in epoch 52 iteration 780: 0.2908288538455963
loss in epoch 53 iteration 780: 0.29974228143692017
loss in epoch 54 iteration 780: 0.2968713045120239
loss in epoch 55 iteration 780: 0.3003658950328827
Evaluatingepoch:55, time: 12761296.758890(s), valid (NDCG@5: 0.6269, HR@5: 0.7431, NDCG@10: 0.6419, HR@10: 0.7889, NDCG@20: 0.6510, HR@20: 0.8250), test (NDCG@5: 0.6144, HR@5: 0.7327, NDCG@10: 0.6314, HR@10: 0.7849, NDCG@20: 0.6403, HR@20: 0.8201)
loss in epoch 56 iteration 780: 0.2777393162250519
loss in epoch 57 iteration 780: 0.289990097284317
loss in epoch 58 iteration 780: 0.29361605644226074
loss in epoch 59 iteration 780: 0.29861071705818176
loss in epoch 60 iteration 780: 0.29391172528266907
Evaluatingepoch:60, time: 13565305.248737(s), valid (NDCG@5: 0.6277, HR@5: 0.7435, NDCG@10: 0.6428, HR@10: 0.7895, NDCG@20: 0.6521, HR@20: 0.8266), test (NDCG@5: 0.6155, HR@5: 0.7331, NDCG@10: 0.6315, HR@10: 0.7819, NDCG@20: 0.6409, HR@20: 0.8193)
loss in epoch 61 iteration 780: 0.28553757071495056
loss in epoch 62 iteration 780: 0.28791531920433044
loss in epoch 63 iteration 780: 0.2845954895019531
loss in epoch 64 iteration 780: 0.27824637293815613
loss in epoch 65 iteration 780: 0.28398677706718445
Evaluatingepoch:65, time: 14370904.036522(s), valid (NDCG@5: 0.6272, HR@5: 0.7445, NDCG@10: 0.6422, HR@10: 0.7905, NDCG@20: 0.6515, HR@20: 0.8273), test (NDCG@5: 0.6187, HR@5: 0.7353, NDCG@10: 0.6342, HR@10: 0.7827, NDCG@20: 0.6435, HR@20: 0.8195)
loss in epoch 66 iteration 780: 0.28988468647003174
loss in epoch 67 iteration 780: 0.27865171432495117
loss in epoch 68 iteration 780: 0.2720191180706024
loss in epoch 69 iteration 780: 0.2839380204677582
loss in epoch 70 iteration 780: 0.2701365351676941
Evaluatingepoch:70, time: 15174790.494919(s), valid (NDCG@5: 0.6285, HR@5: 0.7450, NDCG@10: 0.6432, HR@10: 0.7900, NDCG@20: 0.6526, HR@20: 0.8270), test (NDCG@5: 0.6205, HR@5: 0.7370, NDCG@10: 0.6359, HR@10: 0.7839, NDCG@20: 0.6451, HR@20: 0.8206)
loss in epoch 71 iteration 780: 0.2665920555591583
loss in epoch 72 iteration 780: 0.2822193503379822
loss in epoch 73 iteration 780: 0.28235283493995667
loss in epoch 74 iteration 780: 0.27494266629219055
loss in epoch 75 iteration 780: 0.28530722856521606
Evaluatingepoch:75, time: 15975606.498957(s), valid (NDCG@5: 0.6313, HR@5: 0.7457, NDCG@10: 0.6468, HR@10: 0.7928, NDCG@20: 0.6555, HR@20: 0.8274), test (NDCG@5: 0.6229, HR@5: 0.7371, NDCG@10: 0.6383, HR@10: 0.7843, NDCG@20: 0.6479, HR@20: 0.8223)
loss in epoch 76 iteration 780: 0.2770857810974121
loss in epoch 77 iteration 780: 0.27724653482437134
loss in epoch 78 iteration 780: 0.27680903673171997
loss in epoch 79 iteration 780: 0.2656283676624298
loss in epoch 80 iteration 780: 0.27403897047042847
Evaluatingepoch:80, time: 16777697.605133(s), valid (NDCG@5: 0.6325, HR@5: 0.7472, NDCG@10: 0.6476, HR@10: 0.7933, NDCG@20: 0.6560, HR@20: 0.8264), test (NDCG@5: 0.6255, HR@5: 0.7392, NDCG@10: 0.6407, HR@10: 0.7858, NDCG@20: 0.6499, HR@20: 0.8222)
loss in epoch 81 iteration 780: 0.2634180784225464
loss in epoch 82 iteration 780: 0.26835665106773376
loss in epoch 83 iteration 780: 0.27293291687965393
loss in epoch 84 iteration 780: 0.2639983892440796
loss in epoch 85 iteration 780: 0.27583256363868713
Evaluatingepoch:85, time: 17580603.912830(s), valid (NDCG@5: 0.6354, HR@5: 0.7482, NDCG@10: 0.6503, HR@10: 0.7940, NDCG@20: 0.6591, HR@20: 0.8289), test (NDCG@5: 0.6253, HR@5: 0.7406, NDCG@10: 0.6404, HR@10: 0.7866, NDCG@20: 0.6495, HR@20: 0.8226)
loss in epoch 86 iteration 780: 0.2629479467868805
loss in epoch 87 iteration 780: 0.2759389579296112
loss in epoch 88 iteration 780: 0.2610027492046356
loss in epoch 89 iteration 780: 0.26045671105384827
loss in epoch 90 iteration 780: 0.2623439431190491
Evaluatingepoch:90, time: 18380233.129263(s), valid (NDCG@5: 0.6358, HR@5: 0.7499, NDCG@10: 0.6501, HR@10: 0.7940, NDCG@20: 0.6588, HR@20: 0.8281), test (NDCG@5: 0.6268, HR@5: 0.7395, NDCG@10: 0.6422, HR@10: 0.7866, NDCG@20: 0.6512, HR@20: 0.8223)
loss in epoch 91 iteration 780: 0.2581305205821991
loss in epoch 92 iteration 780: 0.25715887546539307
loss in epoch 93 iteration 780: 0.2638559639453888
loss in epoch 94 iteration 780: 0.24616669118404388
loss in epoch 95 iteration 780: 0.2648636996746063
Evaluatingepoch:95, time: 19176911.824465(s), valid (NDCG@5: 0.6360, HR@5: 0.7471, NDCG@10: 0.6514, HR@10: 0.7944, NDCG@20: 0.6600, HR@20: 0.8281), test (NDCG@5: 0.6295, HR@5: 0.7413, NDCG@10: 0.6443, HR@10: 0.7866, NDCG@20: 0.6529, HR@20: 0.8207)
loss in epoch 96 iteration 780: 0.2577003836631775
loss in epoch 97 iteration 780: 0.25688737630844116
loss in epoch 98 iteration 780: 0.26834583282470703
loss in epoch 99 iteration 780: 0.25245147943496704
loss in epoch 100 iteration 780: 0.2613149583339691
Evaluatingepoch:100, time: 19977103.567123(s), valid (NDCG@5: 0.6377, HR@5: 0.7480, NDCG@10: 0.6525, HR@10: 0.7935, NDCG@20: 0.6616, HR@20: 0.8295), test (NDCG@5: 0.6278, HR@5: 0.7397, NDCG@10: 0.6430, HR@10: 0.7861, NDCG@20: 0.6523, HR@20: 0.8230)
loss in epoch 101 iteration 780: 0.25555989146232605
loss in epoch 102 iteration 780: 0.26100677251815796
loss in epoch 103 iteration 780: 0.2622402608394623
loss in epoch 104 iteration 780: 0.25785139203071594
loss in epoch 105 iteration 780: 0.2526213526725769
Evaluatingepoch:105, time: 20780488.127470(s), valid (NDCG@5: 0.6361, HR@5: 0.7506, NDCG@10: 0.6511, HR@10: 0.7964, NDCG@20: 0.6596, HR@20: 0.8301), test (NDCG@5: 0.6257, HR@5: 0.7415, NDCG@10: 0.6409, HR@10: 0.7881, NDCG@20: 0.6501, HR@20: 0.8247)
loss in epoch 106 iteration 780: 0.2523551881313324
loss in epoch 107 iteration 780: 0.26393866539001465
loss in epoch 108 iteration 780: 0.2639901638031006
loss in epoch 109 iteration 780: 0.2505229115486145
loss in epoch 110 iteration 780: 0.2573525011539459
Evaluatingepoch:110, time: 21583607.722282(s), valid (NDCG@5: 0.6372, HR@5: 0.7500, NDCG@10: 0.6521, HR@10: 0.7953, NDCG@20: 0.6609, HR@20: 0.8304), test (NDCG@5: 0.6275, HR@5: 0.7406, NDCG@10: 0.6434, HR@10: 0.7892, NDCG@20: 0.6520, HR@20: 0.8234)
loss in epoch 111 iteration 780: 0.2552039623260498
loss in epoch 112 iteration 780: 0.2505997121334076
loss in epoch 113 iteration 780: 0.263934850692749
loss in epoch 114 iteration 780: 0.258409321308136
loss in epoch 115 iteration 780: 0.25559890270233154
Evaluatingepoch:115, time: 22386856.201172(s), valid (NDCG@5: 0.6404, HR@5: 0.7510, NDCG@10: 0.6556, HR@10: 0.7974, NDCG@20: 0.6642, HR@20: 0.8315), test (NDCG@5: 0.6293, HR@5: 0.7435, NDCG@10: 0.6447, HR@10: 0.7907, NDCG@20: 0.6537, HR@20: 0.8260)
loss in epoch 116 iteration 780: 0.2519035339355469
loss in epoch 117 iteration 780: 0.25854814052581787
loss in epoch 118 iteration 780: 0.2538585066795349
loss in epoch 119 iteration 780: 0.24390427768230438
loss in epoch 120 iteration 780: 0.24905596673488617
Evaluatingepoch:120, time: 23183884.789228(s), valid (NDCG@5: 0.6399, HR@5: 0.7507, NDCG@10: 0.6555, HR@10: 0.7984, NDCG@20: 0.6641, HR@20: 0.8320), test (NDCG@5: 0.6311, HR@5: 0.7440, NDCG@10: 0.6464, HR@10: 0.7908, NDCG@20: 0.6556, HR@20: 0.8274)
loss in epoch 121 iteration 780: 0.2583949863910675
loss in epoch 122 iteration 780: 0.25816458463668823
loss in epoch 123 iteration 780: 0.25466662645339966
loss in epoch 124 iteration 780: 0.25806063413619995
loss in epoch 125 iteration 780: 0.24895653128623962
Evaluatingepoch:125, time: 23986734.099627(s), valid (NDCG@5: 0.6435, HR@5: 0.7521, NDCG@10: 0.6590, HR@10: 0.7996, NDCG@20: 0.6676, HR@20: 0.8336), test (NDCG@5: 0.6324, HR@5: 0.7454, NDCG@10: 0.6475, HR@10: 0.7918, NDCG@20: 0.6567, HR@20: 0.8279)
loss in epoch 126 iteration 780: 0.25840291380882263
loss in epoch 127 iteration 780: 0.24522820115089417
loss in epoch 128 iteration 780: 0.25959479808807373
loss in epoch 129 iteration 780: 0.2539012134075165
loss in epoch 130 iteration 780: 0.2524681091308594
Evaluatingepoch:130, time: 24809976.813316(s), valid (NDCG@5: 0.6437, HR@5: 0.7537, NDCG@10: 0.6596, HR@10: 0.8023, NDCG@20: 0.6679, HR@20: 0.8348), test (NDCG@5: 0.6351, HR@5: 0.7477, NDCG@10: 0.6502, HR@10: 0.7939, NDCG@20: 0.6593, HR@20: 0.8298)
loss in epoch 131 iteration 780: 0.2513846158981323
loss in epoch 132 iteration 780: 0.25171250104904175
loss in epoch 133 iteration 780: 0.24909661710262299
loss in epoch 134 iteration 780: 0.25715234875679016
loss in epoch 135 iteration 780: 0.2572594881057739
Evaluatingepoch:135, time: 25614400.508642(s), valid (NDCG@5: 0.6449, HR@5: 0.7554, NDCG@10: 0.6605, HR@10: 0.8031, NDCG@20: 0.6690, HR@20: 0.8367), test (NDCG@5: 0.6342, HR@5: 0.7461, NDCG@10: 0.6499, HR@10: 0.7941, NDCG@20: 0.6593, HR@20: 0.8310)
loss in epoch 136 iteration 780: 0.24679012596607208
loss in epoch 137 iteration 780: 0.24115490913391113
loss in epoch 138 iteration 780: 0.25672873854637146
loss in epoch 139 iteration 780: 0.24298521876335144
loss in epoch 140 iteration 780: 0.25386714935302734
Evaluatingepoch:140, time: 26414997.599602(s), valid (NDCG@5: 0.6450, HR@5: 0.7560, NDCG@10: 0.6607, HR@10: 0.8038, NDCG@20: 0.6693, HR@20: 0.8376), test (NDCG@5: 0.6369, HR@5: 0.7487, NDCG@10: 0.6526, HR@10: 0.7968, NDCG@20: 0.6613, HR@20: 0.8311)
loss in epoch 141 iteration 780: 0.26932963728904724
loss in epoch 142 iteration 780: 0.2437601238489151
loss in epoch 143 iteration 780: 0.2538190484046936
loss in epoch 144 iteration 780: 0.2465490847826004
loss in epoch 145 iteration 780: 0.2634935677051544
Evaluatingepoch:145, time: 27218247.876883(s), valid (NDCG@5: 0.6426, HR@5: 0.7562, NDCG@10: 0.6583, HR@10: 0.8042, NDCG@20: 0.6670, HR@20: 0.8386), test (NDCG@5: 0.6351, HR@5: 0.7478, NDCG@10: 0.6509, HR@10: 0.7963, NDCG@20: 0.6601, HR@20: 0.8325)
loss in epoch 146 iteration 780: 0.2523333430290222
loss in epoch 147 iteration 780: 0.24577082693576813
loss in epoch 148 iteration 780: 0.2549685537815094
loss in epoch 149 iteration 780: 0.2531610131263733
loss in epoch 150 iteration 780: 0.25156137347221375
Evaluatingepoch:150, time: 28018004.573584(s), valid (NDCG@5: 0.6452, HR@5: 0.7562, NDCG@10: 0.6615, HR@10: 0.8060, NDCG@20: 0.6697, HR@20: 0.8382), test (NDCG@5: 0.6362, HR@5: 0.7469, NDCG@10: 0.6527, HR@10: 0.7970, NDCG@20: 0.6617, HR@20: 0.8327)
loss in epoch 151 iteration 780: 0.24942409992218018
loss in epoch 152 iteration 780: 0.2532895803451538
loss in epoch 153 iteration 780: 0.23992986977100372
loss in epoch 154 iteration 780: 0.2589273452758789
loss in epoch 155 iteration 780: 0.2504684627056122
Evaluatingepoch:155, time: 28814494.625807(s), valid (NDCG@5: 0.6454, HR@5: 0.7557, NDCG@10: 0.6617, HR@10: 0.8056, NDCG@20: 0.6702, HR@20: 0.8390), test (NDCG@5: 0.6385, HR@5: 0.7492, NDCG@10: 0.6544, HR@10: 0.7978, NDCG@20: 0.6632, HR@20: 0.8327)
loss in epoch 156 iteration 780: 0.24679608643054962
loss in epoch 157 iteration 780: 0.2481893002986908
loss in epoch 158 iteration 780: 0.24784238636493683
loss in epoch 159 iteration 780: 0.24818843603134155
loss in epoch 160 iteration 780: 0.24628525972366333
Evaluatingepoch:160, time: 29635069.662809(s), valid (NDCG@5: 0.6486, HR@5: 0.7558, NDCG@10: 0.6654, HR@10: 0.8072, NDCG@20: 0.6733, HR@20: 0.8385), test (NDCG@5: 0.6389, HR@5: 0.7495, NDCG@10: 0.6546, HR@10: 0.7980, NDCG@20: 0.6638, HR@20: 0.8342)
loss in epoch 161 iteration 780: 0.24608214199543
loss in epoch 162 iteration 780: 0.2542779743671417
loss in epoch 163 iteration 780: 0.23618707060813904
loss in epoch 164 iteration 780: 0.24436432123184204
loss in epoch 165 iteration 780: 0.24468989670276642
Evaluatingepoch:165, time: 30430892.488480(s), valid (NDCG@5: 0.6472, HR@5: 0.7570, NDCG@10: 0.6632, HR@10: 0.8061, NDCG@20: 0.6718, HR@20: 0.8400), test (NDCG@5: 0.6406, HR@5: 0.7522, NDCG@10: 0.6560, HR@10: 0.7994, NDCG@20: 0.6649, HR@20: 0.8348)
loss in epoch 166 iteration 780: 0.24032753705978394
loss in epoch 167 iteration 780: 0.23543167114257812
loss in epoch 168 iteration 780: 0.23106540739536285
loss in epoch 169 iteration 780: 0.24294109642505646
loss in epoch 170 iteration 780: 0.24591495096683502
Evaluatingepoch:170, time: 31234847.478151(s), valid (NDCG@5: 0.6470, HR@5: 0.7568, NDCG@10: 0.6633, HR@10: 0.8067, NDCG@20: 0.6718, HR@20: 0.8398), test (NDCG@5: 0.6398, HR@5: 0.7492, NDCG@10: 0.6561, HR@10: 0.7988, NDCG@20: 0.6653, HR@20: 0.8352)
loss in epoch 171 iteration 780: 0.24160797894001007
loss in epoch 172 iteration 780: 0.23718762397766113
loss in epoch 173 iteration 780: 0.247577965259552
loss in epoch 174 iteration 780: 0.24080930650234222
loss in epoch 175 iteration 780: 0.24137409031391144
Evaluatingepoch:175, time: 32030418.322325(s), valid (NDCG@5: 0.6469, HR@5: 0.7558, NDCG@10: 0.6636, HR@10: 0.8066, NDCG@20: 0.6721, HR@20: 0.8404), test (NDCG@5: 0.6394, HR@5: 0.7496, NDCG@10: 0.6558, HR@10: 0.8000, NDCG@20: 0.6647, HR@20: 0.8352)
loss in epoch 176 iteration 780: 0.2527443766593933
loss in epoch 177 iteration 780: 0.23862454295158386
loss in epoch 178 iteration 780: 0.2397472858428955
loss in epoch 179 iteration 780: 0.24648354947566986
loss in epoch 180 iteration 780: 0.2378820776939392
Evaluatingepoch:180, time: 32825553.747654(s), valid (NDCG@5: 0.6501, HR@5: 0.7569, NDCG@10: 0.6665, HR@10: 0.8071, NDCG@20: 0.6751, HR@20: 0.8406), test (NDCG@5: 0.6376, HR@5: 0.7473, NDCG@10: 0.6547, HR@10: 0.7994, NDCG@20: 0.6640, HR@20: 0.8362)
loss in epoch 181 iteration 780: 0.24089866876602173
loss in epoch 182 iteration 780: 0.23810285329818726
loss in epoch 183 iteration 780: 0.237661674618721
loss in epoch 184 iteration 780: 0.24329259991645813
loss in epoch 185 iteration 780: 0.23610201478004456
Evaluatingepoch:185, time: 33621964.619637(s), valid (NDCG@5: 0.6483, HR@5: 0.7584, NDCG@10: 0.6643, HR@10: 0.8075, NDCG@20: 0.6729, HR@20: 0.8411), test (NDCG@5: 0.6393, HR@5: 0.7502, NDCG@10: 0.6553, HR@10: 0.7991, NDCG@20: 0.6648, HR@20: 0.8362)
loss in epoch 186 iteration 780: 0.23516130447387695
loss in epoch 187 iteration 780: 0.2453038990497589
loss in epoch 188 iteration 780: 0.23629900813102722
loss in epoch 189 iteration 780: 0.2526603937149048
loss in epoch 190 iteration 780: 0.23395271599292755
Evaluatingepoch:190, time: 34418633.270025(s), valid (NDCG@5: 0.6474, HR@5: 0.7576, NDCG@10: 0.6641, HR@10: 0.8086, NDCG@20: 0.6725, HR@20: 0.8417), test (NDCG@5: 0.6403, HR@5: 0.7497, NDCG@10: 0.6569, HR@10: 0.8006, NDCG@20: 0.6661, HR@20: 0.8367)
loss in epoch 191 iteration 780: 0.24271246790885925
loss in epoch 192 iteration 780: 0.23383374512195587
loss in epoch 193 iteration 780: 0.24051325023174286
loss in epoch 194 iteration 780: 0.24660246074199677
loss in epoch 195 iteration 780: 0.2354491949081421
Evaluatingepoch:195, time: 35235370.870113(s), valid (NDCG@5: 0.6460, HR@5: 0.7572, NDCG@10: 0.6627, HR@10: 0.8082, NDCG@20: 0.6713, HR@20: 0.8421), test (NDCG@5: 0.6367, HR@5: 0.7495, NDCG@10: 0.6533, HR@10: 0.8004, NDCG@20: 0.6626, HR@20: 0.8367)
loss in epoch 196 iteration 780: 0.24161508679389954
loss in epoch 197 iteration 780: 0.2380199283361435
loss in epoch 198 iteration 780: 0.23629532754421234
loss in epoch 199 iteration 780: 0.23923133313655853
loss in epoch 200 iteration 780: 0.23992858827114105
Evaluatingepoch:200, time: 36035863.665581(s), valid (NDCG@5: 0.6486, HR@5: 0.7597, NDCG@10: 0.6645, HR@10: 0.8084, NDCG@20: 0.6731, HR@20: 0.8424), test (NDCG@5: 0.6413, HR@5: 0.7489, NDCG@10: 0.6584, HR@10: 0.8013, NDCG@20: 0.6675, HR@20: 0.8372)
loss in epoch 201 iteration 780: 0.23667512834072113
loss in epoch 202 iteration 780: 0.22763307392597198
loss in epoch 203 iteration 780: 0.2302224040031433
loss in epoch 204 iteration 780: 0.22970186173915863
loss in epoch 205 iteration 780: 0.23690766096115112
Evaluatingepoch:205, time: 36835079.413414(s), valid (NDCG@5: 0.6523, HR@5: 0.7594, NDCG@10: 0.6681, HR@10: 0.8077, NDCG@20: 0.6770, HR@20: 0.8429), test (NDCG@5: 0.6417, HR@5: 0.7513, NDCG@10: 0.6578, HR@10: 0.8008, NDCG@20: 0.6670, HR@20: 0.8367)
loss in epoch 206 iteration 780: 0.2339128851890564
loss in epoch 207 iteration 780: 0.24238862097263336
loss in epoch 208 iteration 780: 0.24054226279258728
loss in epoch 209 iteration 780: 0.2367042601108551
loss in epoch 210 iteration 780: 0.2368253469467163
Evaluatingepoch:210, time: 37648157.429695(s), valid (NDCG@5: 0.6543, HR@5: 0.7602, NDCG@10: 0.6701, HR@10: 0.8084, NDCG@20: 0.6788, HR@20: 0.8424), test (NDCG@5: 0.6446, HR@5: 0.7511, NDCG@10: 0.6610, HR@10: 0.8015, NDCG@20: 0.6702, HR@20: 0.8373)
loss in epoch 211 iteration 780: 0.23549403250217438
loss in epoch 212 iteration 780: 0.2379324734210968
loss in epoch 213 iteration 780: 0.23883384466171265
loss in epoch 214 iteration 780: 0.23400966823101044
loss in epoch 215 iteration 780: 0.2270185947418213
Evaluatingepoch:215, time: 38447911.507607(s), valid (NDCG@5: 0.6523, HR@5: 0.7578, NDCG@10: 0.6687, HR@10: 0.8083, NDCG@20: 0.6776, HR@20: 0.8431), test (NDCG@5: 0.6439, HR@5: 0.7520, NDCG@10: 0.6604, HR@10: 0.8030, NDCG@20: 0.6691, HR@20: 0.8370)
loss in epoch 216 iteration 780: 0.23112845420837402
loss in epoch 217 iteration 780: 0.22867655754089355
loss in epoch 218 iteration 780: 0.23053044080734253
loss in epoch 219 iteration 780: 0.2272864282131195
loss in epoch 220 iteration 780: 0.23332731425762177
Evaluatingepoch:220, time: 39248442.183256(s), valid (NDCG@5: 0.6528, HR@5: 0.7589, NDCG@10: 0.6687, HR@10: 0.8077, NDCG@20: 0.6777, HR@20: 0.8432), test (NDCG@5: 0.6466, HR@5: 0.7526, NDCG@10: 0.6626, HR@10: 0.8020, NDCG@20: 0.6713, HR@20: 0.8360)
loss in epoch 221 iteration 780: 0.23085351288318634
loss in epoch 222 iteration 780: 0.23356714844703674
loss in epoch 223 iteration 780: 0.2215123474597931
loss in epoch 224 iteration 780: 0.22764603793621063
loss in epoch 225 iteration 780: 0.22819927334785461
Evaluatingepoch:225, time: 40046087.786436(s), valid (NDCG@5: 0.6523, HR@5: 0.7593, NDCG@10: 0.6685, HR@10: 0.8090, NDCG@20: 0.6773, HR@20: 0.8437), test (NDCG@5: 0.6435, HR@5: 0.7519, NDCG@10: 0.6597, HR@10: 0.8015, NDCG@20: 0.6688, HR@20: 0.8374)
loss in epoch 226 iteration 780: 0.22852765023708344
loss in epoch 227 iteration 780: 0.22668594121932983
loss in epoch 228 iteration 780: 0.22590602934360504
loss in epoch 229 iteration 780: 0.22554391622543335
loss in epoch 230 iteration 780: 0.23630793392658234
Evaluatingepoch:230, time: 40844166.741133(s), valid (NDCG@5: 0.6570, HR@5: 0.7605, NDCG@10: 0.6729, HR@10: 0.8093, NDCG@20: 0.6816, HR@20: 0.8436), test (NDCG@5: 0.6482, HR@5: 0.7535, NDCG@10: 0.6642, HR@10: 0.8027, NDCG@20: 0.6731, HR@20: 0.8377)
loss in epoch 231 iteration 780: 0.23035913705825806
loss in epoch 232 iteration 780: 0.2380504310131073
loss in epoch 233 iteration 780: 0.2227662354707718
loss in epoch 234 iteration 780: 0.2207833081483841
loss in epoch 235 iteration 780: 0.2317000925540924
Evaluatingepoch:235, time: 41644127.666712(s), valid (NDCG@5: 0.6562, HR@5: 0.7602, NDCG@10: 0.6721, HR@10: 0.8089, NDCG@20: 0.6807, HR@20: 0.8428), test (NDCG@5: 0.6472, HR@5: 0.7523, NDCG@10: 0.6633, HR@10: 0.8018, NDCG@20: 0.6725, HR@20: 0.8380)
loss in epoch 236 iteration 780: 0.22542200982570648
loss in epoch 237 iteration 780: 0.21689757704734802
loss in epoch 238 iteration 780: 0.22766463458538055
loss in epoch 239 iteration 780: 0.22865135967731476
loss in epoch 240 iteration 780: 0.22623282670974731
Evaluatingepoch:240, time: 42444820.715189(s), valid (NDCG@5: 0.6595, HR@5: 0.7622, NDCG@10: 0.6750, HR@10: 0.8098, NDCG@20: 0.6837, HR@20: 0.8437), test (NDCG@5: 0.6497, HR@5: 0.7536, NDCG@10: 0.6654, HR@10: 0.8018, NDCG@20: 0.6746, HR@20: 0.8378)
loss in epoch 241 iteration 780: 0.23346756398677826
loss in epoch 242 iteration 780: 0.22196461260318756
loss in epoch 243 iteration 780: 0.2293190360069275
loss in epoch 244 iteration 780: 0.23392193019390106
loss in epoch 245 iteration 780: 0.2263721227645874
Evaluatingepoch:245, time: 43246347.765446(s), valid (NDCG@5: 0.6574, HR@5: 0.7605, NDCG@10: 0.6738, HR@10: 0.8106, NDCG@20: 0.6823, HR@20: 0.8439), test (NDCG@5: 0.6478, HR@5: 0.7547, NDCG@10: 0.6633, HR@10: 0.8022, NDCG@20: 0.6725, HR@20: 0.8383)
loss in epoch 246 iteration 780: 0.23281776905059814
loss in epoch 247 iteration 780: 0.22988668084144592
loss in epoch 248 iteration 780: 0.2260606586933136
loss in epoch 249 iteration 780: 0.21620085835456848
loss in epoch 250 iteration 780: 0.22576330602169037
Evaluatingepoch:250, time: 44040628.091097(s), valid (NDCG@5: 0.6558, HR@5: 0.7602, NDCG@10: 0.6716, HR@10: 0.8084, NDCG@20: 0.6807, HR@20: 0.8441), test (NDCG@5: 0.6480, HR@5: 0.7543, NDCG@10: 0.6639, HR@10: 0.8030, NDCG@20: 0.6728, HR@20: 0.8381)
loss in epoch 251 iteration 780: 0.22059395909309387
loss in epoch 252 iteration 780: 0.22486063838005066
loss in epoch 253 iteration 780: 0.2315630465745926
loss in epoch 254 iteration 780: 0.22171340882778168
loss in epoch 255 iteration 780: 0.22422365844249725
Evaluatingepoch:255, time: 44835531.295061(s), valid (NDCG@5: 0.6576, HR@5: 0.7620, NDCG@10: 0.6730, HR@10: 0.8096, NDCG@20: 0.6819, HR@20: 0.8446), test (NDCG@5: 0.6467, HR@5: 0.7535, NDCG@10: 0.6626, HR@10: 0.8021, NDCG@20: 0.6718, HR@20: 0.8384)
loss in epoch 256 iteration 780: 0.22633755207061768
loss in epoch 257 iteration 780: 0.22136276960372925
loss in epoch 258 iteration 780: 0.22765876352787018
loss in epoch 259 iteration 780: 0.22712472081184387
loss in epoch 260 iteration 780: 0.2130509614944458
Evaluatingepoch:260, time: 45629955.862999(s), valid (NDCG@5: 0.6590, HR@5: 0.7626, NDCG@10: 0.6746, HR@10: 0.8103, NDCG@20: 0.6831, HR@20: 0.8434), test (NDCG@5: 0.6499, HR@5: 0.7552, NDCG@10: 0.6655, HR@10: 0.8029, NDCG@20: 0.6745, HR@20: 0.8385)
loss in epoch 261 iteration 780: 0.2191418558359146
loss in epoch 262 iteration 780: 0.22085922956466675
loss in epoch 263 iteration 780: 0.22310350835323334
loss in epoch 264 iteration 780: 0.22445285320281982
loss in epoch 265 iteration 780: 0.21757885813713074
Evaluatingepoch:265, time: 46430320.335388(s), valid (NDCG@5: 0.6594, HR@5: 0.7627, NDCG@10: 0.6752, HR@10: 0.8108, NDCG@20: 0.6838, HR@20: 0.8448), test (NDCG@5: 0.6471, HR@5: 0.7531, NDCG@10: 0.6636, HR@10: 0.8037, NDCG@20: 0.6723, HR@20: 0.8378)
loss in epoch 266 iteration 780: 0.21914446353912354
loss in epoch 267 iteration 780: 0.2286183387041092
loss in epoch 268 iteration 780: 0.22176428139209747
loss in epoch 269 iteration 780: 0.22079309821128845
loss in epoch 270 iteration 780: 0.22401975095272064
Evaluatingepoch:270, time: 47221407.093287(s), valid (NDCG@5: 0.6590, HR@5: 0.7627, NDCG@10: 0.6741, HR@10: 0.8090, NDCG@20: 0.6834, HR@20: 0.8452), test (NDCG@5: 0.6505, HR@5: 0.7545, NDCG@10: 0.6662, HR@10: 0.8028, NDCG@20: 0.6754, HR@20: 0.8388)
loss in epoch 271 iteration 780: 0.21804305911064148
loss in epoch 272 iteration 780: 0.21844273805618286
loss in epoch 273 iteration 780: 0.20993146300315857
loss in epoch 274 iteration 780: 0.22105316817760468
loss in epoch 275 iteration 780: 0.22379927337169647
Evaluatingepoch:275, time: 48021357.955933(s), valid (NDCG@5: 0.6563, HR@5: 0.7612, NDCG@10: 0.6728, HR@10: 0.8114, NDCG@20: 0.6812, HR@20: 0.8448), test (NDCG@5: 0.6496, HR@5: 0.7545, NDCG@10: 0.6654, HR@10: 0.8028, NDCG@20: 0.6747, HR@20: 0.8395)
loss in epoch 276 iteration 780: 0.2206408977508545
loss in epoch 277 iteration 780: 0.21774998307228088
loss in epoch 278 iteration 780: 0.22383515536785126
loss in epoch 279 iteration 780: 0.21868771314620972
loss in epoch 280 iteration 780: 0.20950187742710114
Evaluatingepoch:280, time: 48829514.441013(s), valid (NDCG@5: 0.6622, HR@5: 0.7629, NDCG@10: 0.6780, HR@10: 0.8116, NDCG@20: 0.6864, HR@20: 0.8444), test (NDCG@5: 0.6515, HR@5: 0.7554, NDCG@10: 0.6676, HR@10: 0.8044, NDCG@20: 0.6763, HR@20: 0.8388)
loss in epoch 281 iteration 780: 0.21657833456993103
loss in epoch 282 iteration 780: 0.21662437915802002
loss in epoch 283 iteration 780: 0.21967819333076477
loss in epoch 284 iteration 780: 0.22165857255458832
loss in epoch 285 iteration 780: 0.22745531797409058
Evaluatingepoch:285, time: 49628384.615421(s), valid (NDCG@5: 0.6600, HR@5: 0.7640, NDCG@10: 0.6755, HR@10: 0.8116, NDCG@20: 0.6840, HR@20: 0.8448), test (NDCG@5: 0.6513, HR@5: 0.7548, NDCG@10: 0.6674, HR@10: 0.8042, NDCG@20: 0.6763, HR@20: 0.8394)
loss in epoch 286 iteration 780: 0.2197718620300293
loss in epoch 287 iteration 780: 0.21682722866535187
loss in epoch 288 iteration 780: 0.21761882305145264
loss in epoch 289 iteration 780: 0.22423690557479858
loss in epoch 290 iteration 780: 0.210530623793602
Evaluatingepoch:290, time: 50428821.526766(s), valid (NDCG@5: 0.6610, HR@5: 0.7637, NDCG@10: 0.6765, HR@10: 0.8112, NDCG@20: 0.6850, HR@20: 0.8446), test (NDCG@5: 0.6522, HR@5: 0.7552, NDCG@10: 0.6683, HR@10: 0.8046, NDCG@20: 0.6771, HR@20: 0.8392)
loss in epoch 291 iteration 780: 0.21612803637981415
loss in epoch 292 iteration 780: 0.21467801928520203
loss in epoch 293 iteration 780: 0.22043415904045105
loss in epoch 294 iteration 780: 0.20994095504283905
loss in epoch 295 iteration 780: 0.21053124964237213
Evaluatingepoch:295, time: 51223715.906858(s), valid (NDCG@5: 0.6616, HR@5: 0.7638, NDCG@10: 0.6772, HR@10: 0.8116, NDCG@20: 0.6855, HR@20: 0.8442), test (NDCG@5: 0.6508, HR@5: 0.7562, NDCG@10: 0.6662, HR@10: 0.8036, NDCG@20: 0.6752, HR@20: 0.8391)
loss in epoch 296 iteration 780: 0.20806214213371277
loss in epoch 297 iteration 780: 0.20798969268798828
loss in epoch 298 iteration 780: 0.2118266075849533
loss in epoch 299 iteration 780: 0.21258965134620667
loss in epoch 300 iteration 780: 0.2192125767469406
Evaluatingepoch:300, time: 52039253.346443(s), valid (NDCG@5: 0.6618, HR@5: 0.7641, NDCG@10: 0.6772, HR@10: 0.8116, NDCG@20: 0.6855, HR@20: 0.8441), test (NDCG@5: 0.6528, HR@5: 0.7568, NDCG@10: 0.6685, HR@10: 0.8048, NDCG@20: 0.6768, HR@20: 0.8373)
loss in epoch 301 iteration 780: 0.21992836892604828
loss in epoch 302 iteration 780: 0.21384069323539734
loss in epoch 303 iteration 780: 0.21337002515792847
loss in epoch 304 iteration 780: 0.2119365781545639
loss in epoch 305 iteration 780: 0.20884597301483154
Evaluatingepoch:305, time: 52833016.449451(s), valid (NDCG@5: 0.6599, HR@5: 0.7640, NDCG@10: 0.6752, HR@10: 0.8111, NDCG@20: 0.6838, HR@20: 0.8446), test (NDCG@5: 0.6529, HR@5: 0.7558, NDCG@10: 0.6689, HR@10: 0.8046, NDCG@20: 0.6776, HR@20: 0.8390)
loss in epoch 306 iteration 780: 0.21393771469593048
loss in epoch 307 iteration 780: 0.21116897463798523
loss in epoch 308 iteration 780: 0.22291111946105957
loss in epoch 309 iteration 780: 0.2151976227760315
loss in epoch 310 iteration 780: 0.21286220848560333
Evaluatingepoch:310, time: 53641055.268764(s), valid (NDCG@5: 0.6612, HR@5: 0.7638, NDCG@10: 0.6767, HR@10: 0.8114, NDCG@20: 0.6850, HR@20: 0.8437), test (NDCG@5: 0.6508, HR@5: 0.7574, NDCG@10: 0.6661, HR@10: 0.8042, NDCG@20: 0.6750, HR@20: 0.8392)
loss in epoch 311 iteration 780: 0.21530002355575562
loss in epoch 312 iteration 780: 0.21384674310684204
loss in epoch 313 iteration 780: 0.21206766366958618
loss in epoch 314 iteration 780: 0.20739169418811798
loss in epoch 315 iteration 780: 0.20610547065734863
Evaluatingepoch:315, time: 54439353.162527(s), valid (NDCG@5: 0.6594, HR@5: 0.7632, NDCG@10: 0.6755, HR@10: 0.8124, NDCG@20: 0.6836, HR@20: 0.8442), test (NDCG@5: 0.6488, HR@5: 0.7554, NDCG@10: 0.6650, HR@10: 0.8050, NDCG@20: 0.6737, HR@20: 0.8392)
loss in epoch 316 iteration 780: 0.21618792414665222
loss in epoch 317 iteration 780: 0.21272814273834229
loss in epoch 318 iteration 780: 0.21080170571804047
loss in epoch 319 iteration 780: 0.20807752013206482
loss in epoch 320 iteration 780: 0.2095022052526474
Evaluatingepoch:320, time: 55235209.346533(s), valid (NDCG@5: 0.6578, HR@5: 0.7622, NDCG@10: 0.6740, HR@10: 0.8118, NDCG@20: 0.6825, HR@20: 0.8452), test (NDCG@5: 0.6491, HR@5: 0.7559, NDCG@10: 0.6651, HR@10: 0.8051, NDCG@20: 0.6740, HR@20: 0.8402)
loss in epoch 321 iteration 780: 0.21390540897846222
loss in epoch 322 iteration 780: 0.21804849803447723
loss in epoch 323 iteration 780: 0.21705691516399384
loss in epoch 324 iteration 780: 0.21800848841667175
loss in epoch 325 iteration 780: 0.20875518023967743
Evaluatingepoch:325, time: 56032987.347364(s), valid (NDCG@5: 0.6569, HR@5: 0.7620, NDCG@10: 0.6732, HR@10: 0.8116, NDCG@20: 0.6816, HR@20: 0.8450), test (NDCG@5: 0.6470, HR@5: 0.7559, NDCG@10: 0.6628, HR@10: 0.8045, NDCG@20: 0.6719, HR@20: 0.8402)
loss in epoch 326 iteration 780: 0.2150527983903885
loss in epoch 327 iteration 780: 0.20704777538776398
loss in epoch 328 iteration 780: 0.21291811764240265
loss in epoch 329 iteration 780: 0.21192441880702972
loss in epoch 330 iteration 780: 0.20662638545036316
Evaluatingepoch:330, time: 56841107.658863(s), valid (NDCG@5: 0.6581, HR@5: 0.7638, NDCG@10: 0.6739, HR@10: 0.8124, NDCG@20: 0.6822, HR@20: 0.8446), test (NDCG@5: 0.6463, HR@5: 0.7552, NDCG@10: 0.6626, HR@10: 0.8048, NDCG@20: 0.6712, HR@20: 0.8390)
loss in epoch 331 iteration 780: 0.2172350436449051
loss in epoch 332 iteration 780: 0.21105462312698364
loss in epoch 333 iteration 780: 0.2069694548845291
loss in epoch 334 iteration 780: 0.21510541439056396
loss in epoch 335 iteration 780: 0.20756326615810394
Evaluatingepoch:335, time: 57640814.782619(s), valid (NDCG@5: 0.6572, HR@5: 0.7623, NDCG@10: 0.6731, HR@10: 0.8110, NDCG@20: 0.6817, HR@20: 0.8446), test (NDCG@5: 0.6482, HR@5: 0.7556, NDCG@10: 0.6640, HR@10: 0.8041, NDCG@20: 0.6728, HR@20: 0.8385)
loss in epoch 336 iteration 780: 0.2137278914451599
loss in epoch 337 iteration 780: 0.21094736456871033
loss in epoch 338 iteration 780: 0.2126055657863617
loss in epoch 339 iteration 780: 0.2126173973083496
loss in epoch 340 iteration 780: 0.21028117835521698
Evaluatingepoch:340, time: 58443518.422604(s), valid (NDCG@5: 0.6591, HR@5: 0.7652, NDCG@10: 0.6739, HR@10: 0.8105, NDCG@20: 0.6827, HR@20: 0.8447), test (NDCG@5: 0.6482, HR@5: 0.7544, NDCG@10: 0.6648, HR@10: 0.8051, NDCG@20: 0.6734, HR@20: 0.8388)
loss in epoch 341 iteration 780: 0.20790493488311768
loss in epoch 342 iteration 780: 0.2082982063293457
loss in epoch 343 iteration 780: 0.2201746106147766
loss in epoch 344 iteration 780: 0.20382006466388702
loss in epoch 345 iteration 780: 0.2137666493654251
Evaluatingepoch:345, time: 59242061.356068(s), valid (NDCG@5: 0.6590, HR@5: 0.7628, NDCG@10: 0.6747, HR@10: 0.8110, NDCG@20: 0.6836, HR@20: 0.8457), test (NDCG@5: 0.6507, HR@5: 0.7560, NDCG@10: 0.6663, HR@10: 0.8037, NDCG@20: 0.6754, HR@20: 0.8395)
loss in epoch 346 iteration 780: 0.20739099383354187
loss in epoch 347 iteration 780: 0.20832496881484985
loss in epoch 348 iteration 780: 0.2102697342634201
loss in epoch 349 iteration 780: 0.20419782400131226
loss in epoch 350 iteration 780: 0.2100190669298172
Evaluatingepoch:350, time: 60042033.231974(s), valid (NDCG@5: 0.6596, HR@5: 0.7640, NDCG@10: 0.6754, HR@10: 0.8127, NDCG@20: 0.6838, HR@20: 0.8454), test (NDCG@5: 0.6517, HR@5: 0.7559, NDCG@10: 0.6675, HR@10: 0.8045, NDCG@20: 0.6764, HR@20: 0.8396)
loss in epoch 351 iteration 780: 0.20322611927986145
loss in epoch 352 iteration 780: 0.20319192111492157
loss in epoch 353 iteration 780: 0.21693995594978333
loss in epoch 354 iteration 780: 0.2037004828453064
loss in epoch 355 iteration 780: 0.2050335854291916
Evaluatingepoch:355, time: 60841480.087519(s), valid (NDCG@5: 0.6614, HR@5: 0.7638, NDCG@10: 0.6769, HR@10: 0.8112, NDCG@20: 0.6855, HR@20: 0.8450), test (NDCG@5: 0.6525, HR@5: 0.7558, NDCG@10: 0.6683, HR@10: 0.8047, NDCG@20: 0.6772, HR@20: 0.8396)
loss in epoch 356 iteration 780: 0.20201168954372406
loss in epoch 357 iteration 780: 0.2047581970691681
loss in epoch 358 iteration 780: 0.20417098701000214
loss in epoch 359 iteration 780: 0.2094970941543579
loss in epoch 360 iteration 780: 0.20914272964000702
Evaluatingepoch:360, time: 61648954.395294(s), valid (NDCG@5: 0.6624, HR@5: 0.7640, NDCG@10: 0.6782, HR@10: 0.8123, NDCG@20: 0.6866, HR@20: 0.8453), test (NDCG@5: 0.6516, HR@5: 0.7561, NDCG@10: 0.6675, HR@10: 0.8050, NDCG@20: 0.6762, HR@20: 0.8392)
loss in epoch 361 iteration 780: 0.20205450057983398
loss in epoch 362 iteration 780: 0.20203201472759247
loss in epoch 363 iteration 780: 0.1994440108537674
loss in epoch 364 iteration 780: 0.20498624444007874
loss in epoch 365 iteration 780: 0.20562797784805298
Evaluatingepoch:365, time: 62450103.461027(s), valid (NDCG@5: 0.6630, HR@5: 0.7652, NDCG@10: 0.6783, HR@10: 0.8119, NDCG@20: 0.6869, HR@20: 0.8460), test (NDCG@5: 0.6517, HR@5: 0.7571, NDCG@10: 0.6675, HR@10: 0.8055, NDCG@20: 0.6762, HR@20: 0.8395)
loss in epoch 366 iteration 780: 0.2016805112361908
loss in epoch 367 iteration 780: 0.20409271121025085
loss in epoch 368 iteration 780: 0.20351062715053558
loss in epoch 369 iteration 780: 0.20526106655597687
loss in epoch 370 iteration 780: 0.20140089094638824
Evaluatingepoch:370, time: 63248877.135277(s), valid (NDCG@5: 0.6650, HR@5: 0.7654, NDCG@10: 0.6805, HR@10: 0.8130, NDCG@20: 0.6887, HR@20: 0.8453), test (NDCG@5: 0.6544, HR@5: 0.7556, NDCG@10: 0.6703, HR@10: 0.8044, NDCG@20: 0.6792, HR@20: 0.8397)
loss in epoch 371 iteration 780: 0.19728590548038483
loss in epoch 372 iteration 780: 0.19893977046012878
loss in epoch 373 iteration 780: 0.21003717184066772
loss in epoch 374 iteration 780: 0.21173909306526184
loss in epoch 375 iteration 780: 0.2053079456090927
Evaluatingepoch:375, time: 64050831.672430(s), valid (NDCG@5: 0.6616, HR@5: 0.7631, NDCG@10: 0.6774, HR@10: 0.8114, NDCG@20: 0.6859, HR@20: 0.8450), test (NDCG@5: 0.6547, HR@5: 0.7565, NDCG@10: 0.6706, HR@10: 0.8052, NDCG@20: 0.6794, HR@20: 0.8396)
loss in epoch 376 iteration 780: 0.21370947360992432
loss in epoch 377 iteration 780: 0.21000441908836365
loss in epoch 378 iteration 780: 0.20156723260879517
loss in epoch 379 iteration 780: 0.20651665329933167
loss in epoch 380 iteration 780: 0.19850866496562958
Evaluatingepoch:380, time: 64852625.575781(s), valid (NDCG@5: 0.6641, HR@5: 0.7637, NDCG@10: 0.6800, HR@10: 0.8124, NDCG@20: 0.6885, HR@20: 0.8458), test (NDCG@5: 0.6549, HR@5: 0.7574, NDCG@10: 0.6704, HR@10: 0.8049, NDCG@20: 0.6791, HR@20: 0.8391)
loss in epoch 381 iteration 780: 0.20608928799629211
loss in epoch 382 iteration 780: 0.20268502831459045
loss in epoch 383 iteration 780: 0.20379391312599182
loss in epoch 384 iteration 780: 0.20406241714954376
loss in epoch 385 iteration 780: 0.2022872418165207
Evaluatingepoch:385, time: 65653245.210171(s), valid (NDCG@5: 0.6663, HR@5: 0.7654, NDCG@10: 0.6817, HR@10: 0.8125, NDCG@20: 0.6902, HR@20: 0.8458), test (NDCG@5: 0.6553, HR@5: 0.7556, NDCG@10: 0.6714, HR@10: 0.8050, NDCG@20: 0.6801, HR@20: 0.8389)
loss in epoch 386 iteration 780: 0.2028331160545349
loss in epoch 387 iteration 780: 0.2094007283449173
loss in epoch 388 iteration 780: 0.20470498502254486
loss in epoch 389 iteration 780: 0.20482172071933746
loss in epoch 390 iteration 780: 0.19837281107902527
Evaluatingepoch:390, time: 66449874.734402(s), valid (NDCG@5: 0.6657, HR@5: 0.7650, NDCG@10: 0.6813, HR@10: 0.8130, NDCG@20: 0.6897, HR@20: 0.8459), test (NDCG@5: 0.6576, HR@5: 0.7574, NDCG@10: 0.6731, HR@10: 0.8048, NDCG@20: 0.6820, HR@20: 0.8397)
loss in epoch 391 iteration 780: 0.20479218661785126
loss in epoch 392 iteration 780: 0.19996745884418488
loss in epoch 393 iteration 780: 0.19999568164348602
loss in epoch 394 iteration 780: 0.19800333678722382
loss in epoch 395 iteration 780: 0.20458514988422394
Evaluatingepoch:395, time: 67246775.455236(s), valid (NDCG@5: 0.6651, HR@5: 0.7665, NDCG@10: 0.6805, HR@10: 0.8135, NDCG@20: 0.6885, HR@20: 0.8449), test (NDCG@5: 0.6545, HR@5: 0.7559, NDCG@10: 0.6702, HR@10: 0.8041, NDCG@20: 0.6793, HR@20: 0.8397)
loss in epoch 396 iteration 780: 0.20192572474479675
loss in epoch 397 iteration 780: 0.20813792943954468
loss in epoch 398 iteration 780: 0.19867701828479767
loss in epoch 399 iteration 780: 0.19338861107826233
loss in epoch 400 iteration 780: 0.19411233067512512
Evaluatingepoch:400, time: 68044900.502205(s), valid (NDCG@5: 0.6671, HR@5: 0.7654, NDCG@10: 0.6827, HR@10: 0.8131, NDCG@20: 0.6910, HR@20: 0.8457), test (NDCG@5: 0.6567, HR@5: 0.7569, NDCG@10: 0.6724, HR@10: 0.8053, NDCG@20: 0.6812, HR@20: 0.8399)
loss in epoch 401 iteration 780: 0.20303070545196533
loss in epoch 402 iteration 780: 0.20443637669086456
loss in epoch 403 iteration 780: 0.20150792598724365
loss in epoch 404 iteration 780: 0.18942201137542725
loss in epoch 405 iteration 780: 0.1945871114730835
Evaluatingepoch:405, time: 68841768.192768(s), valid (NDCG@5: 0.6655, HR@5: 0.7654, NDCG@10: 0.6811, HR@10: 0.8130, NDCG@20: 0.6894, HR@20: 0.8461), test (NDCG@5: 0.6574, HR@5: 0.7577, NDCG@10: 0.6730, HR@10: 0.8054, NDCG@20: 0.6819, HR@20: 0.8406)
loss in epoch 406 iteration 780: 0.20431526005268097
loss in epoch 407 iteration 780: 0.20564202964305878
loss in epoch 408 iteration 780: 0.20024007558822632
loss in epoch 409 iteration 780: 0.20683979988098145
loss in epoch 410 iteration 780: 0.19285768270492554
Evaluatingepoch:410, time: 69639824.521065(s), valid (NDCG@5: 0.6663, HR@5: 0.7662, NDCG@10: 0.6816, HR@10: 0.8131, NDCG@20: 0.6898, HR@20: 0.8452), test (NDCG@5: 0.6571, HR@5: 0.7578, NDCG@10: 0.6728, HR@10: 0.8061, NDCG@20: 0.6814, HR@20: 0.8396)
loss in epoch 411 iteration 780: 0.19354745745658875
loss in epoch 412 iteration 780: 0.1977100372314453
loss in epoch 413 iteration 780: 0.19903500378131866
loss in epoch 414 iteration 780: 0.19863201677799225
loss in epoch 415 iteration 780: 0.20123189687728882
Evaluatingepoch:415, time: 70440921.689272(s), valid (NDCG@5: 0.6667, HR@5: 0.7660, NDCG@10: 0.6826, HR@10: 0.8147, NDCG@20: 0.6904, HR@20: 0.8456), test (NDCG@5: 0.6566, HR@5: 0.7581, NDCG@10: 0.6723, HR@10: 0.8060, NDCG@20: 0.6809, HR@20: 0.8400)
loss in epoch 416 iteration 780: 0.20532843470573425
loss in epoch 417 iteration 780: 0.20182617008686066
loss in epoch 418 iteration 780: 0.19358761608600616
loss in epoch 419 iteration 780: 0.20188912749290466
loss in epoch 420 iteration 780: 0.20104816555976868
Evaluatingepoch:420, time: 71239910.446167(s), valid (NDCG@5: 0.6653, HR@5: 0.7662, NDCG@10: 0.6808, HR@10: 0.8137, NDCG@20: 0.6889, HR@20: 0.8454), test (NDCG@5: 0.6570, HR@5: 0.7582, NDCG@10: 0.6724, HR@10: 0.8056, NDCG@20: 0.6811, HR@20: 0.8398)
loss in epoch 421 iteration 780: 0.19292137026786804
loss in epoch 422 iteration 780: 0.20037175714969635
loss in epoch 423 iteration 780: 0.19824887812137604
loss in epoch 424 iteration 780: 0.19850927591323853
loss in epoch 425 iteration 780: 0.19767281413078308
Evaluatingepoch:425, time: 72039234.377146(s), valid (NDCG@5: 0.6675, HR@5: 0.7662, NDCG@10: 0.6826, HR@10: 0.8126, NDCG@20: 0.6908, HR@20: 0.8450), test (NDCG@5: 0.6575, HR@5: 0.7570, NDCG@10: 0.6737, HR@10: 0.8068, NDCG@20: 0.6819, HR@20: 0.8390)
loss in epoch 426 iteration 780: 0.19146904349327087
loss in epoch 427 iteration 780: 0.19236715137958527
loss in epoch 428 iteration 780: 0.19760186970233917
loss in epoch 429 iteration 780: 0.1979912966489792
loss in epoch 430 iteration 780: 0.20027406513690948
Evaluatingepoch:430, time: 72835048.813581(s), valid (NDCG@5: 0.6667, HR@5: 0.7665, NDCG@10: 0.6823, HR@10: 0.8145, NDCG@20: 0.6901, HR@20: 0.8451), test (NDCG@5: 0.6578, HR@5: 0.7579, NDCG@10: 0.6736, HR@10: 0.8062, NDCG@20: 0.6823, HR@20: 0.8405)
loss in epoch 431 iteration 780: 0.2023438960313797
loss in epoch 432 iteration 780: 0.19529782235622406
loss in epoch 433 iteration 780: 0.19809380173683167
loss in epoch 434 iteration 780: 0.19657452404499054
loss in epoch 435 iteration 780: 0.19476857781410217
Evaluatingepoch:435, time: 73631142.842293(s), valid (NDCG@5: 0.6683, HR@5: 0.7671, NDCG@10: 0.6832, HR@10: 0.8129, NDCG@20: 0.6914, HR@20: 0.8447), test (NDCG@5: 0.6599, HR@5: 0.7592, NDCG@10: 0.6751, HR@10: 0.8055, NDCG@20: 0.6840, HR@20: 0.8404)
loss in epoch 436 iteration 780: 0.19650229811668396
loss in epoch 437 iteration 780: 0.20025596022605896
loss in epoch 438 iteration 780: 0.19400401413440704
loss in epoch 439 iteration 780: 0.197547048330307
loss in epoch 440 iteration 780: 0.19711928069591522
Evaluatingepoch:440, time: 74429032.507181(s), valid (NDCG@5: 0.6685, HR@5: 0.7669, NDCG@10: 0.6837, HR@10: 0.8137, NDCG@20: 0.6917, HR@20: 0.8450), test (NDCG@5: 0.6576, HR@5: 0.7585, NDCG@10: 0.6728, HR@10: 0.8052, NDCG@20: 0.6817, HR@20: 0.8402)
loss in epoch 441 iteration 780: 0.19480684399604797
loss in epoch 442 iteration 780: 0.1864241063594818
loss in epoch 443 iteration 780: 0.19315651059150696
loss in epoch 444 iteration 780: 0.20200370252132416
loss in epoch 445 iteration 780: 0.19433097541332245
Evaluatingepoch:445, time: 75225027.290106(s), valid (NDCG@5: 0.6679, HR@5: 0.7670, NDCG@10: 0.6832, HR@10: 0.8140, NDCG@20: 0.6913, HR@20: 0.8458), test (NDCG@5: 0.6593, HR@5: 0.7588, NDCG@10: 0.6748, HR@10: 0.8064, NDCG@20: 0.6834, HR@20: 0.8402)
loss in epoch 446 iteration 780: 0.1943105012178421
loss in epoch 447 iteration 780: 0.20204775035381317
loss in epoch 448 iteration 780: 0.20642469823360443
loss in epoch 449 iteration 780: 0.1981111615896225
loss in epoch 450 iteration 780: 0.19858475029468536
Evaluatingepoch:450, time: 76020484.632254(s), valid (NDCG@5: 0.6695, HR@5: 0.7668, NDCG@10: 0.6851, HR@10: 0.8146, NDCG@20: 0.6931, HR@20: 0.8458), test (NDCG@5: 0.6589, HR@5: 0.7578, NDCG@10: 0.6747, HR@10: 0.8061, NDCG@20: 0.6834, HR@20: 0.8404)
loss in epoch 451 iteration 780: 0.20533487200737
loss in epoch 452 iteration 780: 0.19133326411247253
loss in epoch 453 iteration 780: 0.1890418380498886
loss in epoch 454 iteration 780: 0.18377935886383057
loss in epoch 455 iteration 780: 0.20077946782112122
Evaluatingepoch:455, time: 76815864.629745(s), valid (NDCG@5: 0.6684, HR@5: 0.7678, NDCG@10: 0.6833, HR@10: 0.8136, NDCG@20: 0.6916, HR@20: 0.8460), test (NDCG@5: 0.6583, HR@5: 0.7579, NDCG@10: 0.6738, HR@10: 0.8054, NDCG@20: 0.6826, HR@20: 0.8403)
loss in epoch 456 iteration 780: 0.19537825882434845
loss in epoch 457 iteration 780: 0.1931646317243576
loss in epoch 458 iteration 780: 0.19404253363609314
loss in epoch 459 iteration 780: 0.19484670460224152
loss in epoch 460 iteration 780: 0.18725469708442688
Evaluatingepoch:460, time: 77610565.243721(s), valid (NDCG@5: 0.6687, HR@5: 0.7679, NDCG@10: 0.6837, HR@10: 0.8138, NDCG@20: 0.6917, HR@20: 0.8454), test (NDCG@5: 0.6599, HR@5: 0.7576, NDCG@10: 0.6756, HR@10: 0.8057, NDCG@20: 0.6846, HR@20: 0.8408)
loss in epoch 461 iteration 780: 0.1920943409204483
loss in epoch 462 iteration 780: 0.1899872124195099
loss in epoch 463 iteration 780: 0.19150517880916595
loss in epoch 464 iteration 780: 0.19306589663028717
loss in epoch 465 iteration 780: 0.19779685139656067
Evaluatingepoch:465, time: 78406367.137432(s), valid (NDCG@5: 0.6690, HR@5: 0.7673, NDCG@10: 0.6842, HR@10: 0.8136, NDCG@20: 0.6925, HR@20: 0.8465), test (NDCG@5: 0.6616, HR@5: 0.7598, NDCG@10: 0.6767, HR@10: 0.8059, NDCG@20: 0.6856, HR@20: 0.8410)
loss in epoch 466 iteration 780: 0.19567830860614777
