Arguments:
backbone mamba
batch_size 32
dataset tracks1000
device cuda:0
dropout_rate 0.5
eval_neg_sample 100
hidden_units 32
inference_only False
l2_emb 0.0
lr 0.0005
maxlen 1000
name mamba
num_blocks 2
num_epochs 501
num_heads 1
state_dict_path None
train_dir tracks256_default/

user_count: 25001
item count: 5428290
25001
average sequence length: 910.34
parameters_count: 1033128416
loss in epoch 1 iteration 780: 0.8334857821464539
loss in epoch 2 iteration 780: 0.7284300327301025
loss in epoch 3 iteration 780: 0.6732122898101807
loss in epoch 4 iteration 780: 0.6478174328804016
loss in epoch 5 iteration 780: 0.5580312609672546
Evaluatingepoch:5, time: 759726.406336(s), valid (NDCG@5: 0.5967, HR@5: 0.7358, NDCG@10: 0.6162, HR@10: 0.7955, NDCG@20: 0.6248, HR@20: 0.8290), test (NDCG@5: 0.5877, HR@5: 0.7263, NDCG@10: 0.6083, HR@10: 0.7888, NDCG@20: 0.6178, HR@20: 0.8262)
loss in epoch 6 iteration 780: 0.4936370253562927
loss in epoch 7 iteration 780: 0.4391877055168152
loss in epoch 8 iteration 780: 0.40888023376464844
loss in epoch 9 iteration 780: 0.39654242992401123
loss in epoch 10 iteration 780: 0.38802433013916016
Evaluatingepoch:10, time: 1520257.002354(s), valid (NDCG@5: 0.6008, HR@5: 0.7405, NDCG@10: 0.6194, HR@10: 0.7972, NDCG@20: 0.6282, HR@20: 0.8318), test (NDCG@5: 0.5920, HR@5: 0.7296, NDCG@10: 0.6117, HR@10: 0.7897, NDCG@20: 0.6207, HR@20: 0.8251)
loss in epoch 11 iteration 780: 0.361008882522583
loss in epoch 12 iteration 780: 0.35673919320106506
loss in epoch 13 iteration 780: 0.3368246555328369
loss in epoch 14 iteration 780: 0.32752013206481934
loss in epoch 15 iteration 780: 0.3236132860183716
Evaluatingepoch:15, time: 2280534.042835(s), valid (NDCG@5: 0.6126, HR@5: 0.7453, NDCG@10: 0.6301, HR@10: 0.7986, NDCG@20: 0.6386, HR@20: 0.8323), test (NDCG@5: 0.6022, HR@5: 0.7351, NDCG@10: 0.6205, HR@10: 0.7910, NDCG@20: 0.6292, HR@20: 0.8249)
loss in epoch 16 iteration 780: 0.2927107810974121
loss in epoch 17 iteration 780: 0.28564611077308655
loss in epoch 18 iteration 780: 0.2981383800506592
loss in epoch 19 iteration 780: 0.2817331850528717
