Arguments:
backbone mamba
batch_size 32
dataset tracks256_mapped
device cuda:7
dropout_rate 0.5
eval_neg_sample 100
hidden_units 2
inference_only False
l2_emb 0.0
lr 0.0005
maxlen 1000
name mamba
num_blocks 2
num_epochs 501
num_heads 1
state_dict_path None
train_dir tracks256_default/

user_count: 25001
item count: 2225190
25001
average sequence length: 248.89
parameters_count: 4452826
loss in epoch 1 iteration 780: 1.2856625318527222
loss in epoch 2 iteration 780: 1.224606990814209
loss in epoch 3 iteration 780: 1.1612811088562012
loss in epoch 4 iteration 780: 1.1814769506454468
loss in epoch 5 iteration 780: 1.1682393550872803
Evaluating