Arguments:
backbone qmamba
batch_size 128
dataset tracks256
device cuda:6
dropout_rate 0.5
eval_neg_sample 100
hidden_units 16
inference_only False
l2_emb 0.0
lr 0.0005
maxlen 208
name mamba
num_blocks 2
num_epochs 500
num_heads 1
state_dict_path None
train_dir tracks256_default/

user_count: 25001
item count: 2225190
25001
average sequence length: 248.89
Quantized Mamba Rec device:  cuda:6
Replacing linears
parameters_count: 515761233
Current Memory Allocated: 7888.79 MB
Current Memory Cached: 9906.00 MB
Peak Memory Cached: 9906.00 MB
loss in epoch 1 iteration 194: 0.9578334093093872
loss in epoch 2 iteration 194: 0.8433855175971985
loss in epoch 3 iteration 194: 0.7546941637992859
loss in epoch 4 iteration 194: 0.7152537107467651
loss in epoch 5 iteration 194: 0.6847129464149475
Evaluatingepoch:5, time: 48990.848064(s), valid (NDCG@5: 0.5675, HR@5: 0.6883, NDCG@10: 0.5854, HR@10: 0.7423, NDCG@20: 0.5934, HR@20: 0.7742), test (NDCG@5: 0.5592, HR@5: 0.6796, NDCG@10: 0.5767, HR@10: 0.7324, NDCG@20: 0.5839, HR@20: 0.7613)
loss in epoch 6 iteration 194: 0.6553975939750671
loss in epoch 7 iteration 194: 0.6356275081634521
loss in epoch 8 iteration 194: 0.6194039583206177
loss in epoch 9 iteration 194: 0.5954463481903076
loss in epoch 10 iteration 194: 0.582839846611023
Evaluatingepoch:10, time: 94274.702787(s), valid (NDCG@5: 0.5659, HR@5: 0.6913, NDCG@10: 0.5840, HR@10: 0.7460, NDCG@20: 0.5917, HR@20: 0.7768), test (NDCG@5: 0.5591, HR@5: 0.6824, NDCG@10: 0.5765, HR@10: 0.7350, NDCG@20: 0.5844, HR@20: 0.7663)
loss in epoch 11 iteration 194: 0.5670261979103088
loss in epoch 12 iteration 194: 0.5567454695701599
loss in epoch 13 iteration 194: 0.5382885932922363
loss in epoch 14 iteration 194: 0.5276311039924622
loss in epoch 15 iteration 194: 0.5208562612533569
Evaluatingepoch:15, time: 136358.636856(s), valid (NDCG@5: 0.5664, HR@5: 0.6918, NDCG@10: 0.5841, HR@10: 0.7454, NDCG@20: 0.5915, HR@20: 0.7748), test (NDCG@5: 0.5541, HR@5: 0.6817, NDCG@10: 0.5723, HR@10: 0.7365, NDCG@20: 0.5802, HR@20: 0.7680)
loss in epoch 16 iteration 194: 0.5142371654510498
loss in epoch 17 iteration 194: 0.4974533021450043
loss in epoch 18 iteration 194: 0.5040633678436279
loss in epoch 19 iteration 194: 0.4876697063446045
loss in epoch 20 iteration 194: 0.4803454875946045
Evaluatingepoch:20, time: 178008.659363(s), valid (NDCG@5: 0.5662, HR@5: 0.6941, NDCG@10: 0.5829, HR@10: 0.7447, NDCG@20: 0.5904, HR@20: 0.7744), test (NDCG@5: 0.5503, HR@5: 0.6819, NDCG@10: 0.5684, HR@10: 0.7364, NDCG@20: 0.5762, HR@20: 0.7679)
loss in epoch 21 iteration 194: 0.48141464591026306
loss in epoch 22 iteration 194: 0.4753497540950775
loss in epoch 23 iteration 194: 0.4620834290981293
loss in epoch 24 iteration 194: 0.46239450573921204
loss in epoch 25 iteration 194: 0.4548064172267914
Evaluatingepoch:25, time: 221343.323708(s), valid (NDCG@5: 0.5683, HR@5: 0.6946, NDCG@10: 0.5845, HR@10: 0.7436, NDCG@20: 0.5924, HR@20: 0.7749), test (NDCG@5: 0.5558, HR@5: 0.6843, NDCG@10: 0.5732, HR@10: 0.7369, NDCG@20: 0.5809, HR@20: 0.7678)
loss in epoch 26 iteration 194: 0.4482322931289673
loss in epoch 27 iteration 194: 0.44562476873397827
loss in epoch 28 iteration 194: 0.4445318877696991
loss in epoch 29 iteration 194: 0.44194838404655457
loss in epoch 30 iteration 194: 0.43453216552734375
Evaluatingepoch:30, time: 265424.846649(s), valid (NDCG@5: 0.5722, HR@5: 0.6974, NDCG@10: 0.5880, HR@10: 0.7452, NDCG@20: 0.5953, HR@20: 0.7745), test (NDCG@5: 0.5555, HR@5: 0.6838, NDCG@10: 0.5730, HR@10: 0.7366, NDCG@20: 0.5806, HR@20: 0.7671)
loss in epoch 31 iteration 194: 0.4239567220211029
loss in epoch 32 iteration 194: 0.4319603443145752
loss in epoch 33 iteration 194: 0.43026402592658997
loss in epoch 34 iteration 194: 0.4241805672645569
loss in epoch 35 iteration 194: 0.41528910398483276
Evaluatingepoch:35, time: 311863.003254(s), valid (NDCG@5: 0.5706, HR@5: 0.6956, NDCG@10: 0.5872, HR@10: 0.7456, NDCG@20: 0.5945, HR@20: 0.7747), test (NDCG@5: 0.5548, HR@5: 0.6848, NDCG@10: 0.5718, HR@10: 0.7362, NDCG@20: 0.5794, HR@20: 0.7665)
loss in epoch 36 iteration 194: 0.41397202014923096
loss in epoch 37 iteration 194: 0.40200865268707275
loss in epoch 38 iteration 194: 0.39818453788757324
loss in epoch 39 iteration 194: 0.40248847007751465
loss in epoch 40 iteration 194: 0.38634875416755676
Evaluatingepoch:40, time: 354582.965374(s), valid (NDCG@5: 0.5733, HR@5: 0.6973, NDCG@10: 0.5891, HR@10: 0.7449, NDCG@20: 0.5964, HR@20: 0.7743), test (NDCG@5: 0.5576, HR@5: 0.6854, NDCG@10: 0.5749, HR@10: 0.7377, NDCG@20: 0.5822, HR@20: 0.7668)
loss in epoch 41 iteration 194: 0.4039123058319092
loss in epoch 42 iteration 194: 0.3943803012371063
loss in epoch 43 iteration 194: 0.38605019450187683
loss in epoch 44 iteration 194: 0.40553638339042664
loss in epoch 45 iteration 194: 0.38460129499435425
Evaluatingepoch:45, time: 397446.940660(s), valid (NDCG@5: 0.5752, HR@5: 0.6987, NDCG@10: 0.5905, HR@10: 0.7451, NDCG@20: 0.5974, HR@20: 0.7727), test (NDCG@5: 0.5601, HR@5: 0.6881, NDCG@10: 0.5760, HR@10: 0.7364, NDCG@20: 0.5836, HR@20: 0.7666)
loss in epoch 46 iteration 194: 0.3886694610118866
loss in epoch 47 iteration 194: 0.3815314769744873
loss in epoch 48 iteration 194: 0.37613797187805176
loss in epoch 49 iteration 194: 0.38508856296539307
loss in epoch 50 iteration 194: 0.3820829391479492
Evaluatingepoch:50, time: 434509.839058(s), valid (NDCG@5: 0.5755, HR@5: 0.6991, NDCG@10: 0.5901, HR@10: 0.7430, NDCG@20: 0.5977, HR@20: 0.7735), test (NDCG@5: 0.5623, HR@5: 0.6896, NDCG@10: 0.5780, HR@10: 0.7369, NDCG@20: 0.5858, HR@20: 0.7682)
loss in epoch 51 iteration 194: 0.3593437373638153
loss in epoch 52 iteration 194: 0.37823253870010376
loss in epoch 53 iteration 194: 0.37664952874183655
loss in epoch 54 iteration 194: 0.36495524644851685
loss in epoch 55 iteration 194: 0.3748011589050293
Evaluatingepoch:55, time: 476304.433346(s), valid (NDCG@5: 0.5783, HR@5: 0.7025, NDCG@10: 0.5920, HR@10: 0.7439, NDCG@20: 0.5991, HR@20: 0.7720), test (NDCG@5: 0.5646, HR@5: 0.6896, NDCG@10: 0.5801, HR@10: 0.7364, NDCG@20: 0.5877, HR@20: 0.7669)
loss in epoch 56 iteration 194: 0.3644138276576996
loss in epoch 57 iteration 194: 0.36264291405677795
loss in epoch 58 iteration 194: 0.36427319049835205
loss in epoch 59 iteration 194: 0.37147441506385803
loss in epoch 60 iteration 194: 0.3570345640182495
Evaluatingepoch:60, time: 519940.454245(s), valid (NDCG@5: 0.5807, HR@5: 0.7030, NDCG@10: 0.5941, HR@10: 0.7434, NDCG@20: 0.6014, HR@20: 0.7726), test (NDCG@5: 0.5705, HR@5: 0.6927, NDCG@10: 0.5850, HR@10: 0.7367, NDCG@20: 0.5922, HR@20: 0.7651)
loss in epoch 61 iteration 194: 0.3539063632488251
loss in epoch 62 iteration 194: 0.3568643629550934
loss in epoch 63 iteration 194: 0.35176435112953186
loss in epoch 64 iteration 194: 0.35269203782081604
loss in epoch 65 iteration 194: 0.3529995083808899
Evaluatingepoch:65, time: 562580.816507(s), valid (NDCG@5: 0.5840, HR@5: 0.7035, NDCG@10: 0.5973, HR@10: 0.7437, NDCG@20: 0.6042, HR@20: 0.7714), test (NDCG@5: 0.5708, HR@5: 0.6932, NDCG@10: 0.5851, HR@10: 0.7362, NDCG@20: 0.5921, HR@20: 0.7644)
loss in epoch 66 iteration 194: 0.3575165867805481
loss in epoch 67 iteration 194: 0.34135130047798157
loss in epoch 68 iteration 194: 0.33709973096847534
loss in epoch 69 iteration 194: 0.34746307134628296
loss in epoch 70 iteration 194: 0.3616081774234772
Evaluatingepoch:70, time: 604170.443535(s), valid (NDCG@5: 0.5852, HR@5: 0.7044, NDCG@10: 0.5981, HR@10: 0.7433, NDCG@20: 0.6056, HR@20: 0.7731), test (NDCG@5: 0.5730, HR@5: 0.6943, NDCG@10: 0.5870, HR@10: 0.7367, NDCG@20: 0.5942, HR@20: 0.7652)
loss in epoch 71 iteration 194: 0.3438141644001007
loss in epoch 72 iteration 194: 0.3353254199028015
loss in epoch 73 iteration 194: 0.33686205744743347
loss in epoch 74 iteration 194: 0.3338819742202759
loss in epoch 75 iteration 194: 0.3516756296157837
Evaluatingepoch:75, time: 646487.227678(s), valid (NDCG@5: 0.5857, HR@5: 0.7045, NDCG@10: 0.5987, HR@10: 0.7437, NDCG@20: 0.6057, HR@20: 0.7715), test (NDCG@5: 0.5742, HR@5: 0.6949, NDCG@10: 0.5876, HR@10: 0.7355, NDCG@20: 0.5951, HR@20: 0.7655)
loss in epoch 76 iteration 194: 0.33918482065200806
loss in epoch 77 iteration 194: 0.3465910851955414
loss in epoch 78 iteration 194: 0.3300916254520416
loss in epoch 79 iteration 194: 0.334989458322525
loss in epoch 80 iteration 194: 0.3305542767047882
Evaluatingepoch:80, time: 688772.576809(s), valid (NDCG@5: 0.5858, HR@5: 0.7073, NDCG@10: 0.5979, HR@10: 0.7439, NDCG@20: 0.6050, HR@20: 0.7722), test (NDCG@5: 0.5751, HR@5: 0.6967, NDCG@10: 0.5878, HR@10: 0.7351, NDCG@20: 0.5953, HR@20: 0.7649)
loss in epoch 81 iteration 194: 0.32467779517173767
loss in epoch 82 iteration 194: 0.33096060156822205
loss in epoch 83 iteration 194: 0.32902565598487854
loss in epoch 84 iteration 194: 0.3384386897087097
loss in epoch 85 iteration 194: 0.3371289372444153
Evaluatingepoch:85, time: 732346.602678(s), valid (NDCG@5: 0.5864, HR@5: 0.7071, NDCG@10: 0.5986, HR@10: 0.7438, NDCG@20: 0.6061, HR@20: 0.7739), test (NDCG@5: 0.5746, HR@5: 0.6964, NDCG@10: 0.5874, HR@10: 0.7350, NDCG@20: 0.5948, HR@20: 0.7647)
loss in epoch 86 iteration 194: 0.3338348865509033
loss in epoch 87 iteration 194: 0.33264482021331787
loss in epoch 88 iteration 194: 0.3281867504119873
loss in epoch 89 iteration 194: 0.33513596653938293
loss in epoch 90 iteration 194: 0.3218318819999695
Evaluatingepoch:90, time: 777864.902973(s), valid (NDCG@5: 0.5870, HR@5: 0.7081, NDCG@10: 0.5991, HR@10: 0.7447, NDCG@20: 0.6061, HR@20: 0.7726), test (NDCG@5: 0.5749, HR@5: 0.6977, NDCG@10: 0.5874, HR@10: 0.7355, NDCG@20: 0.5950, HR@20: 0.7656)
loss in epoch 91 iteration 194: 0.3181610107421875
loss in epoch 92 iteration 194: 0.3258418142795563
loss in epoch 93 iteration 194: 0.32613033056259155
loss in epoch 94 iteration 194: 0.3169938921928406
loss in epoch 95 iteration 194: 0.3193640112876892
Evaluatingepoch:95, time: 820963.377714(s), valid (NDCG@5: 0.5862, HR@5: 0.7076, NDCG@10: 0.5985, HR@10: 0.7447, NDCG@20: 0.6057, HR@20: 0.7739), test (NDCG@5: 0.5768, HR@5: 0.6979, NDCG@10: 0.5894, HR@10: 0.7357, NDCG@20: 0.5968, HR@20: 0.7656)
loss in epoch 96 iteration 194: 0.32334378361701965
loss in epoch 97 iteration 194: 0.32425832748413086
loss in epoch 98 iteration 194: 0.3196146488189697
loss in epoch 99 iteration 194: 0.33054131269454956
Current Memory Allocated: 7888.79 MB
Current Memory Cached: 9906.00 MB
Peak Memory Cached: 9906.00 MB
loss in epoch 100 iteration 194: 0.32157403230667114
Evaluatingepoch:100, time: 864779.684544(s), valid (NDCG@5: 0.5897, HR@5: 0.7088, NDCG@10: 0.6019, HR@10: 0.7456, NDCG@20: 0.6088, HR@20: 0.7735), test (NDCG@5: 0.5762, HR@5: 0.6992, NDCG@10: 0.5885, HR@10: 0.7365, NDCG@20: 0.5959, HR@20: 0.7660)
loss in epoch 101 iteration 194: 0.31947842240333557
loss in epoch 102 iteration 194: 0.31701362133026123
loss in epoch 103 iteration 194: 0.32399702072143555
loss in epoch 104 iteration 194: 0.30402040481567383
loss in epoch 105 iteration 194: 0.31688567996025085
Evaluatingepoch:105, time: 878591.089249(s), valid (NDCG@5: 0.5890, HR@5: 0.7086, NDCG@10: 0.6013, HR@10: 0.7457, NDCG@20: 0.6085, HR@20: 0.7745), test (NDCG@5: 0.5801, HR@5: 0.6999, NDCG@10: 0.5922, HR@10: 0.7364, NDCG@20: 0.5995, HR@20: 0.7659)
loss in epoch 106 iteration 194: 0.3107900619506836
loss in epoch 107 iteration 194: 0.3126000761985779
loss in epoch 108 iteration 194: 0.31713101267814636
loss in epoch 109 iteration 194: 0.3160127103328705
loss in epoch 110 iteration 194: 0.30438557267189026
Evaluatingepoch:110, time: 893459.421873(s), valid (NDCG@5: 0.5938, HR@5: 0.7111, NDCG@10: 0.6049, HR@10: 0.7445, NDCG@20: 0.6117, HR@20: 0.7716), test (NDCG@5: 0.5808, HR@5: 0.6985, NDCG@10: 0.5933, HR@10: 0.7363, NDCG@20: 0.6007, HR@20: 0.7662)
loss in epoch 111 iteration 194: 0.31922173500061035
loss in epoch 112 iteration 194: 0.31878092885017395
loss in epoch 113 iteration 194: 0.30908867716789246
loss in epoch 114 iteration 194: 0.31185781955718994
loss in epoch 115 iteration 194: 0.3151976466178894
Evaluatingepoch:115, time: 907215.210676(s), valid (NDCG@5: 0.5926, HR@5: 0.7092, NDCG@10: 0.6044, HR@10: 0.7451, NDCG@20: 0.6114, HR@20: 0.7729), test (NDCG@5: 0.5799, HR@5: 0.6977, NDCG@10: 0.5925, HR@10: 0.7358, NDCG@20: 0.6002, HR@20: 0.7666)
loss in epoch 116 iteration 194: 0.3153338134288788
loss in epoch 117 iteration 194: 0.31434768438339233
loss in epoch 118 iteration 194: 0.3104398250579834
loss in epoch 119 iteration 194: 0.30419492721557617
loss in epoch 120 iteration 194: 0.3147619664669037
Evaluatingepoch:120, time: 921728.926659(s), valid (NDCG@5: 0.5938, HR@5: 0.7096, NDCG@10: 0.6051, HR@10: 0.7438, NDCG@20: 0.6126, HR@20: 0.7738), test (NDCG@5: 0.5813, HR@5: 0.6994, NDCG@10: 0.5937, HR@10: 0.7366, NDCG@20: 0.6011, HR@20: 0.7661)
loss in epoch 121 iteration 194: 0.308267205953598
loss in epoch 122 iteration 194: 0.31055352091789246
loss in epoch 123 iteration 194: 0.3059597313404083
loss in epoch 124 iteration 194: 0.3066222667694092
loss in epoch 125 iteration 194: 0.3003906011581421
Evaluatingepoch:125, time: 936410.132170(s), valid (NDCG@5: 0.5973, HR@5: 0.7104, NDCG@10: 0.6087, HR@10: 0.7447, NDCG@20: 0.6159, HR@20: 0.7734), test (NDCG@5: 0.5838, HR@5: 0.6978, NDCG@10: 0.5963, HR@10: 0.7357, NDCG@20: 0.6037, HR@20: 0.7652)
loss in epoch 126 iteration 194: 0.313207745552063
loss in epoch 127 iteration 194: 0.311850368976593
loss in epoch 128 iteration 194: 0.308020681142807
loss in epoch 129 iteration 194: 0.304370254278183
loss in epoch 130 iteration 194: 0.29602816700935364
Evaluatingepoch:130, time: 951927.231073(s), valid (NDCG@5: 0.5973, HR@5: 0.7115, NDCG@10: 0.6081, HR@10: 0.7444, NDCG@20: 0.6151, HR@20: 0.7722), test (NDCG@5: 0.5852, HR@5: 0.7011, NDCG@10: 0.5968, HR@10: 0.7362, NDCG@20: 0.6042, HR@20: 0.7657)
loss in epoch 131 iteration 194: 0.3019844889640808
loss in epoch 132 iteration 194: 0.30318623781204224
loss in epoch 133 iteration 194: 0.29903846979141235
loss in epoch 134 iteration 194: 0.29314354062080383
loss in epoch 135 iteration 194: 0.3075829744338989
Evaluatingepoch:135, time: 967723.415136(s), valid (NDCG@5: 0.5990, HR@5: 0.7114, NDCG@10: 0.6100, HR@10: 0.7446, NDCG@20: 0.6172, HR@20: 0.7735), test (NDCG@5: 0.5835, HR@5: 0.7000, NDCG@10: 0.5957, HR@10: 0.7370, NDCG@20: 0.6031, HR@20: 0.7666)
loss in epoch 136 iteration 194: 0.29043638706207275
loss in epoch 137 iteration 194: 0.3001546263694763
loss in epoch 138 iteration 194: 0.29715606570243835
loss in epoch 139 iteration 194: 0.28720250725746155
loss in epoch 140 iteration 194: 0.3030090034008026
Evaluatingepoch:140, time: 982748.389244(s), valid (NDCG@5: 0.5981, HR@5: 0.7107, NDCG@10: 0.6092, HR@10: 0.7442, NDCG@20: 0.6161, HR@20: 0.7720), test (NDCG@5: 0.5824, HR@5: 0.6995, NDCG@10: 0.5947, HR@10: 0.7367, NDCG@20: 0.6020, HR@20: 0.7662)
loss in epoch 141 iteration 194: 0.2996766269207001
loss in epoch 142 iteration 194: 0.3066658079624176
loss in epoch 143 iteration 194: 0.2986595928668976
loss in epoch 144 iteration 194: 0.2983533442020416
loss in epoch 145 iteration 194: 0.306613951921463
Evaluatingepoch:145, time: 998529.114246(s), valid (NDCG@5: 0.5982, HR@5: 0.7105, NDCG@10: 0.6097, HR@10: 0.7450, NDCG@20: 0.6168, HR@20: 0.7736), test (NDCG@5: 0.5848, HR@5: 0.6987, NDCG@10: 0.5975, HR@10: 0.7369, NDCG@20: 0.6048, HR@20: 0.7663)
loss in epoch 146 iteration 194: 0.29853320121765137
loss in epoch 147 iteration 194: 0.3099358379840851
loss in epoch 148 iteration 194: 0.29845255613327026
loss in epoch 149 iteration 194: 0.30360257625579834
loss in epoch 150 iteration 194: 0.3030681312084198
Evaluatingepoch:150, time: 1011491.370916(s), valid (NDCG@5: 0.6015, HR@5: 0.7109, NDCG@10: 0.6126, HR@10: 0.7445, NDCG@20: 0.6197, HR@20: 0.7730), test (NDCG@5: 0.5867, HR@5: 0.6997, NDCG@10: 0.5988, HR@10: 0.7365, NDCG@20: 0.6060, HR@20: 0.7652)
loss in epoch 151 iteration 194: 0.29711607098579407
loss in epoch 152 iteration 194: 0.3027400076389313
loss in epoch 153 iteration 194: 0.30433639883995056
loss in epoch 154 iteration 194: 0.31072568893432617
loss in epoch 155 iteration 194: 0.3031151294708252
Evaluatingepoch:155, time: 1026613.575220(s), valid (NDCG@5: 0.6000, HR@5: 0.7113, NDCG@10: 0.6111, HR@10: 0.7447, NDCG@20: 0.6179, HR@20: 0.7718), test (NDCG@5: 0.5882, HR@5: 0.6999, NDCG@10: 0.6004, HR@10: 0.7370, NDCG@20: 0.6079, HR@20: 0.7669)
loss in epoch 156 iteration 194: 0.29995250701904297
loss in epoch 157 iteration 194: 0.28336310386657715
loss in epoch 158 iteration 194: 0.28679922223091125
loss in epoch 159 iteration 194: 0.2931916415691376
loss in epoch 160 iteration 194: 0.2905038297176361
Evaluatingepoch:160, time: 1041973.133802(s), valid (NDCG@5: 0.6016, HR@5: 0.7103, NDCG@10: 0.6129, HR@10: 0.7442, NDCG@20: 0.6198, HR@20: 0.7721), test (NDCG@5: 0.5867, HR@5: 0.7001, NDCG@10: 0.5988, HR@10: 0.7368, NDCG@20: 0.6060, HR@20: 0.7656)
loss in epoch 161 iteration 194: 0.2868596911430359
loss in epoch 162 iteration 194: 0.297208696603775
loss in epoch 163 iteration 194: 0.3003252148628235
loss in epoch 164 iteration 194: 0.29449886083602905
loss in epoch 165 iteration 194: 0.2918742895126343
Evaluatingepoch:165, time: 1055491.732121(s), valid (NDCG@5: 0.6018, HR@5: 0.7109, NDCG@10: 0.6131, HR@10: 0.7451, NDCG@20: 0.6199, HR@20: 0.7723), test (NDCG@5: 0.5879, HR@5: 0.6990, NDCG@10: 0.6002, HR@10: 0.7361, NDCG@20: 0.6075, HR@20: 0.7650)
loss in epoch 166 iteration 194: 0.2866746783256531
loss in epoch 167 iteration 194: 0.3016047477722168
loss in epoch 168 iteration 194: 0.2968559265136719
loss in epoch 169 iteration 194: 0.30462726950645447
loss in epoch 170 iteration 194: 0.31152817606925964
Evaluatingepoch:170, time: 1069410.059690(s), valid (NDCG@5: 0.6026, HR@5: 0.7120, NDCG@10: 0.6136, HR@10: 0.7453, NDCG@20: 0.6202, HR@20: 0.7718), test (NDCG@5: 0.5870, HR@5: 0.6994, NDCG@10: 0.5997, HR@10: 0.7379, NDCG@20: 0.6065, HR@20: 0.7652)
loss in epoch 171 iteration 194: 0.2949673533439636
loss in epoch 172 iteration 194: 0.2739284634590149
loss in epoch 173 iteration 194: 0.2867642343044281
loss in epoch 174 iteration 194: 0.2937200963497162
loss in epoch 175 iteration 194: 0.2918963134288788
Evaluatingepoch:175, time: 1082841.470003(s), valid (NDCG@5: 0.6020, HR@5: 0.7113, NDCG@10: 0.6131, HR@10: 0.7448, NDCG@20: 0.6202, HR@20: 0.7732), test (NDCG@5: 0.5903, HR@5: 0.7017, NDCG@10: 0.6019, HR@10: 0.7366, NDCG@20: 0.6091, HR@20: 0.7654)
loss in epoch 176 iteration 194: 0.2901434302330017
loss in epoch 177 iteration 194: 0.2957969009876251
loss in epoch 178 iteration 194: 0.28895261883735657
loss in epoch 179 iteration 194: 0.2952497601509094
loss in epoch 180 iteration 194: 0.2898414433002472
Evaluatingepoch:180, time: 1095895.666599(s), valid (NDCG@5: 0.6027, HR@5: 0.7111, NDCG@10: 0.6137, HR@10: 0.7441, NDCG@20: 0.6210, HR@20: 0.7734), test (NDCG@5: 0.5910, HR@5: 0.7009, NDCG@10: 0.6027, HR@10: 0.7365, NDCG@20: 0.6104, HR@20: 0.7671)
loss in epoch 181 iteration 194: 0.2962007522583008
loss in epoch 182 iteration 194: 0.2938152849674225
loss in epoch 183 iteration 194: 0.30431637167930603
loss in epoch 184 iteration 194: 0.28790390491485596
loss in epoch 185 iteration 194: 0.2803516685962677
Evaluatingepoch:185, time: 1110680.450678(s), valid (NDCG@5: 0.6037, HR@5: 0.7115, NDCG@10: 0.6147, HR@10: 0.7447, NDCG@20: 0.6218, HR@20: 0.7730), test (NDCG@5: 0.5907, HR@5: 0.7014, NDCG@10: 0.6026, HR@10: 0.7374, NDCG@20: 0.6100, HR@20: 0.7669)
loss in epoch 186 iteration 194: 0.28437289595603943
loss in epoch 187 iteration 194: 0.28101927042007446
loss in epoch 188 iteration 194: 0.28591832518577576
loss in epoch 189 iteration 194: 0.2881007492542267
loss in epoch 190 iteration 194: 0.27978643774986267
Evaluatingepoch:190, time: 1123909.435272(s), valid (NDCG@5: 0.6039, HR@5: 0.7114, NDCG@10: 0.6151, HR@10: 0.7453, NDCG@20: 0.6224, HR@20: 0.7746), test (NDCG@5: 0.5907, HR@5: 0.7030, NDCG@10: 0.6020, HR@10: 0.7371, NDCG@20: 0.6093, HR@20: 0.7665)
loss in epoch 191 iteration 194: 0.27865132689476013
loss in epoch 192 iteration 194: 0.2860701382160187
loss in epoch 193 iteration 194: 0.29590433835983276
loss in epoch 194 iteration 194: 0.2864893674850464
loss in epoch 195 iteration 194: 0.2913118004798889
Evaluatingepoch:195, time: 1137867.381334(s), valid (NDCG@5: 0.6050, HR@5: 0.7124, NDCG@10: 0.6157, HR@10: 0.7447, NDCG@20: 0.6228, HR@20: 0.7733), test (NDCG@5: 0.5926, HR@5: 0.7023, NDCG@10: 0.6039, HR@10: 0.7368, NDCG@20: 0.6111, HR@20: 0.7654)
loss in epoch 196 iteration 194: 0.2824922204017639
loss in epoch 197 iteration 194: 0.2977326810359955
loss in epoch 198 iteration 194: 0.2832331359386444
Current Memory Allocated: 7888.79 MB
Current Memory Cached: 9906.00 MB
Peak Memory Cached: 9906.00 MB
loss in epoch 199 iteration 194: 0.2837101221084595
loss in epoch 200 iteration 194: 0.2895302474498749
Evaluatingepoch:200, time: 1152920.082808(s), valid (NDCG@5: 0.6044, HR@5: 0.7127, NDCG@10: 0.6152, HR@10: 0.7453, NDCG@20: 0.6221, HR@20: 0.7729), test (NDCG@5: 0.5898, HR@5: 0.6989, NDCG@10: 0.6021, HR@10: 0.7358, NDCG@20: 0.6095, HR@20: 0.7658)
loss in epoch 201 iteration 194: 0.28908371925354004
loss in epoch 202 iteration 194: 0.2999873757362366
loss in epoch 203 iteration 194: 0.28650954365730286
loss in epoch 204 iteration 194: 0.2944742441177368
loss in epoch 205 iteration 194: 0.2972048819065094
Evaluatingepoch:205, time: 1167226.713419(s), valid (NDCG@5: 0.6048, HR@5: 0.7107, NDCG@10: 0.6163, HR@10: 0.7453, NDCG@20: 0.6231, HR@20: 0.7724), test (NDCG@5: 0.5912, HR@5: 0.7007, NDCG@10: 0.6030, HR@10: 0.7363, NDCG@20: 0.6104, HR@20: 0.7661)
loss in epoch 206 iteration 194: 0.289229154586792
loss in epoch 207 iteration 194: 0.28705403208732605
loss in epoch 208 iteration 194: 0.30126142501831055
loss in epoch 209 iteration 194: 0.28570809960365295
loss in epoch 210 iteration 194: 0.28630921244621277
Evaluatingepoch:210, time: 1180796.861887(s), valid (NDCG@5: 0.6044, HR@5: 0.7120, NDCG@10: 0.6154, HR@10: 0.7455, NDCG@20: 0.6224, HR@20: 0.7735), test (NDCG@5: 0.5920, HR@5: 0.7015, NDCG@10: 0.6038, HR@10: 0.7375, NDCG@20: 0.6108, HR@20: 0.7655)
loss in epoch 211 iteration 194: 0.2858494520187378
loss in epoch 212 iteration 194: 0.2840490937232971
loss in epoch 213 iteration 194: 0.2779824435710907
loss in epoch 214 iteration 194: 0.2781890630722046
loss in epoch 215 iteration 194: 0.28130042552948
Evaluatingepoch:215, time: 1196679.493904(s), valid (NDCG@5: 0.6043, HR@5: 0.7125, NDCG@10: 0.6151, HR@10: 0.7451, NDCG@20: 0.6220, HR@20: 0.7727), test (NDCG@5: 0.5921, HR@5: 0.7016, NDCG@10: 0.6037, HR@10: 0.7366, NDCG@20: 0.6112, HR@20: 0.7666)
loss in epoch 216 iteration 194: 0.28607815504074097
loss in epoch 217 iteration 194: 0.28793442249298096
loss in epoch 218 iteration 194: 0.2724371552467346
loss in epoch 219 iteration 194: 0.2775261700153351
loss in epoch 220 iteration 194: 0.2802647054195404
Evaluatingepoch:220, time: 1211395.213366(s), valid (NDCG@5: 0.6044, HR@5: 0.7119, NDCG@10: 0.6154, HR@10: 0.7450, NDCG@20: 0.6224, HR@20: 0.7729), test (NDCG@5: 0.5916, HR@5: 0.7020, NDCG@10: 0.6030, HR@10: 0.7366, NDCG@20: 0.6104, HR@20: 0.7664)
loss in epoch 221 iteration 194: 0.286765456199646
loss in epoch 222 iteration 194: 0.2775748372077942
loss in epoch 223 iteration 194: 0.2744137644767761
loss in epoch 224 iteration 194: 0.2894343435764313
loss in epoch 225 iteration 194: 0.2737792730331421
Evaluatingepoch:225, time: 1226791.830301(s), valid (NDCG@5: 0.6073, HR@5: 0.7129, NDCG@10: 0.6180, HR@10: 0.7452, NDCG@20: 0.6250, HR@20: 0.7732), test (NDCG@5: 0.5903, HR@5: 0.7018, NDCG@10: 0.6023, HR@10: 0.7385, NDCG@20: 0.6094, HR@20: 0.7667)
loss in epoch 226 iteration 194: 0.2756480872631073
loss in epoch 227 iteration 194: 0.278128445148468
loss in epoch 228 iteration 194: 0.27649742364883423
loss in epoch 229 iteration 194: 0.2887316942214966
loss in epoch 230 iteration 194: 0.2756718695163727
Evaluatingepoch:230, time: 1241965.734482(s), valid (NDCG@5: 0.6058, HR@5: 0.7127, NDCG@10: 0.6165, HR@10: 0.7453, NDCG@20: 0.6233, HR@20: 0.7726), test (NDCG@5: 0.5908, HR@5: 0.7009, NDCG@10: 0.6023, HR@10: 0.7355, NDCG@20: 0.6100, HR@20: 0.7664)
loss in epoch 231 iteration 194: 0.2835726737976074
loss in epoch 232 iteration 194: 0.27306944131851196
loss in epoch 233 iteration 194: 0.2762489318847656
loss in epoch 234 iteration 194: 0.2738451659679413
loss in epoch 235 iteration 194: 0.2701754868030548
Evaluatingepoch:235, time: 1255951.012850(s), valid (NDCG@5: 0.6072, HR@5: 0.7133, NDCG@10: 0.6178, HR@10: 0.7452, NDCG@20: 0.6248, HR@20: 0.7731), test (NDCG@5: 0.5913, HR@5: 0.7019, NDCG@10: 0.6028, HR@10: 0.7368, NDCG@20: 0.6104, HR@20: 0.7673)
loss in epoch 236 iteration 194: 0.27154555916786194
loss in epoch 237 iteration 194: 0.27372071146965027
loss in epoch 238 iteration 194: 0.2746347188949585
loss in epoch 239 iteration 194: 0.28020891547203064
loss in epoch 240 iteration 194: 0.2696785628795624
Evaluatingepoch:240, time: 1269409.646511(s), valid (NDCG@5: 0.6054, HR@5: 0.7111, NDCG@10: 0.6165, HR@10: 0.7445, NDCG@20: 0.6237, HR@20: 0.7734), test (NDCG@5: 0.5919, HR@5: 0.7015, NDCG@10: 0.6035, HR@10: 0.7366, NDCG@20: 0.6112, HR@20: 0.7676)
loss in epoch 241 iteration 194: 0.26893481612205505
loss in epoch 242 iteration 194: 0.2854459881782532
loss in epoch 243 iteration 194: 0.2794376611709595
loss in epoch 244 iteration 194: 0.2785581350326538
loss in epoch 245 iteration 194: 0.27576500177383423
Evaluatingepoch:245, time: 1283312.905550(s), valid (NDCG@5: 0.6085, HR@5: 0.7125, NDCG@10: 0.6194, HR@10: 0.7454, NDCG@20: 0.6264, HR@20: 0.7734), test (NDCG@5: 0.5939, HR@5: 0.7013, NDCG@10: 0.6056, HR@10: 0.7367, NDCG@20: 0.6129, HR@20: 0.7658)
loss in epoch 246 iteration 194: 0.27832740545272827
loss in epoch 247 iteration 194: 0.27347904443740845
loss in epoch 248 iteration 194: 0.28345564007759094
loss in epoch 249 iteration 194: 0.2725435793399811
loss in epoch 250 iteration 194: 0.2882140874862671
Evaluatingepoch:250, time: 1298079.400778(s), valid (NDCG@5: 0.6069, HR@5: 0.7113, NDCG@10: 0.6184, HR@10: 0.7463, NDCG@20: 0.6254, HR@20: 0.7742), test (NDCG@5: 0.5938, HR@5: 0.7011, NDCG@10: 0.6060, HR@10: 0.7382, NDCG@20: 0.6131, HR@20: 0.7665)
loss in epoch 251 iteration 194: 0.2829868495464325
loss in epoch 252 iteration 194: 0.2734300494194031
loss in epoch 253 iteration 194: 0.28131505846977234
loss in epoch 254 iteration 194: 0.266421377658844
loss in epoch 255 iteration 194: 0.2732867896556854
Evaluatingepoch:255, time: 1310934.380531(s), valid (NDCG@5: 0.6078, HR@5: 0.7131, NDCG@10: 0.6182, HR@10: 0.7447, NDCG@20: 0.6253, HR@20: 0.7731), test (NDCG@5: 0.5926, HR@5: 0.7010, NDCG@10: 0.6042, HR@10: 0.7359, NDCG@20: 0.6117, HR@20: 0.7660)
loss in epoch 256 iteration 194: 0.28179118037223816
loss in epoch 257 iteration 194: 0.28389352560043335
loss in epoch 258 iteration 194: 0.2769104242324829
loss in epoch 259 iteration 194: 0.2769283354282379
loss in epoch 260 iteration 194: 0.27264609932899475
Evaluatingepoch:260, time: 1325933.824539(s), valid (NDCG@5: 0.6069, HR@5: 0.7123, NDCG@10: 0.6179, HR@10: 0.7456, NDCG@20: 0.6249, HR@20: 0.7736), test (NDCG@5: 0.5943, HR@5: 0.7006, NDCG@10: 0.6062, HR@10: 0.7364, NDCG@20: 0.6134, HR@20: 0.7653)
loss in epoch 261 iteration 194: 0.2826499342918396
loss in epoch 262 iteration 194: 0.2771316468715668
loss in epoch 263 iteration 194: 0.2781672775745392
loss in epoch 264 iteration 194: 0.2707644999027252
loss in epoch 265 iteration 194: 0.28290361166000366
Evaluatingepoch:265, time: 1341041.499376(s), valid (NDCG@5: 0.6073, HR@5: 0.7108, NDCG@10: 0.6186, HR@10: 0.7451, NDCG@20: 0.6257, HR@20: 0.7737), test (NDCG@5: 0.5928, HR@5: 0.7019, NDCG@10: 0.6043, HR@10: 0.7367, NDCG@20: 0.6115, HR@20: 0.7656)
loss in epoch 266 iteration 194: 0.272223562002182
loss in epoch 267 iteration 194: 0.271366149187088
loss in epoch 268 iteration 194: 0.2753470242023468
loss in epoch 269 iteration 194: 0.2691129744052887
loss in epoch 270 iteration 194: 0.26930367946624756
Evaluatingepoch:270, time: 1356741.047382(s), valid (NDCG@5: 0.6081, HR@5: 0.7121, NDCG@10: 0.6192, HR@10: 0.7457, NDCG@20: 0.6262, HR@20: 0.7737), test (NDCG@5: 0.5934, HR@5: 0.7020, NDCG@10: 0.6047, HR@10: 0.7363, NDCG@20: 0.6120, HR@20: 0.7655)
loss in epoch 271 iteration 194: 0.2764268219470978
loss in epoch 272 iteration 194: 0.26836875081062317
loss in epoch 273 iteration 194: 0.27580276131629944
loss in epoch 274 iteration 194: 0.2679307162761688
loss in epoch 275 iteration 194: 0.2770099341869354
Evaluatingepoch:275, time: 1370382.576466(s), valid (NDCG@5: 0.6065, HR@5: 0.7108, NDCG@10: 0.6178, HR@10: 0.7449, NDCG@20: 0.6249, HR@20: 0.7736), test (NDCG@5: 0.5943, HR@5: 0.7007, NDCG@10: 0.6061, HR@10: 0.7363, NDCG@20: 0.6132, HR@20: 0.7648)
loss in epoch 276 iteration 194: 0.2712620496749878
loss in epoch 277 iteration 194: 0.263174444437027
loss in epoch 278 iteration 194: 0.2729100286960602
loss in epoch 279 iteration 194: 0.27007967233657837
loss in epoch 280 iteration 194: 0.2636028826236725
Evaluatingepoch:280, time: 1384823.478222(s), valid (NDCG@5: 0.6089, HR@5: 0.7125, NDCG@10: 0.6200, HR@10: 0.7461, NDCG@20: 0.6270, HR@20: 0.7739), test (NDCG@5: 0.5947, HR@5: 0.7011, NDCG@10: 0.6064, HR@10: 0.7365, NDCG@20: 0.6139, HR@20: 0.7665)
loss in epoch 281 iteration 194: 0.2683059871196747
loss in epoch 282 iteration 194: 0.2741203308105469
loss in epoch 283 iteration 194: 0.2715831398963928
loss in epoch 284 iteration 194: 0.26928967237472534
loss in epoch 285 iteration 194: 0.26564544439315796
Evaluatingepoch:285, time: 1398766.997337(s), valid (NDCG@5: 0.6070, HR@5: 0.7116, NDCG@10: 0.6184, HR@10: 0.7461, NDCG@20: 0.6250, HR@20: 0.7727), test (NDCG@5: 0.5967, HR@5: 0.7023, NDCG@10: 0.6079, HR@10: 0.7361, NDCG@20: 0.6153, HR@20: 0.7658)
loss in epoch 286 iteration 194: 0.27267059683799744
loss in epoch 287 iteration 194: 0.2674143612384796
loss in epoch 288 iteration 194: 0.2698296308517456
loss in epoch 289 iteration 194: 0.2669779360294342
loss in epoch 290 iteration 194: 0.27888789772987366
Evaluatingepoch:290, time: 1414019.806385(s), valid (NDCG@5: 0.6078, HR@5: 0.7129, NDCG@10: 0.6186, HR@10: 0.7457, NDCG@20: 0.6259, HR@20: 0.7745), test (NDCG@5: 0.5958, HR@5: 0.7012, NDCG@10: 0.6075, HR@10: 0.7363, NDCG@20: 0.6149, HR@20: 0.7659)
loss in epoch 291 iteration 194: 0.26840147376060486
loss in epoch 292 iteration 194: 0.26933860778808594
loss in epoch 293 iteration 194: 0.25648799538612366
loss in epoch 294 iteration 194: 0.2763461172580719
loss in epoch 295 iteration 194: 0.27283287048339844
Evaluatingepoch:295, time: 1427940.592051(s), valid (NDCG@5: 0.6087, HR@5: 0.7128, NDCG@10: 0.6196, HR@10: 0.7459, NDCG@20: 0.6266, HR@20: 0.7736), test (NDCG@5: 0.5973, HR@5: 0.7015, NDCG@10: 0.6085, HR@10: 0.7355, NDCG@20: 0.6163, HR@20: 0.7668)
loss in epoch 296 iteration 194: 0.2726570963859558
loss in epoch 297 iteration 194: 0.26694631576538086
Current Memory Allocated: 7888.79 MB
Current Memory Cached: 9906.00 MB
Peak Memory Cached: 9906.00 MB
loss in epoch 298 iteration 194: 0.2658640742301941
loss in epoch 299 iteration 194: 0.26696622371673584
loss in epoch 300 iteration 194: 0.2673301100730896
Evaluatingepoch:300, time: 1441793.963432(s), valid (NDCG@5: 0.6094, HR@5: 0.7125, NDCG@10: 0.6203, HR@10: 0.7453, NDCG@20: 0.6275, HR@20: 0.7742), test (NDCG@5: 0.5989, HR@5: 0.7025, NDCG@10: 0.6098, HR@10: 0.7355, NDCG@20: 0.6172, HR@20: 0.7655)
loss in epoch 301 iteration 194: 0.2731286287307739
loss in epoch 302 iteration 194: 0.27122870087623596
loss in epoch 303 iteration 194: 0.2646678686141968
loss in epoch 304 iteration 194: 0.26973551511764526
loss in epoch 305 iteration 194: 0.27325400710105896
Evaluatingepoch:305, time: 1456490.347624(s), valid (NDCG@5: 0.6098, HR@5: 0.7125, NDCG@10: 0.6207, HR@10: 0.7453, NDCG@20: 0.6280, HR@20: 0.7744), test (NDCG@5: 0.5956, HR@5: 0.7014, NDCG@10: 0.6067, HR@10: 0.7351, NDCG@20: 0.6144, HR@20: 0.7658)
loss in epoch 306 iteration 194: 0.2686702311038971
loss in epoch 307 iteration 194: 0.2606208026409149
loss in epoch 308 iteration 194: 0.2706059515476227
loss in epoch 309 iteration 194: 0.26106515526771545
loss in epoch 310 iteration 194: 0.26271378993988037
Evaluatingepoch:310, time: 1471421.141148(s), valid (NDCG@5: 0.6092, HR@5: 0.7132, NDCG@10: 0.6199, HR@10: 0.7455, NDCG@20: 0.6269, HR@20: 0.7738), test (NDCG@5: 0.5962, HR@5: 0.7029, NDCG@10: 0.6071, HR@10: 0.7357, NDCG@20: 0.6145, HR@20: 0.7652)
loss in epoch 311 iteration 194: 0.2646733522415161
loss in epoch 312 iteration 194: 0.27041375637054443
loss in epoch 313 iteration 194: 0.26254528760910034
loss in epoch 314 iteration 194: 0.26122695207595825
loss in epoch 315 iteration 194: 0.2522519528865814
Evaluatingepoch:315, time: 1485868.793964(s), valid (NDCG@5: 0.6090, HR@5: 0.7134, NDCG@10: 0.6198, HR@10: 0.7461, NDCG@20: 0.6266, HR@20: 0.7734), test (NDCG@5: 0.5961, HR@5: 0.7033, NDCG@10: 0.6071, HR@10: 0.7366, NDCG@20: 0.6142, HR@20: 0.7648)
loss in epoch 316 iteration 194: 0.26784548163414
loss in epoch 317 iteration 194: 0.26681482791900635
loss in epoch 318 iteration 194: 0.26035964488983154
loss in epoch 319 iteration 194: 0.27200889587402344
loss in epoch 320 iteration 194: 0.2719184458255768
Evaluatingepoch:320, time: 1498731.661081(s), valid (NDCG@5: 0.6067, HR@5: 0.7123, NDCG@10: 0.6177, HR@10: 0.7454, NDCG@20: 0.6247, HR@20: 0.7736), test (NDCG@5: 0.5955, HR@5: 0.7023, NDCG@10: 0.6065, HR@10: 0.7355, NDCG@20: 0.6139, HR@20: 0.7651)
loss in epoch 321 iteration 194: 0.2657420337200165
loss in epoch 322 iteration 194: 0.262494832277298
loss in epoch 323 iteration 194: 0.26206859946250916
loss in epoch 324 iteration 194: 0.27293282747268677
loss in epoch 325 iteration 194: 0.2631566524505615
Evaluatingepoch:325, time: 1513139.976501(s), valid (NDCG@5: 0.6069, HR@5: 0.7132, NDCG@10: 0.6174, HR@10: 0.7453, NDCG@20: 0.6247, HR@20: 0.7744), test (NDCG@5: 0.5958, HR@5: 0.7033, NDCG@10: 0.6066, HR@10: 0.7361, NDCG@20: 0.6140, HR@20: 0.7657)
loss in epoch 326 iteration 194: 0.2593875229358673
loss in epoch 327 iteration 194: 0.2736336588859558
loss in epoch 328 iteration 194: 0.25837454199790955
loss in epoch 329 iteration 194: 0.263947457075119
loss in epoch 330 iteration 194: 0.2592281401157379
Evaluatingepoch:330, time: 1528199.734926(s), valid (NDCG@5: 0.6054, HR@5: 0.7115, NDCG@10: 0.6166, HR@10: 0.7451, NDCG@20: 0.6235, HR@20: 0.7728), test (NDCG@5: 0.5961, HR@5: 0.7012, NDCG@10: 0.6077, HR@10: 0.7363, NDCG@20: 0.6149, HR@20: 0.7650)
loss in epoch 331 iteration 194: 0.26748278737068176
loss in epoch 332 iteration 194: 0.26699572801589966
loss in epoch 333 iteration 194: 0.2594309151172638
loss in epoch 334 iteration 194: 0.2636794447898865
loss in epoch 335 iteration 194: 0.26314839720726013
Evaluatingepoch:335, time: 1542383.198261(s), valid (NDCG@5: 0.6051, HR@5: 0.7108, NDCG@10: 0.6167, HR@10: 0.7461, NDCG@20: 0.6236, HR@20: 0.7739), test (NDCG@5: 0.5947, HR@5: 0.7034, NDCG@10: 0.6055, HR@10: 0.7364, NDCG@20: 0.6129, HR@20: 0.7657)
loss in epoch 336 iteration 194: 0.25466498732566833
loss in epoch 337 iteration 194: 0.2689863443374634
loss in epoch 338 iteration 194: 0.26367002725601196
loss in epoch 339 iteration 194: 0.25823378562927246
loss in epoch 340 iteration 194: 0.2612467110157013
Evaluatingepoch:340, time: 1555876.266718(s), valid (NDCG@5: 0.6054, HR@5: 0.7119, NDCG@10: 0.6166, HR@10: 0.7457, NDCG@20: 0.6236, HR@20: 0.7737), test (NDCG@5: 0.5964, HR@5: 0.7027, NDCG@10: 0.6077, HR@10: 0.7371, NDCG@20: 0.6150, HR@20: 0.7662)
loss in epoch 341 iteration 194: 0.26033681631088257
loss in epoch 342 iteration 194: 0.25632819533348083
loss in epoch 343 iteration 194: 0.26526620984077454
loss in epoch 344 iteration 194: 0.2684086561203003
loss in epoch 345 iteration 194: 0.2566491365432739
Evaluatingepoch:345, time: 1569344.231129(s), valid (NDCG@5: 0.6061, HR@5: 0.7121, NDCG@10: 0.6170, HR@10: 0.7451, NDCG@20: 0.6242, HR@20: 0.7736), test (NDCG@5: 0.5968, HR@5: 0.7025, NDCG@10: 0.6082, HR@10: 0.7369, NDCG@20: 0.6155, HR@20: 0.7660)
loss in epoch 346 iteration 194: 0.26249855756759644
loss in epoch 347 iteration 194: 0.2628994882106781
loss in epoch 348 iteration 194: 0.26138046383857727
loss in epoch 349 iteration 194: 0.25922995805740356
loss in epoch 350 iteration 194: 0.25729191303253174
Evaluatingepoch:350, time: 1583835.743666(s), valid (NDCG@5: 0.6059, HR@5: 0.7117, NDCG@10: 0.6170, HR@10: 0.7454, NDCG@20: 0.6240, HR@20: 0.7734), test (NDCG@5: 0.5961, HR@5: 0.7015, NDCG@10: 0.6075, HR@10: 0.7360, NDCG@20: 0.6150, HR@20: 0.7662)
loss in epoch 351 iteration 194: 0.26186344027519226
loss in epoch 352 iteration 194: 0.2583530843257904
loss in epoch 353 iteration 194: 0.2616719603538513
loss in epoch 354 iteration 194: 0.2612153887748718
loss in epoch 355 iteration 194: 0.2610219717025757
Evaluatingepoch:355, time: 1597210.565567(s), valid (NDCG@5: 0.6078, HR@5: 0.7135, NDCG@10: 0.6183, HR@10: 0.7452, NDCG@20: 0.6253, HR@20: 0.7734), test (NDCG@5: 0.5930, HR@5: 0.6999, NDCG@10: 0.6049, HR@10: 0.7358, NDCG@20: 0.6123, HR@20: 0.7654)
loss in epoch 356 iteration 194: 0.25864890217781067
loss in epoch 357 iteration 194: 0.26177436113357544
loss in epoch 358 iteration 194: 0.2572959363460541
loss in epoch 359 iteration 194: 0.25982528924942017
loss in epoch 360 iteration 194: 0.2703472375869751
Evaluatingepoch:360, time: 1610771.136761(s), valid (NDCG@5: 0.6057, HR@5: 0.7116, NDCG@10: 0.6164, HR@10: 0.7442, NDCG@20: 0.6238, HR@20: 0.7736), test (NDCG@5: 0.5945, HR@5: 0.7009, NDCG@10: 0.6061, HR@10: 0.7358, NDCG@20: 0.6133, HR@20: 0.7644)
loss in epoch 361 iteration 194: 0.25491708517074585
loss in epoch 362 iteration 194: 0.2509179711341858
loss in epoch 363 iteration 194: 0.25422969460487366
loss in epoch 364 iteration 194: 0.27185964584350586
loss in epoch 365 iteration 194: 0.25257933139801025
Evaluatingepoch:365, time: 1625850.603580(s), valid (NDCG@5: 0.6060, HR@5: 0.7121, NDCG@10: 0.6167, HR@10: 0.7443, NDCG@20: 0.6241, HR@20: 0.7739), test (NDCG@5: 0.5953, HR@5: 0.7013, NDCG@10: 0.6068, HR@10: 0.7360, NDCG@20: 0.6144, HR@20: 0.7662)
loss in epoch 366 iteration 194: 0.25692078471183777
loss in epoch 367 iteration 194: 0.2604406177997589
loss in epoch 368 iteration 194: 0.263289213180542
loss in epoch 369 iteration 194: 0.25772830843925476
loss in epoch 370 iteration 194: 0.2448352724313736
Evaluatingepoch:370, time: 1642499.249935(s), valid (NDCG@5: 0.6077, HR@5: 0.7130, NDCG@10: 0.6183, HR@10: 0.7452, NDCG@20: 0.6251, HR@20: 0.7723), test (NDCG@5: 0.5955, HR@5: 0.7019, NDCG@10: 0.6069, HR@10: 0.7364, NDCG@20: 0.6143, HR@20: 0.7662)
loss in epoch 371 iteration 194: 0.25721803307533264
loss in epoch 372 iteration 194: 0.25414401292800903
loss in epoch 373 iteration 194: 0.25833868980407715
loss in epoch 374 iteration 194: 0.24501356482505798
loss in epoch 375 iteration 194: 0.25203263759613037
Evaluatingepoch:375, time: 1657142.665863(s), valid (NDCG@5: 0.6045, HR@5: 0.7111, NDCG@10: 0.6157, HR@10: 0.7449, NDCG@20: 0.6225, HR@20: 0.7723), test (NDCG@5: 0.5936, HR@5: 0.6998, NDCG@10: 0.6054, HR@10: 0.7354, NDCG@20: 0.6133, HR@20: 0.7669)
loss in epoch 376 iteration 194: 0.2625825107097626
loss in epoch 377 iteration 194: 0.2500506639480591
loss in epoch 378 iteration 194: 0.25945478677749634
loss in epoch 379 iteration 194: 0.25899237394332886
loss in epoch 380 iteration 194: 0.2553550899028778
Evaluatingepoch:380, time: 1673361.326933(s), valid (NDCG@5: 0.6044, HR@5: 0.7106, NDCG@10: 0.6155, HR@10: 0.7443, NDCG@20: 0.6227, HR@20: 0.7729), test (NDCG@5: 0.5931, HR@5: 0.7005, NDCG@10: 0.6049, HR@10: 0.7360, NDCG@20: 0.6125, HR@20: 0.7663)
loss in epoch 381 iteration 194: 0.24668902158737183
loss in epoch 382 iteration 194: 0.25794729590415955
loss in epoch 383 iteration 194: 0.2597461938858032
loss in epoch 384 iteration 194: 0.27106204628944397
loss in epoch 385 iteration 194: 0.2639974057674408
Evaluatingepoch:385, time: 1691301.876545(s), valid (NDCG@5: 0.6063, HR@5: 0.7124, NDCG@10: 0.6174, HR@10: 0.7459, NDCG@20: 0.6244, HR@20: 0.7740), test (NDCG@5: 0.5950, HR@5: 0.7004, NDCG@10: 0.6066, HR@10: 0.7355, NDCG@20: 0.6145, HR@20: 0.7668)
loss in epoch 386 iteration 194: 0.25931745767593384
loss in epoch 387 iteration 194: 0.25792548060417175
loss in epoch 388 iteration 194: 0.24614757299423218
loss in epoch 389 iteration 194: 0.2633032500743866
loss in epoch 390 iteration 194: 0.25434714555740356
Evaluatingepoch:390, time: 1707979.144096(s), valid (NDCG@5: 0.6072, HR@5: 0.7117, NDCG@10: 0.6183, HR@10: 0.7451, NDCG@20: 0.6256, HR@20: 0.7746), test (NDCG@5: 0.5967, HR@5: 0.7019, NDCG@10: 0.6078, HR@10: 0.7353, NDCG@20: 0.6159, HR@20: 0.7680)
loss in epoch 391 iteration 194: 0.24976520240306854
loss in epoch 392 iteration 194: 0.2544088661670685
loss in epoch 393 iteration 194: 0.2523658573627472
loss in epoch 394 iteration 194: 0.2561354637145996
loss in epoch 395 iteration 194: 0.25831636786460876
Evaluatingepoch:395, time: 1723431.244612(s), valid (NDCG@5: 0.6054, HR@5: 0.7111, NDCG@10: 0.6166, HR@10: 0.7448, NDCG@20: 0.6240, HR@20: 0.7744), test (NDCG@5: 0.5960, HR@5: 0.7029, NDCG@10: 0.6068, HR@10: 0.7357, NDCG@20: 0.6144, HR@20: 0.7661)
loss in epoch 396 iteration 194: 0.25807619094848633
Current Memory Allocated: 7888.79 MB
Current Memory Cached: 9906.00 MB
Peak Memory Cached: 9906.00 MB
loss in epoch 397 iteration 194: 0.25521695613861084
loss in epoch 398 iteration 194: 0.25894486904144287
loss in epoch 399 iteration 194: 0.24972648918628693
loss in epoch 400 iteration 194: 0.26750531792640686
Evaluatingepoch:400, time: 1737596.119881(s), valid (NDCG@5: 0.6053, HR@5: 0.7108, NDCG@10: 0.6166, HR@10: 0.7449, NDCG@20: 0.6238, HR@20: 0.7740), test (NDCG@5: 0.5974, HR@5: 0.7033, NDCG@10: 0.6083, HR@10: 0.7361, NDCG@20: 0.6159, HR@20: 0.7665)
loss in epoch 401 iteration 194: 0.24523401260375977
loss in epoch 402 iteration 194: 0.25416263937950134
loss in epoch 403 iteration 194: 0.25823819637298584
loss in epoch 404 iteration 194: 0.2690035402774811
loss in epoch 405 iteration 194: 0.2597755193710327
Evaluatingepoch:405, time: 1751450.273752(s), valid (NDCG@5: 0.6056, HR@5: 0.7110, NDCG@10: 0.6166, HR@10: 0.7445, NDCG@20: 0.6240, HR@20: 0.7741), test (NDCG@5: 0.5962, HR@5: 0.7013, NDCG@10: 0.6077, HR@10: 0.7361, NDCG@20: 0.6151, HR@20: 0.7658)
loss in epoch 406 iteration 194: 0.25535333156585693
loss in epoch 407 iteration 194: 0.25218892097473145
loss in epoch 408 iteration 194: 0.25170212984085083
loss in epoch 409 iteration 194: 0.2570921778678894
loss in epoch 410 iteration 194: 0.25695300102233887
Evaluatingepoch:410, time: 1765906.802654(s), valid (NDCG@5: 0.6056, HR@5: 0.7123, NDCG@10: 0.6160, HR@10: 0.7438, NDCG@20: 0.6236, HR@20: 0.7741), test (NDCG@5: 0.5956, HR@5: 0.7009, NDCG@10: 0.6073, HR@10: 0.7363, NDCG@20: 0.6146, HR@20: 0.7657)
loss in epoch 411 iteration 194: 0.24602577090263367
loss in epoch 412 iteration 194: 0.24470067024230957
loss in epoch 413 iteration 194: 0.25265032052993774
loss in epoch 414 iteration 194: 0.2568206489086151
loss in epoch 415 iteration 194: 0.2543759047985077
Evaluatingepoch:415, time: 1780324.859142(s), valid (NDCG@5: 0.6078, HR@5: 0.7129, NDCG@10: 0.6179, HR@10: 0.7435, NDCG@20: 0.6256, HR@20: 0.7744), test (NDCG@5: 0.5940, HR@5: 0.7006, NDCG@10: 0.6057, HR@10: 0.7363, NDCG@20: 0.6132, HR@20: 0.7663)
loss in epoch 416 iteration 194: 0.2426697313785553
loss in epoch 417 iteration 194: 0.25552013516426086
loss in epoch 418 iteration 194: 0.2638593912124634
loss in epoch 419 iteration 194: 0.25049152970314026
loss in epoch 420 iteration 194: 0.2551431953907013
Evaluatingepoch:420, time: 1795397.581577(s), valid (NDCG@5: 0.6056, HR@5: 0.7115, NDCG@10: 0.6165, HR@10: 0.7446, NDCG@20: 0.6238, HR@20: 0.7736), test (NDCG@5: 0.5957, HR@5: 0.7008, NDCG@10: 0.6072, HR@10: 0.7357, NDCG@20: 0.6148, HR@20: 0.7659)
loss in epoch 421 iteration 194: 0.253144770860672
loss in epoch 422 iteration 194: 0.25834494829177856
loss in epoch 423 iteration 194: 0.2507173418998718
loss in epoch 424 iteration 194: 0.24475926160812378
loss in epoch 425 iteration 194: 0.2602240741252899
Evaluatingepoch:425, time: 1810270.269632(s), valid (NDCG@5: 0.6061, HR@5: 0.7116, NDCG@10: 0.6170, HR@10: 0.7445, NDCG@20: 0.6241, HR@20: 0.7732), test (NDCG@5: 0.5933, HR@5: 0.6996, NDCG@10: 0.6053, HR@10: 0.7358, NDCG@20: 0.6127, HR@20: 0.7655)
loss in epoch 426 iteration 194: 0.2551397681236267
loss in epoch 427 iteration 194: 0.2640208303928375
loss in epoch 428 iteration 194: 0.2537689805030823
loss in epoch 429 iteration 194: 0.2444528490304947
loss in epoch 430 iteration 194: 0.24320189654827118
Evaluatingepoch:430, time: 1824191.342831(s), valid (NDCG@5: 0.6036, HR@5: 0.7107, NDCG@10: 0.6147, HR@10: 0.7442, NDCG@20: 0.6222, HR@20: 0.7744), test (NDCG@5: 0.5938, HR@5: 0.7017, NDCG@10: 0.6053, HR@10: 0.7366, NDCG@20: 0.6127, HR@20: 0.7660)
loss in epoch 431 iteration 194: 0.25384947657585144
loss in epoch 432 iteration 194: 0.2586956322193146
loss in epoch 433 iteration 194: 0.2475888431072235
loss in epoch 434 iteration 194: 0.24827797710895538
loss in epoch 435 iteration 194: 0.2556656002998352
Evaluatingepoch:435, time: 1838303.198814(s), valid (NDCG@5: 0.6056, HR@5: 0.7107, NDCG@10: 0.6166, HR@10: 0.7439, NDCG@20: 0.6239, HR@20: 0.7732), test (NDCG@5: 0.5937, HR@5: 0.6997, NDCG@10: 0.6053, HR@10: 0.7349, NDCG@20: 0.6129, HR@20: 0.7651)
loss in epoch 436 iteration 194: 0.2474125474691391
loss in epoch 437 iteration 194: 0.25296518206596375
loss in epoch 438 iteration 194: 0.24670405685901642
loss in epoch 439 iteration 194: 0.24344637989997864
loss in epoch 440 iteration 194: 0.2522538900375366
Evaluatingepoch:440, time: 1854864.573956(s), valid (NDCG@5: 0.6064, HR@5: 0.7103, NDCG@10: 0.6176, HR@10: 0.7441, NDCG@20: 0.6251, HR@20: 0.7742), test (NDCG@5: 0.5949, HR@5: 0.7009, NDCG@10: 0.6064, HR@10: 0.7358, NDCG@20: 0.6138, HR@20: 0.7655)
loss in epoch 441 iteration 194: 0.23944981396198273
loss in epoch 442 iteration 194: 0.24560348689556122
loss in epoch 443 iteration 194: 0.26773542165756226
loss in epoch 444 iteration 194: 0.24447906017303467
loss in epoch 445 iteration 194: 0.25689148902893066
Evaluatingepoch:445, time: 1869186.583519(s), valid (NDCG@5: 0.6045, HR@5: 0.7109, NDCG@10: 0.6152, HR@10: 0.7435, NDCG@20: 0.6228, HR@20: 0.7738), test (NDCG@5: 0.5949, HR@5: 0.7017, NDCG@10: 0.6063, HR@10: 0.7362, NDCG@20: 0.6137, HR@20: 0.7656)
loss in epoch 446 iteration 194: 0.2477889508008957
loss in epoch 447 iteration 194: 0.2574717700481415
loss in epoch 448 iteration 194: 0.248599112033844
loss in epoch 449 iteration 194: 0.256986141204834
loss in epoch 450 iteration 194: 0.2555887997150421
Evaluatingepoch:450, time: 1883079.266548(s), valid (NDCG@5: 0.6042, HR@5: 0.7109, NDCG@10: 0.6153, HR@10: 0.7446, NDCG@20: 0.6227, HR@20: 0.7742), test (NDCG@5: 0.5940, HR@5: 0.6991, NDCG@10: 0.6060, HR@10: 0.7355, NDCG@20: 0.6133, HR@20: 0.7644)
loss in epoch 451 iteration 194: 0.2543269693851471
loss in epoch 452 iteration 194: 0.24932214617729187
loss in epoch 453 iteration 194: 0.2424442023038864
loss in epoch 454 iteration 194: 0.2510933578014374
loss in epoch 455 iteration 194: 0.24876496195793152
Evaluatingepoch:455, time: 1897416.518450(s), valid (NDCG@5: 0.6037, HR@5: 0.7101, NDCG@10: 0.6149, HR@10: 0.7441, NDCG@20: 0.6222, HR@20: 0.7733), test (NDCG@5: 0.5944, HR@5: 0.7002, NDCG@10: 0.6065, HR@10: 0.7367, NDCG@20: 0.6133, HR@20: 0.7640)
loss in epoch 456 iteration 194: 0.2508918046951294
loss in epoch 457 iteration 194: 0.26055100560188293
loss in epoch 458 iteration 194: 0.2552476227283478
loss in epoch 459 iteration 194: 0.24478763341903687
loss in epoch 460 iteration 194: 0.23810486495494843
Evaluatingepoch:460, time: 1912666.261911(s), valid (NDCG@5: 0.6038, HR@5: 0.7098, NDCG@10: 0.6152, HR@10: 0.7444, NDCG@20: 0.6226, HR@20: 0.7739), test (NDCG@5: 0.5920, HR@5: 0.6997, NDCG@10: 0.6038, HR@10: 0.7354, NDCG@20: 0.6110, HR@20: 0.7642)
loss in epoch 461 iteration 194: 0.25112006068229675
loss in epoch 462 iteration 194: 0.2557232677936554
loss in epoch 463 iteration 194: 0.25235044956207275
loss in epoch 464 iteration 194: 0.2570387125015259
loss in epoch 465 iteration 194: 0.23867608606815338
Evaluatingepoch:465, time: 1927347.196102(s), valid (NDCG@5: 0.6044, HR@5: 0.7105, NDCG@10: 0.6156, HR@10: 0.7445, NDCG@20: 0.6229, HR@20: 0.7735), test (NDCG@5: 0.5939, HR@5: 0.7003, NDCG@10: 0.6053, HR@10: 0.7346, NDCG@20: 0.6126, HR@20: 0.7638)
loss in epoch 466 iteration 194: 0.2491994947195053
loss in epoch 467 iteration 194: 0.2532271444797516
loss in epoch 468 iteration 194: 0.253996342420578
loss in epoch 469 iteration 194: 0.2488761991262436
loss in epoch 470 iteration 194: 0.25297558307647705
Evaluatingepoch:470, time: 1942715.561628(s), valid (NDCG@5: 0.6041, HR@5: 0.7091, NDCG@10: 0.6159, HR@10: 0.7449, NDCG@20: 0.6234, HR@20: 0.7746), test (NDCG@5: 0.5933, HR@5: 0.6979, NDCG@10: 0.6060, HR@10: 0.7359, NDCG@20: 0.6130, HR@20: 0.7642)
loss in epoch 471 iteration 194: 0.2498684674501419
loss in epoch 472 iteration 194: 0.24778102338314056
loss in epoch 473 iteration 194: 0.24986319243907928
loss in epoch 474 iteration 194: 0.23961326479911804
loss in epoch 475 iteration 194: 0.24590931832790375
Evaluatingepoch:475, time: 1958653.791189(s), valid (NDCG@5: 0.6020, HR@5: 0.7090, NDCG@10: 0.6136, HR@10: 0.7443, NDCG@20: 0.6211, HR@20: 0.7740), test (NDCG@5: 0.5929, HR@5: 0.7014, NDCG@10: 0.6043, HR@10: 0.7357, NDCG@20: 0.6117, HR@20: 0.7654)
loss in epoch 476 iteration 194: 0.24691739678382874
loss in epoch 477 iteration 194: 0.24663981795310974
loss in epoch 478 iteration 194: 0.2465508133172989
loss in epoch 479 iteration 194: 0.2435535043478012
loss in epoch 480 iteration 194: 0.25057917833328247
Evaluatingepoch:480, time: 1973215.898752(s), valid (NDCG@5: 0.6043, HR@5: 0.7109, NDCG@10: 0.6157, HR@10: 0.7455, NDCG@20: 0.6228, HR@20: 0.7740), test (NDCG@5: 0.5937, HR@5: 0.7014, NDCG@10: 0.6051, HR@10: 0.7358, NDCG@20: 0.6124, HR@20: 0.7649)
loss in epoch 481 iteration 194: 0.24783527851104736
loss in epoch 482 iteration 194: 0.2485695332288742
loss in epoch 483 iteration 194: 0.25321099162101746
loss in epoch 484 iteration 194: 0.2424866110086441
loss in epoch 485 iteration 194: 0.2466931939125061
Evaluatingepoch:485, time: 1988093.746901(s), valid (NDCG@5: 0.6051, HR@5: 0.7113, NDCG@10: 0.6159, HR@10: 0.7441, NDCG@20: 0.6236, HR@20: 0.7749), test (NDCG@5: 0.5938, HR@5: 0.6992, NDCG@10: 0.6059, HR@10: 0.7358, NDCG@20: 0.6131, HR@20: 0.7648)
loss in epoch 486 iteration 194: 0.24833209812641144
loss in epoch 487 iteration 194: 0.2440224289894104
loss in epoch 488 iteration 194: 0.24390175938606262
loss in epoch 489 iteration 194: 0.25042426586151123
loss in epoch 490 iteration 194: 0.246119424700737
Evaluatingepoch:490, time: 2002902.382612(s), valid (NDCG@5: 0.6041, HR@5: 0.7089, NDCG@10: 0.6156, HR@10: 0.7437, NDCG@20: 0.6235, HR@20: 0.7752), test (NDCG@5: 0.5946, HR@5: 0.7014, NDCG@10: 0.6061, HR@10: 0.7363, NDCG@20: 0.6132, HR@20: 0.7650)
loss in epoch 491 iteration 194: 0.24157604575157166
loss in epoch 492 iteration 194: 0.24343812465667725
loss in epoch 493 iteration 194: 0.25038135051727295
loss in epoch 494 iteration 194: 0.23311568796634674
loss in epoch 495 iteration 194: 0.23914876580238342
Evaluatingepoch:495, time: 2016995.951414(s), valid (NDCG@5: 0.6053, HR@5: 0.7114, NDCG@10: 0.6165, HR@10: 0.7453, NDCG@20: 0.6239, HR@20: 0.7753), test (NDCG@5: 0.5947, HR@5: 0.6992, NDCG@10: 0.6070, HR@10: 0.7365, NDCG@20: 0.6142, HR@20: 0.7653)
Current Memory Allocated: 7888.79 MB
Current Memory Cached: 9906.00 MB
Peak Memory Cached: 9906.00 MB
loss in epoch 496 iteration 194: 0.2368231564760208
loss in epoch 497 iteration 194: 0.24867118895053864
loss in epoch 498 iteration 194: 0.25417208671569824
loss in epoch 499 iteration 194: 0.24822640419006348
loss in epoch 500 iteration 194: 0.2395939975976944
Evaluatingepoch:500, time: 2030664.802551(s), valid (NDCG@5: 0.6058, HR@5: 0.7101, NDCG@10: 0.6171, HR@10: 0.7443, NDCG@20: 0.6249, HR@20: 0.7754), test (NDCG@5: 0.5951, HR@5: 0.7002, NDCG@10: 0.6074, HR@10: 0.7375, NDCG@20: 0.6142, HR@20: 0.7648)
Training time : 2030664.8025512695
Done
