Arguments:
backbone sas
batch_size 32
dataset tracks256
device cuda:7
dropout_rate 0.5
eval_neg_sample 100
hidden_units 2
inference_only False
l2_emb 0.0
lr 0.0005
maxlen 1000
name mamba
num_blocks 2
num_epochs 501
num_heads 1
state_dict_path None
train_dir tracks256_default/

user_count: 25001
item count: 2225190
25001
average sequence length: 248.89
parameters_count: 64471174
loss in epoch 1 iteration 780: 1.3646340370178223
loss in epoch 2 iteration 780: 1.2852625846862793
loss in epoch 3 iteration 780: 1.2306828498840332
loss in epoch 4 iteration 780: 1.179904580116272
loss in epoch 5 iteration 780: 1.124108910560608
Evaluatingepoch:5, time: 62765.886784(s), valid (NDCG@5: 0.4431, HR@5: 0.4914, NDCG@10: 0.4504, HR@10: 0.5139, NDCG@20: 0.4585, HR@20: 0.5461), test (NDCG@5: 0.4256, HR@5: 0.4714, NDCG@10: 0.4325, HR@10: 0.4929, NDCG@20: 0.4415, HR@20: 0.5286)
loss in epoch 6 iteration 780: 1.0985889434814453
loss in epoch 7 iteration 780: 1.04775071144104
loss in epoch 8 iteration 780: 1.0142698287963867
loss in epoch 9 iteration 780: 0.9744240045547485
loss in epoch 10 iteration 780: 0.9383635520935059
Evaluatingepoch:10, time: 124557.284117(s), valid (NDCG@5: 0.6135, HR@5: 0.7063, NDCG@10: 0.6275, HR@10: 0.7492, NDCG@20: 0.6351, HR@20: 0.7793), test (NDCG@5: 0.6043, HR@5: 0.6985, NDCG@10: 0.6183, HR@10: 0.7410, NDCG@20: 0.6266, HR@20: 0.7742)
loss in epoch 11 iteration 780: 0.9027817845344543
loss in epoch 12 iteration 780: 0.8837816715240479
loss in epoch 13 iteration 780: 0.9132673740386963
loss in epoch 14 iteration 780: 0.8627870082855225
loss in epoch 15 iteration 780: 0.8538162112236023
Evaluatingepoch:15, time: 188218.129158(s), valid (NDCG@5: 0.6160, HR@5: 0.7102, NDCG@10: 0.6309, HR@10: 0.7560, NDCG@20: 0.6381, HR@20: 0.7846), test (NDCG@5: 0.6099, HR@5: 0.7035, NDCG@10: 0.6245, HR@10: 0.7482, NDCG@20: 0.6322, HR@20: 0.7787)
loss in epoch 16 iteration 780: 0.7988736629486084
loss in epoch 17 iteration 780: 0.7904530167579651
loss in epoch 18 iteration 780: 0.7987802028656006
loss in epoch 19 iteration 780: 0.8101173639297485
loss in epoch 20 iteration 780: 0.7538816928863525
Evaluatingepoch:20, time: 253017.619371(s), valid (NDCG@5: 0.6167, HR@5: 0.7103, NDCG@10: 0.6319, HR@10: 0.7566, NDCG@20: 0.6393, HR@20: 0.7858), test (NDCG@5: 0.6091, HR@5: 0.7022, NDCG@10: 0.6243, HR@10: 0.7485, NDCG@20: 0.6319, HR@20: 0.7788)
loss in epoch 21 iteration 780: 0.777864933013916
loss in epoch 22 iteration 780: 0.7669944763183594
loss in epoch 23 iteration 780: 0.7641268968582153
loss in epoch 24 iteration 780: 0.764512300491333
loss in epoch 25 iteration 780: 0.7716929316520691
Evaluatingepoch:25, time: 315972.871304(s), valid (NDCG@5: 0.6178, HR@5: 0.7115, NDCG@10: 0.6325, HR@10: 0.7565, NDCG@20: 0.6398, HR@20: 0.7854), test (NDCG@5: 0.6099, HR@5: 0.7022, NDCG@10: 0.6252, HR@10: 0.7487, NDCG@20: 0.6328, HR@20: 0.7791)
loss in epoch 26 iteration 780: 0.7434943318367004
loss in epoch 27 iteration 780: 0.7325122952461243
loss in epoch 28 iteration 780: 0.7486679553985596
loss in epoch 29 iteration 780: 0.7534380555152893
loss in epoch 30 iteration 780: 0.7253684401512146
Evaluatingepoch:30, time: 380096.777439(s), valid (NDCG@5: 0.6168, HR@5: 0.7112, NDCG@10: 0.6314, HR@10: 0.7558, NDCG@20: 0.6390, HR@20: 0.7858), test (NDCG@5: 0.6107, HR@5: 0.7022, NDCG@10: 0.6261, HR@10: 0.7492, NDCG@20: 0.6336, HR@20: 0.7791)
loss in epoch 31 iteration 780: 0.7051055431365967
loss in epoch 32 iteration 780: 0.7285391092300415
loss in epoch 33 iteration 780: 0.727562665939331
loss in epoch 34 iteration 780: 0.7447400093078613
loss in epoch 35 iteration 780: 0.7343378663063049
Evaluatingepoch:35, time: 444727.775335(s), valid (NDCG@5: 0.6184, HR@5: 0.7098, NDCG@10: 0.6330, HR@10: 0.7545, NDCG@20: 0.6409, HR@20: 0.7859), test (NDCG@5: 0.6075, HR@5: 0.7016, NDCG@10: 0.6229, HR@10: 0.7485, NDCG@20: 0.6304, HR@20: 0.7782)
loss in epoch 36 iteration 780: 0.714159369468689
loss in epoch 37 iteration 780: 0.7093087434768677
loss in epoch 38 iteration 780: 0.7100231647491455
loss in epoch 39 iteration 780: 0.7122380137443542
loss in epoch 40 iteration 780: 0.7068652510643005
Evaluatingepoch:40, time: 509753.252029(s), valid (NDCG@5: 0.6162, HR@5: 0.7099, NDCG@10: 0.6314, HR@10: 0.7564, NDCG@20: 0.6392, HR@20: 0.7874), test (NDCG@5: 0.6101, HR@5: 0.7024, NDCG@10: 0.6254, HR@10: 0.7491, NDCG@20: 0.6329, HR@20: 0.7792)
loss in epoch 41 iteration 780: 0.7172889113426208
loss in epoch 42 iteration 780: 0.7146458029747009
loss in epoch 43 iteration 780: 0.6994426250457764
loss in epoch 44 iteration 780: 0.7459513545036316
loss in epoch 45 iteration 780: 0.7043258547782898
Evaluatingepoch:45, time: 573441.790581(s), valid (NDCG@5: 0.6177, HR@5: 0.7123, NDCG@10: 0.6321, HR@10: 0.7564, NDCG@20: 0.6397, HR@20: 0.7864), test (NDCG@5: 0.6106, HR@5: 0.7031, NDCG@10: 0.6251, HR@10: 0.7477, NDCG@20: 0.6329, HR@20: 0.7788)
loss in epoch 46 iteration 780: 0.713606059551239
loss in epoch 47 iteration 780: 0.7143141627311707
loss in epoch 48 iteration 780: 0.7007694840431213
loss in epoch 49 iteration 780: 0.7154355049133301
loss in epoch 50 iteration 780: 0.6922966837882996
Evaluatingepoch:50, time: 636103.060722(s), valid (NDCG@5: 0.6166, HR@5: 0.7093, NDCG@10: 0.6319, HR@10: 0.7559, NDCG@20: 0.6397, HR@20: 0.7869), test (NDCG@5: 0.6091, HR@5: 0.7016, NDCG@10: 0.6245, HR@10: 0.7487, NDCG@20: 0.6322, HR@20: 0.7791)
loss in epoch 51 iteration 780: 0.7232376933097839
loss in epoch 52 iteration 780: 0.717105507850647
loss in epoch 53 iteration 780: 0.7229010462760925
loss in epoch 54 iteration 780: 0.6880868673324585
loss in epoch 55 iteration 780: 0.727648138999939
Evaluatingepoch:55, time: 698909.556150(s), valid (NDCG@5: 0.6179, HR@5: 0.7113, NDCG@10: 0.6329, HR@10: 0.7570, NDCG@20: 0.6402, HR@20: 0.7862), test (NDCG@5: 0.6088, HR@5: 0.7017, NDCG@10: 0.6240, HR@10: 0.7477, NDCG@20: 0.6314, HR@20: 0.7772)
loss in epoch 56 iteration 780: 0.674203634262085
loss in epoch 57 iteration 780: 0.7191944122314453
loss in epoch 58 iteration 780: 0.7044631838798523
loss in epoch 59 iteration 780: 0.7274200320243835
loss in epoch 60 iteration 780: 0.7199121713638306
Evaluatingepoch:60, time: 762322.526932(s), valid (NDCG@5: 0.6177, HR@5: 0.7107, NDCG@10: 0.6328, HR@10: 0.7567, NDCG@20: 0.6405, HR@20: 0.7872), test (NDCG@5: 0.6090, HR@5: 0.7028, NDCG@10: 0.6240, HR@10: 0.7487, NDCG@20: 0.6315, HR@20: 0.7784)
loss in epoch 61 iteration 780: 0.7197118401527405
loss in epoch 62 iteration 780: 0.7011194229125977
loss in epoch 63 iteration 780: 0.6886512637138367
loss in epoch 64 iteration 780: 0.7087690234184265
loss in epoch 65 iteration 780: 0.689369797706604
Evaluatingepoch:65, time: 825912.785292(s), valid (NDCG@5: 0.6152, HR@5: 0.7103, NDCG@10: 0.6309, HR@10: 0.7581, NDCG@20: 0.6382, HR@20: 0.7873), test (NDCG@5: 0.6116, HR@5: 0.7026, NDCG@10: 0.6272, HR@10: 0.7502, NDCG@20: 0.6347, HR@20: 0.7803)
loss in epoch 66 iteration 780: 0.7052839994430542
loss in epoch 67 iteration 780: 0.6938582062721252
loss in epoch 68 iteration 780: 0.7063295841217041
loss in epoch 69 iteration 780: 0.7180458903312683
loss in epoch 70 iteration 780: 0.6937099695205688
Evaluatingepoch:70, time: 889123.175859(s), valid (NDCG@5: 0.6178, HR@5: 0.7108, NDCG@10: 0.6330, HR@10: 0.7574, NDCG@20: 0.6405, HR@20: 0.7872), test (NDCG@5: 0.6095, HR@5: 0.7015, NDCG@10: 0.6249, HR@10: 0.7482, NDCG@20: 0.6326, HR@20: 0.7789)
loss in epoch 71 iteration 780: 0.7082757353782654
loss in epoch 72 iteration 780: 0.7015267014503479
loss in epoch 73 iteration 780: 0.7003833651542664
loss in epoch 74 iteration 780: 0.69112229347229
loss in epoch 75 iteration 780: 0.7040329575538635
Evaluatingepoch:75, time: 951314.249516(s), valid (NDCG@5: 0.6172, HR@5: 0.7106, NDCG@10: 0.6321, HR@10: 0.7560, NDCG@20: 0.6400, HR@20: 0.7873), test (NDCG@5: 0.6097, HR@5: 0.7026, NDCG@10: 0.6249, HR@10: 0.7488, NDCG@20: 0.6324, HR@20: 0.7788)
loss in epoch 76 iteration 780: 0.6911702156066895
loss in epoch 77 iteration 780: 0.7041539549827576
loss in epoch 78 iteration 780: 0.6961458921432495
loss in epoch 79 iteration 780: 0.6842972040176392
loss in epoch 80 iteration 780: 0.7103713750839233
Evaluatingepoch:80, time: 1013604.820251(s), valid (NDCG@5: 0.6171, HR@5: 0.7102, NDCG@10: 0.6320, HR@10: 0.7558, NDCG@20: 0.6399, HR@20: 0.7873), test (NDCG@5: 0.6112, HR@5: 0.7021, NDCG@10: 0.6267, HR@10: 0.7494, NDCG@20: 0.6341, HR@20: 0.7788)
loss in epoch 81 iteration 780: 0.7117564678192139
loss in epoch 82 iteration 780: 0.7003788352012634
loss in epoch 83 iteration 780: 0.7000991702079773
loss in epoch 84 iteration 780: 0.7080851793289185
loss in epoch 85 iteration 780: 0.7024234533309937
Evaluatingepoch:85, time: 1075228.785753(s), valid (NDCG@5: 0.6176, HR@5: 0.7117, NDCG@10: 0.6320, HR@10: 0.7559, NDCG@20: 0.6395, HR@20: 0.7857), test (NDCG@5: 0.6100, HR@5: 0.7031, NDCG@10: 0.6247, HR@10: 0.7480, NDCG@20: 0.6324, HR@20: 0.7787)
loss in epoch 86 iteration 780: 0.6966696381568909
loss in epoch 87 iteration 780: 0.689283549785614
loss in epoch 88 iteration 780: 0.6749428510665894
loss in epoch 89 iteration 780: 0.684575080871582
loss in epoch 90 iteration 780: 0.6778290867805481
Evaluatingepoch:90, time: 1137351.586580(s), valid (NDCG@5: 0.6164, HR@5: 0.7113, NDCG@10: 0.6310, HR@10: 0.7560, NDCG@20: 0.6386, HR@20: 0.7864), test (NDCG@5: 0.6105, HR@5: 0.7039, NDCG@10: 0.6254, HR@10: 0.7491, NDCG@20: 0.6325, HR@20: 0.7774)
loss in epoch 91 iteration 780: 0.6983298063278198
loss in epoch 92 iteration 780: 0.7217398881912231
loss in epoch 93 iteration 780: 0.6953563690185547
loss in epoch 94 iteration 780: 0.7094759345054626
loss in epoch 95 iteration 780: 0.6827306151390076
Evaluatingepoch:95, time: 1199598.628283(s), valid (NDCG@5: 0.6182, HR@5: 0.7110, NDCG@10: 0.6334, HR@10: 0.7573, NDCG@20: 0.6408, HR@20: 0.7870), test (NDCG@5: 0.6100, HR@5: 0.7012, NDCG@10: 0.6257, HR@10: 0.7491, NDCG@20: 0.6329, HR@20: 0.7777)
loss in epoch 96 iteration 780: 0.6756002902984619
loss in epoch 97 iteration 780: 0.6964117884635925
loss in epoch 98 iteration 780: 0.6953744292259216
loss in epoch 99 iteration 780: 0.6952136754989624
loss in epoch 100 iteration 780: 0.7092713117599487
Evaluatingepoch:100, time: 1261433.854580(s), valid (NDCG@5: 0.6169, HR@5: 0.7101, NDCG@10: 0.6321, HR@10: 0.7566, NDCG@20: 0.6396, HR@20: 0.7867), test (NDCG@5: 0.6081, HR@5: 0.7003, NDCG@10: 0.6241, HR@10: 0.7490, NDCG@20: 0.6314, HR@20: 0.7781)
loss in epoch 101 iteration 780: 0.6860510110855103
loss in epoch 102 iteration 780: 0.6888003945350647
loss in epoch 103 iteration 780: 0.6977078318595886
loss in epoch 104 iteration 780: 0.6965036988258362
loss in epoch 105 iteration 780: 0.700925886631012
Evaluatingepoch:105, time: 1323653.285742(s), valid (NDCG@5: 0.6167, HR@5: 0.7101, NDCG@10: 0.6320, HR@10: 0.7567, NDCG@20: 0.6397, HR@20: 0.7875), test (NDCG@5: 0.6085, HR@5: 0.7004, NDCG@10: 0.6244, HR@10: 0.7487, NDCG@20: 0.6319, HR@20: 0.7784)
loss in epoch 106 iteration 780: 0.6783823370933533
loss in epoch 107 iteration 780: 0.6952804327011108
loss in epoch 108 iteration 780: 0.6881142854690552
loss in epoch 109 iteration 780: 0.711879312992096
loss in epoch 110 iteration 780: 0.6989632248878479
Evaluatingepoch:110, time: 1385588.591099(s), valid (NDCG@5: 0.6175, HR@5: 0.7111, NDCG@10: 0.6323, HR@10: 0.7562, NDCG@20: 0.6400, HR@20: 0.7871), test (NDCG@5: 0.6084, HR@5: 0.7013, NDCG@10: 0.6239, HR@10: 0.7485, NDCG@20: 0.6315, HR@20: 0.7787)
loss in epoch 111 iteration 780: 0.697908341884613
loss in epoch 112 iteration 780: 0.6834993362426758
loss in epoch 113 iteration 780: 0.70102858543396
loss in epoch 114 iteration 780: 0.6833128333091736
loss in epoch 115 iteration 780: 0.6731805801391602
Evaluatingepoch:115, time: 1448382.731676(s), valid (NDCG@5: 0.6154, HR@5: 0.7098, NDCG@10: 0.6305, HR@10: 0.7560, NDCG@20: 0.6383, HR@20: 0.7869), test (NDCG@5: 0.6093, HR@5: 0.7026, NDCG@10: 0.6242, HR@10: 0.7481, NDCG@20: 0.6318, HR@20: 0.7779)
loss in epoch 116 iteration 780: 0.6752831935882568
loss in epoch 117 iteration 780: 0.6781198978424072
loss in epoch 118 iteration 780: 0.7003951072692871
loss in epoch 119 iteration 780: 0.6920561790466309
loss in epoch 120 iteration 780: 0.6778997182846069
Evaluatingepoch:120, time: 1510191.336870(s), valid (NDCG@5: 0.6167, HR@5: 0.7098, NDCG@10: 0.6321, HR@10: 0.7568, NDCG@20: 0.6394, HR@20: 0.7859), test (NDCG@5: 0.6101, HR@5: 0.7019, NDCG@10: 0.6256, HR@10: 0.7491, NDCG@20: 0.6330, HR@20: 0.7787)
loss in epoch 121 iteration 780: 0.6818016767501831
loss in epoch 122 iteration 780: 0.6960006356239319
loss in epoch 123 iteration 780: 0.6746199727058411
loss in epoch 124 iteration 780: 0.6950141787528992
loss in epoch 125 iteration 780: 0.6680921316146851
Evaluatingepoch:125, time: 1573951.495409(s), valid (NDCG@5: 0.6172, HR@5: 0.7099, NDCG@10: 0.6327, HR@10: 0.7569, NDCG@20: 0.6403, HR@20: 0.7872), test (NDCG@5: 0.6092, HR@5: 0.7017, NDCG@10: 0.6247, HR@10: 0.7490, NDCG@20: 0.6323, HR@20: 0.7789)
loss in epoch 126 iteration 780: 0.6781538724899292
loss in epoch 127 iteration 780: 0.6816702485084534
loss in epoch 128 iteration 780: 0.693527102470398
loss in epoch 129 iteration 780: 0.6642874479293823
loss in epoch 130 iteration 780: 0.7103057503700256
Evaluatingepoch:130, time: 1642993.616581(s), valid (NDCG@5: 0.6169, HR@5: 0.7121, NDCG@10: 0.6315, HR@10: 0.7569, NDCG@20: 0.6387, HR@20: 0.7855), test (NDCG@5: 0.6105, HR@5: 0.7017, NDCG@10: 0.6258, HR@10: 0.7485, NDCG@20: 0.6334, HR@20: 0.7788)
loss in epoch 131 iteration 780: 0.6841979026794434
loss in epoch 132 iteration 780: 0.6776090860366821
loss in epoch 133 iteration 780: 0.7006155848503113
loss in epoch 134 iteration 780: 0.7076553106307983
loss in epoch 135 iteration 780: 0.6951836347579956
Evaluatingepoch:135, time: 1709742.826700(s), valid (NDCG@5: 0.6161, HR@5: 0.7099, NDCG@10: 0.6314, HR@10: 0.7568, NDCG@20: 0.6388, HR@20: 0.7862), test (NDCG@5: 0.6094, HR@5: 0.7008, NDCG@10: 0.6251, HR@10: 0.7486, NDCG@20: 0.6325, HR@20: 0.7780)
loss in epoch 136 iteration 780: 0.6925060153007507
loss in epoch 137 iteration 780: 0.6740867495536804
loss in epoch 138 iteration 780: 0.6618584394454956
loss in epoch 139 iteration 780: 0.6825054287910461
loss in epoch 140 iteration 780: 0.6983592510223389
Evaluatingepoch:140, time: 1776007.027864(s), valid (NDCG@5: 0.6182, HR@5: 0.7103, NDCG@10: 0.6332, HR@10: 0.7561, NDCG@20: 0.6407, HR@20: 0.7857), test (NDCG@5: 0.6094, HR@5: 0.7025, NDCG@10: 0.6243, HR@10: 0.7477, NDCG@20: 0.6319, HR@20: 0.7779)
loss in epoch 141 iteration 780: 0.6792739033699036
loss in epoch 142 iteration 780: 0.6762179136276245
loss in epoch 143 iteration 780: 0.6830690503120422
loss in epoch 144 iteration 780: 0.6835537552833557
loss in epoch 145 iteration 780: 0.6932926774024963
Evaluatingepoch:145, time: 1846241.183043(s), valid (NDCG@5: 0.6175, HR@5: 0.7113, NDCG@10: 0.6322, HR@10: 0.7563, NDCG@20: 0.6394, HR@20: 0.7848), test (NDCG@5: 0.6096, HR@5: 0.7018, NDCG@10: 0.6252, HR@10: 0.7495, NDCG@20: 0.6328, HR@20: 0.7800)
loss in epoch 146 iteration 780: 0.689904510974884
loss in epoch 147 iteration 780: 0.6883233785629272
loss in epoch 148 iteration 780: 0.6874499917030334
loss in epoch 149 iteration 780: 0.6955174803733826
loss in epoch 150 iteration 780: 0.6881029605865479
Evaluatingepoch:150, time: 1916896.320820(s), valid (NDCG@5: 0.6172, HR@5: 0.7113, NDCG@10: 0.6320, HR@10: 0.7564, NDCG@20: 0.6393, HR@20: 0.7852), test (NDCG@5: 0.6095, HR@5: 0.7022, NDCG@10: 0.6245, HR@10: 0.7479, NDCG@20: 0.6322, HR@20: 0.7787)
loss in epoch 151 iteration 780: 0.6994720697402954
loss in epoch 152 iteration 780: 0.6892058253288269
loss in epoch 153 iteration 780: 0.6640186309814453
loss in epoch 154 iteration 780: 0.6910081505775452
loss in epoch 155 iteration 780: 0.6890414357185364
Evaluatingepoch:155, time: 1985423.608065(s), valid (NDCG@5: 0.6170, HR@5: 0.7100, NDCG@10: 0.6320, HR@10: 0.7556, NDCG@20: 0.6395, HR@20: 0.7856), test (NDCG@5: 0.6081, HR@5: 0.7007, NDCG@10: 0.6238, HR@10: 0.7487, NDCG@20: 0.6314, HR@20: 0.7791)
loss in epoch 156 iteration 780: 0.6686137318611145
loss in epoch 157 iteration 780: 0.6804525852203369
loss in epoch 158 iteration 780: 0.6909109950065613
loss in epoch 159 iteration 780: 0.6723088026046753
loss in epoch 160 iteration 780: 0.6620209813117981
Evaluatingepoch:160, time: 2052644.377947(s), valid (NDCG@5: 0.6189, HR@5: 0.7107, NDCG@10: 0.6340, HR@10: 0.7568, NDCG@20: 0.6412, HR@20: 0.7854), test (NDCG@5: 0.6089, HR@5: 0.7010, NDCG@10: 0.6245, HR@10: 0.7487, NDCG@20: 0.6321, HR@20: 0.7789)
loss in epoch 161 iteration 780: 0.6734453439712524
loss in epoch 162 iteration 780: 0.6781557202339172
loss in epoch 163 iteration 780: 0.6642104387283325
loss in epoch 164 iteration 780: 0.6671435236930847
loss in epoch 165 iteration 780: 0.7127492427825928
Evaluatingepoch:165, time: 2119973.926067(s), valid (NDCG@5: 0.6177, HR@5: 0.7111, NDCG@10: 0.6327, HR@10: 0.7568, NDCG@20: 0.6401, HR@20: 0.7862), test (NDCG@5: 0.6104, HR@5: 0.7017, NDCG@10: 0.6257, HR@10: 0.7483, NDCG@20: 0.6332, HR@20: 0.7779)
loss in epoch 166 iteration 780: 0.6882429122924805
loss in epoch 167 iteration 780: 0.6717308163642883
loss in epoch 168 iteration 780: 0.656283974647522
loss in epoch 169 iteration 780: 0.6590752601623535
loss in epoch 170 iteration 780: 0.7009814381599426
Evaluatingepoch:170, time: 2187089.792728(s), valid (NDCG@5: 0.6174, HR@5: 0.7100, NDCG@10: 0.6325, HR@10: 0.7561, NDCG@20: 0.6401, HR@20: 0.7862), test (NDCG@5: 0.6090, HR@5: 0.7009, NDCG@10: 0.6247, HR@10: 0.7488, NDCG@20: 0.6322, HR@20: 0.7787)
loss in epoch 171 iteration 780: 0.7062413096427917
loss in epoch 172 iteration 780: 0.6841961145401001
loss in epoch 173 iteration 780: 0.709056556224823
loss in epoch 174 iteration 780: 0.7099517583847046
loss in epoch 175 iteration 780: 0.7028972506523132
Evaluatingepoch:175, time: 2252872.509718(s), valid (NDCG@5: 0.6182, HR@5: 0.7119, NDCG@10: 0.6330, HR@10: 0.7572, NDCG@20: 0.6403, HR@20: 0.7864), test (NDCG@5: 0.6099, HR@5: 0.7022, NDCG@10: 0.6251, HR@10: 0.7486, NDCG@20: 0.6329, HR@20: 0.7795)
loss in epoch 176 iteration 780: 0.6692646145820618
loss in epoch 177 iteration 780: 0.6764436364173889
loss in epoch 178 iteration 780: 0.6810486316680908
loss in epoch 179 iteration 780: 0.7045643925666809
loss in epoch 180 iteration 780: 0.6828895211219788
Evaluatingepoch:180, time: 2321322.998524(s), valid (NDCG@5: 0.6168, HR@5: 0.7099, NDCG@10: 0.6319, HR@10: 0.7560, NDCG@20: 0.6393, HR@20: 0.7852), test (NDCG@5: 0.6095, HR@5: 0.7013, NDCG@10: 0.6250, HR@10: 0.7488, NDCG@20: 0.6327, HR@20: 0.7796)
loss in epoch 181 iteration 780: 0.699329674243927
loss in epoch 182 iteration 780: 0.6653866767883301
loss in epoch 183 iteration 780: 0.6744736433029175
loss in epoch 184 iteration 780: 0.6657532453536987
loss in epoch 185 iteration 780: 0.6917638778686523
Evaluatingepoch:185, time: 2391125.109434(s), valid (NDCG@5: 0.6178, HR@5: 0.7102, NDCG@10: 0.6331, HR@10: 0.7570, NDCG@20: 0.6407, HR@20: 0.7870), test (NDCG@5: 0.6081, HR@5: 0.7006, NDCG@10: 0.6241, HR@10: 0.7494, NDCG@20: 0.6315, HR@20: 0.7788)
loss in epoch 186 iteration 780: 0.6993787288665771
loss in epoch 187 iteration 780: 0.6891796588897705
loss in epoch 188 iteration 780: 0.6659727096557617
loss in epoch 189 iteration 780: 0.6954548954963684
loss in epoch 190 iteration 780: 0.6809141039848328
Evaluatingepoch:190, time: 2460774.343014(s), valid (NDCG@5: 0.6174, HR@5: 0.7107, NDCG@10: 0.6325, HR@10: 0.7567, NDCG@20: 0.6399, HR@20: 0.7864), test (NDCG@5: 0.6086, HR@5: 0.7006, NDCG@10: 0.6243, HR@10: 0.7483, NDCG@20: 0.6317, HR@20: 0.7778)
loss in epoch 191 iteration 780: 0.6899001002311707
loss in epoch 192 iteration 780: 0.7011480331420898
loss in epoch 193 iteration 780: 0.6706127524375916
loss in epoch 194 iteration 780: 0.682816743850708
loss in epoch 195 iteration 780: 0.6703809499740601
Evaluatingepoch:195, time: 2526707.762718(s), valid (NDCG@5: 0.6184, HR@5: 0.7119, NDCG@10: 0.6333, HR@10: 0.7572, NDCG@20: 0.6405, HR@20: 0.7860), test (NDCG@5: 0.6087, HR@5: 0.7035, NDCG@10: 0.6233, HR@10: 0.7480, NDCG@20: 0.6309, HR@20: 0.7784)
loss in epoch 196 iteration 780: 0.6949951648712158
loss in epoch 197 iteration 780: 0.6843222975730896
loss in epoch 198 iteration 780: 0.6923047304153442
loss in epoch 199 iteration 780: 0.6802686452865601
loss in epoch 200 iteration 780: 0.6653228402137756
Evaluatingepoch:200, time: 2596480.986357(s), valid (NDCG@5: 0.6175, HR@5: 0.7104, NDCG@10: 0.6326, HR@10: 0.7563, NDCG@20: 0.6401, HR@20: 0.7862), test (NDCG@5: 0.6074, HR@5: 0.6990, NDCG@10: 0.6236, HR@10: 0.7485, NDCG@20: 0.6310, HR@20: 0.7781)
loss in epoch 201 iteration 780: 0.6742150187492371
loss in epoch 202 iteration 780: 0.675607442855835
loss in epoch 203 iteration 780: 0.6916273236274719
loss in epoch 204 iteration 780: 0.6621189713478088
loss in epoch 205 iteration 780: 0.6810077428817749
Evaluatingepoch:205, time: 2664544.831276(s), valid (NDCG@5: 0.6182, HR@5: 0.7101, NDCG@10: 0.6335, HR@10: 0.7567, NDCG@20: 0.6413, HR@20: 0.7882), test (NDCG@5: 0.6096, HR@5: 0.7021, NDCG@10: 0.6249, HR@10: 0.7490, NDCG@20: 0.6322, HR@20: 0.7778)
loss in epoch 206 iteration 780: 0.670666515827179
loss in epoch 207 iteration 780: 0.6652881503105164
loss in epoch 208 iteration 780: 0.6789785623550415
loss in epoch 209 iteration 780: 0.6784687638282776
loss in epoch 210 iteration 780: 0.6527992486953735
Evaluatingepoch:210, time: 2733357.931376(s), valid (NDCG@5: 0.6163, HR@5: 0.7106, NDCG@10: 0.6313, HR@10: 0.7564, NDCG@20: 0.6389, HR@20: 0.7867), test (NDCG@5: 0.6096, HR@5: 0.7018, NDCG@10: 0.6249, HR@10: 0.7486, NDCG@20: 0.6323, HR@20: 0.7781)
loss in epoch 211 iteration 780: 0.6798350214958191
loss in epoch 212 iteration 780: 0.6714743971824646
loss in epoch 213 iteration 780: 0.6715537309646606
loss in epoch 214 iteration 780: 0.6628075242042542
loss in epoch 215 iteration 780: 0.6763834953308105
Evaluatingepoch:215, time: 2799321.833372(s), valid (NDCG@5: 0.6163, HR@5: 0.7087, NDCG@10: 0.6322, HR@10: 0.7574, NDCG@20: 0.6395, HR@20: 0.7866), test (NDCG@5: 0.6100, HR@5: 0.7022, NDCG@10: 0.6250, HR@10: 0.7482, NDCG@20: 0.6328, HR@20: 0.7789)
loss in epoch 216 iteration 780: 0.6621403098106384
loss in epoch 217 iteration 780: 0.6782500743865967
loss in epoch 218 iteration 780: 0.6761546730995178
loss in epoch 219 iteration 780: 0.6640884876251221
loss in epoch 220 iteration 780: 0.6658176183700562
Evaluatingepoch:220, time: 2867242.725134(s), valid (NDCG@5: 0.6165, HR@5: 0.7103, NDCG@10: 0.6316, HR@10: 0.7564, NDCG@20: 0.6395, HR@20: 0.7878), test (NDCG@5: 0.6077, HR@5: 0.7014, NDCG@10: 0.6227, HR@10: 0.7473, NDCG@20: 0.6306, HR@20: 0.7786)
loss in epoch 221 iteration 780: 0.6879255175590515
loss in epoch 222 iteration 780: 0.6627888679504395
loss in epoch 223 iteration 780: 0.6802851557731628
loss in epoch 224 iteration 780: 0.6893942952156067
loss in epoch 225 iteration 780: 0.6787670850753784
Evaluatingepoch:225, time: 2935793.251038(s), valid (NDCG@5: 0.6179, HR@5: 0.7105, NDCG@10: 0.6331, HR@10: 0.7568, NDCG@20: 0.6406, HR@20: 0.7868), test (NDCG@5: 0.6099, HR@5: 0.7020, NDCG@10: 0.6254, HR@10: 0.7494, NDCG@20: 0.6328, HR@20: 0.7790)
loss in epoch 226 iteration 780: 0.6743216514587402
loss in epoch 227 iteration 780: 0.6792628169059753
loss in epoch 228 iteration 780: 0.6670257449150085
loss in epoch 229 iteration 780: 0.651157557964325
loss in epoch 230 iteration 780: 0.6961914300918579
Evaluatingepoch:230, time: 3002719.802141(s), valid (NDCG@5: 0.6176, HR@5: 0.7119, NDCG@10: 0.6324, HR@10: 0.7571, NDCG@20: 0.6398, HR@20: 0.7866), test (NDCG@5: 0.6083, HR@5: 0.6997, NDCG@10: 0.6242, HR@10: 0.7477, NDCG@20: 0.6318, HR@20: 0.7780)
loss in epoch 231 iteration 780: 0.6946322917938232
loss in epoch 232 iteration 780: 0.6862167716026306
loss in epoch 233 iteration 780: 0.6846914291381836
loss in epoch 234 iteration 780: 0.6891458034515381
loss in epoch 235 iteration 780: 0.6697824597358704
Evaluatingepoch:235, time: 3068172.282457(s), valid (NDCG@5: 0.6163, HR@5: 0.7105, NDCG@10: 0.6311, HR@10: 0.7558, NDCG@20: 0.6390, HR@20: 0.7871), test (NDCG@5: 0.6106, HR@5: 0.7019, NDCG@10: 0.6257, HR@10: 0.7479, NDCG@20: 0.6334, HR@20: 0.7786)
loss in epoch 236 iteration 780: 0.674261748790741
loss in epoch 237 iteration 780: 0.6826177835464478
loss in epoch 238 iteration 780: 0.6811341047286987
loss in epoch 239 iteration 780: 0.6806114912033081
loss in epoch 240 iteration 780: 0.6692785024642944
Evaluatingepoch:240, time: 3135668.693542(s), valid (NDCG@5: 0.6182, HR@5: 0.7113, NDCG@10: 0.6330, HR@10: 0.7565, NDCG@20: 0.6406, HR@20: 0.7866), test (NDCG@5: 0.6098, HR@5: 0.7027, NDCG@10: 0.6248, HR@10: 0.7483, NDCG@20: 0.6326, HR@20: 0.7794)
loss in epoch 241 iteration 780: 0.6895008683204651
loss in epoch 242 iteration 780: 0.6943415403366089
loss in epoch 243 iteration 780: 0.6843166947364807
loss in epoch 244 iteration 780: 0.6613534688949585
loss in epoch 245 iteration 780: 0.6561722159385681
Evaluatingepoch:245, time: 3204176.666737(s), valid (NDCG@5: 0.6189, HR@5: 0.7130, NDCG@10: 0.6334, HR@10: 0.7574, NDCG@20: 0.6409, HR@20: 0.7871), test (NDCG@5: 0.6102, HR@5: 0.7024, NDCG@10: 0.6254, HR@10: 0.7486, NDCG@20: 0.6330, HR@20: 0.7788)
loss in epoch 246 iteration 780: 0.6885659694671631
loss in epoch 247 iteration 780: 0.6799783706665039
loss in epoch 248 iteration 780: 0.6734659075737
loss in epoch 249 iteration 780: 0.6938808560371399
loss in epoch 250 iteration 780: 0.6821391582489014
Evaluatingepoch:250, time: 3270984.745502(s), valid (NDCG@5: 0.6169, HR@5: 0.7118, NDCG@10: 0.6316, HR@10: 0.7569, NDCG@20: 0.6391, HR@20: 0.7864), test (NDCG@5: 0.6103, HR@5: 0.7006, NDCG@10: 0.6262, HR@10: 0.7491, NDCG@20: 0.6335, HR@20: 0.7782)
loss in epoch 251 iteration 780: 0.6692537665367126
loss in epoch 252 iteration 780: 0.6751503944396973
loss in epoch 253 iteration 780: 0.6655372381210327
loss in epoch 254 iteration 780: 0.6716821789741516
loss in epoch 255 iteration 780: 0.6793591976165771
Evaluatingepoch:255, time: 3335816.507339(s), valid (NDCG@5: 0.6192, HR@5: 0.7125, NDCG@10: 0.6338, HR@10: 0.7568, NDCG@20: 0.6410, HR@20: 0.7858), test (NDCG@5: 0.6088, HR@5: 0.7014, NDCG@10: 0.6242, HR@10: 0.7485, NDCG@20: 0.6318, HR@20: 0.7786)
loss in epoch 256 iteration 780: 0.664730966091156
loss in epoch 257 iteration 780: 0.6829681396484375
loss in epoch 258 iteration 780: 0.6827515959739685
loss in epoch 259 iteration 780: 0.667339563369751
loss in epoch 260 iteration 780: 0.6726360321044922
Evaluatingepoch:260, time: 3401234.177351(s), valid (NDCG@5: 0.6177, HR@5: 0.7118, NDCG@10: 0.6324, HR@10: 0.7569, NDCG@20: 0.6400, HR@20: 0.7871), test (NDCG@5: 0.6091, HR@5: 0.7012, NDCG@10: 0.6249, HR@10: 0.7497, NDCG@20: 0.6324, HR@20: 0.7792)
loss in epoch 261 iteration 780: 0.6559743881225586
loss in epoch 262 iteration 780: 0.672531247138977
loss in epoch 263 iteration 780: 0.6475983262062073
loss in epoch 264 iteration 780: 0.676694929599762
loss in epoch 265 iteration 780: 0.6717047691345215
Evaluatingepoch:265, time: 3465526.206732(s), valid (NDCG@5: 0.6164, HR@5: 0.7101, NDCG@10: 0.6318, HR@10: 0.7573, NDCG@20: 0.6394, HR@20: 0.7875), test (NDCG@5: 0.6078, HR@5: 0.7021, NDCG@10: 0.6232, HR@10: 0.7490, NDCG@20: 0.6307, HR@20: 0.7785)
loss in epoch 266 iteration 780: 0.6705501079559326
loss in epoch 267 iteration 780: 0.6541197299957275
loss in epoch 268 iteration 780: 0.6705830693244934
loss in epoch 269 iteration 780: 0.6618266105651855
loss in epoch 270 iteration 780: 0.6907084584236145
Evaluatingepoch:270, time: 3530683.145046(s), valid (NDCG@5: 0.6171, HR@5: 0.7100, NDCG@10: 0.6325, HR@10: 0.7567, NDCG@20: 0.6401, HR@20: 0.7870), test (NDCG@5: 0.6091, HR@5: 0.7021, NDCG@10: 0.6245, HR@10: 0.7490, NDCG@20: 0.6319, HR@20: 0.7786)
loss in epoch 271 iteration 780: 0.672866940498352
loss in epoch 272 iteration 780: 0.6847549676895142
loss in epoch 273 iteration 780: 0.6949901580810547
loss in epoch 274 iteration 780: 0.6902589201927185
loss in epoch 275 iteration 780: 0.6841853857040405
Evaluatingepoch:275, time: 3596089.998007(s), valid (NDCG@5: 0.6175, HR@5: 0.7111, NDCG@10: 0.6320, HR@10: 0.7556, NDCG@20: 0.6395, HR@20: 0.7851), test (NDCG@5: 0.6101, HR@5: 0.7014, NDCG@10: 0.6255, HR@10: 0.7486, NDCG@20: 0.6333, HR@20: 0.7792)
loss in epoch 276 iteration 780: 0.679085373878479
loss in epoch 277 iteration 780: 0.6649274826049805
loss in epoch 278 iteration 780: 0.671568751335144
loss in epoch 279 iteration 780: 0.6908048391342163
loss in epoch 280 iteration 780: 0.6500464677810669
Evaluatingepoch:280, time: 3660270.856619(s), valid (NDCG@5: 0.6174, HR@5: 0.7103, NDCG@10: 0.6324, HR@10: 0.7562, NDCG@20: 0.6403, HR@20: 0.7874), test (NDCG@5: 0.6089, HR@5: 0.7021, NDCG@10: 0.6246, HR@10: 0.7497, NDCG@20: 0.6321, HR@20: 0.7796)
loss in epoch 281 iteration 780: 0.6849082708358765
loss in epoch 282 iteration 780: 0.6485344171524048
loss in epoch 283 iteration 780: 0.6796302795410156
loss in epoch 284 iteration 780: 0.6599615812301636
loss in epoch 285 iteration 780: 0.6813550591468811
Evaluatingepoch:285, time: 3724042.949200(s), valid (NDCG@5: 0.6159, HR@5: 0.7099, NDCG@10: 0.6312, HR@10: 0.7565, NDCG@20: 0.6389, HR@20: 0.7871), test (NDCG@5: 0.6107, HR@5: 0.7021, NDCG@10: 0.6261, HR@10: 0.7491, NDCG@20: 0.6337, HR@20: 0.7794)
loss in epoch 286 iteration 780: 0.6639037132263184
loss in epoch 287 iteration 780: 0.6707369685173035
loss in epoch 288 iteration 780: 0.6836144924163818
loss in epoch 289 iteration 780: 0.6674752831459045
loss in epoch 290 iteration 780: 0.6514683961868286
Evaluatingepoch:290, time: 3790299.818277(s), valid (NDCG@5: 0.6173, HR@5: 0.7101, NDCG@10: 0.6328, HR@10: 0.7575, NDCG@20: 0.6403, HR@20: 0.7874), test (NDCG@5: 0.6085, HR@5: 0.7020, NDCG@10: 0.6240, HR@10: 0.7492, NDCG@20: 0.6318, HR@20: 0.7803)
loss in epoch 291 iteration 780: 0.6597821712493896
loss in epoch 292 iteration 780: 0.6631035804748535
loss in epoch 293 iteration 780: 0.6794490814208984
loss in epoch 294 iteration 780: 0.6855882406234741
loss in epoch 295 iteration 780: 0.703080415725708
Evaluatingepoch:295, time: 3855244.211912(s), valid (NDCG@5: 0.6175, HR@5: 0.7108, NDCG@10: 0.6324, HR@10: 0.7564, NDCG@20: 0.6401, HR@20: 0.7870), test (NDCG@5: 0.6096, HR@5: 0.7015, NDCG@10: 0.6251, HR@10: 0.7488, NDCG@20: 0.6326, HR@20: 0.7787)
loss in epoch 296 iteration 780: 0.6559337377548218
loss in epoch 297 iteration 780: 0.6734119057655334
loss in epoch 298 iteration 780: 0.6664032936096191
loss in epoch 299 iteration 780: 0.6836992502212524
loss in epoch 300 iteration 780: 0.6534567475318909
Evaluatingepoch:300, time: 3920967.839718(s), valid (NDCG@5: 0.6190, HR@5: 0.7119, NDCG@10: 0.6337, HR@10: 0.7570, NDCG@20: 0.6411, HR@20: 0.7865), test (NDCG@5: 0.6105, HR@5: 0.7023, NDCG@10: 0.6257, HR@10: 0.7489, NDCG@20: 0.6331, HR@20: 0.7783)
loss in epoch 301 iteration 780: 0.6556013226509094
loss in epoch 302 iteration 780: 0.6744529008865356
loss in epoch 303 iteration 780: 0.6734785437583923
loss in epoch 304 iteration 780: 0.655716598033905
loss in epoch 305 iteration 780: 0.6713361144065857
Evaluatingepoch:305, time: 3985755.368233(s), valid (NDCG@5: 0.6169, HR@5: 0.7111, NDCG@10: 0.6318, HR@10: 0.7565, NDCG@20: 0.6398, HR@20: 0.7884), test (NDCG@5: 0.6101, HR@5: 0.7015, NDCG@10: 0.6255, HR@10: 0.7483, NDCG@20: 0.6333, HR@20: 0.7792)
loss in epoch 306 iteration 780: 0.6672377586364746
loss in epoch 307 iteration 780: 0.6677746772766113
loss in epoch 308 iteration 780: 0.659430205821991
loss in epoch 309 iteration 780: 0.7115354537963867
loss in epoch 310 iteration 780: 0.6787940263748169
Evaluatingepoch:310, time: 4051643.985271(s), valid (NDCG@5: 0.6181, HR@5: 0.7099, NDCG@10: 0.6335, HR@10: 0.7572, NDCG@20: 0.6413, HR@20: 0.7884), test (NDCG@5: 0.6088, HR@5: 0.7013, NDCG@10: 0.6242, HR@10: 0.7484, NDCG@20: 0.6318, HR@20: 0.7786)
loss in epoch 311 iteration 780: 0.6832501292228699
loss in epoch 312 iteration 780: 0.6668187379837036
loss in epoch 313 iteration 780: 0.6538395285606384
loss in epoch 314 iteration 780: 0.6843407154083252
loss in epoch 315 iteration 780: 0.6393749713897705
Evaluatingepoch:315, time: 4117167.466640(s), valid (NDCG@5: 0.6188, HR@5: 0.7121, NDCG@10: 0.6333, HR@10: 0.7564, NDCG@20: 0.6412, HR@20: 0.7878), test (NDCG@5: 0.6088, HR@5: 0.7016, NDCG@10: 0.6241, HR@10: 0.7483, NDCG@20: 0.6316, HR@20: 0.7780)
loss in epoch 316 iteration 780: 0.6704423427581787
loss in epoch 317 iteration 780: 0.6784875988960266
loss in epoch 318 iteration 780: 0.6668810844421387
loss in epoch 319 iteration 780: 0.6616345047950745
loss in epoch 320 iteration 780: 0.679755449295044
Evaluatingepoch:320, time: 4183239.689112(s), valid (NDCG@5: 0.6166, HR@5: 0.7095, NDCG@10: 0.6320, HR@10: 0.7562, NDCG@20: 0.6402, HR@20: 0.7890), test (NDCG@5: 0.6110, HR@5: 0.7022, NDCG@10: 0.6262, HR@10: 0.7483, NDCG@20: 0.6337, HR@20: 0.7784)
loss in epoch 321 iteration 780: 0.6831361055374146
loss in epoch 322 iteration 780: 0.6642186045646667
loss in epoch 323 iteration 780: 0.6837155818939209
loss in epoch 324 iteration 780: 0.6978825926780701
loss in epoch 325 iteration 780: 0.6666170954704285
Evaluatingepoch:325, time: 4248873.866558(s), valid (NDCG@5: 0.6192, HR@5: 0.7115, NDCG@10: 0.6339, HR@10: 0.7565, NDCG@20: 0.6415, HR@20: 0.7865), test (NDCG@5: 0.6095, HR@5: 0.7010, NDCG@10: 0.6250, HR@10: 0.7484, NDCG@20: 0.6328, HR@20: 0.7792)
loss in epoch 326 iteration 780: 0.66256183385849
loss in epoch 327 iteration 780: 0.6534489393234253
loss in epoch 328 iteration 780: 0.6734119057655334
loss in epoch 329 iteration 780: 0.6844563484191895
loss in epoch 330 iteration 780: 0.6627395153045654
Evaluatingepoch:330, time: 4315147.793770(s), valid (NDCG@5: 0.6179, HR@5: 0.7097, NDCG@10: 0.6333, HR@10: 0.7566, NDCG@20: 0.6409, HR@20: 0.7868), test (NDCG@5: 0.6100, HR@5: 0.7007, NDCG@10: 0.6258, HR@10: 0.7488, NDCG@20: 0.6334, HR@20: 0.7792)
loss in epoch 331 iteration 780: 0.6971766352653503
loss in epoch 332 iteration 780: 0.6735681891441345
loss in epoch 333 iteration 780: 0.6871767640113831
loss in epoch 334 iteration 780: 0.6993861198425293
loss in epoch 335 iteration 780: 0.6726235747337341
Evaluatingepoch:335, time: 4380403.431416(s), valid (NDCG@5: 0.6166, HR@5: 0.7092, NDCG@10: 0.6318, HR@10: 0.7554, NDCG@20: 0.6398, HR@20: 0.7872), test (NDCG@5: 0.6116, HR@5: 0.7037, NDCG@10: 0.6260, HR@10: 0.7474, NDCG@20: 0.6338, HR@20: 0.7784)
loss in epoch 336 iteration 780: 0.680807888507843
loss in epoch 337 iteration 780: 0.6724108457565308
loss in epoch 338 iteration 780: 0.6588873863220215
loss in epoch 339 iteration 780: 0.6737309098243713
loss in epoch 340 iteration 780: 0.6537532806396484
Evaluating