Arguments:
backbone mamba
batch_size 16
dataset tracks5000
device cuda:7
dropout_rate 0.5
eval_neg_sample 100
hidden_units 8
inference_only False
l2_emb 0.0
lr 0.0005
maxlen 5000
name mamba
num_blocks 2
num_epochs 501
num_heads 1
state_dict_path None
train_dir tracks256_default/

user_count: 25001
item count: 12436473
25001
average sequence length: 3029.81
parameters_count: 258312920
loss in epoch 1 iteration 1561: 0.7787222266197205
loss in epoch 2 iteration 1561: 0.7538558840751648
loss in epoch 3 iteration 1561: 0.6713289022445679
loss in epoch 4 iteration 1561: 0.7130625247955322
loss in epoch 5 iteration 1561: 0.6636751890182495
Evaluatingepoch:5, time: 941494.627953(s), valid (NDCG@5: 0.6192, HR@5: 0.7498, NDCG@10: 0.6402, HR@10: 0.8140, NDCG@20: 0.6499, HR@20: 0.8524), test (NDCG@5: 0.6098, HR@5: 0.7422, NDCG@10: 0.6306, HR@10: 0.8061, NDCG@20: 0.6409, HR@20: 0.8464)
loss in epoch 6 iteration 1561: 0.6173428297042847
loss in epoch 7 iteration 1561: 0.600261926651001
loss in epoch 8 iteration 1561: 0.5142388939857483
loss in epoch 9 iteration 1561: 0.5447927713394165
loss in epoch 10 iteration 1561: 0.4927734136581421
Evaluatingepoch:10, time: 1884753.043175(s), valid (NDCG@5: 0.6180, HR@5: 0.7547, NDCG@10: 0.6396, HR@10: 0.8208, NDCG@20: 0.6495, HR@20: 0.8593), test (NDCG@5: 0.6127, HR@5: 0.7474, NDCG@10: 0.6338, HR@10: 0.8120, NDCG@20: 0.6438, HR@20: 0.8512)
loss in epoch 11 iteration 1561: 0.4704175889492035
loss in epoch 12 iteration 1561: 0.46774476766586304
loss in epoch 13 iteration 1561: 0.5220332741737366
loss in epoch 14 iteration 1561: 0.5299037098884583
loss in epoch 15 iteration 1561: 0.5109132528305054
Evaluatingepoch:15, time: 2790101.922274(s), valid (NDCG@5: 0.6132, HR@5: 0.7588, NDCG@10: 0.6343, HR@10: 0.8234, NDCG@20: 0.6441, HR@20: 0.8617), test (NDCG@5: 0.6034, HR@5: 0.7475, NDCG@10: 0.6248, HR@10: 0.8124, NDCG@20: 0.6352, HR@20: 0.8536)
loss in epoch 16 iteration 1561: 0.4882866144180298
loss in epoch 17 iteration 1561: 0.499326229095459
loss in epoch 18 iteration 1561: 0.4004034101963043
