Arguments:
backbone transformerxl
batch_size 16
dataset tracks512
device cuda:5
dropout_rate 0.5
eval_neg_sample 100
hidden_units 16
inference_only False
l2_emb 0.0
lr 0.0005
maxlen 200
name mamba
num_blocks 2
num_epochs 500
num_heads 1
state_dict_path None
train_dir tracks256_default/

user_count: 25001
item count: 3541576
25001
average sequence length: 487.54
parameters_count: 1065505295
loss in epoch 1 iteration 1561: 1.0133775472640991
loss in epoch 2 iteration 1561: 0.930090069770813
loss in epoch 3 iteration 1561: 0.8306209444999695
loss in epoch 4 iteration 1561: 0.8350358605384827
loss in epoch 5 iteration 1561: 0.7861266136169434
Evaluatingepoch:5, time: 1772500.768423(s), valid (NDCG@5: 0.6049, HR@5: 0.6994, NDCG@10: 0.6184, HR@10: 0.7403, NDCG@20: 0.6262, HR@20: 0.7716), test (NDCG@5: 0.5981, HR@5: 0.6889, NDCG@10: 0.6120, HR@10: 0.7311, NDCG@20: 0.6194, HR@20: 0.7609)
loss in epoch 6 iteration 1561: 0.7277734875679016
loss in epoch 7 iteration 1561: 0.7089389562606812
loss in epoch 8 iteration 1561: 0.6881175637245178
loss in epoch 9 iteration 1561: 0.6706656217575073
loss in epoch 10 iteration 1561: 0.6828799843788147
Evaluatingepoch:10, time: 3527077.924490(s), valid (NDCG@5: 0.6040, HR@5: 0.7018, NDCG@10: 0.6173, HR@10: 0.7422, NDCG@20: 0.6247, HR@20: 0.7720), test (NDCG@5: 0.5928, HR@5: 0.6900, NDCG@10: 0.6072, HR@10: 0.7338, NDCG@20: 0.6150, HR@20: 0.7648)
loss in epoch 11 iteration 1561: 0.6301441788673401
loss in epoch 12 iteration 1561: 0.5869585871696472
loss in epoch 13 iteration 1561: 0.5425893068313599
loss in epoch 14 iteration 1561: 0.5069459676742554
loss in epoch 15 iteration 1561: 0.4942171275615692
Evaluatingepoch:15, time: 5285341.228962(s), valid (NDCG@5: 0.5606, HR@5: 0.6721, NDCG@10: 0.5807, HR@10: 0.7327, NDCG@20: 0.5888, HR@20: 0.7651), test (NDCG@5: 0.5515, HR@5: 0.6630, NDCG@10: 0.5721, HR@10: 0.7251, NDCG@20: 0.5811, HR@20: 0.7610)
loss in epoch 16 iteration 1561: 0.46439531445503235
loss in epoch 17 iteration 1561: 0.4622490108013153
loss in epoch 18 iteration 1561: 0.45665809512138367
loss in epoch 19 iteration 1561: 0.4475446343421936
loss in epoch 20 iteration 1561: 0.376534104347229
Evaluatingepoch:20, time: 7039272.859097(s), valid (NDCG@5: 0.4903, HR@5: 0.6042, NDCG@10: 0.5110, HR@10: 0.6669, NDCG@20: 0.5233, HR@20: 0.7157), test (NDCG@5: 0.4814, HR@5: 0.5970, NDCG@10: 0.5028, HR@10: 0.6618, NDCG@20: 0.5149, HR@20: 0.7102)
loss in epoch 21 iteration 1561: 0.36105525493621826
loss in epoch 22 iteration 1561: 0.3496914207935333
loss in epoch 23 iteration 1561: 0.3259553611278534
loss in epoch 24 iteration 1561: 0.3136802911758423
loss in epoch 25 iteration 1561: 0.29270032048225403
Evaluatingepoch:25, time: 8797039.862394(s), valid (NDCG@5: 0.4635, HR@5: 0.5720, NDCG@10: 0.4816, HR@10: 0.6273, NDCG@20: 0.4939, HR@20: 0.6762), test (NDCG@5: 0.4545, HR@5: 0.5581, NDCG@10: 0.4736, HR@10: 0.6166, NDCG@20: 0.4862, HR@20: 0.6666)
loss in epoch 26 iteration 1561: 0.3198615312576294
loss in epoch 27 iteration 1561: 0.2661193311214447
loss in epoch 28 iteration 1561: 0.28958380222320557
loss in epoch 29 iteration 1561: 0.21495094895362854
loss in epoch 30 iteration 1561: 0.21246762573719025
Evaluatingepoch:30, time: 10548153.381824(s), valid (NDCG@5: 0.4487, HR@5: 0.5431, NDCG@10: 0.4630, HR@10: 0.5868, NDCG@20: 0.4758, HR@20: 0.6380), test (NDCG@5: 0.4414, HR@5: 0.5341, NDCG@10: 0.4575, HR@10: 0.5833, NDCG@20: 0.4703, HR@20: 0.6341)
loss in epoch 31 iteration 1561: 0.24967797100543976
loss in epoch 32 iteration 1561: 0.2203361541032791
loss in epoch 33 iteration 1561: 0.251223623752594
loss in epoch 34 iteration 1561: 0.2309464067220688
loss in epoch 35 iteration 1561: 0.21823978424072266
Evaluatingepoch:35, time: 12305283.460855(s), valid (NDCG@5: 0.4340, HR@5: 0.5181, NDCG@10: 0.4476, HR@10: 0.5597, NDCG@20: 0.4600, HR@20: 0.6092), test (NDCG@5: 0.4311, HR@5: 0.5130, NDCG@10: 0.4443, HR@10: 0.5536, NDCG@20: 0.4564, HR@20: 0.6018)
loss in epoch 36 iteration 1561: 0.20075352489948273
loss in epoch 37 iteration 1561: 0.2016560584306717
loss in epoch 38 iteration 1561: 0.20058026909828186
loss in epoch 39 iteration 1561: 0.19016751646995544
loss in epoch 40 iteration 1561: 0.2449873983860016
Evaluatingepoch:40, time: 14064301.384926(s), valid (NDCG@5: 0.4337, HR@5: 0.5152, NDCG@10: 0.4469, HR@10: 0.5557, NDCG@20: 0.4588, HR@20: 0.6035), test (NDCG@5: 0.4284, HR@5: 0.5075, NDCG@10: 0.4415, HR@10: 0.5482, NDCG@20: 0.4542, HR@20: 0.5988)
loss in epoch 41 iteration 1561: 0.18983642756938934
loss in epoch 42 iteration 1561: 0.20799431204795837
loss in epoch 43 iteration 1561: 0.20102587342262268
loss in epoch 44 iteration 1561: 0.16736087203025818
loss in epoch 45 iteration 1561: 0.1997632384300232
Evaluatingepoch:45, time: 15823855.058193(s), valid (NDCG@5: 0.4428, HR@5: 0.5253, NDCG@10: 0.4554, HR@10: 0.5643, NDCG@20: 0.4680, HR@20: 0.6141), test (NDCG@5: 0.4366, HR@5: 0.5187, NDCG@10: 0.4491, HR@10: 0.5569, NDCG@20: 0.4623, HR@20: 0.6098)
loss in epoch 46 iteration 1561: 0.1789986789226532
loss in epoch 47 iteration 1561: 0.14471471309661865
loss in epoch 48 iteration 1561: 0.1638307124376297
loss in epoch 49 iteration 1561: 0.2037258744239807
loss in epoch 50 iteration 1561: 0.1989327073097229
Evaluatingepoch:50, time: 17578221.223116(s), valid (NDCG@5: 0.4538, HR@5: 0.5359, NDCG@10: 0.4659, HR@10: 0.5733, NDCG@20: 0.4783, HR@20: 0.6226), test (NDCG@5: 0.4476, HR@5: 0.5277, NDCG@10: 0.4599, HR@10: 0.5659, NDCG@20: 0.4728, HR@20: 0.6173)
loss in epoch 51 iteration 1561: 0.16043086349964142
loss in epoch 52 iteration 1561: 0.21146929264068604
loss in epoch 53 iteration 1561: 0.17046625912189484
loss in epoch 54 iteration 1561: 0.17668120563030243
loss in epoch 55 iteration 1561: 0.1670248955488205
Evaluatingepoch:55, time: 19327365.445375(s), valid (NDCG@5: 0.4487, HR@5: 0.5296, NDCG@10: 0.4607, HR@10: 0.5665, NDCG@20: 0.4736, HR@20: 0.6181), test (NDCG@5: 0.4425, HR@5: 0.5205, NDCG@10: 0.4555, HR@10: 0.5607, NDCG@20: 0.4682, HR@20: 0.6113)
loss in epoch 56 iteration 1561: 0.17238831520080566
loss in epoch 57 iteration 1561: 0.13295817375183105
loss in epoch 58 iteration 1561: 0.1405394971370697
loss in epoch 59 iteration 1561: 0.2009989470243454
loss in epoch 60 iteration 1561: 0.15303188562393188
Evaluatingepoch:60, time: 21072128.329992(s), valid (NDCG@5: 0.4524, HR@5: 0.5353, NDCG@10: 0.4646, HR@10: 0.5730, NDCG@20: 0.4772, HR@20: 0.6234), test (NDCG@5: 0.4455, HR@5: 0.5245, NDCG@10: 0.4589, HR@10: 0.5658, NDCG@20: 0.4717, HR@20: 0.6168)
loss in epoch 61 iteration 1561: 0.15248747169971466
loss in epoch 62 iteration 1561: 0.15364046394824982
loss in epoch 63 iteration 1561: 0.15886536240577698
loss in epoch 64 iteration 1561: 0.1542084515094757
loss in epoch 65 iteration 1561: 0.1422370821237564
Evaluatingepoch:65, time: 22794108.907461(s), valid (NDCG@5: 0.4537, HR@5: 0.5352, NDCG@10: 0.4661, HR@10: 0.5739, NDCG@20: 0.4792, HR@20: 0.6261), test (NDCG@5: 0.4464, HR@5: 0.5280, NDCG@10: 0.4592, HR@10: 0.5675, NDCG@20: 0.4726, HR@20: 0.6212)
loss in epoch 66 iteration 1561: 0.12954434752464294
loss in epoch 67 iteration 1561: 0.1539773792028427
loss in epoch 68 iteration 1561: 0.17753277719020844
loss in epoch 69 iteration 1561: 0.14986446499824524
loss in epoch 70 iteration 1561: 0.1711425930261612
Evaluatingepoch:70, time: 24549031.012774(s), valid (NDCG@5: 0.4538, HR@5: 0.5369, NDCG@10: 0.4672, HR@10: 0.5781, NDCG@20: 0.4808, HR@20: 0.6322), test (NDCG@5: 0.4530, HR@5: 0.5339, NDCG@10: 0.4661, HR@10: 0.5743, NDCG@20: 0.4791, HR@20: 0.6261)
loss in epoch 71 iteration 1561: 0.13603167235851288
loss in epoch 72 iteration 1561: 0.1818520575761795
loss in epoch 73 iteration 1561: 0.14572963118553162
loss in epoch 74 iteration 1561: 0.14107182621955872
loss in epoch 75 iteration 1561: 0.11574260890483856
Evaluatingepoch:75, time: 26293056.136847(s), valid (NDCG@5: 0.4601, HR@5: 0.5431, NDCG@10: 0.4736, HR@10: 0.5850, NDCG@20: 0.4873, HR@20: 0.6391), test (NDCG@5: 0.4536, HR@5: 0.5390, NDCG@10: 0.4668, HR@10: 0.5797, NDCG@20: 0.4799, HR@20: 0.6319)
loss in epoch 76 iteration 1561: 0.16097724437713623
loss in epoch 77 iteration 1561: 0.17167608439922333
loss in epoch 78 iteration 1561: 0.1586492508649826
loss in epoch 79 iteration 1561: 0.1563962697982788
loss in epoch 80 iteration 1561: 0.18225426971912384
Evaluatingepoch:80, time: 28043046.461344(s), valid (NDCG@5: 0.4631, HR@5: 0.5491, NDCG@10: 0.4767, HR@10: 0.5912, NDCG@20: 0.4899, HR@20: 0.6436), test (NDCG@5: 0.4560, HR@5: 0.5422, NDCG@10: 0.4700, HR@10: 0.5854, NDCG@20: 0.4834, HR@20: 0.6386)
loss in epoch 81 iteration 1561: 0.13169097900390625
loss in epoch 82 iteration 1561: 0.1681966334581375
loss in epoch 83 iteration 1561: 0.18393012881278992
loss in epoch 84 iteration 1561: 0.14647476375102997
loss in epoch 85 iteration 1561: 0.13996677100658417
Evaluatingepoch:85, time: 29788100.227118(s), valid (NDCG@5: 0.4665, HR@5: 0.5508, NDCG@10: 0.4803, HR@10: 0.5935, NDCG@20: 0.4934, HR@20: 0.6456), test (NDCG@5: 0.4604, HR@5: 0.5437, NDCG@10: 0.4733, HR@10: 0.5835, NDCG@20: 0.4869, HR@20: 0.6377)
loss in epoch 86 iteration 1561: 0.1388390064239502
loss in epoch 87 iteration 1561: 0.13446244597434998
loss in epoch 88 iteration 1561: 0.13027171790599823
loss in epoch 89 iteration 1561: 0.15029177069664001
loss in epoch 90 iteration 1561: 0.1313851922750473
Evaluating