Arguments:
backbone sasmamba
batch_size 16
dataset tracks1000
device cuda:4
dropout_rate 0.5
eval_neg_sample 100
hidden_units 32
inference_only False
l2_emb 0.0
lr 0.0005
maxlen 1001
name mamba
num_blocks 2
num_epochs 501
num_heads 1
state_dict_path None
train_dir tracks256_default/

user_count: 25001
item count: 5428290
25001
average sequence length: 910.34
parameters_count: 1033141154
loss in epoch 1 iteration 1561: 0.8842771053314209
loss in epoch 2 iteration 1561: 0.7982979416847229
loss in epoch 3 iteration 1561: 0.7540012001991272
loss in epoch 4 iteration 1561: 0.6765718460083008
loss in epoch 5 iteration 1561: 0.6518008708953857
Evaluatingepoch:5, time: 1537500.116110(s), valid (NDCG@5: 0.6126, HR@5: 0.7462, NDCG@10: 0.6300, HR@10: 0.7994, NDCG@20: 0.6389, HR@20: 0.8345), test (NDCG@5: 0.6047, HR@5: 0.7374, NDCG@10: 0.6226, HR@10: 0.7922, NDCG@20: 0.6324, HR@20: 0.8309)
loss in epoch 6 iteration 1561: 0.5898623466491699
loss in epoch 7 iteration 1561: 0.569550633430481
loss in epoch 8 iteration 1561: 0.5118719935417175
loss in epoch 9 iteration 1561: 0.4935455322265625
loss in epoch 10 iteration 1561: 0.49088412523269653
Evaluatingepoch:10, time: 3073044.502497(s), valid (NDCG@5: 0.6011, HR@5: 0.7476, NDCG@10: 0.6192, HR@10: 0.8031, NDCG@20: 0.6274, HR@20: 0.8353), test (NDCG@5: 0.5911, HR@5: 0.7386, NDCG@10: 0.6089, HR@10: 0.7929, NDCG@20: 0.6185, HR@20: 0.8306)
loss in epoch 11 iteration 1561: 0.4684237539768219
loss in epoch 12 iteration 1561: 0.413864403963089
loss in epoch 13 iteration 1561: 0.4191863536834717
loss in epoch 14 iteration 1561: 0.4142926335334778
loss in epoch 15 iteration 1561: 0.38464826345443726
Evaluatingepoch:15, time: 4608518.468857(s), valid (NDCG@5: 0.6086, HR@5: 0.7494, NDCG@10: 0.6257, HR@10: 0.8016, NDCG@20: 0.6336, HR@20: 0.8327), test (NDCG@5: 0.5963, HR@5: 0.7365, NDCG@10: 0.6145, HR@10: 0.7921, NDCG@20: 0.6236, HR@20: 0.8277)
loss in epoch 16 iteration 1561: 0.3826044797897339
loss in epoch 17 iteration 1561: 0.34106171131134033
loss in epoch 18 iteration 1561: 0.3418617844581604
loss in epoch 19 iteration 1561: 0.36738693714141846
loss in epoch 20 iteration 1561: 0.3307870030403137
Evaluatingepoch:20, time: 6144195.661306(s), valid (NDCG@5: 0.6153, HR@5: 0.7525, NDCG@10: 0.6313, HR@10: 0.8013, NDCG@20: 0.6389, HR@20: 0.8316), test (NDCG@5: 0.6029, HR@5: 0.7395, NDCG@10: 0.6203, HR@10: 0.7925, NDCG@20: 0.6286, HR@20: 0.8252)
loss in epoch 21 iteration 1561: 0.33428141474723816
loss in epoch 22 iteration 1561: 0.329542875289917
loss in epoch 23 iteration 1561: 0.3102078437805176
loss in epoch 24 iteration 1561: 0.3174550235271454
loss in epoch 25 iteration 1561: 0.3106745183467865
Evaluatingepoch:25, time: 7679819.817305(s), valid (NDCG@5: 0.6208, HR@5: 0.7525, NDCG@10: 0.6363, HR@10: 0.7997, NDCG@20: 0.6441, HR@20: 0.8305), test (NDCG@5: 0.6081, HR@5: 0.7420, NDCG@10: 0.6237, HR@10: 0.7895, NDCG@20: 0.6321, HR@20: 0.8229)
loss in epoch 26 iteration 1561: 0.3183164894580841
loss in epoch 27 iteration 1561: 0.2994752824306488
loss in epoch 28 iteration 1561: 0.29824820160865784
loss in epoch 29 iteration 1561: 0.29628169536590576
loss in epoch 30 iteration 1561: 0.29798075556755066
Evaluatingepoch:30, time: 9215406.112194(s), valid (NDCG@5: 0.6231, HR@5: 0.7530, NDCG@10: 0.6381, HR@10: 0.7987, NDCG@20: 0.6457, HR@20: 0.8289), test (NDCG@5: 0.6121, HR@5: 0.7429, NDCG@10: 0.6274, HR@10: 0.7898, NDCG@20: 0.6349, HR@20: 0.8191)
loss in epoch 31 iteration 1561: 0.27761784195899963
loss in epoch 32 iteration 1561: 0.29375383257865906
loss in epoch 33 iteration 1561: 0.28158456087112427
loss in epoch 34 iteration 1561: 0.2793705463409424
loss in epoch 35 iteration 1561: 0.2753758132457733
Evaluatingepoch:35, time: 10751066.862345(s), valid (NDCG@5: 0.6244, HR@5: 0.7546, NDCG@10: 0.6388, HR@10: 0.7984, NDCG@20: 0.6465, HR@20: 0.8293), test (NDCG@5: 0.6139, HR@5: 0.7437, NDCG@10: 0.6293, HR@10: 0.7908, NDCG@20: 0.6368, HR@20: 0.8200)
loss in epoch 36 iteration 1561: 0.25815632939338684
loss in epoch 37 iteration 1561: 0.27566927671432495
loss in epoch 38 iteration 1561: 0.27753394842147827
loss in epoch 39 iteration 1561: 0.2681977450847626
loss in epoch 40 iteration 1561: 0.2811056673526764
Evaluatingepoch:40, time: 12286835.090160(s), valid (NDCG@5: 0.6281, HR@5: 0.7552, NDCG@10: 0.6422, HR@10: 0.7981, NDCG@20: 0.6501, HR@20: 0.8293), test (NDCG@5: 0.6212, HR@5: 0.7455, NDCG@10: 0.6361, HR@10: 0.7911, NDCG@20: 0.6439, HR@20: 0.8221)
loss in epoch 41 iteration 1561: 0.2714725136756897
loss in epoch 42 iteration 1561: 0.2792876362800598
loss in epoch 43 iteration 1561: 0.2698887288570404
loss in epoch 44 iteration 1561: 0.2628464698791504
loss in epoch 45 iteration 1561: 0.24798892438411713
Evaluatingepoch:45, time: 13822524.755478(s), valid (NDCG@5: 0.6346, HR@5: 0.7558, NDCG@10: 0.6493, HR@10: 0.8005, NDCG@20: 0.6570, HR@20: 0.8309), test (NDCG@5: 0.6240, HR@5: 0.7474, NDCG@10: 0.6390, HR@10: 0.7932, NDCG@20: 0.6463, HR@20: 0.8223)
loss in epoch 46 iteration 1561: 0.25691744685173035
loss in epoch 47 iteration 1561: 0.2427031695842743
loss in epoch 48 iteration 1561: 0.245809406042099
loss in epoch 49 iteration 1561: 0.24449193477630615
loss in epoch 50 iteration 1561: 0.2559417188167572
Evaluatingepoch:50, time: 15358168.218136(s), valid (NDCG@5: 0.6371, HR@5: 0.7584, NDCG@10: 0.6505, HR@10: 0.7992, NDCG@20: 0.6582, HR@20: 0.8295), test (NDCG@5: 0.6235, HR@5: 0.7466, NDCG@10: 0.6388, HR@10: 0.7935, NDCG@20: 0.6463, HR@20: 0.8230)
loss in epoch 51 iteration 1561: 0.24860690534114838
loss in epoch 52 iteration 1561: 0.25363603234291077
loss in epoch 53 iteration 1561: 0.2396644949913025
loss in epoch 54 iteration 1561: 0.2472955286502838
loss in epoch 55 iteration 1561: 0.23275965452194214
Evaluatingepoch:55, time: 16893937.739134(s), valid (NDCG@5: 0.6375, HR@5: 0.7568, NDCG@10: 0.6519, HR@10: 0.8006, NDCG@20: 0.6597, HR@20: 0.8314), test (NDCG@5: 0.6249, HR@5: 0.7465, NDCG@10: 0.6405, HR@10: 0.7942, NDCG@20: 0.6483, HR@20: 0.8248)
loss in epoch 56 iteration 1561: 0.25205251574516296
loss in epoch 57 iteration 1561: 0.24622799456119537
loss in epoch 58 iteration 1561: 0.24091899394989014
loss in epoch 59 iteration 1561: 0.24713391065597534
loss in epoch 60 iteration 1561: 0.239333376288414
Evaluatingepoch:60, time: 18429672.732115(s), valid (NDCG@5: 0.6389, HR@5: 0.7580, NDCG@10: 0.6535, HR@10: 0.8025, NDCG@20: 0.6607, HR@20: 0.8310), test (NDCG@5: 0.6295, HR@5: 0.7507, NDCG@10: 0.6442, HR@10: 0.7958, NDCG@20: 0.6522, HR@20: 0.8271)
loss in epoch 61 iteration 1561: 0.23984187841415405
loss in epoch 62 iteration 1561: 0.23650333285331726
loss in epoch 63 iteration 1561: 0.23618721961975098
loss in epoch 64 iteration 1561: 0.23321600258350372
loss in epoch 65 iteration 1561: 0.24165482819080353
Evaluatingepoch:65, time: 19965461.782694(s), valid (NDCG@5: 0.6427, HR@5: 0.7611, NDCG@10: 0.6568, HR@10: 0.8042, NDCG@20: 0.6641, HR@20: 0.8331), test (NDCG@5: 0.6307, HR@5: 0.7499, NDCG@10: 0.6464, HR@10: 0.7977, NDCG@20: 0.6539, HR@20: 0.8274)
loss in epoch 66 iteration 1561: 0.23809002339839935
loss in epoch 67 iteration 1561: 0.23128633201122284
loss in epoch 68 iteration 1561: 0.22281000018119812
loss in epoch 69 iteration 1561: 0.24102480709552765
loss in epoch 70 iteration 1561: 0.23608626425266266
Evaluatingepoch:70, time: 21501180.476189(s), valid (NDCG@5: 0.6453, HR@5: 0.7621, NDCG@10: 0.6595, HR@10: 0.8056, NDCG@20: 0.6671, HR@20: 0.8358), test (NDCG@5: 0.6352, HR@5: 0.7528, NDCG@10: 0.6498, HR@10: 0.7976, NDCG@20: 0.6578, HR@20: 0.8291)
loss in epoch 71 iteration 1561: 0.24032852053642273
loss in epoch 72 iteration 1561: 0.2361239194869995
loss in epoch 73 iteration 1561: 0.23315255343914032
loss in epoch 74 iteration 1561: 0.22751162946224213
loss in epoch 75 iteration 1561: 0.22860446572303772
Evaluatingepoch:75, time: 23036877.649307(s), valid (NDCG@5: 0.6459, HR@5: 0.7625, NDCG@10: 0.6603, HR@10: 0.8065, NDCG@20: 0.6681, HR@20: 0.8372), test (NDCG@5: 0.6363, HR@5: 0.7534, NDCG@10: 0.6515, HR@10: 0.7998, NDCG@20: 0.6594, HR@20: 0.8310)
loss in epoch 76 iteration 1561: 0.24024136364459991
loss in epoch 77 iteration 1561: 0.23577669262886047
loss in epoch 78 iteration 1561: 0.22856377065181732
loss in epoch 79 iteration 1561: 0.2188686728477478
loss in epoch 80 iteration 1561: 0.2293243110179901
Evaluatingepoch:80, time: 24572491.729975(s), valid (NDCG@5: 0.6510, HR@5: 0.7632, NDCG@10: 0.6653, HR@10: 0.8070, NDCG@20: 0.6734, HR@20: 0.8388), test (NDCG@5: 0.6404, HR@5: 0.7524, NDCG@10: 0.6567, HR@10: 0.8022, NDCG@20: 0.6643, HR@20: 0.8324)
loss in epoch 81 iteration 1561: 0.22239777445793152
loss in epoch 82 iteration 1561: 0.23491445183753967
loss in epoch 83 iteration 1561: 0.2343112975358963
loss in epoch 84 iteration 1561: 0.23552045226097107
loss in epoch 85 iteration 1561: 0.23878133296966553
Evaluatingepoch:85, time: 26108763.602734(s), valid (NDCG@5: 0.6553, HR@5: 0.7654, NDCG@10: 0.6695, HR@10: 0.8089, NDCG@20: 0.6773, HR@20: 0.8392), test (NDCG@5: 0.6436, HR@5: 0.7551, NDCG@10: 0.6589, HR@10: 0.8019, NDCG@20: 0.6670, HR@20: 0.8336)
loss in epoch 86 iteration 1561: 0.22501377761363983
loss in epoch 87 iteration 1561: 0.23983411490917206
loss in epoch 88 iteration 1561: 0.23058921098709106
loss in epoch 89 iteration 1561: 0.24881230294704437
loss in epoch 90 iteration 1561: 0.22664037346839905
Evaluatingepoch:90, time: 27645516.550064(s), valid (NDCG@5: 0.6551, HR@5: 0.7665, NDCG@10: 0.6689, HR@10: 0.8088, NDCG@20: 0.6767, HR@20: 0.8393), test (NDCG@5: 0.6460, HR@5: 0.7585, NDCG@10: 0.6604, HR@10: 0.8028, NDCG@20: 0.6683, HR@20: 0.8340)
loss in epoch 91 iteration 1561: 0.21519535779953003
loss in epoch 92 iteration 1561: 0.22730135917663574
loss in epoch 93 iteration 1561: 0.23451651632785797
loss in epoch 94 iteration 1561: 0.21244940161705017
loss in epoch 95 iteration 1561: 0.23503775894641876
Evaluatingepoch:95, time: 29182376.701832(s), valid (NDCG@5: 0.6586, HR@5: 0.7658, NDCG@10: 0.6735, HR@10: 0.8112, NDCG@20: 0.6809, HR@20: 0.8404), test (NDCG@5: 0.6481, HR@5: 0.7582, NDCG@10: 0.6627, HR@10: 0.8029, NDCG@20: 0.6709, HR@20: 0.8354)
loss in epoch 96 iteration 1561: 0.21855981647968292
loss in epoch 97 iteration 1561: 0.22850070893764496
loss in epoch 98 iteration 1561: 0.2280232459306717
loss in epoch 99 iteration 1561: 0.23391193151474
loss in epoch 100 iteration 1561: 0.22157111763954163
Evaluatingepoch:100, time: 30718885.944843(s), valid (NDCG@5: 0.6620, HR@5: 0.7687, NDCG@10: 0.6757, HR@10: 0.8106, NDCG@20: 0.6835, HR@20: 0.8413), test (NDCG@5: 0.6502, HR@5: 0.7583, NDCG@10: 0.6650, HR@10: 0.8034, NDCG@20: 0.6734, HR@20: 0.8366)
loss in epoch 101 iteration 1561: 0.22961144149303436
loss in epoch 102 iteration 1561: 0.20848003029823303
loss in epoch 103 iteration 1561: 0.23466674983501434
loss in epoch 104 iteration 1561: 0.2191905826330185
loss in epoch 105 iteration 1561: 0.22543290257453918
Evaluatingepoch:105, time: 32255472.612858(s), valid (NDCG@5: 0.6592, HR@5: 0.7669, NDCG@10: 0.6736, HR@10: 0.8109, NDCG@20: 0.6814, HR@20: 0.8414), test (NDCG@5: 0.6520, HR@5: 0.7588, NDCG@10: 0.6670, HR@10: 0.8048, NDCG@20: 0.6752, HR@20: 0.8373)
loss in epoch 106 iteration 1561: 0.22967052459716797
loss in epoch 107 iteration 1561: 0.2274041473865509
loss in epoch 108 iteration 1561: 0.21276220679283142
loss in epoch 109 iteration 1561: 0.22558753192424774
loss in epoch 110 iteration 1561: 0.21230970323085785
Evaluatingepoch:110, time: 33792086.243153(s), valid (NDCG@5: 0.6637, HR@5: 0.7693, NDCG@10: 0.6778, HR@10: 0.8123, NDCG@20: 0.6853, HR@20: 0.8420), test (NDCG@5: 0.6545, HR@5: 0.7608, NDCG@10: 0.6689, HR@10: 0.8048, NDCG@20: 0.6773, HR@20: 0.8380)
loss in epoch 111 iteration 1561: 0.214615136384964
loss in epoch 112 iteration 1561: 0.2177189141511917
loss in epoch 113 iteration 1561: 0.22030989825725555
loss in epoch 114 iteration 1561: 0.22081796824932098
loss in epoch 115 iteration 1561: 0.21452274918556213
Evaluatingepoch:115, time: 35328863.908529(s), valid (NDCG@5: 0.6654, HR@5: 0.7691, NDCG@10: 0.6792, HR@10: 0.8116, NDCG@20: 0.6869, HR@20: 0.8418), test (NDCG@5: 0.6554, HR@5: 0.7586, NDCG@10: 0.6706, HR@10: 0.8049, NDCG@20: 0.6789, HR@20: 0.8376)
loss in epoch 116 iteration 1561: 0.2178700715303421
loss in epoch 117 iteration 1561: 0.212269589304924
loss in epoch 118 iteration 1561: 0.20296743512153625
loss in epoch 119 iteration 1561: 0.22667427361011505
loss in epoch 120 iteration 1561: 0.21737495064735413
Evaluatingepoch:120, time: 36865515.018225(s), valid (NDCG@5: 0.6639, HR@5: 0.7697, NDCG@10: 0.6776, HR@10: 0.8117, NDCG@20: 0.6855, HR@20: 0.8427), test (NDCG@5: 0.6546, HR@5: 0.7609, NDCG@10: 0.6692, HR@10: 0.8053, NDCG@20: 0.6777, HR@20: 0.8390)
loss in epoch 121 iteration 1561: 0.20940516889095306
loss in epoch 122 iteration 1561: 0.23302991688251495
loss in epoch 123 iteration 1561: 0.21452121436595917
loss in epoch 124 iteration 1561: 0.22049947082996368
loss in epoch 125 iteration 1561: 0.2143850475549698
Evaluatingepoch:125, time: 38402128.893375(s), valid (NDCG@5: 0.6657, HR@5: 0.7701, NDCG@10: 0.6796, HR@10: 0.8124, NDCG@20: 0.6873, HR@20: 0.8429), test (NDCG@5: 0.6574, HR@5: 0.7600, NDCG@10: 0.6721, HR@10: 0.8050, NDCG@20: 0.6805, HR@20: 0.8380)
loss in epoch 126 iteration 1561: 0.21989622712135315
loss in epoch 127 iteration 1561: 0.22844022512435913
loss in epoch 128 iteration 1561: 0.21482813358306885
loss in epoch 129 iteration 1561: 0.22744615375995636
loss in epoch 130 iteration 1561: 0.2161140739917755
Evaluatingepoch:130, time: 39938613.504171(s), valid (NDCG@5: 0.6641, HR@5: 0.7690, NDCG@10: 0.6785, HR@10: 0.8129, NDCG@20: 0.6860, HR@20: 0.8425), test (NDCG@5: 0.6556, HR@5: 0.7602, NDCG@10: 0.6706, HR@10: 0.8061, NDCG@20: 0.6789, HR@20: 0.8386)
loss in epoch 131 iteration 1561: 0.2208581119775772
loss in epoch 132 iteration 1561: 0.22063571214675903
loss in epoch 133 iteration 1561: 0.22070640325546265
loss in epoch 134 iteration 1561: 0.22036199271678925
loss in epoch 135 iteration 1561: 0.22036990523338318
Evaluatingepoch:135, time: 41475129.041433(s), valid (NDCG@5: 0.6683, HR@5: 0.7704, NDCG@10: 0.6821, HR@10: 0.8124, NDCG@20: 0.6902, HR@20: 0.8444), test (NDCG@5: 0.6580, HR@5: 0.7613, NDCG@10: 0.6727, HR@10: 0.8062, NDCG@20: 0.6809, HR@20: 0.8386)
loss in epoch 136 iteration 1561: 0.21156400442123413
loss in epoch 137 iteration 1561: 0.21027131378650665
loss in epoch 138 iteration 1561: 0.21921469271183014
loss in epoch 139 iteration 1561: 0.2014937847852707
loss in epoch 140 iteration 1561: 0.2084137201309204
Evaluatingepoch:140, time: 43011553.442240(s), valid (NDCG@5: 0.6699, HR@5: 0.7692, NDCG@10: 0.6843, HR@10: 0.8132, NDCG@20: 0.6919, HR@20: 0.8433), test (NDCG@5: 0.6611, HR@5: 0.7639, NDCG@10: 0.6751, HR@10: 0.8071, NDCG@20: 0.6831, HR@20: 0.8386)
loss in epoch 141 iteration 1561: 0.21327392756938934
loss in epoch 142 iteration 1561: 0.19945621490478516
loss in epoch 143 iteration 1561: 0.20264646410942078
loss in epoch 144 iteration 1561: 0.21950426697731018
loss in epoch 145 iteration 1561: 0.21515509486198425
Evaluatingepoch:145, time: 44548146.748304(s), valid (NDCG@5: 0.6716, HR@5: 0.7711, NDCG@10: 0.6855, HR@10: 0.8135, NDCG@20: 0.6934, HR@20: 0.8446), test (NDCG@5: 0.6599, HR@5: 0.7612, NDCG@10: 0.6745, HR@10: 0.8062, NDCG@20: 0.6829, HR@20: 0.8392)
loss in epoch 146 iteration 1561: 0.21127305924892426
loss in epoch 147 iteration 1561: 0.20570479333400726
loss in epoch 148 iteration 1561: 0.21598254144191742
loss in epoch 149 iteration 1561: 0.2098769247531891
loss in epoch 150 iteration 1561: 0.2157713770866394
Evaluatingepoch:150, time: 46084421.739340(s), valid (NDCG@5: 0.6717, HR@5: 0.7714, NDCG@10: 0.6854, HR@10: 0.8132, NDCG@20: 0.6934, HR@20: 0.8445), test (NDCG@5: 0.6593, HR@5: 0.7612, NDCG@10: 0.6740, HR@10: 0.8060, NDCG@20: 0.6822, HR@20: 0.8385)
loss in epoch 151 iteration 1561: 0.2130495309829712
loss in epoch 152 iteration 1561: 0.2098281979560852
loss in epoch 153 iteration 1561: 0.2075919359922409
loss in epoch 154 iteration 1561: 0.21325050294399261
loss in epoch 155 iteration 1561: 0.2174251526594162
Evaluatingepoch:155, time: 47620811.708450(s), valid (NDCG@5: 0.6729, HR@5: 0.7721, NDCG@10: 0.6866, HR@10: 0.8139, NDCG@20: 0.6943, HR@20: 0.8444), test (NDCG@5: 0.6624, HR@5: 0.7638, NDCG@10: 0.6763, HR@10: 0.8067, NDCG@20: 0.6846, HR@20: 0.8393)
loss in epoch 156 iteration 1561: 0.21629881858825684
loss in epoch 157 iteration 1561: 0.20701466500759125
loss in epoch 158 iteration 1561: 0.21443699300289154
loss in epoch 159 iteration 1561: 0.21202847361564636
loss in epoch 160 iteration 1561: 0.2169172167778015
Evaluatingepoch:160, time: 49244449.054003(s), valid (NDCG@5: 0.6727, HR@5: 0.7702, NDCG@10: 0.6867, HR@10: 0.8130, NDCG@20: 0.6949, HR@20: 0.8451), test (NDCG@5: 0.6642, HR@5: 0.7643, NDCG@10: 0.6783, HR@10: 0.8076, NDCG@20: 0.6863, HR@20: 0.8394)
loss in epoch 161 iteration 1561: 0.21655456721782684
loss in epoch 162 iteration 1561: 0.20412994921207428
loss in epoch 163 iteration 1561: 0.2188015729188919
loss in epoch 164 iteration 1561: 0.216035857796669
loss in epoch 165 iteration 1561: 0.22102275490760803
Evaluatingepoch:165, time: 50939665.361404(s), valid (NDCG@5: 0.6719, HR@5: 0.7718, NDCG@10: 0.6854, HR@10: 0.8131, NDCG@20: 0.6932, HR@20: 0.8438), test (NDCG@5: 0.6620, HR@5: 0.7628, NDCG@10: 0.6765, HR@10: 0.8071, NDCG@20: 0.6845, HR@20: 0.8386)
loss in epoch 166 iteration 1561: 0.20172232389450073
loss in epoch 167 iteration 1561: 0.20223946869373322
loss in epoch 168 iteration 1561: 0.21777014434337616
loss in epoch 169 iteration 1561: 0.20802810788154602
loss in epoch 170 iteration 1561: 0.21111170947551727
Evaluatingepoch:170, time: 52612456.694603(s), valid (NDCG@5: 0.6765, HR@5: 0.7718, NDCG@10: 0.6900, HR@10: 0.8131, NDCG@20: 0.6981, HR@20: 0.8447), test (NDCG@5: 0.6646, HR@5: 0.7636, NDCG@10: 0.6786, HR@10: 0.8065, NDCG@20: 0.6869, HR@20: 0.8392)
loss in epoch 171 iteration 1561: 0.20876508951187134
loss in epoch 172 iteration 1561: 0.21027350425720215
loss in epoch 173 iteration 1561: 0.20484879612922668
loss in epoch 174 iteration 1561: 0.21367275714874268
loss in epoch 175 iteration 1561: 0.19761398434638977
Evaluatingepoch:175, time: 54293508.799076(s), valid (NDCG@5: 0.6729, HR@5: 0.7706, NDCG@10: 0.6870, HR@10: 0.8135, NDCG@20: 0.6950, HR@20: 0.8453), test (NDCG@5: 0.6634, HR@5: 0.7631, NDCG@10: 0.6775, HR@10: 0.8062, NDCG@20: 0.6856, HR@20: 0.8381)
loss in epoch 176 iteration 1561: 0.20418480038642883
loss in epoch 177 iteration 1561: 0.2063455432653427
loss in epoch 178 iteration 1561: 0.21742764115333557
loss in epoch 179 iteration 1561: 0.22141599655151367
loss in epoch 180 iteration 1561: 0.21139109134674072
Evaluatingepoch:180, time: 55974109.034777(s), valid (NDCG@5: 0.6768, HR@5: 0.7733, NDCG@10: 0.6897, HR@10: 0.8130, NDCG@20: 0.6978, HR@20: 0.8449), test (NDCG@5: 0.6662, HR@5: 0.7643, NDCG@10: 0.6800, HR@10: 0.8065, NDCG@20: 0.6882, HR@20: 0.8388)
loss in epoch 181 iteration 1561: 0.19784048199653625
loss in epoch 182 iteration 1561: 0.1963299810886383
loss in epoch 183 iteration 1561: 0.20124445855617523
loss in epoch 184 iteration 1561: 0.21197690069675446
loss in epoch 185 iteration 1561: 0.20028135180473328
Evaluatingepoch:185, time: 57675414.897919(s), valid (NDCG@5: 0.6769, HR@5: 0.7722, NDCG@10: 0.6906, HR@10: 0.8140, NDCG@20: 0.6984, HR@20: 0.8448), test (NDCG@5: 0.6660, HR@5: 0.7632, NDCG@10: 0.6805, HR@10: 0.8078, NDCG@20: 0.6884, HR@20: 0.8387)
loss in epoch 186 iteration 1561: 0.20858027040958405
loss in epoch 187 iteration 1561: 0.2108909636735916
loss in epoch 188 iteration 1561: 0.19410440325737
loss in epoch 189 iteration 1561: 0.2127814143896103
loss in epoch 190 iteration 1561: 0.21507485210895538
Evaluatingepoch:190, time: 59254316.328526(s), valid (NDCG@5: 0.6768, HR@5: 0.7722, NDCG@10: 0.6906, HR@10: 0.8146, NDCG@20: 0.6983, HR@20: 0.8448), test (NDCG@5: 0.6667, HR@5: 0.7631, NDCG@10: 0.6812, HR@10: 0.8075, NDCG@20: 0.6889, HR@20: 0.8379)
loss in epoch 191 iteration 1561: 0.20747028291225433
loss in epoch 192 iteration 1561: 0.20560231804847717
loss in epoch 193 iteration 1561: 0.20633749663829803
loss in epoch 194 iteration 1561: 0.22059352695941925
loss in epoch 195 iteration 1561: 0.19245414435863495
Evaluatingepoch:195, time: 60790753.545046(s), valid (NDCG@5: 0.6779, HR@5: 0.7723, NDCG@10: 0.6914, HR@10: 0.8135, NDCG@20: 0.6994, HR@20: 0.8451), test (NDCG@5: 0.6674, HR@5: 0.7643, NDCG@10: 0.6810, HR@10: 0.8059, NDCG@20: 0.6895, HR@20: 0.8391)
loss in epoch 196 iteration 1561: 0.19897156953811646
loss in epoch 197 iteration 1561: 0.20982716977596283
loss in epoch 198 iteration 1561: 0.20547433197498322
loss in epoch 199 iteration 1561: 0.20362113416194916
loss in epoch 200 iteration 1561: 0.2016916424036026
Evaluatingepoch:200, time: 62326787.472486(s), valid (NDCG@5: 0.6775, HR@5: 0.7736, NDCG@10: 0.6903, HR@10: 0.8125, NDCG@20: 0.6987, HR@20: 0.8458), test (NDCG@5: 0.6696, HR@5: 0.7652, NDCG@10: 0.6834, HR@10: 0.8074, NDCG@20: 0.6914, HR@20: 0.8389)
loss in epoch 201 iteration 1561: 0.20741254091262817
loss in epoch 202 iteration 1561: 0.21191181242465973
loss in epoch 203 iteration 1561: 0.20847976207733154
loss in epoch 204 iteration 1561: 0.19129683077335358
loss in epoch 205 iteration 1561: 0.20131535828113556
Evaluatingepoch:205, time: 63863211.484194(s), valid (NDCG@5: 0.6782, HR@5: 0.7740, NDCG@10: 0.6911, HR@10: 0.8136, NDCG@20: 0.6992, HR@20: 0.8458), test (NDCG@5: 0.6669, HR@5: 0.7622, NDCG@10: 0.6820, HR@10: 0.8084, NDCG@20: 0.6899, HR@20: 0.8396)
loss in epoch 206 iteration 1561: 0.21195487678050995
loss in epoch 207 iteration 1561: 0.19920440018177032
loss in epoch 208 iteration 1561: 0.21215160191059113
loss in epoch 209 iteration 1561: 0.20607244968414307
loss in epoch 210 iteration 1561: 0.19552496075630188
Evaluatingepoch:210, time: 65399687.163830(s), valid (NDCG@5: 0.6769, HR@5: 0.7723, NDCG@10: 0.6906, HR@10: 0.8141, NDCG@20: 0.6986, HR@20: 0.8459), test (NDCG@5: 0.6685, HR@5: 0.7642, NDCG@10: 0.6828, HR@10: 0.8080, NDCG@20: 0.6908, HR@20: 0.8395)
loss in epoch 211 iteration 1561: 0.19558016955852509
loss in epoch 212 iteration 1561: 0.20118772983551025
loss in epoch 213 iteration 1561: 0.2003728151321411
loss in epoch 214 iteration 1561: 0.19864308834075928
loss in epoch 215 iteration 1561: 0.19969643652439117
Evaluatingepoch:215, time: 66935944.584608(s), valid (NDCG@5: 0.6786, HR@5: 0.7713, NDCG@10: 0.6922, HR@10: 0.8126, NDCG@20: 0.7004, HR@20: 0.8454), test (NDCG@5: 0.6674, HR@5: 0.7647, NDCG@10: 0.6811, HR@10: 0.8064, NDCG@20: 0.6893, HR@20: 0.8384)
loss in epoch 216 iteration 1561: 0.1992691457271576
loss in epoch 217 iteration 1561: 0.19407087564468384
loss in epoch 218 iteration 1561: 0.19094295799732208
loss in epoch 219 iteration 1561: 0.20976746082305908
loss in epoch 220 iteration 1561: 0.2004317343235016
Evaluatingepoch:220, time: 68472159.565449(s), valid (NDCG@5: 0.6797, HR@5: 0.7733, NDCG@10: 0.6927, HR@10: 0.8134, NDCG@20: 0.7008, HR@20: 0.8453), test (NDCG@5: 0.6677, HR@5: 0.7634, NDCG@10: 0.6821, HR@10: 0.8075, NDCG@20: 0.6904, HR@20: 0.8402)
loss in epoch 221 iteration 1561: 0.20575149357318878
loss in epoch 222 iteration 1561: 0.19454200565814972
loss in epoch 223 iteration 1561: 0.19872817397117615
loss in epoch 224 iteration 1561: 0.19879542291164398
loss in epoch 225 iteration 1561: 0.20206405222415924
Evaluatingepoch:225, time: 70008576.994658(s), valid (NDCG@5: 0.6806, HR@5: 0.7725, NDCG@10: 0.6939, HR@10: 0.8132, NDCG@20: 0.7022, HR@20: 0.8459), test (NDCG@5: 0.6710, HR@5: 0.7648, NDCG@10: 0.6849, HR@10: 0.8073, NDCG@20: 0.6931, HR@20: 0.8394)
loss in epoch 226 iteration 1561: 0.20473669469356537
loss in epoch 227 iteration 1561: 0.19366101920604706
loss in epoch 228 iteration 1561: 0.1891300529241562
loss in epoch 229 iteration 1561: 0.19659121334552765
loss in epoch 230 iteration 1561: 0.19375845789909363
Evaluatingepoch:230, time: 71544942.837954(s), valid (NDCG@5: 0.6806, HR@5: 0.7734, NDCG@10: 0.6940, HR@10: 0.8144, NDCG@20: 0.7017, HR@20: 0.8447), test (NDCG@5: 0.6703, HR@5: 0.7646, NDCG@10: 0.6846, HR@10: 0.8080, NDCG@20: 0.6926, HR@20: 0.8396)
loss in epoch 231 iteration 1561: 0.20252692699432373
loss in epoch 232 iteration 1561: 0.19019271433353424
loss in epoch 233 iteration 1561: 0.20149485766887665
loss in epoch 234 iteration 1561: 0.1969599425792694
loss in epoch 235 iteration 1561: 0.2050013542175293
Evaluatingepoch:235, time: 73081721.589565(s), valid (NDCG@5: 0.6802, HR@5: 0.7731, NDCG@10: 0.6932, HR@10: 0.8128, NDCG@20: 0.7015, HR@20: 0.8458), test (NDCG@5: 0.6688, HR@5: 0.7642, NDCG@10: 0.6829, HR@10: 0.8072, NDCG@20: 0.6911, HR@20: 0.8397)
loss in epoch 236 iteration 1561: 0.18801762163639069
loss in epoch 237 iteration 1561: 0.19531890749931335
loss in epoch 238 iteration 1561: 0.19850732386112213
loss in epoch 239 iteration 1561: 0.20237727463245392
loss in epoch 240 iteration 1561: 0.1998966783285141
Evaluatingepoch:240, time: 74618261.175871(s), valid (NDCG@5: 0.6820, HR@5: 0.7743, NDCG@10: 0.6950, HR@10: 0.8143, NDCG@20: 0.7028, HR@20: 0.8452), test (NDCG@5: 0.6715, HR@5: 0.7648, NDCG@10: 0.6855, HR@10: 0.8076, NDCG@20: 0.6934, HR@20: 0.8391)
loss in epoch 241 iteration 1561: 0.19772766530513763
loss in epoch 242 iteration 1561: 0.18830429017543793
loss in epoch 243 iteration 1561: 0.18958137929439545
loss in epoch 244 iteration 1561: 0.19728492200374603
loss in epoch 245 iteration 1561: 0.19150792062282562
Evaluatingepoch:245, time: 76154633.720160(s), valid (NDCG@5: 0.6836, HR@5: 0.7753, NDCG@10: 0.6964, HR@10: 0.8143, NDCG@20: 0.7041, HR@20: 0.8450), test (NDCG@5: 0.6723, HR@5: 0.7672, NDCG@10: 0.6857, HR@10: 0.8084, NDCG@20: 0.6936, HR@20: 0.8395)
loss in epoch 246 iteration 1561: 0.18451745808124542
loss in epoch 247 iteration 1561: 0.2004878968000412
loss in epoch 248 iteration 1561: 0.20194129645824432
loss in epoch 249 iteration 1561: 0.19362899661064148
loss in epoch 250 iteration 1561: 0.20359326899051666
Evaluatingepoch:250, time: 77690746.095657(s), valid (NDCG@5: 0.6826, HR@5: 0.7735, NDCG@10: 0.6958, HR@10: 0.8141, NDCG@20: 0.7038, HR@20: 0.8455), test (NDCG@5: 0.6726, HR@5: 0.7661, NDCG@10: 0.6861, HR@10: 0.8076, NDCG@20: 0.6943, HR@20: 0.8397)
loss in epoch 251 iteration 1561: 0.1925661414861679
loss in epoch 252 iteration 1561: 0.18962423503398895
loss in epoch 253 iteration 1561: 0.19283324480056763
loss in epoch 254 iteration 1561: 0.19977691769599915
loss in epoch 255 iteration 1561: 0.19984641671180725
Evaluatingepoch:255, time: 79226964.986324(s), valid (NDCG@5: 0.6828, HR@5: 0.7735, NDCG@10: 0.6962, HR@10: 0.8145, NDCG@20: 0.7039, HR@20: 0.8451), test (NDCG@5: 0.6709, HR@5: 0.7652, NDCG@10: 0.6848, HR@10: 0.8080, NDCG@20: 0.6930, HR@20: 0.8403)
loss in epoch 256 iteration 1561: 0.19121305644512177
loss in epoch 257 iteration 1561: 0.18920829892158508
loss in epoch 258 iteration 1561: 0.1941082775592804
loss in epoch 259 iteration 1561: 0.2025531679391861
loss in epoch 260 iteration 1561: 0.1917187124490738
Evaluatingepoch:260, time: 80763066.821814(s), valid (NDCG@5: 0.6827, HR@5: 0.7745, NDCG@10: 0.6956, HR@10: 0.8142, NDCG@20: 0.7036, HR@20: 0.8455), test (NDCG@5: 0.6720, HR@5: 0.7640, NDCG@10: 0.6861, HR@10: 0.8069, NDCG@20: 0.6946, HR@20: 0.8406)
loss in epoch 261 iteration 1561: 0.19751034677028656
loss in epoch 262 iteration 1561: 0.1875935047864914
loss in epoch 263 iteration 1561: 0.1996387243270874
loss in epoch 264 iteration 1561: 0.20248617231845856
loss in epoch 265 iteration 1561: 0.2019946426153183
Evaluatingepoch:265, time: 82299604.819298(s), valid (NDCG@5: 0.6824, HR@5: 0.7754, NDCG@10: 0.6951, HR@10: 0.8142, NDCG@20: 0.7030, HR@20: 0.8452), test (NDCG@5: 0.6707, HR@5: 0.7662, NDCG@10: 0.6842, HR@10: 0.8076, NDCG@20: 0.6923, HR@20: 0.8395)
loss in epoch 266 iteration 1561: 0.19278521835803986
loss in epoch 267 iteration 1561: 0.18577659130096436
loss in epoch 268 iteration 1561: 0.20299038290977478
loss in epoch 269 iteration 1561: 0.18990299105644226
loss in epoch 270 iteration 1561: 0.19575625658035278
Evaluatingepoch:270, time: 83836041.298628(s), valid (NDCG@5: 0.6839, HR@5: 0.7744, NDCG@10: 0.6971, HR@10: 0.8148, NDCG@20: 0.7048, HR@20: 0.8453), test (NDCG@5: 0.6726, HR@5: 0.7663, NDCG@10: 0.6861, HR@10: 0.8076, NDCG@20: 0.6941, HR@20: 0.8396)
loss in epoch 271 iteration 1561: 0.18599630892276764
loss in epoch 272 iteration 1561: 0.19177445769309998
loss in epoch 273 iteration 1561: 0.1800251305103302
loss in epoch 274 iteration 1561: 0.18282148241996765
loss in epoch 275 iteration 1561: 0.19472409784793854
Evaluatingepoch:275, time: 85372335.011721(s), valid (NDCG@5: 0.6832, HR@5: 0.7748, NDCG@10: 0.6963, HR@10: 0.8148, NDCG@20: 0.7041, HR@20: 0.8457), test (NDCG@5: 0.6746, HR@5: 0.7661, NDCG@10: 0.6881, HR@10: 0.8074, NDCG@20: 0.6963, HR@20: 0.8399)
loss in epoch 276 iteration 1561: 0.1913883537054062
loss in epoch 277 iteration 1561: 0.18715476989746094
loss in epoch 278 iteration 1561: 0.19493074715137482
loss in epoch 279 iteration 1561: 0.18951638042926788
loss in epoch 280 iteration 1561: 0.19862189888954163
Evaluatingepoch:280, time: 86908491.235733(s), valid (NDCG@5: 0.6856, HR@5: 0.7762, NDCG@10: 0.6980, HR@10: 0.8144, NDCG@20: 0.7059, HR@20: 0.8453), test (NDCG@5: 0.6743, HR@5: 0.7671, NDCG@10: 0.6875, HR@10: 0.8077, NDCG@20: 0.6958, HR@20: 0.8400)
loss in epoch 281 iteration 1561: 0.19032169878482819
loss in epoch 282 iteration 1561: 0.1927478015422821
loss in epoch 283 iteration 1561: 0.20056679844856262
loss in epoch 284 iteration 1561: 0.18429195880889893
loss in epoch 285 iteration 1561: 0.1878598928451538
Evaluatingepoch:285, time: 88444656.957626(s), valid (NDCG@5: 0.6847, HR@5: 0.7753, NDCG@10: 0.6974, HR@10: 0.8142, NDCG@20: 0.7053, HR@20: 0.8454), test (NDCG@5: 0.6739, HR@5: 0.7662, NDCG@10: 0.6877, HR@10: 0.8083, NDCG@20: 0.6956, HR@20: 0.8395)
loss in epoch 286 iteration 1561: 0.18527443706989288
loss in epoch 287 iteration 1561: 0.1831272542476654
loss in epoch 288 iteration 1561: 0.204147607088089
loss in epoch 289 iteration 1561: 0.18077170848846436
loss in epoch 290 iteration 1561: 0.1969228982925415
Evaluatingepoch:290, time: 89980836.995602(s), valid (NDCG@5: 0.6851, HR@5: 0.7753, NDCG@10: 0.6983, HR@10: 0.8156, NDCG@20: 0.7060, HR@20: 0.8460), test (NDCG@5: 0.6742, HR@5: 0.7664, NDCG@10: 0.6881, HR@10: 0.8088, NDCG@20: 0.6960, HR@20: 0.8398)
loss in epoch 291 iteration 1561: 0.18205663561820984
loss in epoch 292 iteration 1561: 0.19285157322883606
loss in epoch 293 iteration 1561: 0.18434831500053406
loss in epoch 294 iteration 1561: 0.1982538104057312
loss in epoch 295 iteration 1561: 0.17871077358722687
Evaluatingepoch:295, time: 91517085.255146(s), valid (NDCG@5: 0.6858, HR@5: 0.7755, NDCG@10: 0.6986, HR@10: 0.8148, NDCG@20: 0.7065, HR@20: 0.8460), test (NDCG@5: 0.6742, HR@5: 0.7668, NDCG@10: 0.6879, HR@10: 0.8086, NDCG@20: 0.6960, HR@20: 0.8407)
loss in epoch 296 iteration 1561: 0.18839190900325775
loss in epoch 297 iteration 1561: 0.1896682232618332
loss in epoch 298 iteration 1561: 0.18644598126411438
loss in epoch 299 iteration 1561: 0.18465159833431244
loss in epoch 300 iteration 1561: 0.18739399313926697
Evaluatingepoch:300, time: 93053065.070152(s), valid (NDCG@5: 0.6843, HR@5: 0.7747, NDCG@10: 0.6973, HR@10: 0.8146, NDCG@20: 0.7050, HR@20: 0.8450), test (NDCG@5: 0.6761, HR@5: 0.7668, NDCG@10: 0.6899, HR@10: 0.8090, NDCG@20: 0.6976, HR@20: 0.8395)
loss in epoch 301 iteration 1561: 0.2014409899711609
loss in epoch 302 iteration 1561: 0.19124820828437805
loss in epoch 303 iteration 1561: 0.1844051480293274
loss in epoch 304 iteration 1561: 0.20295868813991547
loss in epoch 305 iteration 1561: 0.18493637442588806
Evaluatingepoch:305, time: 94588866.005421(s), valid (NDCG@5: 0.6873, HR@5: 0.7757, NDCG@10: 0.7003, HR@10: 0.8153, NDCG@20: 0.7078, HR@20: 0.8448), test (NDCG@5: 0.6787, HR@5: 0.7679, NDCG@10: 0.6918, HR@10: 0.8080, NDCG@20: 0.6998, HR@20: 0.8398)
loss in epoch 306 iteration 1561: 0.19185027480125427
loss in epoch 307 iteration 1561: 0.1861133575439453
loss in epoch 308 iteration 1561: 0.19130128622055054
loss in epoch 309 iteration 1561: 0.18363752961158752
loss in epoch 310 iteration 1561: 0.19115287065505981
Evaluatingepoch:310, time: 96124979.922056(s), valid (NDCG@5: 0.6868, HR@5: 0.7750, NDCG@10: 0.6999, HR@10: 0.8149, NDCG@20: 0.7075, HR@20: 0.8451), test (NDCG@5: 0.6750, HR@5: 0.7666, NDCG@10: 0.6884, HR@10: 0.8073, NDCG@20: 0.6966, HR@20: 0.8398)
loss in epoch 311 iteration 1561: 0.19203294813632965
loss in epoch 312 iteration 1561: 0.190793976187706
loss in epoch 313 iteration 1561: 0.19090476632118225
loss in epoch 314 iteration 1561: 0.1800837516784668
loss in epoch 315 iteration 1561: 0.18917344510555267
Evaluatingepoch:315, time: 97661570.867538(s), valid (NDCG@5: 0.6844, HR@5: 0.7749, NDCG@10: 0.6972, HR@10: 0.8142, NDCG@20: 0.7052, HR@20: 0.8458), test (NDCG@5: 0.6738, HR@5: 0.7663, NDCG@10: 0.6872, HR@10: 0.8075, NDCG@20: 0.6956, HR@20: 0.8404)
loss in epoch 316 iteration 1561: 0.18788665533065796
loss in epoch 317 iteration 1561: 0.18418513238430023
loss in epoch 318 iteration 1561: 0.19382035732269287
loss in epoch 319 iteration 1561: 0.19061918556690216
loss in epoch 320 iteration 1561: 0.18565469980239868
Evaluatingepoch:320, time: 99197919.869900(s), valid (NDCG@5: 0.6838, HR@5: 0.7750, NDCG@10: 0.6966, HR@10: 0.8142, NDCG@20: 0.7047, HR@20: 0.8465), test (NDCG@5: 0.6761, HR@5: 0.7682, NDCG@10: 0.6890, HR@10: 0.8074, NDCG@20: 0.6972, HR@20: 0.8399)
loss in epoch 321 iteration 1561: 0.18244950473308563
loss in epoch 322 iteration 1561: 0.20075982809066772
loss in epoch 323 iteration 1561: 0.2023935317993164
loss in epoch 324 iteration 1561: 0.18703415989875793
loss in epoch 325 iteration 1561: 0.1767662763595581
Evaluatingepoch:325, time: 100734576.084852(s), valid (NDCG@5: 0.6869, HR@5: 0.7763, NDCG@10: 0.6998, HR@10: 0.8158, NDCG@20: 0.7070, HR@20: 0.8442), test (NDCG@5: 0.6777, HR@5: 0.7685, NDCG@10: 0.6907, HR@10: 0.8082, NDCG@20: 0.6987, HR@20: 0.8399)
loss in epoch 326 iteration 1561: 0.18869289755821228
loss in epoch 327 iteration 1561: 0.18442800641059875
loss in epoch 328 iteration 1561: 0.1898549646139145
loss in epoch 329 iteration 1561: 0.18528805673122406
loss in epoch 330 iteration 1561: 0.19651681184768677
Evaluatingepoch:330, time: 102271017.441273(s), valid (NDCG@5: 0.6851, HR@5: 0.7751, NDCG@10: 0.6978, HR@10: 0.8141, NDCG@20: 0.7057, HR@20: 0.8451), test (NDCG@5: 0.6745, HR@5: 0.7658, NDCG@10: 0.6883, HR@10: 0.8082, NDCG@20: 0.6962, HR@20: 0.8394)
loss in epoch 331 iteration 1561: 0.1942896544933319
loss in epoch 332 iteration 1561: 0.1824403703212738
loss in epoch 333 iteration 1561: 0.18017204105854034
loss in epoch 334 iteration 1561: 0.18860696256160736
loss in epoch 335 iteration 1561: 0.1849970519542694
Evaluatingepoch:335, time: 103807643.037319(s), valid (NDCG@5: 0.6876, HR@5: 0.7764, NDCG@10: 0.7002, HR@10: 0.8151, NDCG@20: 0.7079, HR@20: 0.8454), test (NDCG@5: 0.6765, HR@5: 0.7674, NDCG@10: 0.6900, HR@10: 0.8087, NDCG@20: 0.6976, HR@20: 0.8390)
loss in epoch 336 iteration 1561: 0.17940591275691986
loss in epoch 337 iteration 1561: 0.17433755099773407
loss in epoch 338 iteration 1561: 0.19648374617099762
loss in epoch 339 iteration 1561: 0.1873435229063034
loss in epoch 340 iteration 1561: 0.17973612248897552
Evaluatingepoch:340, time: 105344018.917561(s), valid (NDCG@5: 0.6857, HR@5: 0.7767, NDCG@10: 0.6985, HR@10: 0.8160, NDCG@20: 0.7061, HR@20: 0.8463), test (NDCG@5: 0.6760, HR@5: 0.7685, NDCG@10: 0.6887, HR@10: 0.8074, NDCG@20: 0.6970, HR@20: 0.8401)
loss in epoch 341 iteration 1561: 0.18129350244998932
loss in epoch 342 iteration 1561: 0.1816525161266327
loss in epoch 343 iteration 1561: 0.18766099214553833
loss in epoch 344 iteration 1561: 0.18656113743782043
loss in epoch 345 iteration 1561: 0.17858347296714783
Evaluatingepoch:345, time: 106880439.642668(s), valid (NDCG@5: 0.6873, HR@5: 0.7760, NDCG@10: 0.7002, HR@10: 0.8156, NDCG@20: 0.7077, HR@20: 0.8455), test (NDCG@5: 0.6757, HR@5: 0.7673, NDCG@10: 0.6891, HR@10: 0.8083, NDCG@20: 0.6972, HR@20: 0.8404)
loss in epoch 346 iteration 1561: 0.1840711086988449
loss in epoch 347 iteration 1561: 0.19594156742095947
loss in epoch 348 iteration 1561: 0.1909884810447693
loss in epoch 349 iteration 1561: 0.17631162703037262
loss in epoch 350 iteration 1561: 0.1762789487838745
Evaluatingepoch:350, time: 108416835.083008(s), valid (NDCG@5: 0.6887, HR@5: 0.7758, NDCG@10: 0.7017, HR@10: 0.8157, NDCG@20: 0.7094, HR@20: 0.8461), test (NDCG@5: 0.6779, HR@5: 0.7693, NDCG@10: 0.6907, HR@10: 0.8083, NDCG@20: 0.6987, HR@20: 0.8402)
loss in epoch 351 iteration 1561: 0.1960015594959259
loss in epoch 352 iteration 1561: 0.19509845972061157
loss in epoch 353 iteration 1561: 0.17900340259075165
loss in epoch 354 iteration 1561: 0.1741802841424942
loss in epoch 355 iteration 1561: 0.1894344985485077
Evaluatingepoch:355, time: 109953460.813284(s), valid (NDCG@5: 0.6879, HR@5: 0.7760, NDCG@10: 0.7007, HR@10: 0.8153, NDCG@20: 0.7085, HR@20: 0.8461), test (NDCG@5: 0.6775, HR@5: 0.7666, NDCG@10: 0.6912, HR@10: 0.8086, NDCG@20: 0.6991, HR@20: 0.8399)
loss in epoch 356 iteration 1561: 0.19398720562458038
loss in epoch 357 iteration 1561: 0.19198207557201385
loss in epoch 358 iteration 1561: 0.1893536001443863
loss in epoch 359 iteration 1561: 0.1846260279417038
loss in epoch 360 iteration 1561: 0.17084679007530212
Evaluatingepoch:360, time: 111489912.703991(s), valid (NDCG@5: 0.6856, HR@5: 0.7754, NDCG@10: 0.6986, HR@10: 0.8152, NDCG@20: 0.7064, HR@20: 0.8460), test (NDCG@5: 0.6770, HR@5: 0.7695, NDCG@10: 0.6900, HR@10: 0.8090, NDCG@20: 0.6980, HR@20: 0.8409)
loss in epoch 361 iteration 1561: 0.17818854749202728
loss in epoch 362 iteration 1561: 0.19090892374515533
loss in epoch 363 iteration 1561: 0.176349475979805
loss in epoch 364 iteration 1561: 0.190792977809906
loss in epoch 365 iteration 1561: 0.17940828204154968
Evaluatingepoch:365, time: 113026407.276392(s), valid (NDCG@5: 0.6876, HR@5: 0.7769, NDCG@10: 0.7003, HR@10: 0.8161, NDCG@20: 0.7078, HR@20: 0.8457), test (NDCG@5: 0.6763, HR@5: 0.7689, NDCG@10: 0.6890, HR@10: 0.8078, NDCG@20: 0.6973, HR@20: 0.8404)
loss in epoch 366 iteration 1561: 0.18379800021648407
loss in epoch 367 iteration 1561: 0.1804230511188507
loss in epoch 368 iteration 1561: 0.1815207153558731
loss in epoch 369 iteration 1561: 0.19261859357357025
loss in epoch 370 iteration 1561: 0.19426119327545166
Evaluatingepoch:370, time: 114562699.863434(s), valid (NDCG@5: 0.6897, HR@5: 0.7772, NDCG@10: 0.7021, HR@10: 0.8152, NDCG@20: 0.7099, HR@20: 0.8457), test (NDCG@5: 0.6778, HR@5: 0.7691, NDCG@10: 0.6910, HR@10: 0.8096, NDCG@20: 0.6987, HR@20: 0.8399)
loss in epoch 371 iteration 1561: 0.1708175241947174
loss in epoch 372 iteration 1561: 0.18044887483119965
loss in epoch 373 iteration 1561: 0.18356771767139435
loss in epoch 374 iteration 1561: 0.17371541261672974
loss in epoch 375 iteration 1561: 0.17490056157112122
Evaluatingepoch:375, time: 116099293.970346(s), valid (NDCG@5: 0.6890, HR@5: 0.7760, NDCG@10: 0.7022, HR@10: 0.8162, NDCG@20: 0.7095, HR@20: 0.8450), test (NDCG@5: 0.6800, HR@5: 0.7687, NDCG@10: 0.6932, HR@10: 0.8092, NDCG@20: 0.7011, HR@20: 0.8406)
loss in epoch 376 iteration 1561: 0.18129906058311462
loss in epoch 377 iteration 1561: 0.179508775472641
loss in epoch 378 iteration 1561: 0.17207098007202148
loss in epoch 379 iteration 1561: 0.18335913121700287
loss in epoch 380 iteration 1561: 0.18010902404785156
Evaluatingepoch:380, time: 117635693.888664(s), valid (NDCG@5: 0.6881, HR@5: 0.7752, NDCG@10: 0.7013, HR@10: 0.8154, NDCG@20: 0.7088, HR@20: 0.8450), test (NDCG@5: 0.6784, HR@5: 0.7691, NDCG@10: 0.6914, HR@10: 0.8087, NDCG@20: 0.6994, HR@20: 0.8406)
loss in epoch 381 iteration 1561: 0.18069465458393097
loss in epoch 382 iteration 1561: 0.1762167513370514
loss in epoch 383 iteration 1561: 0.1745322346687317
loss in epoch 384 iteration 1561: 0.1890142410993576
loss in epoch 385 iteration 1561: 0.18001867830753326
Evaluatingepoch:385, time: 119172029.441595(s), valid (NDCG@5: 0.6892, HR@5: 0.7760, NDCG@10: 0.7023, HR@10: 0.8159, NDCG@20: 0.7097, HR@20: 0.8453), test (NDCG@5: 0.6779, HR@5: 0.7677, NDCG@10: 0.6914, HR@10: 0.8089, NDCG@20: 0.6991, HR@20: 0.8394)
loss in epoch 386 iteration 1561: 0.18299809098243713
loss in epoch 387 iteration 1561: 0.1864633858203888
loss in epoch 388 iteration 1561: 0.176409050822258
loss in epoch 389 iteration 1561: 0.17682509124279022
loss in epoch 390 iteration 1561: 0.1769372969865799
Evaluatingepoch:390, time: 120708331.362009(s), valid (NDCG@5: 0.6905, HR@5: 0.7776, NDCG@10: 0.7030, HR@10: 0.8158, NDCG@20: 0.7105, HR@20: 0.8453), test (NDCG@5: 0.6799, HR@5: 0.7696, NDCG@10: 0.6927, HR@10: 0.8088, NDCG@20: 0.7005, HR@20: 0.8396)
loss in epoch 391 iteration 1561: 0.1779736578464508
loss in epoch 392 iteration 1561: 0.18190418183803558
loss in epoch 393 iteration 1561: 0.18044273555278778
loss in epoch 394 iteration 1561: 0.1774870753288269
loss in epoch 395 iteration 1561: 0.18964935839176178
Evaluatingepoch:395, time: 122244877.672911(s), valid (NDCG@5: 0.6907, HR@5: 0.7786, NDCG@10: 0.7027, HR@10: 0.8151, NDCG@20: 0.7104, HR@20: 0.8454), test (NDCG@5: 0.6793, HR@5: 0.7683, NDCG@10: 0.6925, HR@10: 0.8090, NDCG@20: 0.7005, HR@20: 0.8406)
loss in epoch 396 iteration 1561: 0.18123552203178406
loss in epoch 397 iteration 1561: 0.17767900228500366
loss in epoch 398 iteration 1561: 0.18330343067646027
loss in epoch 399 iteration 1561: 0.18031278252601624
loss in epoch 400 iteration 1561: 0.17378303408622742
Evaluatingepoch:400, time: 123781551.882505(s), valid (NDCG@5: 0.6894, HR@5: 0.7762, NDCG@10: 0.7021, HR@10: 0.8148, NDCG@20: 0.7099, HR@20: 0.8455), test (NDCG@5: 0.6809, HR@5: 0.7702, NDCG@10: 0.6938, HR@10: 0.8098, NDCG@20: 0.7016, HR@20: 0.8403)
loss in epoch 401 iteration 1561: 0.181232750415802
loss in epoch 402 iteration 1561: 0.18002824485301971
loss in epoch 403 iteration 1561: 0.1844378560781479
loss in epoch 404 iteration 1561: 0.17789605259895325
loss in epoch 405 iteration 1561: 0.1650925874710083
Evaluatingepoch:405, time: 125318195.594549(s), valid (NDCG@5: 0.6906, HR@5: 0.7782, NDCG@10: 0.7030, HR@10: 0.8162, NDCG@20: 0.7107, HR@20: 0.8469), test (NDCG@5: 0.6805, HR@5: 0.7691, NDCG@10: 0.6934, HR@10: 0.8088, NDCG@20: 0.7013, HR@20: 0.8396)
loss in epoch 406 iteration 1561: 0.18702654540538788
loss in epoch 407 iteration 1561: 0.1763279139995575
loss in epoch 408 iteration 1561: 0.18889982998371124
loss in epoch 409 iteration 1561: 0.1764029711484909
loss in epoch 410 iteration 1561: 0.19700005650520325
Evaluatingepoch:410, time: 126854470.253229(s), valid (NDCG@5: 0.6910, HR@5: 0.7796, NDCG@10: 0.7027, HR@10: 0.8158, NDCG@20: 0.7103, HR@20: 0.8458), test (NDCG@5: 0.6788, HR@5: 0.7696, NDCG@10: 0.6913, HR@10: 0.8080, NDCG@20: 0.6994, HR@20: 0.8399)
loss in epoch 411 iteration 1561: 0.17622530460357666
loss in epoch 412 iteration 1561: 0.18279725313186646
loss in epoch 413 iteration 1561: 0.18189737200737
loss in epoch 414 iteration 1561: 0.1789177507162094
loss in epoch 415 iteration 1561: 0.1752798855304718
Evaluatingepoch:415, time: 128391028.450251(s), valid (NDCG@5: 0.6892, HR@5: 0.7761, NDCG@10: 0.7022, HR@10: 0.8162, NDCG@20: 0.7098, HR@20: 0.8462), test (NDCG@5: 0.6802, HR@5: 0.7673, NDCG@10: 0.6938, HR@10: 0.8088, NDCG@20: 0.7017, HR@20: 0.8398)
loss in epoch 416 iteration 1561: 0.18457500636577606
loss in epoch 417 iteration 1561: 0.18321089446544647
loss in epoch 418 iteration 1561: 0.17480269074440002
loss in epoch 419 iteration 1561: 0.17788082361221313
loss in epoch 420 iteration 1561: 0.16631755232810974
Evaluatingepoch:420, time: 129927027.999640(s), valid (NDCG@5: 0.6882, HR@5: 0.7772, NDCG@10: 0.7009, HR@10: 0.8160, NDCG@20: 0.7084, HR@20: 0.8460), test (NDCG@5: 0.6797, HR@5: 0.7686, NDCG@10: 0.6930, HR@10: 0.8093, NDCG@20: 0.7009, HR@20: 0.8408)
loss in epoch 421 iteration 1561: 0.17933453619480133
loss in epoch 422 iteration 1561: 0.17671097815036774
loss in epoch 423 iteration 1561: 0.19046030938625336
loss in epoch 424 iteration 1561: 0.17278629541397095
loss in epoch 425 iteration 1561: 0.18340903520584106
Evaluatingepoch:425, time: 131463009.227276(s), valid (NDCG@5: 0.6919, HR@5: 0.7779, NDCG@10: 0.7041, HR@10: 0.8155, NDCG@20: 0.7119, HR@20: 0.8461), test (NDCG@5: 0.6794, HR@5: 0.7672, NDCG@10: 0.6930, HR@10: 0.8088, NDCG@20: 0.7009, HR@20: 0.8401)
loss in epoch 426 iteration 1561: 0.18426774442195892
loss in epoch 427 iteration 1561: 0.18102222681045532
loss in epoch 428 iteration 1561: 0.17515654861927032
loss in epoch 429 iteration 1561: 0.18120332062244415
loss in epoch 430 iteration 1561: 0.18504516780376434
Evaluatingepoch:430, time: 132999105.296612(s), valid (NDCG@5: 0.6922, HR@5: 0.7777, NDCG@10: 0.7048, HR@10: 0.8163, NDCG@20: 0.7126, HR@20: 0.8470), test (NDCG@5: 0.6812, HR@5: 0.7699, NDCG@10: 0.6944, HR@10: 0.8101, NDCG@20: 0.7021, HR@20: 0.8408)
loss in epoch 431 iteration 1561: 0.1699068248271942
loss in epoch 432 iteration 1561: 0.17275424301624298
loss in epoch 433 iteration 1561: 0.18810993432998657
loss in epoch 434 iteration 1561: 0.1718529909849167
loss in epoch 435 iteration 1561: 0.17440111935138702
Evaluatingepoch:435, time: 134534878.392935(s), valid (NDCG@5: 0.6889, HR@5: 0.7774, NDCG@10: 0.7014, HR@10: 0.8157, NDCG@20: 0.7090, HR@20: 0.8460), test (NDCG@5: 0.6790, HR@5: 0.7684, NDCG@10: 0.6922, HR@10: 0.8090, NDCG@20: 0.7003, HR@20: 0.8411)
loss in epoch 436 iteration 1561: 0.16914422810077667
loss in epoch 437 iteration 1561: 0.18245269358158112
loss in epoch 438 iteration 1561: 0.18375490605831146
loss in epoch 439 iteration 1561: 0.18547388911247253
loss in epoch 440 iteration 1561: 0.18023544549942017
Evaluatingepoch:440, time: 136071096.987486(s), valid (NDCG@5: 0.6929, HR@5: 0.7778, NDCG@10: 0.7055, HR@10: 0.8164, NDCG@20: 0.7130, HR@20: 0.8462), test (NDCG@5: 0.6801, HR@5: 0.7686, NDCG@10: 0.6936, HR@10: 0.8099, NDCG@20: 0.7015, HR@20: 0.8409)
loss in epoch 441 iteration 1561: 0.1715107560157776
loss in epoch 442 iteration 1561: 0.17923900485038757
loss in epoch 443 iteration 1561: 0.1765647828578949
loss in epoch 444 iteration 1561: 0.16714061796665192
loss in epoch 445 iteration 1561: 0.1716131567955017
Evaluatingepoch:445, time: 137607591.992617(s), valid (NDCG@5: 0.6905, HR@5: 0.7781, NDCG@10: 0.7031, HR@10: 0.8166, NDCG@20: 0.7106, HR@20: 0.8463), test (NDCG@5: 0.6800, HR@5: 0.7703, NDCG@10: 0.6928, HR@10: 0.8093, NDCG@20: 0.7007, HR@20: 0.8408)
loss in epoch 446 iteration 1561: 0.1736355572938919
loss in epoch 447 iteration 1561: 0.17099058628082275
loss in epoch 448 iteration 1561: 0.18578840792179108
loss in epoch 449 iteration 1561: 0.17484444379806519
loss in epoch 450 iteration 1561: 0.17773796617984772
Evaluatingepoch:450, time: 139144024.203539(s), valid (NDCG@5: 0.6926, HR@5: 0.7791, NDCG@10: 0.7050, HR@10: 0.8171, NDCG@20: 0.7124, HR@20: 0.8464), test (NDCG@5: 0.6816, HR@5: 0.7696, NDCG@10: 0.6947, HR@10: 0.8098, NDCG@20: 0.7026, HR@20: 0.8409)
loss in epoch 451 iteration 1561: 0.18202127516269684
loss in epoch 452 iteration 1561: 0.17153796553611755
loss in epoch 453 iteration 1561: 0.17615604400634766
loss in epoch 454 iteration 1561: 0.1867537498474121
loss in epoch 455 iteration 1561: 0.1848365068435669
Evaluatingepoch:455, time: 140680665.619373(s), valid (NDCG@5: 0.6932, HR@5: 0.7788, NDCG@10: 0.7053, HR@10: 0.8158, NDCG@20: 0.7131, HR@20: 0.8464), test (NDCG@5: 0.6820, HR@5: 0.7707, NDCG@10: 0.6947, HR@10: 0.8097, NDCG@20: 0.7025, HR@20: 0.8404)
loss in epoch 456 iteration 1561: 0.1836397796869278
loss in epoch 457 iteration 1561: 0.18197233974933624
loss in epoch 458 iteration 1561: 0.17962752282619476
loss in epoch 459 iteration 1561: 0.1843472570180893
loss in epoch 460 iteration 1561: 0.18290185928344727
Evaluatingepoch:460, time: 142217540.221930(s), valid (NDCG@5: 0.6930, HR@5: 0.7799, NDCG@10: 0.7049, HR@10: 0.8162, NDCG@20: 0.7124, HR@20: 0.8458), test (NDCG@5: 0.6828, HR@5: 0.7711, NDCG@10: 0.6954, HR@10: 0.8098, NDCG@20: 0.7032, HR@20: 0.8406)
loss in epoch 461 iteration 1561: 0.16914276778697968
loss in epoch 462 iteration 1561: 0.1862126588821411
loss in epoch 463 iteration 1561: 0.18057726323604584
loss in epoch 464 iteration 1561: 0.17538850009441376
loss in epoch 465 iteration 1561: 0.17307302355766296
Evaluatingepoch:465, time: 143754149.496794(s), valid (NDCG@5: 0.6943, HR@5: 0.7786, NDCG@10: 0.7067, HR@10: 0.8166, NDCG@20: 0.7145, HR@20: 0.8473), test (NDCG@5: 0.6840, HR@5: 0.7705, NDCG@10: 0.6964, HR@10: 0.8083, NDCG@20: 0.7046, HR@20: 0.8405)
loss in epoch 466 iteration 1561: 0.17986176908016205
loss in epoch 467 iteration 1561: 0.16990169882774353
loss in epoch 468 iteration 1561: 0.18249550461769104
loss in epoch 469 iteration 1561: 0.16719341278076172
loss in epoch 470 iteration 1561: 0.1717352569103241
Evaluatingepoch:470, time: 145290680.094242(s), valid (NDCG@5: 0.6945, HR@5: 0.7789, NDCG@10: 0.7065, HR@10: 0.8159, NDCG@20: 0.7144, HR@20: 0.8470), test (NDCG@5: 0.6827, HR@5: 0.7687, NDCG@10: 0.6960, HR@10: 0.8095, NDCG@20: 0.7039, HR@20: 0.8405)
loss in epoch 471 iteration 1561: 0.17761264741420746
loss in epoch 472 iteration 1561: 0.1832699179649353
loss in epoch 473 iteration 1561: 0.17885996401309967
loss in epoch 474 iteration 1561: 0.17624667286872864
loss in epoch 475 iteration 1561: 0.17374840378761292
Evaluatingepoch:475, time: 147575910.455227(s), valid (NDCG@5: 0.6949, HR@5: 0.7788, NDCG@10: 0.7077, HR@10: 0.8181, NDCG@20: 0.7150, HR@20: 0.8470), test (NDCG@5: 0.6820, HR@5: 0.7697, NDCG@10: 0.6951, HR@10: 0.8100, NDCG@20: 0.7026, HR@20: 0.8397)
loss in epoch 476 iteration 1561: 0.17980660498142242
loss in epoch 477 iteration 1561: 0.17454268038272858
loss in epoch 478 iteration 1561: 0.1732816845178604
loss in epoch 479 iteration 1561: 0.17118783295154572
loss in epoch 480 iteration 1561: 0.18167883157730103
Evaluatingepoch:480, time: 150445132.286310(s), valid (NDCG@5: 0.6936, HR@5: 0.7801, NDCG@10: 0.7055, HR@10: 0.8168, NDCG@20: 0.7131, HR@20: 0.8467), test (NDCG@5: 0.6828, HR@5: 0.7684, NDCG@10: 0.6963, HR@10: 0.8098, NDCG@20: 0.7040, HR@20: 0.8402)
loss in epoch 481 iteration 1561: 0.18068766593933105
loss in epoch 482 iteration 1561: 0.18175503611564636
loss in epoch 483 iteration 1561: 0.18239416182041168
loss in epoch 484 iteration 1561: 0.17074637115001678
loss in epoch 485 iteration 1561: 0.18247728049755096
Evaluatingepoch:485, time: 153312048.814297(s), valid (NDCG@5: 0.6939, HR@5: 0.7790, NDCG@10: 0.7063, HR@10: 0.8169, NDCG@20: 0.7138, HR@20: 0.8466), test (NDCG@5: 0.6818, HR@5: 0.7688, NDCG@10: 0.6951, HR@10: 0.8095, NDCG@20: 0.7030, HR@20: 0.8408)
loss in epoch 486 iteration 1561: 0.16852715611457825
loss in epoch 487 iteration 1561: 0.17077969014644623
loss in epoch 488 iteration 1561: 0.17243769764900208
loss in epoch 489 iteration 1561: 0.181751549243927
loss in epoch 490 iteration 1561: 0.16630496084690094
Evaluatingepoch:490, time: 156182699.998379(s), valid (NDCG@5: 0.6937, HR@5: 0.7782, NDCG@10: 0.7064, HR@10: 0.8170, NDCG@20: 0.7138, HR@20: 0.8463), test (NDCG@5: 0.6826, HR@5: 0.7683, NDCG@10: 0.6964, HR@10: 0.8104, NDCG@20: 0.7039, HR@20: 0.8402)
loss in epoch 491 iteration 1561: 0.16876381635665894
loss in epoch 492 iteration 1561: 0.1748979687690735
loss in epoch 493 iteration 1561: 0.1827506273984909
loss in epoch 494 iteration 1561: 0.1683076173067093
loss in epoch 495 iteration 1561: 0.17558443546295166
Evaluatingepoch:495, time: 159051128.934145(s), valid (NDCG@5: 0.6914, HR@5: 0.7800, NDCG@10: 0.7034, HR@10: 0.8167, NDCG@20: 0.7109, HR@20: 0.8462), test (NDCG@5: 0.6798, HR@5: 0.7690, NDCG@10: 0.6931, HR@10: 0.8098, NDCG@20: 0.7009, HR@20: 0.8406)
loss in epoch 496 iteration 1561: 0.17212559282779694
loss in epoch 497 iteration 1561: 0.16732464730739594
