Arguments:
backbone mamba
batch_size 256
dataset tracks256
device cuda:4
dropout_rate 0.5
eval_neg_sample 100
hidden_units 32
inference_only False
l2_emb 0.0
lr 0.0005
maxlen 200
name mamba
num_blocks 2
num_epochs 501
num_heads 1
state_dict_path None
train_dir tracks256_default/

25001
average sequence length: 248.89
number of users: 50085736
number of items: 32234540
hidden units: 32
maxlen: 200
parameters_count: 1031524704
loss in epoch 1 iteration 96: 1.3530843257904053
loss in epoch 2 iteration 96: 0.883104681968689
loss in epoch 3 iteration 96: 0.8137245178222656
loss in epoch 4 iteration 96: 0.7389596104621887
loss in epoch 5 iteration 96: 0.6661205887794495
Evaluatingepoch:5, time: 35007.790327(s), valid (NDCG@5: 0.5326, HR@5: 0.6712, NDCG@10: 0.5539, HR@10: 0.7355, NDCG@20: 0.5616, HR@20: 0.7661), test (NDCG@5: 0.5263, HR@5: 0.6644, NDCG@10: 0.5469, HR@10: 0.7265, NDCG@20: 0.5541, HR@20: 0.7554)
loss in epoch 6 iteration 96: 0.615696907043457
loss in epoch 7 iteration 96: 0.5894342660903931
loss in epoch 8 iteration 96: 0.5547786951065063
loss in epoch 9 iteration 96: 0.5226725935935974
loss in epoch 10 iteration 96: 0.49847400188446045
Evaluatingepoch:10, time: 71537.978649(s), valid (NDCG@5: 0.5288, HR@5: 0.6748, NDCG@10: 0.5488, HR@10: 0.7353, NDCG@20: 0.5562, HR@20: 0.7646), test (NDCG@5: 0.5196, HR@5: 0.6625, NDCG@10: 0.5399, HR@10: 0.7238, NDCG@20: 0.5476, HR@20: 0.7544)
loss in epoch 11 iteration 96: 0.4703902304172516
loss in epoch 12 iteration 96: 0.45322978496551514
loss in epoch 13 iteration 96: 0.44144511222839355
loss in epoch 14 iteration 96: 0.4252573251724243
loss in epoch 15 iteration 96: 0.40786832571029663
Evaluatingepoch:15, time: 101351.708889(s), valid (NDCG@5: 0.5420, HR@5: 0.6781, NDCG@10: 0.5593, HR@10: 0.7302, NDCG@20: 0.5673, HR@20: 0.7623), test (NDCG@5: 0.5342, HR@5: 0.6672, NDCG@10: 0.5520, HR@10: 0.7208, NDCG@20: 0.5608, HR@20: 0.7560)
loss in epoch 16 iteration 96: 0.3884110748767853
loss in epoch 17 iteration 96: 0.3830012381076813
loss in epoch 18 iteration 96: 0.3617445230484009
loss in epoch 19 iteration 96: 0.342293381690979
loss in epoch 20 iteration 96: 0.33721470832824707
Evaluatingepoch:20, time: 141164.329052(s), valid (NDCG@5: 0.5526, HR@5: 0.6832, NDCG@10: 0.5668, HR@10: 0.7260, NDCG@20: 0.5759, HR@20: 0.7624), test (NDCG@5: 0.5397, HR@5: 0.6715, NDCG@10: 0.5558, HR@10: 0.7199, NDCG@20: 0.5652, HR@20: 0.7577)
loss in epoch 21 iteration 96: 0.3274650573730469
loss in epoch 22 iteration 96: 0.3198338747024536
loss in epoch 23 iteration 96: 0.3048730790615082
loss in epoch 24 iteration 96: 0.30518800020217896
loss in epoch 25 iteration 96: 0.29654499888420105
Evaluatingepoch:25, time: 178390.003204(s), valid (NDCG@5: 0.5619, HR@5: 0.6864, NDCG@10: 0.5759, HR@10: 0.7287, NDCG@20: 0.5845, HR@20: 0.7633), test (NDCG@5: 0.5466, HR@5: 0.6739, NDCG@10: 0.5617, HR@10: 0.7195, NDCG@20: 0.5716, HR@20: 0.7588)
loss in epoch 26 iteration 96: 0.2926529347896576
loss in epoch 27 iteration 96: 0.2786926329135895
loss in epoch 28 iteration 96: 0.2729460895061493
loss in epoch 29 iteration 96: 0.26768067479133606
loss in epoch 30 iteration 96: 0.2711002826690674
Evaluatingepoch:30, time: 212060.650349(s), valid (NDCG@5: 0.5675, HR@5: 0.6913, NDCG@10: 0.5803, HR@10: 0.7300, NDCG@20: 0.5892, HR@20: 0.7655), test (NDCG@5: 0.5546, HR@5: 0.6775, NDCG@10: 0.5691, HR@10: 0.7213, NDCG@20: 0.5781, HR@20: 0.7572)
loss in epoch 31 iteration 96: 0.26032882928848267
loss in epoch 32 iteration 96: 0.26075229048728943
loss in epoch 33 iteration 96: 0.2513650059700012
loss in epoch 34 iteration 96: 0.2502285838127136
loss in epoch 35 iteration 96: 0.24402207136154175
Evaluatingepoch:35, time: 249326.307297(s), valid (NDCG@5: 0.5723, HR@5: 0.6934, NDCG@10: 0.5853, HR@10: 0.7329, NDCG@20: 0.5938, HR@20: 0.7671), test (NDCG@5: 0.5585, HR@5: 0.6796, NDCG@10: 0.5722, HR@10: 0.7215, NDCG@20: 0.5816, HR@20: 0.7590)
loss in epoch 36 iteration 96: 0.24098294973373413
loss in epoch 37 iteration 96: 0.2350836992263794
loss in epoch 38 iteration 96: 0.2411818951368332
loss in epoch 39 iteration 96: 0.23897042870521545
loss in epoch 40 iteration 96: 0.23243169486522675
Evaluatingepoch:40, time: 281128.114462(s), valid (NDCG@5: 0.5731, HR@5: 0.6952, NDCG@10: 0.5864, HR@10: 0.7355, NDCG@20: 0.5946, HR@20: 0.7684), test (NDCG@5: 0.5616, HR@5: 0.6824, NDCG@10: 0.5749, HR@10: 0.7226, NDCG@20: 0.5839, HR@20: 0.7588)
loss in epoch 41 iteration 96: 0.2305770367383957
loss in epoch 42 iteration 96: 0.22371771931648254
loss in epoch 43 iteration 96: 0.2250615954399109
loss in epoch 44 iteration 96: 0.21992744505405426
loss in epoch 45 iteration 96: 0.22503837943077087
Evaluatingepoch:45, time: 314806.739330(s), valid (NDCG@5: 0.5788, HR@5: 0.6960, NDCG@10: 0.5923, HR@10: 0.7371, NDCG@20: 0.6003, HR@20: 0.7691), test (NDCG@5: 0.5665, HR@5: 0.6852, NDCG@10: 0.5798, HR@10: 0.7253, NDCG@20: 0.5886, HR@20: 0.7605)
loss in epoch 46 iteration 96: 0.2204737514257431
loss in epoch 47 iteration 96: 0.22110816836357117
loss in epoch 48 iteration 96: 0.21888798475265503
loss in epoch 49 iteration 96: 0.21415546536445618
loss in epoch 50 iteration 96: 0.21574513614177704
Evaluatingepoch:50, time: 351867.987394(s), valid (NDCG@5: 0.5805, HR@5: 0.6973, NDCG@10: 0.5935, HR@10: 0.7370, NDCG@20: 0.6015, HR@20: 0.7691), test (NDCG@5: 0.5705, HR@5: 0.6859, NDCG@10: 0.5839, HR@10: 0.7269, NDCG@20: 0.5925, HR@20: 0.7610)
loss in epoch 51 iteration 96: 0.20987974107265472
loss in epoch 52 iteration 96: 0.21341770887374878
loss in epoch 53 iteration 96: 0.21305929124355316
loss in epoch 54 iteration 96: 0.2104446440935135
loss in epoch 55 iteration 96: 0.20811913907527924
Evaluatingepoch:55, time: 388537.539721(s), valid (NDCG@5: 0.5849, HR@5: 0.7017, NDCG@10: 0.5969, HR@10: 0.7384, NDCG@20: 0.6049, HR@20: 0.7702), test (NDCG@5: 0.5742, HR@5: 0.6889, NDCG@10: 0.5871, HR@10: 0.7279, NDCG@20: 0.5954, HR@20: 0.7611)
loss in epoch 56 iteration 96: 0.2125701904296875
loss in epoch 57 iteration 96: 0.19899170100688934
loss in epoch 58 iteration 96: 0.20232562720775604
loss in epoch 59 iteration 96: 0.20257866382598877
loss in epoch 60 iteration 96: 0.20532171428203583
Evaluatingepoch:60, time: 416628.970861(s), valid (NDCG@5: 0.5893, HR@5: 0.7034, NDCG@10: 0.6007, HR@10: 0.7378, NDCG@20: 0.6089, HR@20: 0.7707), test (NDCG@5: 0.5762, HR@5: 0.6910, NDCG@10: 0.5887, HR@10: 0.7291, NDCG@20: 0.5973, HR@20: 0.7632)
loss in epoch 61 iteration 96: 0.20121866464614868
loss in epoch 62 iteration 96: 0.194336399435997
loss in epoch 63 iteration 96: 0.19779665768146515
loss in epoch 64 iteration 96: 0.19648490846157074
loss in epoch 65 iteration 96: 0.19389204680919647
Evaluatingepoch:65, time: 450473.461628(s), valid (NDCG@5: 0.5886, HR@5: 0.7026, NDCG@10: 0.6006, HR@10: 0.7388, NDCG@20: 0.6083, HR@20: 0.7697), test (NDCG@5: 0.5791, HR@5: 0.6919, NDCG@10: 0.5919, HR@10: 0.7308, NDCG@20: 0.5999, HR@20: 0.7630)
loss in epoch 66 iteration 96: 0.1907823383808136
loss in epoch 67 iteration 96: 0.19215598702430725
loss in epoch 68 iteration 96: 0.19022703170776367
loss in epoch 69 iteration 96: 0.1881122887134552
loss in epoch 70 iteration 96: 0.18601708114147186
Evaluatingepoch:70, time: 487563.570499(s), valid (NDCG@5: 0.5910, HR@5: 0.7044, NDCG@10: 0.6026, HR@10: 0.7394, NDCG@20: 0.6101, HR@20: 0.7692), test (NDCG@5: 0.5796, HR@5: 0.6935, NDCG@10: 0.5915, HR@10: 0.7296, NDCG@20: 0.5995, HR@20: 0.7618)
loss in epoch 71 iteration 96: 0.19288916885852814
loss in epoch 72 iteration 96: 0.18940477073192596
loss in epoch 73 iteration 96: 0.18992935121059418
loss in epoch 74 iteration 96: 0.18600334227085114
loss in epoch 75 iteration 96: 0.18221193552017212
Evaluatingepoch:75, time: 519275.098801(s), valid (NDCG@5: 0.5914, HR@5: 0.7048, NDCG@10: 0.6027, HR@10: 0.7389, NDCG@20: 0.6103, HR@20: 0.7692), test (NDCG@5: 0.5793, HR@5: 0.6925, NDCG@10: 0.5917, HR@10: 0.7299, NDCG@20: 0.5995, HR@20: 0.7612)
loss in epoch 76 iteration 96: 0.18254832923412323
loss in epoch 77 iteration 96: 0.18686625361442566
loss in epoch 78 iteration 96: 0.1835595965385437
loss in epoch 79 iteration 96: 0.18052871525287628
loss in epoch 80 iteration 96: 0.18630683422088623
Evaluatingepoch:80, time: 553673.622608(s), valid (NDCG@5: 0.5899, HR@5: 0.7035, NDCG@10: 0.6014, HR@10: 0.7386, NDCG@20: 0.6093, HR@20: 0.7698), test (NDCG@5: 0.5805, HR@5: 0.6955, NDCG@10: 0.5917, HR@10: 0.7295, NDCG@20: 0.5998, HR@20: 0.7619)
loss in epoch 81 iteration 96: 0.18326297402381897
loss in epoch 82 iteration 96: 0.1818101406097412
loss in epoch 83 iteration 96: 0.17813025414943695
loss in epoch 84 iteration 96: 0.18321236968040466
loss in epoch 85 iteration 96: 0.17941804230213165
Evaluatingepoch:85, time: 582347.598076(s), valid (NDCG@5: 0.5918, HR@5: 0.7038, NDCG@10: 0.6032, HR@10: 0.7382, NDCG@20: 0.6109, HR@20: 0.7693), test (NDCG@5: 0.5792, HR@5: 0.6938, NDCG@10: 0.5910, HR@10: 0.7295, NDCG@20: 0.5990, HR@20: 0.7615)
loss in epoch 86 iteration 96: 0.1775398701429367
loss in epoch 87 iteration 96: 0.17340177297592163
loss in epoch 88 iteration 96: 0.1748686283826828
loss in epoch 89 iteration 96: 0.17228160798549652
loss in epoch 90 iteration 96: 0.1793331354856491
Evaluatingepoch:90, time: 611468.370199(s), valid (NDCG@5: 0.5921, HR@5: 0.7039, NDCG@10: 0.6032, HR@10: 0.7374, NDCG@20: 0.6110, HR@20: 0.7685), test (NDCG@5: 0.5797, HR@5: 0.6928, NDCG@10: 0.5918, HR@10: 0.7297, NDCG@20: 0.5998, HR@20: 0.7615)
loss in epoch 91 iteration 96: 0.17039431631565094
loss in epoch 92 iteration 96: 0.16919663548469543
loss in epoch 93 iteration 96: 0.1688278168439865
loss in epoch 94 iteration 96: 0.1678871214389801
loss in epoch 95 iteration 96: 0.17308460175991058
Evaluatingepoch:95, time: 639873.167753(s), valid (NDCG@5: 0.5922, HR@5: 0.7047, NDCG@10: 0.6029, HR@10: 0.7370, NDCG@20: 0.6106, HR@20: 0.7683), test (NDCG@5: 0.5814, HR@5: 0.6946, NDCG@10: 0.5928, HR@10: 0.7293, NDCG@20: 0.6007, HR@20: 0.7609)
loss in epoch 96 iteration 96: 0.16942276060581207
loss in epoch 97 iteration 96: 0.17407216131687164
loss in epoch 98 iteration 96: 0.16835357248783112
loss in epoch 99 iteration 96: 0.17538149654865265
loss in epoch 100 iteration 96: 0.16842736303806305
Evaluatingepoch:100, time: 669015.008688(s), valid (NDCG@5: 0.5916, HR@5: 0.7049, NDCG@10: 0.6022, HR@10: 0.7373, NDCG@20: 0.6100, HR@20: 0.7689), test (NDCG@5: 0.5833, HR@5: 0.6947, NDCG@10: 0.5948, HR@10: 0.7297, NDCG@20: 0.6028, HR@20: 0.7615)
loss in epoch 101 iteration 96: 0.1689450442790985
loss in epoch 102 iteration 96: 0.16768307983875275
loss in epoch 103 iteration 96: 0.16294707357883453
loss in epoch 104 iteration 96: 0.1684155911207199
loss in epoch 105 iteration 96: 0.17082297801971436
Evaluatingepoch:105, time: 700567.167759(s), valid (NDCG@5: 0.5929, HR@5: 0.7036, NDCG@10: 0.6038, HR@10: 0.7367, NDCG@20: 0.6118, HR@20: 0.7685), test (NDCG@5: 0.5822, HR@5: 0.6936, NDCG@10: 0.5941, HR@10: 0.7297, NDCG@20: 0.6018, HR@20: 0.7608)
loss in epoch 106 iteration 96: 0.16541573405265808
loss in epoch 107 iteration 96: 0.17269083857536316
loss in epoch 108 iteration 96: 0.1702471375465393
loss in epoch 109 iteration 96: 0.16838206350803375
loss in epoch 110 iteration 96: 0.16529440879821777
Evaluatingepoch:110, time: 736862.374783(s), valid (NDCG@5: 0.5934, HR@5: 0.7037, NDCG@10: 0.6044, HR@10: 0.7369, NDCG@20: 0.6125, HR@20: 0.7692), test (NDCG@5: 0.5835, HR@5: 0.6935, NDCG@10: 0.5951, HR@10: 0.7285, NDCG@20: 0.6032, HR@20: 0.7609)
loss in epoch 111 iteration 96: 0.16077956557273865
loss in epoch 112 iteration 96: 0.16422425210475922
loss in epoch 113 iteration 96: 0.16893352568149567
loss in epoch 114 iteration 96: 0.16874386370182037
loss in epoch 115 iteration 96: 0.16447758674621582
Evaluatingepoch:115, time: 775186.736345(s), valid (NDCG@5: 0.5943, HR@5: 0.7052, NDCG@10: 0.6048, HR@10: 0.7369, NDCG@20: 0.6125, HR@20: 0.7676), test (NDCG@5: 0.5845, HR@5: 0.6944, NDCG@10: 0.5957, HR@10: 0.7285, NDCG@20: 0.6041, HR@20: 0.7616)
loss in epoch 116 iteration 96: 0.16232551634311676
loss in epoch 117 iteration 96: 0.16201530396938324
loss in epoch 118 iteration 96: 0.16234222054481506
loss in epoch 119 iteration 96: 0.15835534036159515
loss in epoch 120 iteration 96: 0.16697685420513153
Evaluatingepoch:120, time: 808608.579636(s), valid (NDCG@5: 0.5947, HR@5: 0.7059, NDCG@10: 0.6049, HR@10: 0.7370, NDCG@20: 0.6129, HR@20: 0.7690), test (NDCG@5: 0.5861, HR@5: 0.6965, NDCG@10: 0.5972, HR@10: 0.7303, NDCG@20: 0.6054, HR@20: 0.7630)
loss in epoch 121 iteration 96: 0.16980139911174774
loss in epoch 122 iteration 96: 0.15638385713100433
loss in epoch 123 iteration 96: 0.1606573909521103
loss in epoch 124 iteration 96: 0.1659337729215622
loss in epoch 125 iteration 96: 0.16212555766105652
Evaluatingepoch:125, time: 841843.487263(s), valid (NDCG@5: 0.5958, HR@5: 0.7051, NDCG@10: 0.6063, HR@10: 0.7369, NDCG@20: 0.6140, HR@20: 0.7678), test (NDCG@5: 0.5852, HR@5: 0.6932, NDCG@10: 0.5974, HR@10: 0.7303, NDCG@20: 0.6057, HR@20: 0.7636)
loss in epoch 126 iteration 96: 0.16274398565292358
loss in epoch 127 iteration 96: 0.15617746114730835
loss in epoch 128 iteration 96: 0.15681041777133942
loss in epoch 129 iteration 96: 0.15785671770572662
loss in epoch 130 iteration 96: 0.15927332639694214
Evaluatingepoch:130, time: 879395.183563(s), valid (NDCG@5: 0.5963, HR@5: 0.7047, NDCG@10: 0.6070, HR@10: 0.7373, NDCG@20: 0.6146, HR@20: 0.7679), test (NDCG@5: 0.5856, HR@5: 0.6941, NDCG@10: 0.5974, HR@10: 0.7302, NDCG@20: 0.6055, HR@20: 0.7624)
loss in epoch 131 iteration 96: 0.15730781853199005
loss in epoch 132 iteration 96: 0.1545313596725464
loss in epoch 133 iteration 96: 0.1648951768875122
loss in epoch 134 iteration 96: 0.1603296846151352
loss in epoch 135 iteration 96: 0.15971821546554565
Evaluatingepoch:135, time: 913189.680815(s), valid (NDCG@5: 0.5984, HR@5: 0.7048, NDCG@10: 0.6093, HR@10: 0.7380, NDCG@20: 0.6170, HR@20: 0.7686), test (NDCG@5: 0.5884, HR@5: 0.6953, NDCG@10: 0.5997, HR@10: 0.7298, NDCG@20: 0.6075, HR@20: 0.7606)
loss in epoch 136 iteration 96: 0.15881311893463135
loss in epoch 137 iteration 96: 0.15441881120204926
loss in epoch 138 iteration 96: 0.15971288084983826
loss in epoch 139 iteration 96: 0.15633724629878998
loss in epoch 140 iteration 96: 0.15393969416618347
Evaluatingepoch:140, time: 948531.279325(s), valid (NDCG@5: 0.6000, HR@5: 0.7060, NDCG@10: 0.6104, HR@10: 0.7377, NDCG@20: 0.6182, HR@20: 0.7685), test (NDCG@5: 0.5886, HR@5: 0.6937, NDCG@10: 0.6002, HR@10: 0.7287, NDCG@20: 0.6081, HR@20: 0.7604)
loss in epoch 141 iteration 96: 0.1531555950641632
loss in epoch 142 iteration 96: 0.16062192618846893
loss in epoch 143 iteration 96: 0.15703757107257843
loss in epoch 144 iteration 96: 0.15964534878730774
loss in epoch 145 iteration 96: 0.16359877586364746
Evaluatingepoch:145, time: 988605.285645(s), valid (NDCG@5: 0.5990, HR@5: 0.7057, NDCG@10: 0.6098, HR@10: 0.7386, NDCG@20: 0.6173, HR@20: 0.7685), test (NDCG@5: 0.5890, HR@5: 0.6953, NDCG@10: 0.6006, HR@10: 0.7304, NDCG@20: 0.6081, HR@20: 0.7606)
loss in epoch 146 iteration 96: 0.1606040596961975
loss in epoch 147 iteration 96: 0.1621626764535904
loss in epoch 148 iteration 96: 0.15393954515457153
loss in epoch 149 iteration 96: 0.15488427877426147
loss in epoch 150 iteration 96: 0.15493275225162506
Evaluatingepoch:150, time: 1024203.567505(s), valid (NDCG@5: 0.5995, HR@5: 0.7058, NDCG@10: 0.6098, HR@10: 0.7373, NDCG@20: 0.6178, HR@20: 0.7691), test (NDCG@5: 0.5880, HR@5: 0.6936, NDCG@10: 0.5997, HR@10: 0.7289, NDCG@20: 0.6076, HR@20: 0.7605)
loss in epoch 151 iteration 96: 0.1602751910686493
loss in epoch 152 iteration 96: 0.15288126468658447
loss in epoch 153 iteration 96: 0.15721866488456726
loss in epoch 154 iteration 96: 0.15376810729503632
loss in epoch 155 iteration 96: 0.16004887223243713
Evaluatingepoch:155, time: 1058065.200806(s), valid (NDCG@5: 0.6018, HR@5: 0.7068, NDCG@10: 0.6122, HR@10: 0.7387, NDCG@20: 0.6200, HR@20: 0.7700), test (NDCG@5: 0.5918, HR@5: 0.6967, NDCG@10: 0.6028, HR@10: 0.7300, NDCG@20: 0.6108, HR@20: 0.7620)
loss in epoch 156 iteration 96: 0.15810108184814453
loss in epoch 157 iteration 96: 0.1596352458000183
loss in epoch 158 iteration 96: 0.159587100148201
loss in epoch 159 iteration 96: 0.15683741867542267
loss in epoch 160 iteration 96: 0.15272966027259827
Evaluatingepoch:160, time: 1091521.034479(s), valid (NDCG@5: 0.6005, HR@5: 0.7075, NDCG@10: 0.6107, HR@10: 0.7383, NDCG@20: 0.6182, HR@20: 0.7686), test (NDCG@5: 0.5907, HR@5: 0.6946, NDCG@10: 0.6023, HR@10: 0.7300, NDCG@20: 0.6100, HR@20: 0.7606)
loss in epoch 161 iteration 96: 0.15684732794761658
loss in epoch 162 iteration 96: 0.15432877838611603
loss in epoch 163 iteration 96: 0.15239021182060242
loss in epoch 164 iteration 96: 0.15679563581943512
loss in epoch 165 iteration 96: 0.15562160313129425
Evaluatingepoch:165, time: 1123351.183414(s), valid (NDCG@5: 0.6013, HR@5: 0.7058, NDCG@10: 0.6118, HR@10: 0.7374, NDCG@20: 0.6197, HR@20: 0.7693), test (NDCG@5: 0.5908, HR@5: 0.6962, NDCG@10: 0.6017, HR@10: 0.7293, NDCG@20: 0.6099, HR@20: 0.7618)
loss in epoch 166 iteration 96: 0.15229526162147522
loss in epoch 167 iteration 96: 0.15767182409763336
loss in epoch 168 iteration 96: 0.15261583030223846
loss in epoch 169 iteration 96: 0.15468071401119232
loss in epoch 170 iteration 96: 0.1564302295446396
Evaluatingepoch:170, time: 1156762.656212(s), valid (NDCG@5: 0.6010, HR@5: 0.7060, NDCG@10: 0.6115, HR@10: 0.7377, NDCG@20: 0.6195, HR@20: 0.7700), test (NDCG@5: 0.5920, HR@5: 0.6956, NDCG@10: 0.6032, HR@10: 0.7296, NDCG@20: 0.6114, HR@20: 0.7623)
loss in epoch 171 iteration 96: 0.1542998105287552
loss in epoch 172 iteration 96: 0.1591823250055313
loss in epoch 173 iteration 96: 0.15963861346244812
loss in epoch 174 iteration 96: 0.15887677669525146
loss in epoch 175 iteration 96: 0.15840162336826324
Evaluatingepoch:175, time: 1188043.284416(s), valid (NDCG@5: 0.6015, HR@5: 0.7061, NDCG@10: 0.6120, HR@10: 0.7381, NDCG@20: 0.6199, HR@20: 0.7694), test (NDCG@5: 0.5922, HR@5: 0.6958, NDCG@10: 0.6032, HR@10: 0.7294, NDCG@20: 0.6111, HR@20: 0.7608)
loss in epoch 176 iteration 96: 0.15888100862503052
loss in epoch 177 iteration 96: 0.14825919270515442
loss in epoch 178 iteration 96: 0.15128612518310547
loss in epoch 179 iteration 96: 0.15785981714725494
loss in epoch 180 iteration 96: 0.15267419815063477
Evaluatingepoch:180, time: 1222522.247791(s), valid (NDCG@5: 0.6019, HR@5: 0.7072, NDCG@10: 0.6126, HR@10: 0.7397, NDCG@20: 0.6202, HR@20: 0.7700), test (NDCG@5: 0.5925, HR@5: 0.6964, NDCG@10: 0.6032, HR@10: 0.7290, NDCG@20: 0.6114, HR@20: 0.7617)
loss in epoch 181 iteration 96: 0.1530696302652359
loss in epoch 182 iteration 96: 0.15630652010440826
loss in epoch 183 iteration 96: 0.151730477809906
loss in epoch 184 iteration 96: 0.15407255291938782
loss in epoch 185 iteration 96: 0.15135690569877625
Evaluatingepoch:185, time: 1251632.575989(s), valid (NDCG@5: 0.6031, HR@5: 0.7076, NDCG@10: 0.6135, HR@10: 0.7389, NDCG@20: 0.6211, HR@20: 0.7692), test (NDCG@5: 0.5919, HR@5: 0.6957, NDCG@10: 0.6033, HR@10: 0.7305, NDCG@20: 0.6110, HR@20: 0.7612)
loss in epoch 186 iteration 96: 0.15158282220363617
loss in epoch 187 iteration 96: 0.1519717425107956
loss in epoch 188 iteration 96: 0.15336523950099945
loss in epoch 189 iteration 96: 0.1583269089460373
loss in epoch 190 iteration 96: 0.1537606120109558
Evaluatingepoch:190, time: 1284067.970514(s), valid (NDCG@5: 0.6055, HR@5: 0.7076, NDCG@10: 0.6161, HR@10: 0.7399, NDCG@20: 0.6234, HR@20: 0.7692), test (NDCG@5: 0.5924, HR@5: 0.6962, NDCG@10: 0.6039, HR@10: 0.7311, NDCG@20: 0.6118, HR@20: 0.7625)
loss in epoch 191 iteration 96: 0.1530110239982605
loss in epoch 192 iteration 96: 0.150277242064476
loss in epoch 193 iteration 96: 0.14810171723365784
loss in epoch 194 iteration 96: 0.15003268420696259
loss in epoch 195 iteration 96: 0.15115225315093994
Evaluatingepoch:195, time: 1316878.208876(s), valid (NDCG@5: 0.6027, HR@5: 0.7066, NDCG@10: 0.6136, HR@10: 0.7397, NDCG@20: 0.6207, HR@20: 0.7681), test (NDCG@5: 0.5916, HR@5: 0.6953, NDCG@10: 0.6031, HR@10: 0.7302, NDCG@20: 0.6111, HR@20: 0.7619)
loss in epoch 196 iteration 96: 0.149467334151268
loss in epoch 197 iteration 96: 0.1547640860080719
loss in epoch 198 iteration 96: 0.14496196806430817
loss in epoch 199 iteration 96: 0.1501166671514511
loss in epoch 200 iteration 96: 0.15297068655490875
Evaluatingepoch:200, time: 1350170.182943(s), valid (NDCG@5: 0.6036, HR@5: 0.7067, NDCG@10: 0.6143, HR@10: 0.7394, NDCG@20: 0.6220, HR@20: 0.7700), test (NDCG@5: 0.5945, HR@5: 0.6969, NDCG@10: 0.6057, HR@10: 0.7309, NDCG@20: 0.6132, HR@20: 0.7609)
loss in epoch 201 iteration 96: 0.1555173546075821
loss in epoch 202 iteration 96: 0.15066976845264435
loss in epoch 203 iteration 96: 0.1516723334789276
loss in epoch 204 iteration 96: 0.15358670055866241
loss in epoch 205 iteration 96: 0.1507849097251892
Evaluatingepoch:205, time: 1382217.528820(s), valid (NDCG@5: 0.6031, HR@5: 0.7054, NDCG@10: 0.6140, HR@10: 0.7385, NDCG@20: 0.6217, HR@20: 0.7689), test (NDCG@5: 0.5928, HR@5: 0.6961, NDCG@10: 0.6042, HR@10: 0.7307, NDCG@20: 0.6123, HR@20: 0.7628)
loss in epoch 206 iteration 96: 0.15052926540374756
loss in epoch 207 iteration 96: 0.1504697948694229
loss in epoch 208 iteration 96: 0.15388956665992737
loss in epoch 209 iteration 96: 0.15302243828773499
loss in epoch 210 iteration 96: 0.14698505401611328
Evaluatingepoch:210, time: 1419186.725140(s), valid (NDCG@5: 0.6045, HR@5: 0.7066, NDCG@10: 0.6151, HR@10: 0.7387, NDCG@20: 0.6226, HR@20: 0.7688), test (NDCG@5: 0.5937, HR@5: 0.6959, NDCG@10: 0.6051, HR@10: 0.7307, NDCG@20: 0.6133, HR@20: 0.7634)
loss in epoch 211 iteration 96: 0.1564323902130127
loss in epoch 212 iteration 96: 0.15167278051376343
loss in epoch 213 iteration 96: 0.14920231699943542
loss in epoch 214 iteration 96: 0.1484299749135971
loss in epoch 215 iteration 96: 0.14818404614925385
Evaluatingepoch:215, time: 1487327.049732(s), valid (NDCG@5: 0.6053, HR@5: 0.7076, NDCG@10: 0.6156, HR@10: 0.7389, NDCG@20: 0.6230, HR@20: 0.7686), test (NDCG@5: 0.5931, HR@5: 0.6957, NDCG@10: 0.6049, HR@10: 0.7312, NDCG@20: 0.6129, HR@20: 0.7634)
loss in epoch 216 iteration 96: 0.15404582023620605
loss in epoch 217 iteration 96: 0.15348878502845764
loss in epoch 218 iteration 96: 0.15594403445720673
loss in epoch 219 iteration 96: 0.1484864056110382
loss in epoch 220 iteration 96: 0.1448734998703003
Evaluatingepoch:220, time: 1516495.320797(s), valid (NDCG@5: 0.6062, HR@5: 0.7064, NDCG@10: 0.6170, HR@10: 0.7390, NDCG@20: 0.6244, HR@20: 0.7688), test (NDCG@5: 0.5951, HR@5: 0.6958, NDCG@10: 0.6069, HR@10: 0.7319, NDCG@20: 0.6149, HR@20: 0.7638)
loss in epoch 221 iteration 96: 0.1468825489282608
loss in epoch 222 iteration 96: 0.1479518860578537
loss in epoch 223 iteration 96: 0.15186472237110138
loss in epoch 224 iteration 96: 0.14818578958511353
loss in epoch 225 iteration 96: 0.1543719619512558
Evaluatingepoch:225, time: 1550523.693085(s), valid (NDCG@5: 0.6070, HR@5: 0.7068, NDCG@10: 0.6175, HR@10: 0.7387, NDCG@20: 0.6250, HR@20: 0.7688), test (NDCG@5: 0.5940, HR@5: 0.6961, NDCG@10: 0.6056, HR@10: 0.7314, NDCG@20: 0.6135, HR@20: 0.7632)
loss in epoch 226 iteration 96: 0.15028958022594452
loss in epoch 227 iteration 96: 0.14552146196365356
loss in epoch 228 iteration 96: 0.1484430879354477
loss in epoch 229 iteration 96: 0.14443635940551758
loss in epoch 230 iteration 96: 0.14863871037960052
Evaluatingepoch:230, time: 1581457.383633(s), valid (NDCG@5: 0.6054, HR@5: 0.7068, NDCG@10: 0.6162, HR@10: 0.7393, NDCG@20: 0.6233, HR@20: 0.7679), test (NDCG@5: 0.5956, HR@5: 0.6948, NDCG@10: 0.6074, HR@10: 0.7307, NDCG@20: 0.6156, HR@20: 0.7634)
loss in epoch 231 iteration 96: 0.15311311185359955
loss in epoch 232 iteration 96: 0.14971040189266205
loss in epoch 233 iteration 96: 0.14811643958091736
loss in epoch 234 iteration 96: 0.14884711802005768
loss in epoch 235 iteration 96: 0.14754639565944672
Evaluatingepoch:235, time: 1610408.821821(s), valid (NDCG@5: 0.6046, HR@5: 0.7057, NDCG@10: 0.6158, HR@10: 0.7398, NDCG@20: 0.6231, HR@20: 0.7688), test (NDCG@5: 0.5937, HR@5: 0.6951, NDCG@10: 0.6053, HR@10: 0.7306, NDCG@20: 0.6135, HR@20: 0.7632)
loss in epoch 236 iteration 96: 0.14496660232543945
loss in epoch 237 iteration 96: 0.14430128037929535
loss in epoch 238 iteration 96: 0.1468541920185089
loss in epoch 239 iteration 96: 0.14869681000709534
loss in epoch 240 iteration 96: 0.14876534044742584
Evaluatingepoch:240, time: 1641177.867174(s), valid (NDCG@5: 0.6062, HR@5: 0.7074, NDCG@10: 0.6169, HR@10: 0.7401, NDCG@20: 0.6244, HR@20: 0.7698), test (NDCG@5: 0.5949, HR@5: 0.6959, NDCG@10: 0.6066, HR@10: 0.7314, NDCG@20: 0.6146, HR@20: 0.7633)
loss in epoch 241 iteration 96: 0.1475038081407547
loss in epoch 242 iteration 96: 0.14756590127944946
loss in epoch 243 iteration 96: 0.14734195172786713
loss in epoch 244 iteration 96: 0.1481551080942154
loss in epoch 245 iteration 96: 0.1506214439868927
Evaluatingepoch:245, time: 1678798.068523(s), valid (NDCG@5: 0.6064, HR@5: 0.7074, NDCG@10: 0.6169, HR@10: 0.7394, NDCG@20: 0.6243, HR@20: 0.7687), test (NDCG@5: 0.5971, HR@5: 0.6964, NDCG@10: 0.6087, HR@10: 0.7317, NDCG@20: 0.6165, HR@20: 0.7630)
loss in epoch 246 iteration 96: 0.1442451775074005
loss in epoch 247 iteration 96: 0.15161995589733124
loss in epoch 248 iteration 96: 0.1470615267753601
loss in epoch 249 iteration 96: 0.15011924505233765
loss in epoch 250 iteration 96: 0.14196448028087616
Evaluatingepoch:250, time: 1715194.133043(s), valid (NDCG@5: 0.6073, HR@5: 0.7074, NDCG@10: 0.6180, HR@10: 0.7398, NDCG@20: 0.6253, HR@20: 0.7690), test (NDCG@5: 0.5957, HR@5: 0.6957, NDCG@10: 0.6074, HR@10: 0.7315, NDCG@20: 0.6157, HR@20: 0.7645)
loss in epoch 251 iteration 96: 0.15030692517757416
loss in epoch 252 iteration 96: 0.14973506331443787
loss in epoch 253 iteration 96: 0.14373864233493805
loss in epoch 254 iteration 96: 0.15093274414539337
loss in epoch 255 iteration 96: 0.14941789209842682
Evaluatingepoch:255, time: 1748644.385338(s), valid (NDCG@5: 0.6064, HR@5: 0.7057, NDCG@10: 0.6174, HR@10: 0.7394, NDCG@20: 0.6247, HR@20: 0.7687), test (NDCG@5: 0.5942, HR@5: 0.6946, NDCG@10: 0.6067, HR@10: 0.7326, NDCG@20: 0.6147, HR@20: 0.7647)
loss in epoch 256 iteration 96: 0.14248347282409668
loss in epoch 257 iteration 96: 0.14752084016799927
loss in epoch 258 iteration 96: 0.1450480818748474
loss in epoch 259 iteration 96: 0.14991018176078796
loss in epoch 260 iteration 96: 0.14721980690956116
Evaluatingepoch:260, time: 1783636.711359(s), valid (NDCG@5: 0.6082, HR@5: 0.7077, NDCG@10: 0.6187, HR@10: 0.7394, NDCG@20: 0.6262, HR@20: 0.7694), test (NDCG@5: 0.5950, HR@5: 0.6957, NDCG@10: 0.6070, HR@10: 0.7322, NDCG@20: 0.6151, HR@20: 0.7646)
loss in epoch 261 iteration 96: 0.1359180063009262
loss in epoch 262 iteration 96: 0.14581798017024994
loss in epoch 263 iteration 96: 0.14377284049987793
loss in epoch 264 iteration 96: 0.1491328328847885
loss in epoch 265 iteration 96: 0.14977097511291504
Evaluatingepoch:265, time: 1837537.379026(s), valid (NDCG@5: 0.6075, HR@5: 0.7068, NDCG@10: 0.6184, HR@10: 0.7399, NDCG@20: 0.6259, HR@20: 0.7700), test (NDCG@5: 0.5961, HR@5: 0.6961, NDCG@10: 0.6077, HR@10: 0.7313, NDCG@20: 0.6157, HR@20: 0.7632)
loss in epoch 266 iteration 96: 0.1520168036222458
loss in epoch 267 iteration 96: 0.14633098244667053
loss in epoch 268 iteration 96: 0.14850850403308868
loss in epoch 269 iteration 96: 0.145978644490242
loss in epoch 270 iteration 96: 0.14470559358596802
Evaluatingepoch:270, time: 1901011.670351(s), valid (NDCG@5: 0.6091, HR@5: 0.7069, NDCG@10: 0.6201, HR@10: 0.7405, NDCG@20: 0.6277, HR@20: 0.7708), test (NDCG@5: 0.5971, HR@5: 0.6971, NDCG@10: 0.6088, HR@10: 0.7329, NDCG@20: 0.6167, HR@20: 0.7648)
loss in epoch 271 iteration 96: 0.14094586670398712
loss in epoch 272 iteration 96: 0.14703717827796936
loss in epoch 273 iteration 96: 0.14179566502571106
loss in epoch 274 iteration 96: 0.14635425806045532
loss in epoch 275 iteration 96: 0.14650553464889526
Evaluatingepoch:275, time: 1983221.009254(s), valid (NDCG@5: 0.6080, HR@5: 0.7067, NDCG@10: 0.6191, HR@10: 0.7403, NDCG@20: 0.6265, HR@20: 0.7698), test (NDCG@5: 0.5983, HR@5: 0.6960, NDCG@10: 0.6103, HR@10: 0.7327, NDCG@20: 0.6183, HR@20: 0.7645)
loss in epoch 276 iteration 96: 0.14692702889442444
loss in epoch 277 iteration 96: 0.14660882949829102
loss in epoch 278 iteration 96: 0.14224281907081604
loss in epoch 279 iteration 96: 0.1500668227672577
loss in epoch 280 iteration 96: 0.1462581604719162
Evaluatingepoch:280, time: 2051024.976254(s), valid (NDCG@5: 0.6108, HR@5: 0.7072, NDCG@10: 0.6221, HR@10: 0.7418, NDCG@20: 0.6291, HR@20: 0.7698), test (NDCG@5: 0.5974, HR@5: 0.6962, NDCG@10: 0.6094, HR@10: 0.7327, NDCG@20: 0.6171, HR@20: 0.7634)
loss in epoch 281 iteration 96: 0.14325977861881256
loss in epoch 282 iteration 96: 0.1433500498533249
loss in epoch 283 iteration 96: 0.14012357592582703
loss in epoch 284 iteration 96: 0.14400795102119446
loss in epoch 285 iteration 96: 0.14889290928840637
Evaluatingepoch:285, time: 2126598.182440(s), valid (NDCG@5: 0.6111, HR@5: 0.7083, NDCG@10: 0.6216, HR@10: 0.7403, NDCG@20: 0.6290, HR@20: 0.7702), test (NDCG@5: 0.5993, HR@5: 0.6965, NDCG@10: 0.6112, HR@10: 0.7329, NDCG@20: 0.6192, HR@20: 0.7646)
loss in epoch 286 iteration 96: 0.14525830745697021
loss in epoch 287 iteration 96: 0.14354509115219116
loss in epoch 288 iteration 96: 0.14775896072387695
loss in epoch 289 iteration 96: 0.14291849732398987
loss in epoch 290 iteration 96: 0.14129064977169037
Evaluatingepoch:290, time: 2189069.393635(s), valid (NDCG@5: 0.6111, HR@5: 0.7072, NDCG@10: 0.6222, HR@10: 0.7411, NDCG@20: 0.6297, HR@20: 0.7707), test (NDCG@5: 0.5987, HR@5: 0.6965, NDCG@10: 0.6107, HR@10: 0.7328, NDCG@20: 0.6185, HR@20: 0.7644)
loss in epoch 291 iteration 96: 0.14636462926864624
loss in epoch 292 iteration 96: 0.14355714619159698
loss in epoch 293 iteration 96: 0.14466358721256256
loss in epoch 294 iteration 96: 0.1415509730577469
loss in epoch 295 iteration 96: 0.14465385675430298
Evaluatingepoch:295, time: 2244519.324780(s), valid (NDCG@5: 0.6102, HR@5: 0.7072, NDCG@10: 0.6212, HR@10: 0.7407, NDCG@20: 0.6287, HR@20: 0.7708), test (NDCG@5: 0.5991, HR@5: 0.6963, NDCG@10: 0.6110, HR@10: 0.7328, NDCG@20: 0.6187, HR@20: 0.7635)
loss in epoch 296 iteration 96: 0.14788512885570526
loss in epoch 297 iteration 96: 0.14348676800727844
loss in epoch 298 iteration 96: 0.14250075817108154
loss in epoch 299 iteration 96: 0.14414499700069427
loss in epoch 300 iteration 96: 0.14414334297180176
Evaluatingepoch:300, time: 2290231.544018(s), valid (NDCG@5: 0.6119, HR@5: 0.7069, NDCG@10: 0.6231, HR@10: 0.7407, NDCG@20: 0.6305, HR@20: 0.7704), test (NDCG@5: 0.5996, HR@5: 0.6979, NDCG@10: 0.6110, HR@10: 0.7327, NDCG@20: 0.6191, HR@20: 0.7648)
loss in epoch 301 iteration 96: 0.14106136560440063
loss in epoch 302 iteration 96: 0.14465273916721344
loss in epoch 303 iteration 96: 0.14338712394237518
loss in epoch 304 iteration 96: 0.1471410095691681
loss in epoch 305 iteration 96: 0.14387570321559906
Evaluatingepoch:305, time: 2326670.745373(s), valid (NDCG@5: 0.6111, HR@5: 0.7078, NDCG@10: 0.6220, HR@10: 0.7409, NDCG@20: 0.6293, HR@20: 0.7702), test (NDCG@5: 0.5995, HR@5: 0.6973, NDCG@10: 0.6112, HR@10: 0.7329, NDCG@20: 0.6189, HR@20: 0.7637)
loss in epoch 306 iteration 96: 0.14250704646110535
loss in epoch 307 iteration 96: 0.14581426978111267
loss in epoch 308 iteration 96: 0.1439100056886673
loss in epoch 309 iteration 96: 0.14762650430202484
loss in epoch 310 iteration 96: 0.1451995074748993
Evaluatingepoch:310, time: 2384988.780260(s), valid (NDCG@5: 0.6117, HR@5: 0.7084, NDCG@10: 0.6223, HR@10: 0.7409, NDCG@20: 0.6298, HR@20: 0.7708), test (NDCG@5: 0.5996, HR@5: 0.6977, NDCG@10: 0.6114, HR@10: 0.7335, NDCG@20: 0.6193, HR@20: 0.7651)
loss in epoch 311 iteration 96: 0.14219880104064941
loss in epoch 312 iteration 96: 0.14264962077140808
loss in epoch 313 iteration 96: 0.14245355129241943
loss in epoch 314 iteration 96: 0.13773030042648315
loss in epoch 315 iteration 96: 0.14185397326946259
Evaluatingepoch:315, time: 2443862.994194(s), valid (NDCG@5: 0.6125, HR@5: 0.7085, NDCG@10: 0.6230, HR@10: 0.7403, NDCG@20: 0.6306, HR@20: 0.7705), test (NDCG@5: 0.5987, HR@5: 0.6977, NDCG@10: 0.6104, HR@10: 0.7331, NDCG@20: 0.6185, HR@20: 0.7653)
loss in epoch 316 iteration 96: 0.14300425350666046
loss in epoch 317 iteration 96: 0.14376844465732574
loss in epoch 318 iteration 96: 0.13984496891498566
loss in epoch 319 iteration 96: 0.13894201815128326
loss in epoch 320 iteration 96: 0.13821126520633698
Evaluatingepoch:320, time: 2487783.762217(s), valid (NDCG@5: 0.6127, HR@5: 0.7070, NDCG@10: 0.6243, HR@10: 0.7422, NDCG@20: 0.6315, HR@20: 0.7708), test (NDCG@5: 0.5998, HR@5: 0.6978, NDCG@10: 0.6113, HR@10: 0.7325, NDCG@20: 0.6192, HR@20: 0.7644)
loss in epoch 321 iteration 96: 0.13804954290390015
loss in epoch 322 iteration 96: 0.14191262423992157
loss in epoch 323 iteration 96: 0.14594243466854095
loss in epoch 324 iteration 96: 0.14033222198486328
loss in epoch 325 iteration 96: 0.14103557169437408
Evaluatingepoch:325, time: 2534129.564762(s), valid (NDCG@5: 0.6128, HR@5: 0.7062, NDCG@10: 0.6243, HR@10: 0.7410, NDCG@20: 0.6316, HR@20: 0.7702), test (NDCG@5: 0.6000, HR@5: 0.6967, NDCG@10: 0.6121, HR@10: 0.7337, NDCG@20: 0.6199, HR@20: 0.7646)
loss in epoch 326 iteration 96: 0.14261378347873688
loss in epoch 327 iteration 96: 0.14463074505329132
loss in epoch 328 iteration 96: 0.1399867981672287
loss in epoch 329 iteration 96: 0.13792574405670166
loss in epoch 330 iteration 96: 0.14088520407676697
Evaluatingepoch:330, time: 2586144.061089(s), valid (NDCG@5: 0.6130, HR@5: 0.7084, NDCG@10: 0.6239, HR@10: 0.7417, NDCG@20: 0.6313, HR@20: 0.7712), test (NDCG@5: 0.5996, HR@5: 0.6964, NDCG@10: 0.6117, HR@10: 0.7333, NDCG@20: 0.6195, HR@20: 0.7643)
loss in epoch 331 iteration 96: 0.13924215734004974
loss in epoch 332 iteration 96: 0.14570465683937073
loss in epoch 333 iteration 96: 0.1411495953798294
loss in epoch 334 iteration 96: 0.14304986596107483
loss in epoch 335 iteration 96: 0.1440383791923523
Evaluatingepoch:335, time: 2627641.197443(s), valid (NDCG@5: 0.6127, HR@5: 0.7075, NDCG@10: 0.6236, HR@10: 0.7407, NDCG@20: 0.6310, HR@20: 0.7704), test (NDCG@5: 0.6008, HR@5: 0.6964, NDCG@10: 0.6128, HR@10: 0.7327, NDCG@20: 0.6204, HR@20: 0.7631)
loss in epoch 336 iteration 96: 0.14156287908554077
loss in epoch 337 iteration 96: 0.14319069683551788
loss in epoch 338 iteration 96: 0.14147140085697174
loss in epoch 339 iteration 96: 0.13933606445789337
loss in epoch 340 iteration 96: 0.14249861240386963
Evaluatingepoch:340, time: 2678342.458487(s), valid (NDCG@5: 0.6137, HR@5: 0.7074, NDCG@10: 0.6249, HR@10: 0.7417, NDCG@20: 0.6322, HR@20: 0.7706), test (NDCG@5: 0.6033, HR@5: 0.6977, NDCG@10: 0.6147, HR@10: 0.7325, NDCG@20: 0.6227, HR@20: 0.7644)
loss in epoch 341 iteration 96: 0.13601535558700562
loss in epoch 342 iteration 96: 0.14254537224769592
loss in epoch 343 iteration 96: 0.14236463606357574
loss in epoch 344 iteration 96: 0.1369927078485489
loss in epoch 345 iteration 96: 0.13954049348831177
Evaluatingepoch:345, time: 2724340.689421(s), valid (NDCG@5: 0.6146, HR@5: 0.7088, NDCG@10: 0.6251, HR@10: 0.7407, NDCG@20: 0.6328, HR@20: 0.7716), test (NDCG@5: 0.6034, HR@5: 0.6976, NDCG@10: 0.6152, HR@10: 0.7336, NDCG@20: 0.6228, HR@20: 0.7640)
loss in epoch 346 iteration 96: 0.1420738846063614
loss in epoch 347 iteration 96: 0.14091220498085022
loss in epoch 348 iteration 96: 0.1362626850605011
loss in epoch 349 iteration 96: 0.14341948926448822
loss in epoch 350 iteration 96: 0.13923011720180511
Evaluatingepoch:350, time: 2762071.569920(s), valid (NDCG@5: 0.6142, HR@5: 0.7083, NDCG@10: 0.6250, HR@10: 0.7412, NDCG@20: 0.6327, HR@20: 0.7721), test (NDCG@5: 0.6017, HR@5: 0.6979, NDCG@10: 0.6134, HR@10: 0.7335, NDCG@20: 0.6212, HR@20: 0.7649)
loss in epoch 351 iteration 96: 0.14035479724407196
loss in epoch 352 iteration 96: 0.13734719157218933
loss in epoch 353 iteration 96: 0.1384488195180893
loss in epoch 354 iteration 96: 0.14044450223445892
loss in epoch 355 iteration 96: 0.13866598904132843
Evaluatingepoch:355, time: 2808905.359507(s), valid (NDCG@5: 0.6146, HR@5: 0.7083, NDCG@10: 0.6255, HR@10: 0.7417, NDCG@20: 0.6329, HR@20: 0.7714), test (NDCG@5: 0.6029, HR@5: 0.6973, NDCG@10: 0.6145, HR@10: 0.7326, NDCG@20: 0.6224, HR@20: 0.7642)
loss in epoch 356 iteration 96: 0.13475868105888367
loss in epoch 357 iteration 96: 0.14181244373321533
loss in epoch 358 iteration 96: 0.13998472690582275
loss in epoch 359 iteration 96: 0.13950037956237793
loss in epoch 360 iteration 96: 0.13987259566783905
Evaluatingepoch:360, time: 2857407.567263(s), valid (NDCG@5: 0.6152, HR@5: 0.7071, NDCG@10: 0.6265, HR@10: 0.7414, NDCG@20: 0.6342, HR@20: 0.7719), test (NDCG@5: 0.6022, HR@5: 0.6970, NDCG@10: 0.6142, HR@10: 0.7334, NDCG@20: 0.6222, HR@20: 0.7651)
loss in epoch 361 iteration 96: 0.13583014905452728
loss in epoch 362 iteration 96: 0.13578201830387115
loss in epoch 363 iteration 96: 0.13903552293777466
loss in epoch 364 iteration 96: 0.13996392488479614
loss in epoch 365 iteration 96: 0.13837026059627533
Evaluatingepoch:365, time: 2899178.782701(s), valid (NDCG@5: 0.6146, HR@5: 0.7085, NDCG@10: 0.6253, HR@10: 0.7409, NDCG@20: 0.6329, HR@20: 0.7711), test (NDCG@5: 0.6031, HR@5: 0.6973, NDCG@10: 0.6149, HR@10: 0.7333, NDCG@20: 0.6230, HR@20: 0.7656)
loss in epoch 366 iteration 96: 0.1331067830324173
loss in epoch 367 iteration 96: 0.14234435558319092
loss in epoch 368 iteration 96: 0.13909226655960083
loss in epoch 369 iteration 96: 0.13744695484638214
loss in epoch 370 iteration 96: 0.141382098197937
Evaluatingepoch:370, time: 2948237.039804(s), valid (NDCG@5: 0.6165, HR@5: 0.7081, NDCG@10: 0.6276, HR@10: 0.7417, NDCG@20: 0.6348, HR@20: 0.7708), test (NDCG@5: 0.6031, HR@5: 0.6973, NDCG@10: 0.6152, HR@10: 0.7338, NDCG@20: 0.6232, HR@20: 0.7662)
loss in epoch 371 iteration 96: 0.13396768271923065
loss in epoch 372 iteration 96: 0.13643063604831696
loss in epoch 373 iteration 96: 0.13905557990074158
loss in epoch 374 iteration 96: 0.13960391283035278
loss in epoch 375 iteration 96: 0.13937778770923615
Evaluatingepoch:375, time: 2997898.628473(s), valid (NDCG@5: 0.6143, HR@5: 0.7084, NDCG@10: 0.6252, HR@10: 0.7414, NDCG@20: 0.6326, HR@20: 0.7709), test (NDCG@5: 0.6022, HR@5: 0.6976, NDCG@10: 0.6143, HR@10: 0.7343, NDCG@20: 0.6222, HR@20: 0.7659)
loss in epoch 376 iteration 96: 0.13441680371761322
loss in epoch 377 iteration 96: 0.13695675134658813
loss in epoch 378 iteration 96: 0.13855800032615662
loss in epoch 379 iteration 96: 0.1385020911693573
loss in epoch 380 iteration 96: 0.13487325608730316
Evaluatingepoch:380, time: 3041123.151302(s), valid (NDCG@5: 0.6167, HR@5: 0.7090, NDCG@10: 0.6274, HR@10: 0.7414, NDCG@20: 0.6347, HR@20: 0.7708), test (NDCG@5: 0.6020, HR@5: 0.6961, NDCG@10: 0.6142, HR@10: 0.7333, NDCG@20: 0.6223, HR@20: 0.7656)
loss in epoch 381 iteration 96: 0.1354195922613144
loss in epoch 382 iteration 96: 0.14079029858112335
loss in epoch 383 iteration 96: 0.13371038436889648
loss in epoch 384 iteration 96: 0.14326262474060059
loss in epoch 385 iteration 96: 0.13846850395202637
Evaluatingepoch:385, time: 3088584.366798(s), valid (NDCG@5: 0.6150, HR@5: 0.7083, NDCG@10: 0.6261, HR@10: 0.7420, NDCG@20: 0.6331, HR@20: 0.7701), test (NDCG@5: 0.6036, HR@5: 0.6981, NDCG@10: 0.6152, HR@10: 0.7335, NDCG@20: 0.6232, HR@20: 0.7656)
loss in epoch 386 iteration 96: 0.13480979204177856
loss in epoch 387 iteration 96: 0.1391693353652954
loss in epoch 388 iteration 96: 0.13501721620559692
loss in epoch 389 iteration 96: 0.13963928818702698
loss in epoch 390 iteration 96: 0.1353529393672943
Evaluatingepoch:390, time: 3138176.706791(s), valid (NDCG@5: 0.6158, HR@5: 0.7072, NDCG@10: 0.6271, HR@10: 0.7414, NDCG@20: 0.6342, HR@20: 0.7699), test (NDCG@5: 0.6038, HR@5: 0.6967, NDCG@10: 0.6161, HR@10: 0.7341, NDCG@20: 0.6237, HR@20: 0.7647)
loss in epoch 391 iteration 96: 0.1354873925447464
loss in epoch 392 iteration 96: 0.13801951706409454
loss in epoch 393 iteration 96: 0.13826803863048553
loss in epoch 394 iteration 96: 0.13062047958374023
loss in epoch 395 iteration 96: 0.13713283836841583
Evaluatingepoch:395, time: 3181635.035753(s), valid (NDCG@5: 0.6170, HR@5: 0.7087, NDCG@10: 0.6280, HR@10: 0.7420, NDCG@20: 0.6352, HR@20: 0.7707), test (NDCG@5: 0.6052, HR@5: 0.6986, NDCG@10: 0.6168, HR@10: 0.7340, NDCG@20: 0.6245, HR@20: 0.7647)
loss in epoch 396 iteration 96: 0.13179251551628113
loss in epoch 397 iteration 96: 0.13980402052402496
loss in epoch 398 iteration 96: 0.1287047415971756
loss in epoch 399 iteration 96: 0.1320435106754303
loss in epoch 400 iteration 96: 0.13922454416751862
Evaluatingepoch:400, time: 3225743.421316(s), valid (NDCG@5: 0.6161, HR@5: 0.7080, NDCG@10: 0.6272, HR@10: 0.7417, NDCG@20: 0.6343, HR@20: 0.7704), test (NDCG@5: 0.6053, HR@5: 0.6968, NDCG@10: 0.6177, HR@10: 0.7346, NDCG@20: 0.6253, HR@20: 0.7651)
loss in epoch 401 iteration 96: 0.13650164008140564
loss in epoch 402 iteration 96: 0.13425390422344208
loss in epoch 403 iteration 96: 0.13938674330711365
loss in epoch 404 iteration 96: 0.1411091387271881
loss in epoch 405 iteration 96: 0.13351508975028992
Evaluatingepoch:405, time: 3274062.748671(s), valid (NDCG@5: 0.6190, HR@5: 0.7101, NDCG@10: 0.6293, HR@10: 0.7413, NDCG@20: 0.6369, HR@20: 0.7716), test (NDCG@5: 0.6042, HR@5: 0.6977, NDCG@10: 0.6161, HR@10: 0.7340, NDCG@20: 0.6238, HR@20: 0.7648)
loss in epoch 406 iteration 96: 0.1380879431962967
loss in epoch 407 iteration 96: 0.13381202518939972
loss in epoch 408 iteration 96: 0.13629312813282013
loss in epoch 409 iteration 96: 0.1357705444097519
loss in epoch 410 iteration 96: 0.13670067489147186
Evaluatingepoch:410, time: 3324267.763615(s), valid (NDCG@5: 0.6174, HR@5: 0.7093, NDCG@10: 0.6283, HR@10: 0.7423, NDCG@20: 0.6355, HR@20: 0.7714), test (NDCG@5: 0.6051, HR@5: 0.6979, NDCG@10: 0.6170, HR@10: 0.7342, NDCG@20: 0.6244, HR@20: 0.7638)
loss in epoch 411 iteration 96: 0.13830919563770294
loss in epoch 412 iteration 96: 0.13351479172706604
loss in epoch 413 iteration 96: 0.13762527704238892
loss in epoch 414 iteration 96: 0.1336168348789215
loss in epoch 415 iteration 96: 0.13677799701690674
Evaluatingepoch:415, time: 3369274.526596(s), valid (NDCG@5: 0.6161, HR@5: 0.7072, NDCG@10: 0.6275, HR@10: 0.7421, NDCG@20: 0.6348, HR@20: 0.7712), test (NDCG@5: 0.6056, HR@5: 0.6969, NDCG@10: 0.6176, HR@10: 0.7334, NDCG@20: 0.6253, HR@20: 0.7642)
loss in epoch 416 iteration 96: 0.14034655690193176
loss in epoch 417 iteration 96: 0.1350966989994049
loss in epoch 418 iteration 96: 0.14136362075805664
loss in epoch 419 iteration 96: 0.1343732476234436
loss in epoch 420 iteration 96: 0.12963727116584778
Evaluatingepoch:420, time: 3418500.877857(s), valid (NDCG@5: 0.6170, HR@5: 0.7085, NDCG@10: 0.6280, HR@10: 0.7420, NDCG@20: 0.6353, HR@20: 0.7712), test (NDCG@5: 0.6037, HR@5: 0.6980, NDCG@10: 0.6155, HR@10: 0.7340, NDCG@20: 0.6230, HR@20: 0.7638)
loss in epoch 421 iteration 96: 0.13532216846942902
loss in epoch 422 iteration 96: 0.1393803209066391
loss in epoch 423 iteration 96: 0.13378292322158813
loss in epoch 424 iteration 96: 0.13183927536010742
loss in epoch 425 iteration 96: 0.1314665675163269
Evaluatingepoch:425, time: 3465515.826702(s), valid (NDCG@5: 0.6163, HR@5: 0.7088, NDCG@10: 0.6271, HR@10: 0.7414, NDCG@20: 0.6346, HR@20: 0.7714), test (NDCG@5: 0.6040, HR@5: 0.6969, NDCG@10: 0.6161, HR@10: 0.7337, NDCG@20: 0.6237, HR@20: 0.7638)
loss in epoch 426 iteration 96: 0.13425029814243317
loss in epoch 427 iteration 96: 0.13430683314800262
loss in epoch 428 iteration 96: 0.13657017052173615
loss in epoch 429 iteration 96: 0.13886025547981262
loss in epoch 430 iteration 96: 0.13705629110336304
Evaluatingepoch:430, time: 3507035.850525(s), valid (NDCG@5: 0.6166, HR@5: 0.7078, NDCG@10: 0.6280, HR@10: 0.7424, NDCG@20: 0.6352, HR@20: 0.7712), test (NDCG@5: 0.6056, HR@5: 0.6983, NDCG@10: 0.6170, HR@10: 0.7329, NDCG@20: 0.6247, HR@20: 0.7636)
loss in epoch 431 iteration 96: 0.13078013062477112
loss in epoch 432 iteration 96: 0.1349768191576004
loss in epoch 433 iteration 96: 0.13593460619449615
loss in epoch 434 iteration 96: 0.1361202895641327
loss in epoch 435 iteration 96: 0.13736094534397125
Evaluatingepoch:435, time: 3561205.010891(s), valid (NDCG@5: 0.6177, HR@5: 0.7075, NDCG@10: 0.6290, HR@10: 0.7417, NDCG@20: 0.6366, HR@20: 0.7722), test (NDCG@5: 0.6074, HR@5: 0.6982, NDCG@10: 0.6189, HR@10: 0.7330, NDCG@20: 0.6268, HR@20: 0.7644)
loss in epoch 436 iteration 96: 0.12983474135398865
loss in epoch 437 iteration 96: 0.13297192752361298
loss in epoch 438 iteration 96: 0.1389644742012024
loss in epoch 439 iteration 96: 0.1344977617263794
loss in epoch 440 iteration 96: 0.13377204537391663
Evaluatingepoch:440, time: 3609552.510977(s), valid (NDCG@5: 0.6173, HR@5: 0.7089, NDCG@10: 0.6283, HR@10: 0.7422, NDCG@20: 0.6356, HR@20: 0.7716), test (NDCG@5: 0.6055, HR@5: 0.6975, NDCG@10: 0.6175, HR@10: 0.7340, NDCG@20: 0.6251, HR@20: 0.7642)
loss in epoch 441 iteration 96: 0.1331591010093689
loss in epoch 442 iteration 96: 0.1310494989156723
loss in epoch 443 iteration 96: 0.13498418033123016
loss in epoch 444 iteration 96: 0.13415466248989105
loss in epoch 445 iteration 96: 0.13214850425720215
Evaluatingepoch:445, time: 3652717.225790(s), valid (NDCG@5: 0.6173, HR@5: 0.7085, NDCG@10: 0.6284, HR@10: 0.7423, NDCG@20: 0.6356, HR@20: 0.7710), test (NDCG@5: 0.6056, HR@5: 0.6970, NDCG@10: 0.6179, HR@10: 0.7343, NDCG@20: 0.6253, HR@20: 0.7639)
loss in epoch 446 iteration 96: 0.1349869966506958
loss in epoch 447 iteration 96: 0.13214318454265594
loss in epoch 448 iteration 96: 0.13019870221614838
loss in epoch 449 iteration 96: 0.12877777218818665
loss in epoch 450 iteration 96: 0.13534195721149445
Evaluatingepoch:450, time: 3704705.890656(s), valid (NDCG@5: 0.6175, HR@5: 0.7091, NDCG@10: 0.6283, HR@10: 0.7420, NDCG@20: 0.6358, HR@20: 0.7723), test (NDCG@5: 0.6062, HR@5: 0.6973, NDCG@10: 0.6181, HR@10: 0.7335, NDCG@20: 0.6259, HR@20: 0.7647)
loss in epoch 451 iteration 96: 0.1321284919977188
loss in epoch 452 iteration 96: 0.1285475194454193
loss in epoch 453 iteration 96: 0.12923868000507355
loss in epoch 454 iteration 96: 0.13148587942123413
loss in epoch 455 iteration 96: 0.13189424574375153
Evaluatingepoch:455, time: 3750581.909895(s), valid (NDCG@5: 0.6186, HR@5: 0.7085, NDCG@10: 0.6296, HR@10: 0.7420, NDCG@20: 0.6371, HR@20: 0.7719), test (NDCG@5: 0.6072, HR@5: 0.6972, NDCG@10: 0.6193, HR@10: 0.7339, NDCG@20: 0.6266, HR@20: 0.7633)
loss in epoch 456 iteration 96: 0.13374543190002441
loss in epoch 457 iteration 96: 0.12937648594379425
loss in epoch 458 iteration 96: 0.13042454421520233
loss in epoch 459 iteration 96: 0.13011230528354645
loss in epoch 460 iteration 96: 0.13179542124271393
Evaluatingepoch:460, time: 3790877.225637(s), valid (NDCG@5: 0.6173, HR@5: 0.7078, NDCG@10: 0.6286, HR@10: 0.7419, NDCG@20: 0.6359, HR@20: 0.7710), test (NDCG@5: 0.6054, HR@5: 0.6976, NDCG@10: 0.6175, HR@10: 0.7341, NDCG@20: 0.6248, HR@20: 0.7636)
loss in epoch 461 iteration 96: 0.12915833294391632
loss in epoch 462 iteration 96: 0.13517899811267853
loss in epoch 463 iteration 96: 0.13464348018169403
loss in epoch 464 iteration 96: 0.12837061285972595
loss in epoch 465 iteration 96: 0.13118012249469757
Evaluatingepoch:465, time: 3838684.809446(s), valid (NDCG@5: 0.6195, HR@5: 0.7099, NDCG@10: 0.6302, HR@10: 0.7424, NDCG@20: 0.6376, HR@20: 0.7724), test (NDCG@5: 0.6077, HR@5: 0.6998, NDCG@10: 0.6188, HR@10: 0.7335, NDCG@20: 0.6264, HR@20: 0.7638)
loss in epoch 466 iteration 96: 0.13210885226726532
loss in epoch 467 iteration 96: 0.12657608091831207
loss in epoch 468 iteration 96: 0.13282808661460876
loss in epoch 469 iteration 96: 0.12615865468978882
loss in epoch 470 iteration 96: 0.13473030924797058
Evaluatingepoch:470, time: 3886495.689392(s), valid (NDCG@5: 0.6198, HR@5: 0.7088, NDCG@10: 0.6306, HR@10: 0.7419, NDCG@20: 0.6381, HR@20: 0.7717), test (NDCG@5: 0.6076, HR@5: 0.6986, NDCG@10: 0.6194, HR@10: 0.7343, NDCG@20: 0.6267, HR@20: 0.7637)
loss in epoch 471 iteration 96: 0.13007348775863647
loss in epoch 472 iteration 96: 0.12594333291053772
loss in epoch 473 iteration 96: 0.1299041509628296
loss in epoch 474 iteration 96: 0.13290639221668243
loss in epoch 475 iteration 96: 0.1292112171649933
Evaluatingepoch:475, time: 3932617.247343(s), valid (NDCG@5: 0.6193, HR@5: 0.7081, NDCG@10: 0.6303, HR@10: 0.7414, NDCG@20: 0.6379, HR@20: 0.7721), test (NDCG@5: 0.6071, HR@5: 0.6981, NDCG@10: 0.6189, HR@10: 0.7342, NDCG@20: 0.6264, HR@20: 0.7640)
loss in epoch 476 iteration 96: 0.12819772958755493
loss in epoch 477 iteration 96: 0.13159671425819397
loss in epoch 478 iteration 96: 0.13114410638809204
loss in epoch 479 iteration 96: 0.13254088163375854
loss in epoch 480 iteration 96: 0.131220281124115
Evaluatingepoch:480, time: 3980164.683342(s), valid (NDCG@5: 0.6187, HR@5: 0.7093, NDCG@10: 0.6296, HR@10: 0.7424, NDCG@20: 0.6369, HR@20: 0.7715), test (NDCG@5: 0.6068, HR@5: 0.6977, NDCG@10: 0.6188, HR@10: 0.7341, NDCG@20: 0.6263, HR@20: 0.7644)
loss in epoch 481 iteration 96: 0.13185183703899384
loss in epoch 482 iteration 96: 0.12743356823921204
loss in epoch 483 iteration 96: 0.13559402525424957
loss in epoch 484 iteration 96: 0.12858130037784576
loss in epoch 485 iteration 96: 0.12730878591537476
Evaluatingepoch:485, time: 4026360.417128(s), valid (NDCG@5: 0.6195, HR@5: 0.7087, NDCG@10: 0.6306, HR@10: 0.7423, NDCG@20: 0.6377, HR@20: 0.7708), test (NDCG@5: 0.6073, HR@5: 0.6977, NDCG@10: 0.6193, HR@10: 0.7344, NDCG@20: 0.6267, HR@20: 0.7639)
loss in epoch 486 iteration 96: 0.1319456398487091
loss in epoch 487 iteration 96: 0.13353846967220306
loss in epoch 488 iteration 96: 0.12895630300045013
loss in epoch 489 iteration 96: 0.13541871309280396
loss in epoch 490 iteration 96: 0.12919990718364716
Evaluatingepoch:490, time: 4060794.399500(s), valid (NDCG@5: 0.6185, HR@5: 0.7089, NDCG@10: 0.6294, HR@10: 0.7421, NDCG@20: 0.6366, HR@20: 0.7708), test (NDCG@5: 0.6060, HR@5: 0.6981, NDCG@10: 0.6180, HR@10: 0.7345, NDCG@20: 0.6257, HR@20: 0.7651)
loss in epoch 491 iteration 96: 0.1316957026720047
loss in epoch 492 iteration 96: 0.13028906285762787
loss in epoch 493 iteration 96: 0.12578554451465607
loss in epoch 494 iteration 96: 0.13442674279212952
loss in epoch 495 iteration 96: 0.13000109791755676
Evaluatingepoch:495, time: 4110108.765125(s), valid (NDCG@5: 0.6212, HR@5: 0.7102, NDCG@10: 0.6318, HR@10: 0.7424, NDCG@20: 0.6389, HR@20: 0.7708), test (NDCG@5: 0.6063, HR@5: 0.6983, NDCG@10: 0.6182, HR@10: 0.7343, NDCG@20: 0.6258, HR@20: 0.7647)
loss in epoch 496 iteration 96: 0.12888240814208984
loss in epoch 497 iteration 96: 0.13199283182621002
loss in epoch 498 iteration 96: 0.13175071775913239
loss in epoch 499 iteration 96: 0.13318921625614166
loss in epoch 500 iteration 96: 0.13463643193244934
Evaluatingepoch:500, time: 4163600.729465(s), valid (NDCG@5: 0.6214, HR@5: 0.7099, NDCG@10: 0.6318, HR@10: 0.7415, NDCG@20: 0.6393, HR@20: 0.7713), test (NDCG@5: 0.6082, HR@5: 0.7005, NDCG@10: 0.6193, HR@10: 0.7345, NDCG@20: 0.6270, HR@20: 0.7655)
loss in epoch 501 iteration 96: 0.12828369438648224
Training time : 4179612.5156879425
Done
