Arguments:
backbone mamba
batch_size 256
dataset ml-1m
device cuda:4
dropout_rate 0.5
eval_neg_sample 100
hidden_units 64
inference_only False
l2_emb 0.0
lr 0.0005
maxlen 200
name mamba
num_blocks 2
num_epochs 501
num_heads 1
state_dict_path None
train_dir tracks256_default/

6040
average sequence length: 163.50
parameters_count: 270272
loss in epoch 1 iteration 22: 1.3856306076049805
loss in epoch 2 iteration 22: 1.3548880815505981
loss in epoch 3 iteration 22: 1.1003435850143433
loss in epoch 4 iteration 22: 1.0115478038787842
loss in epoch 5 iteration 22: 0.998504638671875
loss in epoch 6 iteration 22: 0.9797427654266357
loss in epoch 7 iteration 22: 0.973023533821106
loss in epoch 8 iteration 22: 0.9598963260650635
loss in epoch 9 iteration 22: 0.9415777325630188
loss in epoch 10 iteration 22: 0.8830507397651672
loss in epoch 11 iteration 22: 0.890621542930603
loss in epoch 12 iteration 22: 0.8257306814193726
loss in epoch 13 iteration 22: 0.8150731921195984
loss in epoch 14 iteration 22: 0.7916964292526245
loss in epoch 15 iteration 22: 0.7707401514053345
loss in epoch 16 iteration 22: 0.7378418445587158
loss in epoch 17 iteration 22: 0.726312518119812
loss in epoch 18 iteration 22: 0.7305334806442261
loss in epoch 19 iteration 22: 0.6976571083068848
loss in epoch 20 iteration 22: 0.6890595555305481
Evaluatingepoch:20, time: 7088.397026(s), valid (NDCG@5: 0.4054, HR@5: 0.5717, NDCG@10: 0.4538, HR@10: 0.7209, NDCG@20: 0.4861, HR@20: 0.8482), test (NDCG@5: 0.3900, HR@5: 0.5465, NDCG@10: 0.4398, HR@10: 0.6998, NDCG@20: 0.4734, HR@20: 0.8323)
loss in epoch 21 iteration 22: 0.665916383266449
loss in epoch 22 iteration 22: 0.6573987007141113
loss in epoch 23 iteration 22: 0.6452381610870361
loss in epoch 24 iteration 22: 0.6573141813278198
loss in epoch 25 iteration 22: 0.6486473679542542
loss in epoch 26 iteration 22: 0.6117271184921265
loss in epoch 27 iteration 22: 0.6199490427970886
loss in epoch 28 iteration 22: 0.6591362357139587
loss in epoch 29 iteration 22: 0.6078450679779053
loss in epoch 30 iteration 22: 0.589092493057251
loss in epoch 31 iteration 22: 0.6067792177200317
loss in epoch 32 iteration 22: 0.585919976234436
loss in epoch 33 iteration 22: 0.5710253715515137
loss in epoch 34 iteration 22: 0.5890167355537415
loss in epoch 35 iteration 22: 0.5838029384613037
loss in epoch 36 iteration 22: 0.5804244875907898
loss in epoch 37 iteration 22: 0.5693475008010864
loss in epoch 38 iteration 22: 0.5530781149864197
loss in epoch 39 iteration 22: 0.5561707019805908
loss in epoch 40 iteration 22: 0.5603543519973755
Evaluatingepoch:40, time: 14254.493237(s), valid (NDCG@5: 0.4928, HR@5: 0.6591, NDCG@10: 0.5353, HR@10: 0.7894, NDCG@20: 0.5613, HR@20: 0.8916), test (NDCG@5: 0.4742, HR@5: 0.6369, NDCG@10: 0.5157, HR@10: 0.7641, NDCG@20: 0.5433, HR@20: 0.8728)
loss in epoch 41 iteration 22: 0.5564953088760376
loss in epoch 42 iteration 22: 0.5740585327148438
loss in epoch 43 iteration 22: 0.5351152420043945
loss in epoch 44 iteration 22: 0.5364139080047607
loss in epoch 45 iteration 22: 0.5480197072029114
loss in epoch 46 iteration 22: 0.5197527408599854
loss in epoch 47 iteration 22: 0.5441632270812988
loss in epoch 48 iteration 22: 0.5287861824035645
loss in epoch 49 iteration 22: 0.5277501940727234
loss in epoch 50 iteration 22: 0.5333425998687744
loss in epoch 51 iteration 22: 0.5248212814331055
loss in epoch 52 iteration 22: 0.509000837802887
loss in epoch 53 iteration 22: 0.5346011519432068
loss in epoch 54 iteration 22: 0.5212464332580566
loss in epoch 55 iteration 22: 0.5204253196716309
loss in epoch 56 iteration 22: 0.5214225053787231
loss in epoch 57 iteration 22: 0.5072455406188965
loss in epoch 58 iteration 22: 0.5027902126312256
loss in epoch 59 iteration 22: 0.501243531703949
loss in epoch 60 iteration 22: 0.4937317967414856
Evaluatingepoch:60, time: 21433.263302(s), valid (NDCG@5: 0.5231, HR@5: 0.6902, NDCG@10: 0.5630, HR@10: 0.8126, NDCG@20: 0.5854, HR@20: 0.9008), test (NDCG@5: 0.4955, HR@5: 0.6589, NDCG@10: 0.5355, HR@10: 0.7820, NDCG@20: 0.5597, HR@20: 0.8768)
loss in epoch 61 iteration 22: 0.4984903633594513
loss in epoch 62 iteration 22: 0.5114461183547974
loss in epoch 63 iteration 22: 0.5072486996650696
loss in epoch 64 iteration 22: 0.5034409761428833
loss in epoch 65 iteration 22: 0.4923483729362488
loss in epoch 66 iteration 22: 0.4946785271167755
loss in epoch 67 iteration 22: 0.5266150832176208
loss in epoch 68 iteration 22: 0.49697738885879517
loss in epoch 69 iteration 22: 0.48801523447036743
loss in epoch 70 iteration 22: 0.46449875831604004
loss in epoch 71 iteration 22: 0.48920100927352905
loss in epoch 72 iteration 22: 0.47466135025024414
loss in epoch 73 iteration 22: 0.48747146129608154
loss in epoch 74 iteration 22: 0.4970529079437256
loss in epoch 75 iteration 22: 0.49468016624450684
loss in epoch 76 iteration 22: 0.49402642250061035
loss in epoch 77 iteration 22: 0.46599262952804565
loss in epoch 78 iteration 22: 0.48549702763557434
loss in epoch 79 iteration 22: 0.4630672335624695
loss in epoch 80 iteration 22: 0.4733585715293884
Evaluatingepoch:80, time: 27470.086813(s), valid (NDCG@5: 0.5379, HR@5: 0.7048, NDCG@10: 0.5752, HR@10: 0.8192, NDCG@20: 0.5959, HR@20: 0.9007), test (NDCG@5: 0.5147, HR@5: 0.6775, NDCG@10: 0.5514, HR@10: 0.7902, NDCG@20: 0.5738, HR@20: 0.8783)
loss in epoch 81 iteration 22: 0.4725247025489807
loss in epoch 82 iteration 22: 0.5009421706199646
loss in epoch 83 iteration 22: 0.4778881371021271
loss in epoch 84 iteration 22: 0.4806344509124756
loss in epoch 85 iteration 22: 0.4852362871170044
loss in epoch 86 iteration 22: 0.47534728050231934
loss in epoch 87 iteration 22: 0.46439096331596375
loss in epoch 88 iteration 22: 0.4683877229690552
loss in epoch 89 iteration 22: 0.4815193712711334
loss in epoch 90 iteration 22: 0.46687600016593933
loss in epoch 91 iteration 22: 0.47375839948654175
loss in epoch 92 iteration 22: 0.4704088568687439
loss in epoch 93 iteration 22: 0.4510101079940796
loss in epoch 94 iteration 22: 0.47611361742019653
loss in epoch 95 iteration 22: 0.4709136486053467
loss in epoch 96 iteration 22: 0.4554310739040375
loss in epoch 97 iteration 22: 0.4492736756801605
loss in epoch 98 iteration 22: 0.45128026604652405
loss in epoch 99 iteration 22: 0.4506729245185852
loss in epoch 100 iteration 22: 0.43894636631011963
Evaluatingepoch:100, time: 33916.628599(s), valid (NDCG@5: 0.5490, HR@5: 0.7144, NDCG@10: 0.5850, HR@10: 0.8255, NDCG@20: 0.6046, HR@20: 0.9025), test (NDCG@5: 0.5240, HR@5: 0.6891, NDCG@10: 0.5602, HR@10: 0.8002, NDCG@20: 0.5809, HR@20: 0.8813)
loss in epoch 101 iteration 22: 0.45137450098991394
loss in epoch 102 iteration 22: 0.4678313732147217
loss in epoch 103 iteration 22: 0.46717891097068787
loss in epoch 104 iteration 22: 0.4450785517692566
loss in epoch 105 iteration 22: 0.46750807762145996
loss in epoch 106 iteration 22: 0.46975237131118774
loss in epoch 107 iteration 22: 0.48771142959594727
loss in epoch 108 iteration 22: 0.4709266722202301
loss in epoch 109 iteration 22: 0.4592267870903015
loss in epoch 110 iteration 22: 0.4689493775367737
loss in epoch 111 iteration 22: 0.4575994312763214
loss in epoch 112 iteration 22: 0.4573250710964203
loss in epoch 113 iteration 22: 0.4445762634277344
loss in epoch 114 iteration 22: 0.46003881096839905
loss in epoch 115 iteration 22: 0.4424893260002136
loss in epoch 116 iteration 22: 0.46524062752723694
loss in epoch 117 iteration 22: 0.4585745334625244
loss in epoch 118 iteration 22: 0.4456828236579895
loss in epoch 119 iteration 22: 0.4595879912376404
loss in epoch 120 iteration 22: 0.4442736804485321
Evaluatingepoch:120, time: 41533.376694(s), valid (NDCG@5: 0.5600, HR@5: 0.7192, NDCG@10: 0.5953, HR@10: 0.8278, NDCG@20: 0.6150, HR@20: 0.9053), test (NDCG@5: 0.5344, HR@5: 0.6925, NDCG@10: 0.5699, HR@10: 0.8015, NDCG@20: 0.5916, HR@20: 0.8869)
loss in epoch 121 iteration 22: 0.42386865615844727
loss in epoch 122 iteration 22: 0.4534151554107666
loss in epoch 123 iteration 22: 0.45853108167648315
loss in epoch 124 iteration 22: 0.4600258469581604
loss in epoch 125 iteration 22: 0.44348976016044617
loss in epoch 126 iteration 22: 0.43753582239151
loss in epoch 127 iteration 22: 0.44037294387817383
loss in epoch 128 iteration 22: 0.44390708208084106
loss in epoch 129 iteration 22: 0.4597740173339844
loss in epoch 130 iteration 22: 0.4472256302833557
loss in epoch 131 iteration 22: 0.442799836397171
loss in epoch 132 iteration 22: 0.46037423610687256
loss in epoch 133 iteration 22: 0.46043723821640015
loss in epoch 134 iteration 22: 0.43791672587394714
loss in epoch 135 iteration 22: 0.43392470479011536
loss in epoch 136 iteration 22: 0.4446712136268616
loss in epoch 137 iteration 22: 0.45588409900665283
loss in epoch 138 iteration 22: 0.4345238208770752
loss in epoch 139 iteration 22: 0.4308096766471863
loss in epoch 140 iteration 22: 0.46101683378219604
Evaluatingepoch:140, time: 48284.486532(s), valid (NDCG@5: 0.5582, HR@5: 0.7232, NDCG@10: 0.5931, HR@10: 0.8300, NDCG@20: 0.6122, HR@20: 0.9046), test (NDCG@5: 0.5354, HR@5: 0.6964, NDCG@10: 0.5705, HR@10: 0.8040, NDCG@20: 0.5919, HR@20: 0.8881)
loss in epoch 141 iteration 22: 0.4164775609970093
loss in epoch 142 iteration 22: 0.43186676502227783
loss in epoch 143 iteration 22: 0.4350687265396118
loss in epoch 144 iteration 22: 0.43939632177352905
loss in epoch 145 iteration 22: 0.43494540452957153
loss in epoch 146 iteration 22: 0.41242891550064087
loss in epoch 147 iteration 22: 0.427112340927124
loss in epoch 148 iteration 22: 0.45188790559768677
loss in epoch 149 iteration 22: 0.43001604080200195
loss in epoch 150 iteration 22: 0.41652733087539673
loss in epoch 151 iteration 22: 0.4471699297428131
loss in epoch 152 iteration 22: 0.43187958002090454
loss in epoch 153 iteration 22: 0.44586628675460815
loss in epoch 154 iteration 22: 0.4201532006263733
loss in epoch 155 iteration 22: 0.44239968061447144
loss in epoch 156 iteration 22: 0.44182252883911133
loss in epoch 157 iteration 22: 0.4233729839324951
loss in epoch 158 iteration 22: 0.4367227554321289
loss in epoch 159 iteration 22: 0.4211762547492981
loss in epoch 160 iteration 22: 0.43580546975135803
Evaluatingepoch:160, time: 54259.566307(s), valid (NDCG@5: 0.5632, HR@5: 0.7248, NDCG@10: 0.5989, HR@10: 0.8339, NDCG@20: 0.6175, HR@20: 0.9073), test (NDCG@5: 0.5414, HR@5: 0.6965, NDCG@10: 0.5770, HR@10: 0.8060, NDCG@20: 0.5985, HR@20: 0.8906)
loss in epoch 161 iteration 22: 0.4154995083808899
loss in epoch 162 iteration 22: 0.4380456805229187
loss in epoch 163 iteration 22: 0.4364108741283417
loss in epoch 164 iteration 22: 0.4146207571029663
loss in epoch 165 iteration 22: 0.4319690465927124
loss in epoch 166 iteration 22: 0.45840704441070557
loss in epoch 167 iteration 22: 0.41223669052124023
loss in epoch 168 iteration 22: 0.412123441696167
loss in epoch 169 iteration 22: 0.42558979988098145
loss in epoch 170 iteration 22: 0.4277440309524536
loss in epoch 171 iteration 22: 0.42833662033081055
loss in epoch 172 iteration 22: 0.4214046597480774
loss in epoch 173 iteration 22: 0.4510689675807953
loss in epoch 174 iteration 22: 0.4234160780906677
loss in epoch 175 iteration 22: 0.423287034034729
loss in epoch 176 iteration 22: 0.4224560856819153
loss in epoch 177 iteration 22: 0.41099804639816284
loss in epoch 178 iteration 22: 0.4255528748035431
loss in epoch 179 iteration 22: 0.4221803545951843
loss in epoch 180 iteration 22: 0.430144727230072
Evaluatingepoch:180, time: 61342.473507(s), valid (NDCG@5: 0.5691, HR@5: 0.7303, NDCG@10: 0.6039, HR@10: 0.8377, NDCG@20: 0.6221, HR@20: 0.9096), test (NDCG@5: 0.5434, HR@5: 0.7023, NDCG@10: 0.5770, HR@10: 0.8051, NDCG@20: 0.5982, HR@20: 0.8887)
loss in epoch 181 iteration 22: 0.4271232485771179
loss in epoch 182 iteration 22: 0.4284636974334717
loss in epoch 183 iteration 22: 0.4036308526992798
loss in epoch 184 iteration 22: 0.428605318069458
loss in epoch 185 iteration 22: 0.4078925848007202
loss in epoch 186 iteration 22: 0.43049389123916626
loss in epoch 187 iteration 22: 0.4126986563205719
loss in epoch 188 iteration 22: 0.4137006998062134
loss in epoch 189 iteration 22: 0.3882077932357788
loss in epoch 190 iteration 22: 0.41370630264282227
loss in epoch 191 iteration 22: 0.42510825395584106
loss in epoch 192 iteration 22: 0.4253930449485779
loss in epoch 193 iteration 22: 0.411746621131897
loss in epoch 194 iteration 22: 0.39663344621658325
loss in epoch 195 iteration 22: 0.40331462025642395
loss in epoch 196 iteration 22: 0.4320734143257141
loss in epoch 197 iteration 22: 0.39039862155914307
loss in epoch 198 iteration 22: 0.40221720933914185
loss in epoch 199 iteration 22: 0.4379182457923889
loss in epoch 200 iteration 22: 0.41290557384490967
Evaluatingepoch:200, time: 67476.280928(s), valid (NDCG@5: 0.5673, HR@5: 0.7295, NDCG@10: 0.6006, HR@10: 0.8316, NDCG@20: 0.6202, HR@20: 0.9088), test (NDCG@5: 0.5459, HR@5: 0.7017, NDCG@10: 0.5811, HR@10: 0.8098, NDCG@20: 0.6023, HR@20: 0.8934)
loss in epoch 201 iteration 22: 0.43000537157058716
loss in epoch 202 iteration 22: 0.4178902804851532
loss in epoch 203 iteration 22: 0.4137449562549591
loss in epoch 204 iteration 22: 0.42150336503982544
loss in epoch 205 iteration 22: 0.41789916157722473
loss in epoch 206 iteration 22: 0.42603904008865356
loss in epoch 207 iteration 22: 0.399387389421463
loss in epoch 208 iteration 22: 0.4156337380409241
loss in epoch 209 iteration 22: 0.4261038601398468
loss in epoch 210 iteration 22: 0.4284226894378662
loss in epoch 211 iteration 22: 0.42426908016204834
loss in epoch 212 iteration 22: 0.4295651316642761
loss in epoch 213 iteration 22: 0.43183696269989014
loss in epoch 214 iteration 22: 0.4327406585216522
loss in epoch 215 iteration 22: 0.4155302047729492
loss in epoch 216 iteration 22: 0.3974287211894989
loss in epoch 217 iteration 22: 0.42218291759490967
loss in epoch 218 iteration 22: 0.4096513092517853
loss in epoch 219 iteration 22: 0.417538046836853
loss in epoch 220 iteration 22: 0.41514021158218384
Evaluatingepoch:220, time: 75032.575130(s), valid (NDCG@5: 0.5663, HR@5: 0.7252, NDCG@10: 0.6014, HR@10: 0.8331, NDCG@20: 0.6209, HR@20: 0.9094), test (NDCG@5: 0.5448, HR@5: 0.7033, NDCG@10: 0.5802, HR@10: 0.8123, NDCG@20: 0.6006, HR@20: 0.8922)
loss in epoch 221 iteration 22: 0.4197269082069397
loss in epoch 222 iteration 22: 0.4026748836040497
loss in epoch 223 iteration 22: 0.39611345529556274
loss in epoch 224 iteration 22: 0.41894596815109253
loss in epoch 225 iteration 22: 0.4100373387336731
loss in epoch 226 iteration 22: 0.42010068893432617
loss in epoch 227 iteration 22: 0.419097900390625
loss in epoch 228 iteration 22: 0.40532976388931274
loss in epoch 229 iteration 22: 0.4011402130126953
loss in epoch 230 iteration 22: 0.4263651371002197
loss in epoch 231 iteration 22: 0.4098324179649353
loss in epoch 232 iteration 22: 0.40617668628692627
loss in epoch 233 iteration 22: 0.39627254009246826
loss in epoch 234 iteration 22: 0.41255122423171997
loss in epoch 235 iteration 22: 0.40750181674957275
loss in epoch 236 iteration 22: 0.42351359128952026
loss in epoch 237 iteration 22: 0.4007946252822876
loss in epoch 238 iteration 22: 0.39713728427886963
loss in epoch 239 iteration 22: 0.42061877250671387
loss in epoch 240 iteration 22: 0.4302438497543335
Evaluatingepoch:240, time: 81664.542198(s), valid (NDCG@5: 0.5674, HR@5: 0.7276, NDCG@10: 0.6021, HR@10: 0.8341, NDCG@20: 0.6220, HR@20: 0.9127), test (NDCG@5: 0.5455, HR@5: 0.7041, NDCG@10: 0.5809, HR@10: 0.8126, NDCG@20: 0.6012, HR@20: 0.8930)
loss in epoch 241 iteration 22: 0.4034876823425293
loss in epoch 242 iteration 22: 0.4043774902820587
loss in epoch 243 iteration 22: 0.4098472595214844
loss in epoch 244 iteration 22: 0.3911847472190857
loss in epoch 245 iteration 22: 0.4135417342185974
loss in epoch 246 iteration 22: 0.41118475794792175
loss in epoch 247 iteration 22: 0.4158085584640503
loss in epoch 248 iteration 22: 0.38946008682250977
loss in epoch 249 iteration 22: 0.4284778833389282
loss in epoch 250 iteration 22: 0.3966987729072571
loss in epoch 251 iteration 22: 0.42001479864120483
loss in epoch 252 iteration 22: 0.40041685104370117
loss in epoch 253 iteration 22: 0.40830928087234497
loss in epoch 254 iteration 22: 0.42268607020378113
loss in epoch 255 iteration 22: 0.41809460520744324
loss in epoch 256 iteration 22: 0.4015308618545532
loss in epoch 257 iteration 22: 0.3945538401603699
loss in epoch 258 iteration 22: 0.40511491894721985
loss in epoch 259 iteration 22: 0.4118945598602295
loss in epoch 260 iteration 22: 0.39571231603622437
Evaluatingepoch:260, time: 90252.054214(s), valid (NDCG@5: 0.5717, HR@5: 0.7316, NDCG@10: 0.6043, HR@10: 0.8316, NDCG@20: 0.6246, HR@20: 0.9111), test (NDCG@5: 0.5453, HR@5: 0.7098, NDCG@10: 0.5779, HR@10: 0.8096, NDCG@20: 0.5991, HR@20: 0.8930)
loss in epoch 261 iteration 22: 0.40140607953071594
loss in epoch 262 iteration 22: 0.3853859007358551
loss in epoch 263 iteration 22: 0.3914179801940918
loss in epoch 264 iteration 22: 0.40426695346832275
loss in epoch 265 iteration 22: 0.3937728703022003
loss in epoch 266 iteration 22: 0.40791231393814087
loss in epoch 267 iteration 22: 0.42041343450546265
loss in epoch 268 iteration 22: 0.40544044971466064
loss in epoch 269 iteration 22: 0.41933971643447876
loss in epoch 270 iteration 22: 0.40270107984542847
loss in epoch 271 iteration 22: 0.40611928701400757
loss in epoch 272 iteration 22: 0.40414953231811523
loss in epoch 273 iteration 22: 0.38972336053848267
loss in epoch 274 iteration 22: 0.40125900506973267
loss in epoch 275 iteration 22: 0.4015125036239624
loss in epoch 276 iteration 22: 0.4002331793308258
loss in epoch 277 iteration 22: 0.40179479122161865
loss in epoch 278 iteration 22: 0.40856924653053284
loss in epoch 279 iteration 22: 0.400878369808197
loss in epoch 280 iteration 22: 0.39178144931793213
Evaluatingepoch:280, time: 96665.269852(s), valid (NDCG@5: 0.5756, HR@5: 0.7321, NDCG@10: 0.6085, HR@10: 0.8336, NDCG@20: 0.6281, HR@20: 0.9101), test (NDCG@5: 0.5515, HR@5: 0.7103, NDCG@10: 0.5842, HR@10: 0.8109, NDCG@20: 0.6047, HR@20: 0.8914)
loss in epoch 281 iteration 22: 0.4038628339767456
loss in epoch 282 iteration 22: 0.40221941471099854
loss in epoch 283 iteration 22: 0.4062117338180542
loss in epoch 284 iteration 22: 0.3968450725078583
loss in epoch 285 iteration 22: 0.39987027645111084
loss in epoch 286 iteration 22: 0.413453608751297
loss in epoch 287 iteration 22: 0.4059799611568451
loss in epoch 288 iteration 22: 0.4062644839286804
loss in epoch 289 iteration 22: 0.40364938974380493
loss in epoch 290 iteration 22: 0.39168184995651245
loss in epoch 291 iteration 22: 0.40579932928085327
loss in epoch 292 iteration 22: 0.4090527296066284
loss in epoch 293 iteration 22: 0.3935459852218628
loss in epoch 294 iteration 22: 0.40386292338371277
loss in epoch 295 iteration 22: 0.4149535298347473
loss in epoch 296 iteration 22: 0.4066447913646698
loss in epoch 297 iteration 22: 0.39994680881500244
loss in epoch 298 iteration 22: 0.4105515480041504
loss in epoch 299 iteration 22: 0.3926544785499573
loss in epoch 300 iteration 22: 0.40997007489204407
Evaluatingepoch:300, time: 104534.589529(s), valid (NDCG@5: 0.5773, HR@5: 0.7376, NDCG@10: 0.6095, HR@10: 0.8369, NDCG@20: 0.6288, HR@20: 0.9124), test (NDCG@5: 0.5514, HR@5: 0.7076, NDCG@10: 0.5853, HR@10: 0.8116, NDCG@20: 0.6059, HR@20: 0.8927)
loss in epoch 301 iteration 22: 0.4076870083808899
loss in epoch 302 iteration 22: 0.4015629291534424
loss in epoch 303 iteration 22: 0.40774112939834595
loss in epoch 304 iteration 22: 0.39391911029815674
loss in epoch 305 iteration 22: 0.41822177171707153
loss in epoch 306 iteration 22: 0.40597033500671387
loss in epoch 307 iteration 22: 0.40466806292533875
loss in epoch 308 iteration 22: 0.3954797387123108
loss in epoch 309 iteration 22: 0.4030664563179016
loss in epoch 310 iteration 22: 0.3895709216594696
loss in epoch 311 iteration 22: 0.4019516110420227
loss in epoch 312 iteration 22: 0.3801831007003784
loss in epoch 313 iteration 22: 0.38486653566360474
loss in epoch 314 iteration 22: 0.39103832840919495
loss in epoch 315 iteration 22: 0.3841755986213684
loss in epoch 316 iteration 22: 0.39412257075309753
loss in epoch 317 iteration 22: 0.39909419417381287
loss in epoch 318 iteration 22: 0.4219287037849426
loss in epoch 319 iteration 22: 0.3862881660461426
loss in epoch 320 iteration 22: 0.405195415019989
Evaluatingepoch:320, time: 110832.487106(s), valid (NDCG@5: 0.5740, HR@5: 0.7338, NDCG@10: 0.6077, HR@10: 0.8371, NDCG@20: 0.6258, HR@20: 0.9083), test (NDCG@5: 0.5494, HR@5: 0.7101, NDCG@10: 0.5824, HR@10: 0.8113, NDCG@20: 0.6029, HR@20: 0.8922)
loss in epoch 321 iteration 22: 0.4011836647987366
loss in epoch 322 iteration 22: 0.39115846157073975
loss in epoch 323 iteration 22: 0.4010082483291626
loss in epoch 324 iteration 22: 0.3803809881210327
loss in epoch 325 iteration 22: 0.39974287152290344
loss in epoch 326 iteration 22: 0.3794282376766205
loss in epoch 327 iteration 22: 0.391645610332489
loss in epoch 328 iteration 22: 0.3921136260032654
loss in epoch 329 iteration 22: 0.3888385593891144
loss in epoch 330 iteration 22: 0.39255231618881226
loss in epoch 331 iteration 22: 0.4025815725326538
loss in epoch 332 iteration 22: 0.39795780181884766
loss in epoch 333 iteration 22: 0.3815537095069885
loss in epoch 334 iteration 22: 0.39402538537979126
loss in epoch 335 iteration 22: 0.379330039024353
loss in epoch 336 iteration 22: 0.3983617424964905
loss in epoch 337 iteration 22: 0.40495631098747253
loss in epoch 338 iteration 22: 0.39608234167099
loss in epoch 339 iteration 22: 0.3728176951408386
loss in epoch 340 iteration 22: 0.3919752240180969
Evaluatingepoch:340, time: 118056.878328(s), valid (NDCG@5: 0.5781, HR@5: 0.7373, NDCG@10: 0.6097, HR@10: 0.8336, NDCG@20: 0.6295, HR@20: 0.9113), test (NDCG@5: 0.5518, HR@5: 0.7089, NDCG@10: 0.5856, HR@10: 0.8131, NDCG@20: 0.6064, HR@20: 0.8952)
loss in epoch 341 iteration 22: 0.36968493461608887
loss in epoch 342 iteration 22: 0.39870786666870117
loss in epoch 343 iteration 22: 0.3846658170223236
loss in epoch 344 iteration 22: 0.3680291175842285
loss in epoch 345 iteration 22: 0.3828738331794739
loss in epoch 346 iteration 22: 0.3980376422405243
loss in epoch 347 iteration 22: 0.37738120555877686
loss in epoch 348 iteration 22: 0.39049625396728516
loss in epoch 349 iteration 22: 0.3854367733001709
loss in epoch 350 iteration 22: 0.38653725385665894
loss in epoch 351 iteration 22: 0.37259286642074585
loss in epoch 352 iteration 22: 0.3731808662414551
loss in epoch 353 iteration 22: 0.39551952481269836
loss in epoch 354 iteration 22: 0.3889385759830475
loss in epoch 355 iteration 22: 0.3890032172203064
loss in epoch 356 iteration 22: 0.38863396644592285
loss in epoch 357 iteration 22: 0.3831998109817505
loss in epoch 358 iteration 22: 0.37983208894729614
loss in epoch 359 iteration 22: 0.3927084505558014
loss in epoch 360 iteration 22: 0.38255608081817627
Evaluatingepoch:360, time: 124214.739561(s), valid (NDCG@5: 0.5778, HR@5: 0.7387, NDCG@10: 0.6105, HR@10: 0.8392, NDCG@20: 0.6285, HR@20: 0.9101), test (NDCG@5: 0.5529, HR@5: 0.7091, NDCG@10: 0.5855, HR@10: 0.8091, NDCG@20: 0.6068, HR@20: 0.8932)
loss in epoch 361 iteration 22: 0.3948221206665039
loss in epoch 362 iteration 22: 0.3883415758609772
loss in epoch 363 iteration 22: 0.4041426479816437
loss in epoch 364 iteration 22: 0.384918212890625
loss in epoch 365 iteration 22: 0.39076656103134155
loss in epoch 366 iteration 22: 0.38906559348106384
loss in epoch 367 iteration 22: 0.4041749835014343
loss in epoch 368 iteration 22: 0.40754860639572144
loss in epoch 369 iteration 22: 0.3760058283805847
loss in epoch 370 iteration 22: 0.3679240345954895
loss in epoch 371 iteration 22: 0.3768349289894104
loss in epoch 372 iteration 22: 0.3987637162208557
loss in epoch 373 iteration 22: 0.36612164974212646
loss in epoch 374 iteration 22: 0.3852856159210205
loss in epoch 375 iteration 22: 0.37737032771110535
loss in epoch 376 iteration 22: 0.3764899969100952
loss in epoch 377 iteration 22: 0.3798627257347107
loss in epoch 378 iteration 22: 0.39771342277526855
loss in epoch 379 iteration 22: 0.37594351172447205
loss in epoch 380 iteration 22: 0.37936776876449585
Evaluatingepoch:380, time: 131158.045292(s), valid (NDCG@5: 0.5784, HR@5: 0.7392, NDCG@10: 0.6104, HR@10: 0.8377, NDCG@20: 0.6291, HR@20: 0.9111), test (NDCG@5: 0.5494, HR@5: 0.7111, NDCG@10: 0.5824, HR@10: 0.8123, NDCG@20: 0.6025, HR@20: 0.8911)
loss in epoch 381 iteration 22: 0.3830438554286957
loss in epoch 382 iteration 22: 0.37870079278945923
loss in epoch 383 iteration 22: 0.3919494152069092
loss in epoch 384 iteration 22: 0.3904578983783722
loss in epoch 385 iteration 22: 0.38154444098472595
loss in epoch 386 iteration 22: 0.4107530117034912
loss in epoch 387 iteration 22: 0.3992663621902466
loss in epoch 388 iteration 22: 0.38593780994415283
loss in epoch 389 iteration 22: 0.38580816984176636
loss in epoch 390 iteration 22: 0.39408737421035767
loss in epoch 391 iteration 22: 0.38524895906448364
loss in epoch 392 iteration 22: 0.38916856050491333
loss in epoch 393 iteration 22: 0.3955247402191162
loss in epoch 394 iteration 22: 0.39104098081588745
loss in epoch 395 iteration 22: 0.37390798330307007
loss in epoch 396 iteration 22: 0.39635419845581055
loss in epoch 397 iteration 22: 0.3777710497379303
loss in epoch 398 iteration 22: 0.3878875970840454
loss in epoch 399 iteration 22: 0.38574299216270447
loss in epoch 400 iteration 22: 0.387681245803833
Evaluatingepoch:400, time: 137173.169851(s), valid (NDCG@5: 0.5802, HR@5: 0.7389, NDCG@10: 0.6117, HR@10: 0.8353, NDCG@20: 0.6310, HR@20: 0.9109), test (NDCG@5: 0.5523, HR@5: 0.7094, NDCG@10: 0.5860, HR@10: 0.8127, NDCG@20: 0.6068, HR@20: 0.8947)
loss in epoch 401 iteration 22: 0.38590139150619507
loss in epoch 402 iteration 22: 0.37361806631088257
loss in epoch 403 iteration 22: 0.403604656457901
loss in epoch 404 iteration 22: 0.36552074551582336
loss in epoch 405 iteration 22: 0.36148205399513245
loss in epoch 406 iteration 22: 0.39412882924079895
loss in epoch 407 iteration 22: 0.39183446764945984
loss in epoch 408 iteration 22: 0.40424543619155884
loss in epoch 409 iteration 22: 0.39841338992118835
loss in epoch 410 iteration 22: 0.3981541395187378
loss in epoch 411 iteration 22: 0.39525628089904785
loss in epoch 412 iteration 22: 0.38308870792388916
loss in epoch 413 iteration 22: 0.38464319705963135
loss in epoch 414 iteration 22: 0.39846059679985046
loss in epoch 415 iteration 22: 0.3849002718925476
loss in epoch 416 iteration 22: 0.39224255084991455
loss in epoch 417 iteration 22: 0.3561742603778839
loss in epoch 418 iteration 22: 0.3815610706806183
loss in epoch 419 iteration 22: 0.3922458291053772
loss in epoch 420 iteration 22: 0.3955279588699341
Evaluatingepoch:420, time: 143800.774574(s), valid (NDCG@5: 0.5786, HR@5: 0.7369, NDCG@10: 0.6115, HR@10: 0.8379, NDCG@20: 0.6299, HR@20: 0.9101), test (NDCG@5: 0.5496, HR@5: 0.7103, NDCG@10: 0.5842, HR@10: 0.8162, NDCG@20: 0.6036, HR@20: 0.8925)
loss in epoch 421 iteration 22: 0.41417092084884644
loss in epoch 422 iteration 22: 0.3646174967288971
loss in epoch 423 iteration 22: 0.39095538854599
loss in epoch 424 iteration 22: 0.3868046998977661
loss in epoch 425 iteration 22: 0.3742765784263611
loss in epoch 426 iteration 22: 0.37841808795928955
loss in epoch 427 iteration 22: 0.38240233063697815
loss in epoch 428 iteration 22: 0.3941280245780945
loss in epoch 429 iteration 22: 0.3878517150878906
loss in epoch 430 iteration 22: 0.3712161183357239
loss in epoch 431 iteration 22: 0.3870108127593994
loss in epoch 432 iteration 22: 0.38708746433258057
loss in epoch 433 iteration 22: 0.3830123245716095
loss in epoch 434 iteration 22: 0.37129876017570496
loss in epoch 435 iteration 22: 0.38339221477508545
loss in epoch 436 iteration 22: 0.36737334728240967
loss in epoch 437 iteration 22: 0.39561229944229126
loss in epoch 438 iteration 22: 0.39610424637794495
loss in epoch 439 iteration 22: 0.390445351600647
loss in epoch 440 iteration 22: 0.3776724338531494
Evaluatingepoch:440, time: 150519.417763(s), valid (NDCG@5: 0.5843, HR@5: 0.7407, NDCG@10: 0.6170, HR@10: 0.8416, NDCG@20: 0.6353, HR@20: 0.9134), test (NDCG@5: 0.5591, HR@5: 0.7151, NDCG@10: 0.5916, HR@10: 0.8151, NDCG@20: 0.6120, HR@20: 0.8950)
loss in epoch 441 iteration 22: 0.3694089651107788
loss in epoch 442 iteration 22: 0.3831709921360016
loss in epoch 443 iteration 22: 0.3732481002807617
loss in epoch 444 iteration 22: 0.38245007395744324
loss in epoch 445 iteration 22: 0.3913322687149048
loss in epoch 446 iteration 22: 0.38562560081481934
loss in epoch 447 iteration 22: 0.38300156593322754
loss in epoch 448 iteration 22: 0.3922598958015442
loss in epoch 449 iteration 22: 0.40251246094703674
loss in epoch 450 iteration 22: 0.3869074583053589
loss in epoch 451 iteration 22: 0.36523041129112244
loss in epoch 452 iteration 22: 0.3917315602302551
loss in epoch 453 iteration 22: 0.3771064877510071
loss in epoch 454 iteration 22: 0.3994291424751282
loss in epoch 455 iteration 22: 0.38120633363723755
loss in epoch 456 iteration 22: 0.39702069759368896
loss in epoch 457 iteration 22: 0.39780914783477783
loss in epoch 458 iteration 22: 0.3839789628982544
loss in epoch 459 iteration 22: 0.39287418127059937
loss in epoch 460 iteration 22: 0.3807406723499298
Evaluatingepoch:460, time: 157604.573965(s), valid (NDCG@5: 0.5818, HR@5: 0.7414, NDCG@10: 0.6127, HR@10: 0.8364, NDCG@20: 0.6323, HR@20: 0.9134), test (NDCG@5: 0.5549, HR@5: 0.7114, NDCG@10: 0.5883, HR@10: 0.8146, NDCG@20: 0.6080, HR@20: 0.8919)
loss in epoch 461 iteration 22: 0.3942709267139435
loss in epoch 462 iteration 22: 0.3797539472579956
loss in epoch 463 iteration 22: 0.38189220428466797
loss in epoch 464 iteration 22: 0.401727557182312
loss in epoch 465 iteration 22: 0.3568298816680908
loss in epoch 466 iteration 22: 0.39824342727661133
loss in epoch 467 iteration 22: 0.3811037242412567
loss in epoch 468 iteration 22: 0.36700698733329773
loss in epoch 469 iteration 22: 0.38734444975852966
loss in epoch 470 iteration 22: 0.37816929817199707
loss in epoch 471 iteration 22: 0.3904777467250824
loss in epoch 472 iteration 22: 0.3772244453430176
loss in epoch 473 iteration 22: 0.37205594778060913
loss in epoch 474 iteration 22: 0.3906082510948181
loss in epoch 475 iteration 22: 0.3725917637348175
loss in epoch 476 iteration 22: 0.38295096158981323
loss in epoch 477 iteration 22: 0.3903978168964386
loss in epoch 478 iteration 22: 0.3771977424621582
loss in epoch 479 iteration 22: 0.3738936483860016
loss in epoch 480 iteration 22: 0.36599984765052795
Evaluatingepoch:480, time: 164501.676321(s), valid (NDCG@5: 0.5786, HR@5: 0.7402, NDCG@10: 0.6111, HR@10: 0.8397, NDCG@20: 0.6298, HR@20: 0.9131), test (NDCG@5: 0.5535, HR@5: 0.7108, NDCG@10: 0.5871, HR@10: 0.8141, NDCG@20: 0.6076, HR@20: 0.8949)
loss in epoch 481 iteration 22: 0.38432878255844116
loss in epoch 482 iteration 22: 0.39737486839294434
loss in epoch 483 iteration 22: 0.4031071364879608
loss in epoch 484 iteration 22: 0.41255196928977966
loss in epoch 485 iteration 22: 0.3822718858718872
loss in epoch 486 iteration 22: 0.41256800293922424
loss in epoch 487 iteration 22: 0.3869055509567261
loss in epoch 488 iteration 22: 0.38798242807388306
loss in epoch 489 iteration 22: 0.37619340419769287
loss in epoch 490 iteration 22: 0.36344772577285767
loss in epoch 491 iteration 22: 0.3767384886741638
loss in epoch 492 iteration 22: 0.38797640800476074
loss in epoch 493 iteration 22: 0.4005042314529419
loss in epoch 494 iteration 22: 0.34820836782455444
loss in epoch 495 iteration 22: 0.37385448813438416
loss in epoch 496 iteration 22: 0.4012032747268677
loss in epoch 497 iteration 22: 0.3885239362716675
loss in epoch 498 iteration 22: 0.3724663257598877
loss in epoch 499 iteration 22: 0.37891340255737305
loss in epoch 500 iteration 22: 0.3927590250968933
Evaluatingepoch:500, time: 170858.917236(s), valid (NDCG@5: 0.5797, HR@5: 0.7409, NDCG@10: 0.6117, HR@10: 0.8389, NDCG@20: 0.6308, HR@20: 0.9139), test (NDCG@5: 0.5574, HR@5: 0.7159, NDCG@10: 0.5897, HR@10: 0.8154, NDCG@20: 0.6102, HR@20: 0.8965)
loss in epoch 501 iteration 22: 0.3604917526245117
Training time : 171184.4494342804
Done
