Arguments:
backbone mamba
batch_size 256
dataset ml-1m
device cuda:4
dropout_rate 0.5
eval_neg_sample 1000
hidden_units 64
inference_only False
l2_emb 0.0
lr 0.0005
maxlen 200
name mamba
num_blocks 2
num_epochs 501
num_heads 1
state_dict_path None
train_dir tracks256_default/

6040
average sequence length: 163.50
parameters_count: 270272
loss in epoch 1 iteration 22: 1.3858668804168701
loss in epoch 2 iteration 22: 1.3652946949005127
loss in epoch 3 iteration 22: 1.108915090560913
loss in epoch 4 iteration 22: 1.02133309841156
loss in epoch 5 iteration 22: 0.9936448335647583
loss in epoch 6 iteration 22: 0.9831981658935547
loss in epoch 7 iteration 22: 0.999637246131897
loss in epoch 8 iteration 22: 0.980773389339447
loss in epoch 9 iteration 22: 0.9670078158378601
loss in epoch 10 iteration 22: 0.8952157497406006
loss in epoch 11 iteration 22: 0.8847060203552246
loss in epoch 12 iteration 22: 0.8472128510475159
loss in epoch 13 iteration 22: 0.845408022403717
loss in epoch 14 iteration 22: 0.8418006896972656
loss in epoch 15 iteration 22: 0.7689876556396484
loss in epoch 16 iteration 22: 0.7719013690948486
loss in epoch 17 iteration 22: 0.7359044551849365
loss in epoch 18 iteration 22: 0.7341591119766235
loss in epoch 19 iteration 22: 0.7213990688323975
loss in epoch 20 iteration 22: 0.7092637419700623
Evaluatingepoch:20, time: 6766.101837(s), valid (NDCG@5: 0.1083, HR@5: 0.1641, NDCG@10: 0.1398, HR@10: 0.2624, NDCG@20: 0.1708, HR@20: 0.3858), test (NDCG@5: 0.1010, HR@5: 0.1565, NDCG@10: 0.1311, HR@10: 0.2505, NDCG@20: 0.1609, HR@20: 0.3690)
loss in epoch 21 iteration 22: 0.6883444786071777
loss in epoch 22 iteration 22: 0.6572588086128235
loss in epoch 23 iteration 22: 0.6641442179679871
loss in epoch 24 iteration 22: 0.6530340909957886
loss in epoch 25 iteration 22: 0.6648757457733154
loss in epoch 26 iteration 22: 0.6344881057739258
loss in epoch 27 iteration 22: 0.6472830176353455
loss in epoch 28 iteration 22: 0.6277377009391785
loss in epoch 29 iteration 22: 0.6021918058395386
loss in epoch 30 iteration 22: 0.6252044439315796
loss in epoch 31 iteration 22: 0.6052039265632629
loss in epoch 32 iteration 22: 0.6102217435836792
loss in epoch 33 iteration 22: 0.5762556195259094
loss in epoch 34 iteration 22: 0.5776261687278748
loss in epoch 35 iteration 22: 0.5760730504989624
loss in epoch 36 iteration 22: 0.5754000544548035
loss in epoch 37 iteration 22: 0.5847588181495667
loss in epoch 38 iteration 22: 0.5935033559799194
loss in epoch 39 iteration 22: 0.5598538517951965
loss in epoch 40 iteration 22: 0.5746141672134399
Evaluatingepoch:40, time: 13055.263996(s), valid (NDCG@5: 0.1616, HR@5: 0.2389, NDCG@10: 0.1998, HR@10: 0.3578, NDCG@20: 0.2358, HR@20: 0.4998), test (NDCG@5: 0.1497, HR@5: 0.2270, NDCG@10: 0.1829, HR@10: 0.3303, NDCG@20: 0.2188, HR@20: 0.4730)
loss in epoch 41 iteration 22: 0.5558888912200928
loss in epoch 42 iteration 22: 0.571609616279602
loss in epoch 43 iteration 22: 0.5663317441940308
loss in epoch 44 iteration 22: 0.5197752118110657
loss in epoch 45 iteration 22: 0.5704240798950195
loss in epoch 46 iteration 22: 0.5355766415596008
loss in epoch 47 iteration 22: 0.5313984751701355
loss in epoch 48 iteration 22: 0.5501219034194946
loss in epoch 49 iteration 22: 0.5405461192131042
loss in epoch 50 iteration 22: 0.5407834649085999
loss in epoch 51 iteration 22: 0.525750458240509
loss in epoch 52 iteration 22: 0.5066562294960022
loss in epoch 53 iteration 22: 0.526523232460022
loss in epoch 54 iteration 22: 0.5090327262878418
loss in epoch 55 iteration 22: 0.5151909589767456
loss in epoch 56 iteration 22: 0.5464532971382141
loss in epoch 57 iteration 22: 0.524336576461792
loss in epoch 58 iteration 22: 0.4949803948402405
loss in epoch 59 iteration 22: 0.47807908058166504
loss in epoch 60 iteration 22: 0.4978187680244446
Evaluatingepoch:60, time: 19061.989069(s), valid (NDCG@5: 0.1869, HR@5: 0.2768, NDCG@10: 0.2274, HR@10: 0.4018, NDCG@20: 0.2621, HR@20: 0.5394), test (NDCG@5: 0.1711, HR@5: 0.2545, NDCG@10: 0.2104, HR@10: 0.3768, NDCG@20: 0.2454, HR@20: 0.5147)
loss in epoch 61 iteration 22: 0.4980119466781616
loss in epoch 62 iteration 22: 0.46745312213897705
loss in epoch 63 iteration 22: 0.508711576461792
loss in epoch 64 iteration 22: 0.4973970055580139
loss in epoch 65 iteration 22: 0.5015354156494141
loss in epoch 66 iteration 22: 0.5163280367851257
loss in epoch 67 iteration 22: 0.5006577968597412
loss in epoch 68 iteration 22: 0.4866079092025757
loss in epoch 69 iteration 22: 0.4879435896873474
loss in epoch 70 iteration 22: 0.45549750328063965
loss in epoch 71 iteration 22: 0.48881953954696655
loss in epoch 72 iteration 22: 0.47196024656295776
loss in epoch 73 iteration 22: 0.4813023805618286
loss in epoch 74 iteration 22: 0.4790894389152527
loss in epoch 75 iteration 22: 0.4864227771759033
loss in epoch 76 iteration 22: 0.488503634929657
loss in epoch 77 iteration 22: 0.4943962097167969
loss in epoch 78 iteration 22: 0.4856950044631958
loss in epoch 79 iteration 22: 0.46865350008010864
loss in epoch 80 iteration 22: 0.4645262062549591
Evaluatingepoch:80, time: 24839.350700(s), valid (NDCG@5: 0.2005, HR@5: 0.2919, NDCG@10: 0.2435, HR@10: 0.4252, NDCG@20: 0.2780, HR@20: 0.5616), test (NDCG@5: 0.1810, HR@5: 0.2707, NDCG@10: 0.2213, HR@10: 0.3960, NDCG@20: 0.2551, HR@20: 0.5295)
loss in epoch 81 iteration 22: 0.47708868980407715
loss in epoch 82 iteration 22: 0.47519856691360474
loss in epoch 83 iteration 22: 0.4657173752784729
loss in epoch 84 iteration 22: 0.47802817821502686
loss in epoch 85 iteration 22: 0.4682459533214569
loss in epoch 86 iteration 22: 0.49253225326538086
loss in epoch 87 iteration 22: 0.47880715131759644
loss in epoch 88 iteration 22: 0.4789818525314331
loss in epoch 89 iteration 22: 0.4627944529056549
loss in epoch 90 iteration 22: 0.46523356437683105
loss in epoch 91 iteration 22: 0.4785752594470978
loss in epoch 92 iteration 22: 0.48747196793556213
loss in epoch 93 iteration 22: 0.47968173027038574
loss in epoch 94 iteration 22: 0.4568660259246826
loss in epoch 95 iteration 22: 0.46947598457336426
loss in epoch 96 iteration 22: 0.469027578830719
loss in epoch 97 iteration 22: 0.44704389572143555
loss in epoch 98 iteration 22: 0.47334805130958557
loss in epoch 99 iteration 22: 0.4532923102378845
loss in epoch 100 iteration 22: 0.46415337920188904
Evaluatingepoch:100, time: 30930.426121(s), valid (NDCG@5: 0.2028, HR@5: 0.2965, NDCG@10: 0.2474, HR@10: 0.4344, NDCG@20: 0.2822, HR@20: 0.5720), test (NDCG@5: 0.1921, HR@5: 0.2846, NDCG@10: 0.2309, HR@10: 0.4050, NDCG@20: 0.2655, HR@20: 0.5417)
loss in epoch 101 iteration 22: 0.46571558713912964
loss in epoch 102 iteration 22: 0.4484245777130127
loss in epoch 103 iteration 22: 0.45182400941848755
loss in epoch 104 iteration 22: 0.4676685929298401
loss in epoch 105 iteration 22: 0.4575474262237549
loss in epoch 106 iteration 22: 0.46123266220092773
loss in epoch 107 iteration 22: 0.44189125299453735
loss in epoch 108 iteration 22: 0.4561719298362732
loss in epoch 109 iteration 22: 0.4564773440361023
loss in epoch 110 iteration 22: 0.45611047744750977
loss in epoch 111 iteration 22: 0.44163817167282104
loss in epoch 112 iteration 22: 0.44184035062789917
loss in epoch 113 iteration 22: 0.43026942014694214
loss in epoch 114 iteration 22: 0.44782936573028564
loss in epoch 115 iteration 22: 0.45567917823791504
loss in epoch 116 iteration 22: 0.4475911855697632
loss in epoch 117 iteration 22: 0.4480355381965637
loss in epoch 118 iteration 22: 0.45537859201431274
loss in epoch 119 iteration 22: 0.4213436245918274
loss in epoch 120 iteration 22: 0.44637542963027954
Evaluatingepoch:120, time: 38133.428812(s), valid (NDCG@5: 0.2102, HR@5: 0.3118, NDCG@10: 0.2531, HR@10: 0.4439, NDCG@20: 0.2869, HR@20: 0.5775), test (NDCG@5: 0.1974, HR@5: 0.2882, NDCG@10: 0.2378, HR@10: 0.4137, NDCG@20: 0.2719, HR@20: 0.5485)
loss in epoch 121 iteration 22: 0.43327105045318604
loss in epoch 122 iteration 22: 0.43794742226600647
loss in epoch 123 iteration 22: 0.43392765522003174
loss in epoch 124 iteration 22: 0.4421579837799072
loss in epoch 125 iteration 22: 0.43036511540412903
loss in epoch 126 iteration 22: 0.4546221196651459
loss in epoch 127 iteration 22: 0.44103819131851196
loss in epoch 128 iteration 22: 0.4527977705001831
loss in epoch 129 iteration 22: 0.4473721385002136
loss in epoch 130 iteration 22: 0.44340336322784424
loss in epoch 131 iteration 22: 0.4570233225822449
loss in epoch 132 iteration 22: 0.4476647675037384
loss in epoch 133 iteration 22: 0.44344812631607056
loss in epoch 134 iteration 22: 0.4334827661514282
loss in epoch 135 iteration 22: 0.4346867799758911
loss in epoch 136 iteration 22: 0.4587283134460449
loss in epoch 137 iteration 22: 0.421347975730896
loss in epoch 138 iteration 22: 0.4218392074108124
loss in epoch 139 iteration 22: 0.4600817859172821
loss in epoch 140 iteration 22: 0.4426755905151367
Evaluatingepoch:140, time: 44595.791340(s), valid (NDCG@5: 0.2164, HR@5: 0.3159, NDCG@10: 0.2597, HR@10: 0.4505, NDCG@20: 0.2940, HR@20: 0.5858), test (NDCG@5: 0.1971, HR@5: 0.2924, NDCG@10: 0.2356, HR@10: 0.4121, NDCG@20: 0.2713, HR@20: 0.5530)
loss in epoch 141 iteration 22: 0.43326854705810547
loss in epoch 142 iteration 22: 0.4402067959308624
loss in epoch 143 iteration 22: 0.42265191674232483
loss in epoch 144 iteration 22: 0.4232783317565918
loss in epoch 145 iteration 22: 0.4390384554862976
loss in epoch 146 iteration 22: 0.4484206438064575
loss in epoch 147 iteration 22: 0.45032429695129395
loss in epoch 148 iteration 22: 0.4235216975212097
loss in epoch 149 iteration 22: 0.42093396186828613
loss in epoch 150 iteration 22: 0.42584821581840515
loss in epoch 151 iteration 22: 0.4369138777256012
loss in epoch 152 iteration 22: 0.41764742136001587
loss in epoch 153 iteration 22: 0.426163911819458
loss in epoch 154 iteration 22: 0.4315219521522522
loss in epoch 155 iteration 22: 0.4247012436389923
loss in epoch 156 iteration 22: 0.4375097155570984
loss in epoch 157 iteration 22: 0.4284350574016571
loss in epoch 158 iteration 22: 0.40792468190193176
loss in epoch 159 iteration 22: 0.4293288588523865
loss in epoch 160 iteration 22: 0.4242880344390869
Evaluatingepoch:160, time: 51170.922995(s), valid (NDCG@5: 0.2204, HR@5: 0.3228, NDCG@10: 0.2632, HR@10: 0.4558, NDCG@20: 0.2991, HR@20: 0.5980), test (NDCG@5: 0.1996, HR@5: 0.2940, NDCG@10: 0.2411, HR@10: 0.4227, NDCG@20: 0.2759, HR@20: 0.5599)
loss in epoch 161 iteration 22: 0.4309508800506592
loss in epoch 162 iteration 22: 0.4162747859954834
loss in epoch 163 iteration 22: 0.42917507886886597
loss in epoch 164 iteration 22: 0.4238646328449249
loss in epoch 165 iteration 22: 0.43039852380752563
loss in epoch 166 iteration 22: 0.42663758993148804
loss in epoch 167 iteration 22: 0.42612677812576294
loss in epoch 168 iteration 22: 0.42357420921325684
loss in epoch 169 iteration 22: 0.4317312240600586
loss in epoch 170 iteration 22: 0.4262343943119049
loss in epoch 171 iteration 22: 0.415853351354599
loss in epoch 172 iteration 22: 0.4144514501094818
loss in epoch 173 iteration 22: 0.44164973497390747
loss in epoch 174 iteration 22: 0.40969717502593994
loss in epoch 175 iteration 22: 0.42548230290412903
loss in epoch 176 iteration 22: 0.4314458966255188
loss in epoch 177 iteration 22: 0.4223712086677551
loss in epoch 178 iteration 22: 0.41225963830947876
loss in epoch 179 iteration 22: 0.42325299978256226
loss in epoch 180 iteration 22: 0.40924912691116333
Evaluatingepoch:180, time: 58088.808060(s), valid (NDCG@5: 0.2200, HR@5: 0.3210, NDCG@10: 0.2625, HR@10: 0.4525, NDCG@20: 0.2987, HR@20: 0.5954), test (NDCG@5: 0.2035, HR@5: 0.3026, NDCG@10: 0.2437, HR@10: 0.4276, NDCG@20: 0.2762, HR@20: 0.5568)
loss in epoch 181 iteration 22: 0.423766553401947
loss in epoch 182 iteration 22: 0.4084111154079437
loss in epoch 183 iteration 22: 0.43215203285217285
loss in epoch 184 iteration 22: 0.4249942898750305
loss in epoch 185 iteration 22: 0.41274815797805786
loss in epoch 186 iteration 22: 0.421830415725708
loss in epoch 187 iteration 22: 0.43240267038345337
loss in epoch 188 iteration 22: 0.4118072986602783
loss in epoch 189 iteration 22: 0.42555344104766846
loss in epoch 190 iteration 22: 0.4134421944618225
loss in epoch 191 iteration 22: 0.40525978803634644
loss in epoch 192 iteration 22: 0.41432416439056396
loss in epoch 193 iteration 22: 0.42191579937934875
loss in epoch 194 iteration 22: 0.4064490795135498
loss in epoch 195 iteration 22: 0.4382110834121704
loss in epoch 196 iteration 22: 0.4038972556591034
loss in epoch 197 iteration 22: 0.40206271409988403
loss in epoch 198 iteration 22: 0.42125797271728516
loss in epoch 199 iteration 22: 0.42635267972946167
loss in epoch 200 iteration 22: 0.43841880559921265
Evaluatingepoch:200, time: 65380.938768(s), valid (NDCG@5: 0.2195, HR@5: 0.3212, NDCG@10: 0.2658, HR@10: 0.4652, NDCG@20: 0.2999, HR@20: 0.6000), test (NDCG@5: 0.2020, HR@5: 0.2974, NDCG@10: 0.2427, HR@10: 0.4233, NDCG@20: 0.2781, HR@20: 0.5629)
loss in epoch 201 iteration 22: 0.40693169832229614
loss in epoch 202 iteration 22: 0.42287778854370117
loss in epoch 203 iteration 22: 0.4424644112586975
loss in epoch 204 iteration 22: 0.438773512840271
loss in epoch 205 iteration 22: 0.4148620367050171
loss in epoch 206 iteration 22: 0.42170220613479614
loss in epoch 207 iteration 22: 0.3990207314491272
loss in epoch 208 iteration 22: 0.4094371199607849
loss in epoch 209 iteration 22: 0.41503989696502686
loss in epoch 210 iteration 22: 0.42501968145370483
loss in epoch 211 iteration 22: 0.39767172932624817
loss in epoch 212 iteration 22: 0.3924340009689331
loss in epoch 213 iteration 22: 0.38587522506713867
loss in epoch 214 iteration 22: 0.38788902759552
loss in epoch 215 iteration 22: 0.4074488580226898
loss in epoch 216 iteration 22: 0.4138544797897339
loss in epoch 217 iteration 22: 0.4065467119216919
loss in epoch 218 iteration 22: 0.42793601751327515
loss in epoch 219 iteration 22: 0.4266331195831299
loss in epoch 220 iteration 22: 0.4067362844944
Evaluatingepoch:220, time: 73963.097572(s), valid (NDCG@5: 0.2180, HR@5: 0.3180, NDCG@10: 0.2627, HR@10: 0.4556, NDCG@20: 0.3003, HR@20: 0.6040), test (NDCG@5: 0.2028, HR@5: 0.3017, NDCG@10: 0.2442, HR@10: 0.4296, NDCG@20: 0.2798, HR@20: 0.5704)
loss in epoch 221 iteration 22: 0.42194777727127075
loss in epoch 222 iteration 22: 0.4166712760925293
loss in epoch 223 iteration 22: 0.4124165177345276
loss in epoch 224 iteration 22: 0.40808600187301636
loss in epoch 225 iteration 22: 0.40496474504470825
loss in epoch 226 iteration 22: 0.4249499440193176
loss in epoch 227 iteration 22: 0.42016923427581787
loss in epoch 228 iteration 22: 0.4066835045814514
loss in epoch 229 iteration 22: 0.4077070653438568
loss in epoch 230 iteration 22: 0.39642757177352905
loss in epoch 231 iteration 22: 0.4241974353790283
loss in epoch 232 iteration 22: 0.4141829013824463
loss in epoch 233 iteration 22: 0.4056001901626587
loss in epoch 234 iteration 22: 0.4158424735069275
loss in epoch 235 iteration 22: 0.3971153795719147
loss in epoch 236 iteration 22: 0.3944205641746521
loss in epoch 237 iteration 22: 0.40582403540611267
loss in epoch 238 iteration 22: 0.42078953981399536
loss in epoch 239 iteration 22: 0.39730381965637207
loss in epoch 240 iteration 22: 0.41411757469177246
Evaluatingepoch:240, time: 81664.614201(s), valid (NDCG@5: 0.2220, HR@5: 0.3217, NDCG@10: 0.2644, HR@10: 0.4528, NDCG@20: 0.3021, HR@20: 0.6010), test (NDCG@5: 0.2040, HR@5: 0.2987, NDCG@10: 0.2454, HR@10: 0.4273, NDCG@20: 0.2810, HR@20: 0.5684)
loss in epoch 241 iteration 22: 0.40255218744277954
loss in epoch 242 iteration 22: 0.416084349155426
loss in epoch 243 iteration 22: 0.40793371200561523
loss in epoch 244 iteration 22: 0.41206595301628113
loss in epoch 245 iteration 22: 0.4276222586631775
loss in epoch 246 iteration 22: 0.4150997996330261
loss in epoch 247 iteration 22: 0.407497763633728
loss in epoch 248 iteration 22: 0.40624621510505676
loss in epoch 249 iteration 22: 0.404788076877594
loss in epoch 250 iteration 22: 0.40869140625
loss in epoch 251 iteration 22: 0.39413684606552124
loss in epoch 252 iteration 22: 0.39646631479263306
loss in epoch 253 iteration 22: 0.3982691764831543
loss in epoch 254 iteration 22: 0.3938617408275604
loss in epoch 255 iteration 22: 0.41044333577156067
loss in epoch 256 iteration 22: 0.3956254720687866
loss in epoch 257 iteration 22: 0.4041246175765991
loss in epoch 258 iteration 22: 0.4048728346824646
loss in epoch 259 iteration 22: 0.39432471990585327
loss in epoch 260 iteration 22: 0.4192289710044861
Evaluatingepoch:260, time: 88619.110584(s), valid (NDCG@5: 0.2250, HR@5: 0.3281, NDCG@10: 0.2678, HR@10: 0.4611, NDCG@20: 0.3037, HR@20: 0.6028), test (NDCG@5: 0.2068, HR@5: 0.3043, NDCG@10: 0.2473, HR@10: 0.4295, NDCG@20: 0.2834, HR@20: 0.5722)
loss in epoch 261 iteration 22: 0.40568825602531433
loss in epoch 262 iteration 22: 0.38587212562561035
loss in epoch 263 iteration 22: 0.4032239019870758
loss in epoch 264 iteration 22: 0.41236627101898193
loss in epoch 265 iteration 22: 0.3940090537071228
loss in epoch 266 iteration 22: 0.41458773612976074
loss in epoch 267 iteration 22: 0.4024236798286438
loss in epoch 268 iteration 22: 0.4172629117965698
loss in epoch 269 iteration 22: 0.40632134675979614
loss in epoch 270 iteration 22: 0.4020259380340576
loss in epoch 271 iteration 22: 0.3983266055583954
loss in epoch 272 iteration 22: 0.41559576988220215
loss in epoch 273 iteration 22: 0.3838309347629547
loss in epoch 274 iteration 22: 0.39776939153671265
loss in epoch 275 iteration 22: 0.3903069496154785
loss in epoch 276 iteration 22: 0.39918917417526245
loss in epoch 277 iteration 22: 0.40473783016204834
loss in epoch 278 iteration 22: 0.38346952199935913
loss in epoch 279 iteration 22: 0.3985708951950073
loss in epoch 280 iteration 22: 0.3948972225189209
Evaluatingepoch:280, time: 95458.755016(s), valid (NDCG@5: 0.2230, HR@5: 0.3238, NDCG@10: 0.2671, HR@10: 0.4604, NDCG@20: 0.3036, HR@20: 0.6046), test (NDCG@5: 0.2036, HR@5: 0.3050, NDCG@10: 0.2452, HR@10: 0.4334, NDCG@20: 0.2790, HR@20: 0.5674)
loss in epoch 281 iteration 22: 0.39066556096076965
loss in epoch 282 iteration 22: 0.3922262191772461
loss in epoch 283 iteration 22: 0.40486007928848267
loss in epoch 284 iteration 22: 0.3919704854488373
loss in epoch 285 iteration 22: 0.41827139258384705
loss in epoch 286 iteration 22: 0.42060965299606323
loss in epoch 287 iteration 22: 0.3938446044921875
loss in epoch 288 iteration 22: 0.39848774671554565
loss in epoch 289 iteration 22: 0.4233531057834625
loss in epoch 290 iteration 22: 0.4092056155204773
loss in epoch 291 iteration 22: 0.3922881782054901
loss in epoch 292 iteration 22: 0.4115406572818756
loss in epoch 293 iteration 22: 0.3941218852996826
loss in epoch 294 iteration 22: 0.3931993246078491
loss in epoch 295 iteration 22: 0.3893706798553467
loss in epoch 296 iteration 22: 0.39483842253685
loss in epoch 297 iteration 22: 0.405683696269989
loss in epoch 298 iteration 22: 0.3878384828567505
loss in epoch 299 iteration 22: 0.39639681577682495
loss in epoch 300 iteration 22: 0.3968024253845215
Evaluatingepoch:300, time: 102101.671219(s), valid (NDCG@5: 0.2243, HR@5: 0.3238, NDCG@10: 0.2673, HR@10: 0.4571, NDCG@20: 0.3038, HR@20: 0.6007), test (NDCG@5: 0.2053, HR@5: 0.3028, NDCG@10: 0.2475, HR@10: 0.4336, NDCG@20: 0.2827, HR@20: 0.5727)
loss in epoch 301 iteration 22: 0.39522266387939453
loss in epoch 302 iteration 22: 0.3854622542858124
loss in epoch 303 iteration 22: 0.4148012399673462
loss in epoch 304 iteration 22: 0.3759824335575104
loss in epoch 305 iteration 22: 0.4216991066932678
loss in epoch 306 iteration 22: 0.411327064037323
loss in epoch 307 iteration 22: 0.3836115896701813
loss in epoch 308 iteration 22: 0.4041736423969269
loss in epoch 309 iteration 22: 0.40803712606430054
loss in epoch 310 iteration 22: 0.3909633159637451
loss in epoch 311 iteration 22: 0.38620537519454956
loss in epoch 312 iteration 22: 0.40706539154052734
loss in epoch 313 iteration 22: 0.3892214894294739
loss in epoch 314 iteration 22: 0.38774678111076355
loss in epoch 315 iteration 22: 0.39894551038742065
loss in epoch 316 iteration 22: 0.39420539140701294
loss in epoch 317 iteration 22: 0.3824009895324707
loss in epoch 318 iteration 22: 0.392535924911499
loss in epoch 319 iteration 22: 0.39647382497787476
loss in epoch 320 iteration 22: 0.37942713499069214
Evaluatingepoch:320, time: 109445.822716(s), valid (NDCG@5: 0.2283, HR@5: 0.3283, NDCG@10: 0.2712, HR@10: 0.4618, NDCG@20: 0.3067, HR@20: 0.6013), test (NDCG@5: 0.2119, HR@5: 0.3104, NDCG@10: 0.2532, HR@10: 0.4386, NDCG@20: 0.2869, HR@20: 0.5715)
loss in epoch 321 iteration 22: 0.38558489084243774
loss in epoch 322 iteration 22: 0.39844220876693726
loss in epoch 323 iteration 22: 0.39574578404426575
loss in epoch 324 iteration 22: 0.4007856845855713
loss in epoch 325 iteration 22: 0.39245617389678955
loss in epoch 326 iteration 22: 0.3827018737792969
loss in epoch 327 iteration 22: 0.41806119680404663
loss in epoch 328 iteration 22: 0.37877267599105835
loss in epoch 329 iteration 22: 0.4050750434398651
loss in epoch 330 iteration 22: 0.41969454288482666
loss in epoch 331 iteration 22: 0.39867594838142395
loss in epoch 332 iteration 22: 0.4038882255554199
loss in epoch 333 iteration 22: 0.3888329267501831
loss in epoch 334 iteration 22: 0.39572417736053467
loss in epoch 335 iteration 22: 0.40574556589126587
loss in epoch 336 iteration 22: 0.38901376724243164
loss in epoch 337 iteration 22: 0.37934690713882446
loss in epoch 338 iteration 22: 0.3994365334510803
loss in epoch 339 iteration 22: 0.41332101821899414
loss in epoch 340 iteration 22: 0.39264804124832153
Evaluatingepoch:340, time: 115881.286383(s), valid (NDCG@5: 0.2251, HR@5: 0.3270, NDCG@10: 0.2691, HR@10: 0.4634, NDCG@20: 0.3049, HR@20: 0.6048), test (NDCG@5: 0.2089, HR@5: 0.3101, NDCG@10: 0.2484, HR@10: 0.4323, NDCG@20: 0.2836, HR@20: 0.5717)
loss in epoch 341 iteration 22: 0.40527254343032837
loss in epoch 342 iteration 22: 0.40162646770477295
loss in epoch 343 iteration 22: 0.39320290088653564
loss in epoch 344 iteration 22: 0.3846123516559601
loss in epoch 345 iteration 22: 0.3881929814815521
loss in epoch 346 iteration 22: 0.3876369595527649
loss in epoch 347 iteration 22: 0.40329471230506897
loss in epoch 348 iteration 22: 0.3729935884475708
loss in epoch 349 iteration 22: 0.38416093587875366
loss in epoch 350 iteration 22: 0.40049540996551514
loss in epoch 351 iteration 22: 0.4065859317779541
loss in epoch 352 iteration 22: 0.38504886627197266
loss in epoch 353 iteration 22: 0.39525407552719116
loss in epoch 354 iteration 22: 0.3826765716075897
loss in epoch 355 iteration 22: 0.36840885877609253
loss in epoch 356 iteration 22: 0.37728023529052734
loss in epoch 357 iteration 22: 0.37750449776649475
loss in epoch 358 iteration 22: 0.3822295367717743
loss in epoch 359 iteration 22: 0.3858063220977783
loss in epoch 360 iteration 22: 0.3978431522846222
Evaluatingepoch:360, time: 121950.343132(s), valid (NDCG@5: 0.2265, HR@5: 0.3316, NDCG@10: 0.2690, HR@10: 0.4634, NDCG@20: 0.3031, HR@20: 0.5974), test (NDCG@5: 0.2098, HR@5: 0.3089, NDCG@10: 0.2521, HR@10: 0.4402, NDCG@20: 0.2854, HR@20: 0.5717)
loss in epoch 361 iteration 22: 0.3916100263595581
loss in epoch 362 iteration 22: 0.38838496804237366
loss in epoch 363 iteration 22: 0.3900490403175354
loss in epoch 364 iteration 22: 0.4056274890899658
loss in epoch 365 iteration 22: 0.37405291199684143
loss in epoch 366 iteration 22: 0.3813849687576294
loss in epoch 367 iteration 22: 0.39682233333587646
loss in epoch 368 iteration 22: 0.3794317841529846
loss in epoch 369 iteration 22: 0.3847922682762146
loss in epoch 370 iteration 22: 0.395214319229126
loss in epoch 371 iteration 22: 0.3820738196372986
loss in epoch 372 iteration 22: 0.3803497552871704
loss in epoch 373 iteration 22: 0.3652820587158203
loss in epoch 374 iteration 22: 0.3909979462623596
loss in epoch 375 iteration 22: 0.39899301528930664
loss in epoch 376 iteration 22: 0.39257746934890747
loss in epoch 377 iteration 22: 0.37963467836380005
loss in epoch 378 iteration 22: 0.38395702838897705
loss in epoch 379 iteration 22: 0.38508620858192444
loss in epoch 380 iteration 22: 0.36236608028411865
Evaluatingepoch:380, time: 127768.441200(s), valid (NDCG@5: 0.2250, HR@5: 0.3306, NDCG@10: 0.2666, HR@10: 0.4593, NDCG@20: 0.3036, HR@20: 0.6045), test (NDCG@5: 0.2063, HR@5: 0.3056, NDCG@10: 0.2500, HR@10: 0.4409, NDCG@20: 0.2835, HR@20: 0.5732)
loss in epoch 381 iteration 22: 0.39144235849380493
loss in epoch 382 iteration 22: 0.37408292293548584
loss in epoch 383 iteration 22: 0.3704468011856079
loss in epoch 384 iteration 22: 0.3947582244873047
loss in epoch 385 iteration 22: 0.38861680030822754
loss in epoch 386 iteration 22: 0.38967791199684143
loss in epoch 387 iteration 22: 0.3720448613166809
loss in epoch 388 iteration 22: 0.3848724365234375
loss in epoch 389 iteration 22: 0.38478872179985046
loss in epoch 390 iteration 22: 0.38754892349243164
loss in epoch 391 iteration 22: 0.3897280693054199
loss in epoch 392 iteration 22: 0.3787387013435364
loss in epoch 393 iteration 22: 0.3893408179283142
loss in epoch 394 iteration 22: 0.3835105299949646
loss in epoch 395 iteration 22: 0.3909801244735718
loss in epoch 396 iteration 22: 0.40142732858657837
loss in epoch 397 iteration 22: 0.39887362718582153
loss in epoch 398 iteration 22: 0.3802512288093567
loss in epoch 399 iteration 22: 0.40040087699890137
loss in epoch 400 iteration 22: 0.35727953910827637
Evaluatingepoch:400, time: 133537.296534(s), valid (NDCG@5: 0.2260, HR@5: 0.3280, NDCG@10: 0.2685, HR@10: 0.4601, NDCG@20: 0.3034, HR@20: 0.5982), test (NDCG@5: 0.2130, HR@5: 0.3147, NDCG@10: 0.2536, HR@10: 0.4402, NDCG@20: 0.2867, HR@20: 0.5714)
loss in epoch 401 iteration 22: 0.3696497678756714
loss in epoch 402 iteration 22: 0.3849792778491974
loss in epoch 403 iteration 22: 0.38652488589286804
loss in epoch 404 iteration 22: 0.3702373206615448
loss in epoch 405 iteration 22: 0.39443427324295044
loss in epoch 406 iteration 22: 0.36958369612693787
loss in epoch 407 iteration 22: 0.4084036946296692
loss in epoch 408 iteration 22: 0.3994618058204651
loss in epoch 409 iteration 22: 0.3830053210258484
loss in epoch 410 iteration 22: 0.3923579454421997
loss in epoch 411 iteration 22: 0.39765700697898865
loss in epoch 412 iteration 22: 0.37355029582977295
loss in epoch 413 iteration 22: 0.39696192741394043
loss in epoch 414 iteration 22: 0.39868345856666565
loss in epoch 415 iteration 22: 0.3891966938972473
loss in epoch 416 iteration 22: 0.37196266651153564
loss in epoch 417 iteration 22: 0.38452810049057007
loss in epoch 418 iteration 22: 0.39024633169174194
loss in epoch 419 iteration 22: 0.3744814097881317
loss in epoch 420 iteration 22: 0.3763814866542816
Evaluatingepoch:420, time: 139215.030909(s), valid (NDCG@5: 0.2244, HR@5: 0.3305, NDCG@10: 0.2687, HR@10: 0.4664, NDCG@20: 0.3033, HR@20: 0.6030), test (NDCG@5: 0.2104, HR@5: 0.3167, NDCG@10: 0.2500, HR@10: 0.4392, NDCG@20: 0.2839, HR@20: 0.5730)
loss in epoch 421 iteration 22: 0.3537539839744568
loss in epoch 422 iteration 22: 0.3790383040904999
loss in epoch 423 iteration 22: 0.4023932218551636
loss in epoch 424 iteration 22: 0.40007284283638
loss in epoch 425 iteration 22: 0.37600600719451904
loss in epoch 426 iteration 22: 0.3828527629375458
loss in epoch 427 iteration 22: 0.3723165988922119
loss in epoch 428 iteration 22: 0.3893972337245941
loss in epoch 429 iteration 22: 0.37792420387268066
loss in epoch 430 iteration 22: 0.39128589630126953
loss in epoch 431 iteration 22: 0.3912631571292877
loss in epoch 432 iteration 22: 0.3798699378967285
loss in epoch 433 iteration 22: 0.3835260272026062
loss in epoch 434 iteration 22: 0.37764841318130493
loss in epoch 435 iteration 22: 0.3954859972000122
loss in epoch 436 iteration 22: 0.3890739679336548
loss in epoch 437 iteration 22: 0.38727235794067383
loss in epoch 438 iteration 22: 0.38032758235931396
loss in epoch 439 iteration 22: 0.380024790763855
loss in epoch 440 iteration 22: 0.3739582300186157
Evaluatingepoch:440, time: 145676.805973(s), valid (NDCG@5: 0.2238, HR@5: 0.3270, NDCG@10: 0.2673, HR@10: 0.4618, NDCG@20: 0.3036, HR@20: 0.6053), test (NDCG@5: 0.2116, HR@5: 0.3123, NDCG@10: 0.2534, HR@10: 0.4419, NDCG@20: 0.2878, HR@20: 0.5776)
loss in epoch 441 iteration 22: 0.3926675319671631
loss in epoch 442 iteration 22: 0.3739625811576843
loss in epoch 443 iteration 22: 0.39244791865348816
loss in epoch 444 iteration 22: 0.3726051449775696
loss in epoch 445 iteration 22: 0.394189715385437
loss in epoch 446 iteration 22: 0.3905566930770874
loss in epoch 447 iteration 22: 0.37571853399276733
loss in epoch 448 iteration 22: 0.3749791979789734
loss in epoch 449 iteration 22: 0.39668458700180054
loss in epoch 450 iteration 22: 0.38579121232032776
loss in epoch 451 iteration 22: 0.3848129212856293
loss in epoch 452 iteration 22: 0.3911972939968109
loss in epoch 453 iteration 22: 0.38172802329063416
loss in epoch 454 iteration 22: 0.37307465076446533
loss in epoch 455 iteration 22: 0.3700246810913086
loss in epoch 456 iteration 22: 0.3886435031890869
loss in epoch 457 iteration 22: 0.3866628408432007
loss in epoch 458 iteration 22: 0.3656155467033386
loss in epoch 459 iteration 22: 0.37880319356918335
loss in epoch 460 iteration 22: 0.3573721647262573
Evaluatingepoch:460, time: 152358.926773(s), valid (NDCG@5: 0.2278, HR@5: 0.3301, NDCG@10: 0.2716, HR@10: 0.4652, NDCG@20: 0.3069, HR@20: 0.6046), test (NDCG@5: 0.2129, HR@5: 0.3127, NDCG@10: 0.2545, HR@10: 0.4419, NDCG@20: 0.2887, HR@20: 0.5775)
loss in epoch 461 iteration 22: 0.3655809164047241
loss in epoch 462 iteration 22: 0.3761521577835083
loss in epoch 463 iteration 22: 0.3861343264579773
loss in epoch 464 iteration 22: 0.3803572654724121
loss in epoch 465 iteration 22: 0.38541775941848755
loss in epoch 466 iteration 22: 0.379163920879364
loss in epoch 467 iteration 22: 0.38319987058639526
loss in epoch 468 iteration 22: 0.3820769488811493
loss in epoch 469 iteration 22: 0.3857569098472595
loss in epoch 470 iteration 22: 0.3728947043418884
loss in epoch 471 iteration 22: 0.39654040336608887
loss in epoch 472 iteration 22: 0.37484419345855713
loss in epoch 473 iteration 22: 0.3730975091457367
loss in epoch 474 iteration 22: 0.3763035535812378
loss in epoch 475 iteration 22: 0.37992149591445923
loss in epoch 476 iteration 22: 0.3911072611808777
loss in epoch 477 iteration 22: 0.36101233959198
loss in epoch 478 iteration 22: 0.3744945526123047
loss in epoch 479 iteration 22: 0.3582594394683838
loss in epoch 480 iteration 22: 0.3860977292060852
Evaluatingepoch:480, time: 161153.153896(s), valid (NDCG@5: 0.2259, HR@5: 0.3281, NDCG@10: 0.2693, HR@10: 0.4626, NDCG@20: 0.3069, HR@20: 0.6111), test (NDCG@5: 0.2157, HR@5: 0.3149, NDCG@10: 0.2570, HR@10: 0.4427, NDCG@20: 0.2896, HR@20: 0.5715)
loss in epoch 481 iteration 22: 0.37083137035369873
loss in epoch 482 iteration 22: 0.37303104996681213
loss in epoch 483 iteration 22: 0.40907248854637146
loss in epoch 484 iteration 22: 0.39296862483024597
loss in epoch 485 iteration 22: 0.38059723377227783
loss in epoch 486 iteration 22: 0.3692674934864044
loss in epoch 487 iteration 22: 0.38456112146377563
loss in epoch 488 iteration 22: 0.38389432430267334
loss in epoch 489 iteration 22: 0.3914652168750763
loss in epoch 490 iteration 22: 0.37763360142707825
loss in epoch 491 iteration 22: 0.36678871512413025
loss in epoch 492 iteration 22: 0.3793970048427582
loss in epoch 493 iteration 22: 0.37652283906936646
loss in epoch 494 iteration 22: 0.3918781280517578
loss in epoch 495 iteration 22: 0.36879730224609375
loss in epoch 496 iteration 22: 0.378946989774704
loss in epoch 497 iteration 22: 0.37285536527633667
loss in epoch 498 iteration 22: 0.37208694219589233
loss in epoch 499 iteration 22: 0.39441388845443726
loss in epoch 500 iteration 22: 0.3896569013595581
Evaluatingepoch:500, time: 169914.474964(s), valid (NDCG@5: 0.2281, HR@5: 0.3323, NDCG@10: 0.2704, HR@10: 0.4639, NDCG@20: 0.3063, HR@20: 0.6055), test (NDCG@5: 0.2127, HR@5: 0.3118, NDCG@10: 0.2542, HR@10: 0.4406, NDCG@20: 0.2880, HR@20: 0.5732)
loss in epoch 501 iteration 22: 0.3820762038230896
Training time : 170224.91765022278
Done
