Arguments:
backbone mamba
batch_size 1024
dataset tracks256_mapped
device cuda:5
dropout_rate 0.5
eval_neg_sample 100
hidden_units 2
inference_only False
l2_emb 0.0
lr 0.0005
maxlen 1000
name mamba
num_blocks 2
num_epochs 501
num_heads 1
state_dict_path None
train_dir tracks256_default/

user_count: 25001
item count: 2225190
25001
average sequence length: 248.89
parameters_count: 4452826
loss in epoch 1 iteration 23: 1.3862942457199097
loss in epoch 2 iteration 23: 1.3862940073013306
loss in epoch 3 iteration 23: 1.3862934112548828
loss in epoch 4 iteration 23: 1.3862905502319336
loss in epoch 5 iteration 23: 1.386281967163086
Evaluatingepoch:5, time: 7877.975464(s), valid (NDCG@5: 0.2428, HR@5: 0.3108, NDCG@10: 0.2632, HR@10: 0.3739, NDCG@20: 0.2839, HR@20: 0.4564), test (NDCG@5: 0.2435, HR@5: 0.3116, NDCG@10: 0.2626, HR@10: 0.3707, NDCG@20: 0.2825, HR@20: 0.4499)
loss in epoch 6 iteration 23: 1.3862569332122803
loss in epoch 7 iteration 23: 1.3862016201019287
loss in epoch 8 iteration 23: 1.3860976696014404
loss in epoch 9 iteration 23: 1.3858990669250488
loss in epoch 10 iteration 23: 1.3855645656585693
Evaluatingepoch:10, time: 14060.036421(s), valid (NDCG@5: 0.3181, HR@5: 0.4199, NDCG@10: 0.3483, HR@10: 0.5131, NDCG@20: 0.3660, HR@20: 0.5831), test (NDCG@5: 0.3157, HR@5: 0.4138, NDCG@10: 0.3447, HR@10: 0.5029, NDCG@20: 0.3629, HR@20: 0.5744)
loss in epoch 11 iteration 23: 1.3849546909332275
loss in epoch 12 iteration 23: 1.384092092514038
loss in epoch 13 iteration 23: 1.3824889659881592
loss in epoch 14 iteration 23: 1.3800053596496582
loss in epoch 15 iteration 23: 1.3754172325134277
Evaluatingepoch:15, time: 20148.864269(s), valid (NDCG@5: 0.3219, HR@5: 0.4263, NDCG@10: 0.3524, HR@10: 0.5201, NDCG@20: 0.3725, HR@20: 0.5992), test (NDCG@5: 0.3206, HR@5: 0.4222, NDCG@10: 0.3493, HR@10: 0.5107, NDCG@20: 0.3702, HR@20: 0.5927)
loss in epoch 16 iteration 23: 1.369239091873169
loss in epoch 17 iteration 23: 1.3591480255126953
loss in epoch 18 iteration 23: 1.343888282775879
loss in epoch 19 iteration 23: 1.3238575458526611
loss in epoch 20 iteration 23: 1.3003618717193604
Evaluatingepoch:20, time: 25786.366701(s), valid (NDCG@5: 0.3234, HR@5: 0.4283, NDCG@10: 0.3547, HR@10: 0.5248, NDCG@20: 0.3755, HR@20: 0.6069), test (NDCG@5: 0.3198, HR@5: 0.4212, NDCG@10: 0.3503, HR@10: 0.5153, NDCG@20: 0.3712, HR@20: 0.5977)
loss in epoch 21 iteration 23: 1.2745728492736816
loss in epoch 22 iteration 23: 1.2413657903671265
loss in epoch 23 iteration 23: 1.2219867706298828
loss in epoch 24 iteration 23: 1.195044994354248
loss in epoch 25 iteration 23: 1.1867446899414062
Evaluatingepoch:25, time: 31770.490646(s), valid (NDCG@5: 0.3223, HR@5: 0.4259, NDCG@10: 0.3544, HR@10: 0.5255, NDCG@20: 0.3758, HR@20: 0.6096), test (NDCG@5: 0.3200, HR@5: 0.4237, NDCG@10: 0.3500, HR@10: 0.5165, NDCG@20: 0.3710, HR@20: 0.5993)
loss in epoch 26 iteration 23: 1.1773526668548584
loss in epoch 27 iteration 23: 1.1687698364257812
loss in epoch 28 iteration 23: 1.1652288436889648
loss in epoch 29 iteration 23: 1.1640987396240234
loss in epoch 30 iteration 23: 1.1596455574035645
Evaluatingepoch:30, time: 37320.191145(s), valid (NDCG@5: 0.3199, HR@5: 0.4257, NDCG@10: 0.3524, HR@10: 0.5259, NDCG@20: 0.3742, HR@20: 0.6121), test (NDCG@5: 0.3181, HR@5: 0.4200, NDCG@10: 0.3498, HR@10: 0.5176, NDCG@20: 0.3711, HR@20: 0.6015)
loss in epoch 31 iteration 23: 1.1565401554107666
loss in epoch 32 iteration 23: 1.1454696655273438
loss in epoch 33 iteration 23: 1.1519968509674072
loss in epoch 34 iteration 23: 1.1450634002685547
loss in epoch 35 iteration 23: 1.138769507408142
Evaluatingepoch:35, time: 42515.322685(s), valid (NDCG@5: 0.3209, HR@5: 0.4257, NDCG@10: 0.3528, HR@10: 0.5241, NDCG@20: 0.3751, HR@20: 0.6115), test (NDCG@5: 0.3186, HR@5: 0.4212, NDCG@10: 0.3501, HR@10: 0.5185, NDCG@20: 0.3716, HR@20: 0.6031)
loss in epoch 36 iteration 23: 1.1509628295898438
loss in epoch 37 iteration 23: 1.1392194032669067
loss in epoch 38 iteration 23: 1.1432231664657593
loss in epoch 39 iteration 23: 1.135561227798462
loss in epoch 40 iteration 23: 1.1273200511932373
Evaluatingepoch:40, time: 46009.219646(s), valid (NDCG@5: 0.3205, HR@5: 0.4265, NDCG@10: 0.3525, HR@10: 0.5253, NDCG@20: 0.3745, HR@20: 0.6122), test (NDCG@5: 0.3191, HR@5: 0.4207, NDCG@10: 0.3503, HR@10: 0.5173, NDCG@20: 0.3725, HR@20: 0.6049)
loss in epoch 41 iteration 23: 1.1168487071990967
loss in epoch 42 iteration 23: 1.140857219696045
loss in epoch 43 iteration 23: 1.1262226104736328
loss in epoch 44 iteration 23: 1.1228797435760498
loss in epoch 45 iteration 23: 1.109773874282837
Evaluatingepoch:45, time: 51295.251846(s), valid (NDCG@5: 0.3190, HR@5: 0.4254, NDCG@10: 0.3518, HR@10: 0.5263, NDCG@20: 0.3735, HR@20: 0.6121), test (NDCG@5: 0.3190, HR@5: 0.4232, NDCG@10: 0.3500, HR@10: 0.5187, NDCG@20: 0.3712, HR@20: 0.6021)
loss in epoch 46 iteration 23: 1.1245884895324707
loss in epoch 47 iteration 23: 1.1191625595092773
loss in epoch 48 iteration 23: 1.1191076040267944
loss in epoch 49 iteration 23: 1.1086599826812744
loss in epoch 50 iteration 23: 1.1000175476074219
Evaluatingepoch:50, time: 56638.537407(s), valid (NDCG@5: 0.3180, HR@5: 0.4255, NDCG@10: 0.3505, HR@10: 0.5257, NDCG@20: 0.3728, HR@20: 0.6137), test (NDCG@5: 0.3191, HR@5: 0.4221, NDCG@10: 0.3504, HR@10: 0.5186, NDCG@20: 0.3723, HR@20: 0.6049)
loss in epoch 51 iteration 23: 1.103025197982788
loss in epoch 52 iteration 23: 1.1078102588653564
loss in epoch 53 iteration 23: 1.0922003984451294
loss in epoch 54 iteration 23: 1.1044225692749023
loss in epoch 55 iteration 23: 1.094893455505371
Evaluatingepoch:55, time: 62459.233284(s), valid (NDCG@5: 0.3203, HR@5: 0.4259, NDCG@10: 0.3528, HR@10: 0.5260, NDCG@20: 0.3749, HR@20: 0.6134), test (NDCG@5: 0.3165, HR@5: 0.4208, NDCG@10: 0.3480, HR@10: 0.5178, NDCG@20: 0.3701, HR@20: 0.6050)
loss in epoch 56 iteration 23: 1.0897481441497803
loss in epoch 57 iteration 23: 1.0733911991119385
loss in epoch 58 iteration 23: 1.0896437168121338
loss in epoch 59 iteration 23: 1.0941691398620605
loss in epoch 60 iteration 23: 1.0792274475097656
Evaluatingepoch:60, time: 67890.940189(s), valid (NDCG@5: 0.3195, HR@5: 0.4266, NDCG@10: 0.3515, HR@10: 0.5249, NDCG@20: 0.3741, HR@20: 0.6142), test (NDCG@5: 0.3183, HR@5: 0.4237, NDCG@10: 0.3495, HR@10: 0.5197, NDCG@20: 0.3710, HR@20: 0.6043)
loss in epoch 61 iteration 23: 1.0795612335205078
loss in epoch 62 iteration 23: 1.0777497291564941
loss in epoch 63 iteration 23: 1.0748721361160278
loss in epoch 64 iteration 23: 1.0798431634902954
loss in epoch 65 iteration 23: 1.0673854351043701
Evaluatingepoch:65, time: 73149.084568(s), valid (NDCG@5: 0.3191, HR@5: 0.4265, NDCG@10: 0.3513, HR@10: 0.5255, NDCG@20: 0.3739, HR@20: 0.6149), test (NDCG@5: 0.3172, HR@5: 0.4217, NDCG@10: 0.3491, HR@10: 0.5199, NDCG@20: 0.3707, HR@20: 0.6052)
loss in epoch 66 iteration 23: 1.0663658380508423
loss in epoch 67 iteration 23: 1.0619332790374756
loss in epoch 68 iteration 23: 1.0697472095489502
loss in epoch 69 iteration 23: 1.057442545890808
loss in epoch 70 iteration 23: 1.0553441047668457
Evaluatingepoch:70, time: 78947.570801(s), valid (NDCG@5: 0.3178, HR@5: 0.4225, NDCG@10: 0.3512, HR@10: 0.5252, NDCG@20: 0.3740, HR@20: 0.6152), test (NDCG@5: 0.3179, HR@5: 0.4222, NDCG@10: 0.3490, HR@10: 0.5180, NDCG@20: 0.3709, HR@20: 0.6041)
loss in epoch 71 iteration 23: 1.0645091533660889
loss in epoch 72 iteration 23: 1.0663056373596191
loss in epoch 73 iteration 23: 1.0637826919555664
loss in epoch 74 iteration 23: 1.0597110986709595
loss in epoch 75 iteration 23: 1.0555696487426758
Evaluatingepoch:75, time: 83760.762691(s), valid (NDCG@5: 0.3190, HR@5: 0.4258, NDCG@10: 0.3508, HR@10: 0.5233, NDCG@20: 0.3746, HR@20: 0.6171), test (NDCG@5: 0.3157, HR@5: 0.4193, NDCG@10: 0.3482, HR@10: 0.5195, NDCG@20: 0.3696, HR@20: 0.6038)
loss in epoch 76 iteration 23: 1.0499978065490723
loss in epoch 77 iteration 23: 1.052440881729126
loss in epoch 78 iteration 23: 1.0569677352905273
loss in epoch 79 iteration 23: 1.040108561515808
loss in epoch 80 iteration 23: 1.042482852935791
Evaluatingepoch:80, time: 87036.355972(s), valid (NDCG@5: 0.3201, HR@5: 0.4257, NDCG@10: 0.3524, HR@10: 0.5255, NDCG@20: 0.3752, HR@20: 0.6153), test (NDCG@5: 0.3144, HR@5: 0.4186, NDCG@10: 0.3471, HR@10: 0.5193, NDCG@20: 0.3687, HR@20: 0.6042)
loss in epoch 81 iteration 23: 1.0481164455413818
loss in epoch 82 iteration 23: 1.0472993850708008
loss in epoch 83 iteration 23: 1.0461925268173218
loss in epoch 84 iteration 23: 1.0332787036895752
loss in epoch 85 iteration 23: 1.037522792816162
Evaluatingepoch:85, time: 91930.609226(s), valid (NDCG@5: 0.3195, HR@5: 0.4265, NDCG@10: 0.3519, HR@10: 0.5259, NDCG@20: 0.3743, HR@20: 0.6147), test (NDCG@5: 0.3191, HR@5: 0.4211, NDCG@10: 0.3514, HR@10: 0.5207, NDCG@20: 0.3734, HR@20: 0.6077)
loss in epoch 86 iteration 23: 1.0377429723739624
loss in epoch 87 iteration 23: 1.0308887958526611
loss in epoch 88 iteration 23: 1.0273059606552124
loss in epoch 89 iteration 23: 1.0402171611785889
loss in epoch 90 iteration 23: 1.0358861684799194
Evaluatingepoch:90, time: 97217.186689(s), valid (NDCG@5: 0.3197, HR@5: 0.4253, NDCG@10: 0.3516, HR@10: 0.5237, NDCG@20: 0.3747, HR@20: 0.6145), test (NDCG@5: 0.3194, HR@5: 0.4225, NDCG@10: 0.3509, HR@10: 0.5198, NDCG@20: 0.3730, HR@20: 0.6068)
loss in epoch 91 iteration 23: 1.0333096981048584
loss in epoch 92 iteration 23: 1.028116226196289
loss in epoch 93 iteration 23: 1.0268352031707764
loss in epoch 94 iteration 23: 1.027937412261963
loss in epoch 95 iteration 23: 1.0228629112243652
Evaluatingepoch:95, time: 103100.421429(s), valid (NDCG@5: 0.3201, HR@5: 0.4282, NDCG@10: 0.3515, HR@10: 0.5249, NDCG@20: 0.3741, HR@20: 0.6139), test (NDCG@5: 0.3167, HR@5: 0.4220, NDCG@10: 0.3482, HR@10: 0.5191, NDCG@20: 0.3699, HR@20: 0.6045)
loss in epoch 96 iteration 23: 1.022502064704895
loss in epoch 97 iteration 23: 1.0182456970214844
loss in epoch 98 iteration 23: 1.0267009735107422
loss in epoch 99 iteration 23: 1.0236685276031494
loss in epoch 100 iteration 23: 1.016968011856079
Evaluatingepoch:100, time: 108319.412708(s), valid (NDCG@5: 0.3181, HR@5: 0.4243, NDCG@10: 0.3503, HR@10: 0.5235, NDCG@20: 0.3730, HR@20: 0.6130), test (NDCG@5: 0.3158, HR@5: 0.4201, NDCG@10: 0.3478, HR@10: 0.5187, NDCG@20: 0.3695, HR@20: 0.6045)
loss in epoch 101 iteration 23: 1.0290268659591675
loss in epoch 102 iteration 23: 1.019977331161499
loss in epoch 103 iteration 23: 1.0241553783416748
loss in epoch 104 iteration 23: 1.014255404472351
loss in epoch 105 iteration 23: 1.0212745666503906
Evaluatingepoch:105, time: 114129.070997(s), valid (NDCG@5: 0.3193, HR@5: 0.4248, NDCG@10: 0.3513, HR@10: 0.5235, NDCG@20: 0.3742, HR@20: 0.6135), test (NDCG@5: 0.3178, HR@5: 0.4227, NDCG@10: 0.3486, HR@10: 0.5177, NDCG@20: 0.3702, HR@20: 0.6025)
loss in epoch 106 iteration 23: 1.0213900804519653
loss in epoch 107 iteration 23: 1.0156660079956055
loss in epoch 108 iteration 23: 1.0156543254852295
loss in epoch 109 iteration 23: 1.0214123725891113
loss in epoch 110 iteration 23: 1.0192047357559204
Evaluatingepoch:110, time: 119106.164932(s), valid (NDCG@5: 0.3180, HR@5: 0.4247, NDCG@10: 0.3503, HR@10: 0.5245, NDCG@20: 0.3728, HR@20: 0.6131), test (NDCG@5: 0.3154, HR@5: 0.4185, NDCG@10: 0.3474, HR@10: 0.5169, NDCG@20: 0.3695, HR@20: 0.6040)
loss in epoch 111 iteration 23: 1.0149154663085938
loss in epoch 112 iteration 23: 1.0129362344741821
loss in epoch 113 iteration 23: 1.0175471305847168
loss in epoch 114 iteration 23: 1.0094780921936035
loss in epoch 115 iteration 23: 1.0183701515197754
Evaluatingepoch:115, time: 124589.783669(s), valid (NDCG@5: 0.3182, HR@5: 0.4237, NDCG@10: 0.3514, HR@10: 0.5260, NDCG@20: 0.3735, HR@20: 0.6131), test (NDCG@5: 0.3169, HR@5: 0.4206, NDCG@10: 0.3483, HR@10: 0.5177, NDCG@20: 0.3701, HR@20: 0.6033)
loss in epoch 116 iteration 23: 1.0005133152008057
loss in epoch 117 iteration 23: 1.0120702981948853
loss in epoch 118 iteration 23: 1.0089242458343506
loss in epoch 119 iteration 23: 0.9955660104751587
loss in epoch 120 iteration 23: 1.0051510334014893
Evaluatingepoch:120, time: 127867.972136(s), valid (NDCG@5: 0.3189, HR@5: 0.4243, NDCG@10: 0.3519, HR@10: 0.5263, NDCG@20: 0.3737, HR@20: 0.6122), test (NDCG@5: 0.3144, HR@5: 0.4165, NDCG@10: 0.3472, HR@10: 0.5175, NDCG@20: 0.3689, HR@20: 0.6026)
loss in epoch 121 iteration 23: 1.011653184890747
loss in epoch 122 iteration 23: 1.0020275115966797
loss in epoch 123 iteration 23: 1.0049128532409668
loss in epoch 124 iteration 23: 1.0038254261016846
loss in epoch 125 iteration 23: 1.0090687274932861
Evaluatingepoch:125, time: 132963.886738(s), valid (NDCG@5: 0.3176, HR@5: 0.4213, NDCG@10: 0.3511, HR@10: 0.5245, NDCG@20: 0.3734, HR@20: 0.6123), test (NDCG@5: 0.3137, HR@5: 0.4183, NDCG@10: 0.3459, HR@10: 0.5176, NDCG@20: 0.3678, HR@20: 0.6040)
loss in epoch 126 iteration 23: 1.009689211845398
loss in epoch 127 iteration 23: 1.0166676044464111
loss in epoch 128 iteration 23: 1.007537603378296
loss in epoch 129 iteration 23: 1.0011639595031738
loss in epoch 130 iteration 23: 0.9963843822479248
Evaluatingepoch:130, time: 138226.734638(s), valid (NDCG@5: 0.3197, HR@5: 0.4250, NDCG@10: 0.3524, HR@10: 0.5258, NDCG@20: 0.3744, HR@20: 0.6126), test (NDCG@5: 0.3160, HR@5: 0.4195, NDCG@10: 0.3478, HR@10: 0.5173, NDCG@20: 0.3695, HR@20: 0.6027)
loss in epoch 131 iteration 23: 0.9959944486618042
loss in epoch 132 iteration 23: 1.0132895708084106
loss in epoch 133 iteration 23: 1.0066194534301758
loss in epoch 134 iteration 23: 1.0045433044433594
loss in epoch 135 iteration 23: 0.999886155128479
Evaluatingepoch:135, time: 144206.859589(s), valid (NDCG@5: 0.3185, HR@5: 0.4248, NDCG@10: 0.3511, HR@10: 0.5252, NDCG@20: 0.3730, HR@20: 0.6114), test (NDCG@5: 0.3159, HR@5: 0.4189, NDCG@10: 0.3482, HR@10: 0.5186, NDCG@20: 0.3693, HR@20: 0.6019)
loss in epoch 136 iteration 23: 1.006066083908081
loss in epoch 137 iteration 23: 1.0063912868499756
loss in epoch 138 iteration 23: 0.9959484934806824
loss in epoch 139 iteration 23: 1.0060361623764038
loss in epoch 140 iteration 23: 1.00217866897583
Evaluatingepoch:140, time: 149326.390505(s), valid (NDCG@5: 0.3192, HR@5: 0.4243, NDCG@10: 0.3519, HR@10: 0.5253, NDCG@20: 0.3739, HR@20: 0.6120), test (NDCG@5: 0.3165, HR@5: 0.4205, NDCG@10: 0.3480, HR@10: 0.5179, NDCG@20: 0.3692, HR@20: 0.6013)
loss in epoch 141 iteration 23: 0.9943150281906128
loss in epoch 142 iteration 23: 1.0015352964401245
loss in epoch 143 iteration 23: 1.003112554550171
loss in epoch 144 iteration 23: 1.0031242370605469
loss in epoch 145 iteration 23: 1.0050008296966553
Evaluatingepoch:145, time: 154668.876648(s), valid (NDCG@5: 0.3192, HR@5: 0.4253, NDCG@10: 0.3515, HR@10: 0.5251, NDCG@20: 0.3735, HR@20: 0.6113), test (NDCG@5: 0.3177, HR@5: 0.4206, NDCG@10: 0.3492, HR@10: 0.5175, NDCG@20: 0.3706, HR@20: 0.6021)
loss in epoch 146 iteration 23: 0.9996282458305359
loss in epoch 147 iteration 23: 1.00239098072052
loss in epoch 148 iteration 23: 0.9986890554428101
loss in epoch 149 iteration 23: 0.9959145784378052
loss in epoch 150 iteration 23: 0.9891395568847656
Evaluatingepoch:150, time: 160076.646328(s), valid (NDCG@5: 0.3208, HR@5: 0.4271, NDCG@10: 0.3527, HR@10: 0.5255, NDCG@20: 0.3746, HR@20: 0.6116), test (NDCG@5: 0.3165, HR@5: 0.4205, NDCG@10: 0.3481, HR@10: 0.5180, NDCG@20: 0.3689, HR@20: 0.6000)
loss in epoch 151 iteration 23: 0.9986110329627991
loss in epoch 152 iteration 23: 1.0037579536437988
loss in epoch 153 iteration 23: 0.9924836158752441
loss in epoch 154 iteration 23: 1.0000009536743164
loss in epoch 155 iteration 23: 1.001362681388855
Evaluatingepoch:155, time: 166044.707298(s), valid (NDCG@5: 0.3196, HR@5: 0.4253, NDCG@10: 0.3520, HR@10: 0.5251, NDCG@20: 0.3741, HR@20: 0.6121), test (NDCG@5: 0.3166, HR@5: 0.4188, NDCG@10: 0.3481, HR@10: 0.5162, NDCG@20: 0.3700, HR@20: 0.6022)
