Arguments:
backbone mamba
batch_size 32
dataset tracks512
device cuda:7
dropout_rate 0.5
eval_neg_sample 100
hidden_units 2
inference_only False
l2_emb 0.0
lr 0.0005
maxlen 1000
name mamba
num_blocks 2
num_epochs 501
num_heads 1
state_dict_path None
train_dir tracks256_default/

user_count: 25001
item count: 3541576
25001
average sequence length: 487.54
parameters_count: 64569996
log_feats torch.Size([32, 1000, 2])
pos_embs torch.Size([32, 1000, 2])
neg_embs torch.Size([32, 1000, 2])
log_feats torch.Size([32, 1000, 2])
pos_embs torch.Size([32, 1000, 2])
neg_embs torch.Size([32, 1000, 2])
log_feats torch.Size([32, 1000, 2])
pos_embs torch.Size([32, 1000, 2])
neg_embs torch.Size([32, 1000, 2])
log_feats torch.Size([32, 1000, 2])
pos_embs torch.Size([32, 1000, 2])
neg_embs torch.Size([32, 1000, 2])
log_feats torch.Size([32, 1000, 2])
pos_embs torch.Size([32, 1000, 2])
neg_embs torch.Size([32, 1000, 2])
log_feats torch.Size([32, 1000, 2])
pos_embs torch.Size([32, 1000, 2])
neg_embs torch.Size([32, 1000, 2])
log_feats torch.Size([32, 1000, 2])
pos_embs torch.Size([32, 1000, 2])
neg_embs torch.Size([32, 1000, 2])
log_feats torch.Size([32, 1000, 2])
pos_embs torch.Size([32, 1000, 2])
neg_embs torch.Size([32, 1000, 2])
log_feats torch.Size([32, 1000, 2])
pos_embs torch.Size([32, 1000, 2])
neg_embs torch.Size([32, 1000, 2])
log_feats torch.Size([32, 1000, 2])
pos_embs torch.Size([32, 1000, 2])
neg_embs torch.Size([32, 1000, 2])
log_feats torch.Size([32, 1000, 2])
pos_embs torch.Size([32, 1000, 2])
neg_embs torch.Size([32, 1000, 2])
log_feats torch.Size([32, 1000, 2])
pos_embs torch.Size([32, 1000, 2])
neg_embs torch.Size([32, 1000, 2])
log_feats torch.Size([32, 1000, 2])
pos_embs torch.Size([32, 1000, 2])
neg_embs torch.Size([32, 1000, 2])
log_feats torch.Size([32, 1000, 2])
pos_embs torch.Size([32, 1000, 2])
neg_embs torch.Size([32, 1000, 2])
log_feats torch.Size([32, 1000, 2])
pos_embs torch.Size([32, 1000, 2])
neg_embs torch.Size([32, 1000, 2])
log_feats torch.Size([32, 1000, 2])
pos_embs torch.Size([32, 1000, 2])
neg_embs torch.Size([32, 1000, 2])
log_feats torch.Size([32, 1000, 2])
pos_embs torch.Size([32, 1000, 2])
neg_embs torch.Size([32, 1000, 2])
log_feats torch.Size([32, 1000, 2])
pos_embs torch.Size([32, 1000, 2])
neg_embs torch.Size([32, 1000, 2])
log_feats torch.Size([32, 1000, 2])
pos_embs torch.Size([32, 1000, 2])
neg_embs torch.Size([32, 1000, 2])
log_feats torch.Size([32, 1000, 2])
pos_embs torch.Size([32, 1000, 2])
neg_embs torch.Size([32, 1000, 2])
log_feats torch.Size([32, 1000, 2])
pos_embs torch.Size([32, 1000, 2])
neg_embs torch.Size([32, 1000, 2])
log_feats torch.Size([32, 1000, 2])
pos_embs torch.Size([32, 1000, 2])
neg_embs torch.Size([32, 1000, 2])
log_feats torch.Size([32, 1000, 2])
pos_embs torch.Size([32, 1000, 2])
neg_embs torch.Size([32, 1000, 2])
log_feats torch.Size([32, 1000, 2])
pos_embs torch.Size([32, 1000, 2])
neg_embs torch.Size([32, 1000, 2])
log_feats torch.Size([32, 1000, 2])
pos_embs torch.Size([32, 1000, 2])
neg_embs torch.Size([32, 1000, 2])
log_feats torch.Size([32, 1000, 2])
pos_embs torch.Size([32, 1000, 2])
neg_embs torch.Size([32, 1000, 2])
log_feats torch.Size([32, 1000, 2])
pos_embs torch.Size([32, 1000, 2])
neg_embs torch.Size([32, 1000, 2])
log_feats torch.Size([32, 1000, 2])
pos_embs torch.Size([32, 1000, 2])
neg_embs torch.Size([32, 1000, 2])
log_feats torch.Size([32, 1000, 2])
pos_embs torch.Size([32, 1000, 2])
neg_embs torch.Size([32, 1000, 2])
log_feats torch.Size([32, 1000, 2])
pos_embs torch.Size([32, 1000, 2])
neg_embs torch.Size([32, 1000, 2])
log_feats torch.Size([32, 1000, 2])
pos_embs torch.Size([32, 1000, 2])
neg_embs torch.Size([32, 1000, 2])
log_feats torch.Size([32, 1000, 2])
pos_embs torch.Size([32, 1000, 2])
neg_embs torch.Size([32, 1000, 2])
log_feats torch.Size([32, 1000, 2])
pos_embs torch.Size([32, 1000, 2])
neg_embs torch.Size([32, 1000, 2])
log_feats torch.Size([32, 1000, 2])
pos_embs torch.Size([32, 1000, 2])
neg_embs torch.Size([32, 1000, 2])
log_feats torch.Size([32, 1000, 2])
pos_embs torch.Size([32, 1000, 2])
neg_embs torch.Size([32, 1000, 2])
log_feats torch.Size([32, 1000, 2])
pos_embs torch.Size([32, 1000, 2])
neg_embs torch.Size([32, 1000, 2])
log_feats torch.Size([32, 1000, 2])
pos_embs torch.Size([32, 1000, 2])
neg_embs torch.Size([32, 1000, 2])
log_feats torch.Size([32, 1000, 2])
pos_embs torch.Size([32, 1000, 2])
neg_embs torch.Size([32, 1000, 2])
log_feats torch.Size([32, 1000, 2])
pos_embs torch.Size([32, 1000, 2])
neg_embs torch.Size([32, 1000, 2])
log_feats torch.Size([32, 1000, 2])
pos_embs torch.Size([32, 1000, 2])
neg_embs torch.Size([32, 1000, 2])
log_feats torch.Size([32, 1000, 2])
pos_embs torch.Size([32, 1000, 2])
neg_embs torch.Size([32, 1000, 2])
log_feats torch.Size([32, 1000, 2])
pos_embs torch.Size([32, 1000, 2])
neg_embs torch.Size([32, 1000, 2])
log_feats torch.Size([32, 1000, 2])
pos_embs torch.Size([32, 1000, 2])
neg_embs torch.Size([32, 1000, 2])
log_feats torch.Size([32, 1000, 2])
pos_embs torch.Size([32, 1000, 2])
neg_embs torch.Size([32, 1000, 2])
log_feats torch.Size([32, 1000, 2])
pos_embs torch.Size([32, 1000, 2])
neg_embs torch.Size([32, 1000, 2])
log_feats torch.Size([32, 1000, 2])
pos_embs torch.Size([32, 1000, 2])
neg_embs torch.Size([32, 1000, 2])
log_feats torch.Size([32, 1000, 2])
pos_embs torch.Size([32, 1000, 2])
neg_embs torch.Size([32, 1000, 2])
log_feats torch.Size([32, 1000, 2])
pos_embs torch.Size([32, 1000, 2])
neg_embs torch.Size([32, 1000, 2])
log_feats torch.Size([32, 1000, 2])
pos_embs torch.Size([32, 1000, 2])
neg_embs torch.Size([32, 1000, 2])
log_feats torch.Size([32, 1000, 2])
pos_embs torch.Size([32, 1000, 2])
neg_embs torch.Size([32, 1000, 2])
log_feats torch.Size([32, 1000, 2])
pos_embs torch.Size([32, 1000, 2])
neg_embs torch.Size([32, 1000, 2])
log_feats torch.Size([32, 1000, 2])
pos_embs torch.Size([32, 1000, 2])
neg_embs torch.Size([32, 1000, 2])
log_feats torch.Size([32, 1000, 2])
pos_embs torch.Size([32, 1000, 2])
neg_embs torch.Size([32, 1000, 2])
log_feats torch.Size([32, 1000, 2])
pos_embs torch.Size([32, 1000, 2])
neg_embs torch.Size([32, 1000, 2])
log_feats torch.Size([32, 1000, 2])
pos_embs torch.Size([32, 1000, 2])
neg_embs torch.Size([32, 1000, 2])
log_feats torch.Size([32, 1000, 2])
pos_embs torch.Size([32, 1000, 2])
neg_embs torch.Size([32, 1000, 2])
log_feats torch.Size([32, 1000, 2])
pos_embs torch.Size([32, 1000, 2])
neg_embs torch.Size([32, 1000, 2])
log_feats torch.Size([32, 1000, 2])
pos_embs torch.Size([32, 1000, 2])
neg_embs torch.Size([32, 1000, 2])
log_feats torch.Size([32, 1000, 2])
pos_embs torch.Size([32, 1000, 2])
neg_embs torch.Size([32, 1000, 2])
log_feats torch.Size([32, 1000, 2])
pos_embs torch.Size([32, 1000, 2])
neg_embs torch.Size([32, 1000, 2])
log_feats torch.Size([32, 1000, 2])
pos_embs torch.Size([32, 1000, 2])
neg_embs torch.Size([32, 1000, 2])
log_feats torch.Size([32, 1000, 2])
pos_embs torch.Size([32, 1000, 2])
neg_embs torch.Size([32, 1000, 2])
log_feats torch.Size([32, 1000, 2])
pos_embs torch.Size([32, 1000, 2])
neg_embs torch.Size([32, 1000, 2])
log_feats torch.Size([32, 1000, 2])
pos_embs torch.Size([32, 1000, 2])
neg_embs torch.Size([32, 1000, 2])
log_feats torch.Size([32, 1000, 2])
pos_embs torch.Size([32, 1000, 2])
neg_embs torch.Size([32, 1000, 2])
log_feats torch.Size([32, 1000, 2])
pos_embs torch.Size([32, 1000, 2])
neg_embs torch.Size([32, 1000, 2])
log_feats torch.Size([32, 1000, 2])
pos_embs torch.Size([32, 1000, 2])
neg_embs torch.Size([32, 1000, 2])
log_feats torch.Size([32, 1000, 2])
pos_embs torch.Size([32, 1000, 2])
neg_embs torch.Size([32, 1000, 2])
log_feats torch.Size([32, 1000, 2])
pos_embs torch.Size([32, 1000, 2])
neg_embs torch.Size([32, 1000, 2])
log_feats torch.Size([32, 1000, 2])
pos_embs torch.Size([32, 1000, 2])
neg_embs torch.Size([32, 1000, 2])
log_feats torch.Size([32, 1000, 2])
pos_embs torch.Size([32, 1000, 2])
neg_embs torch.Size([32, 1000, 2])
log_feats torch.Size([32, 1000, 2])
pos_embs torch.Size([32, 1000, 2])
neg_embs torch.Size([32, 1000, 2])
log_feats torch.Size([32, 1000, 2])
pos_embs torch.Size([32, 1000, 2])
neg_embs torch.Size([32, 1000, 2])
log_feats torch.Size([32, 1000, 2])
pos_embs torch.Size([32, 1000, 2])
neg_embs torch.Size([32, 1000, 2])
log_feats torch.Size([32, 1000, 2])
pos_embs torch.Size([32, 1000, 2])
neg_embs torch.Size([32, 1000, 2])
log_feats torch.Size([32, 1000, 2])
pos_embs torch.Size([32, 1000, 2])
neg_embs torch.Size([32, 1000, 2])
log_feats torch.Size([32, 1000, 2])
pos_embs torch.Size([32, 1000, 2])
neg_embs torch.Size([32, 1000, 2])
log_feats torch.Size([32, 1000, 2])
pos_embs torch.Size([32, 1000, 2])
neg_embs torch.Size([32, 1000, 2])
log_feats torch.Size([32, 1000, 2])
pos_embs torch.Size([32, 1000, 2])
neg_embs torch.Size([32, 1000, 2])
log_feats torch.Size([32, 1000, 2])
pos_embs torch.Size([32, 1000, 2])
neg_embs torch.Size([32, 1000, 2])
log_feats torch.Size([32, 1000, 2])
pos_embs torch.Size([32, 1000, 2])
neg_embs torch.Size([32, 1000, 2])
log_feats torch.Size([32, 1000, 2])
pos_embs torch.Size([32, 1000, 2])
neg_embs torch.Size([32, 1000, 2])
log_feats torch.Size([32, 1000, 2])
pos_embs torch.Size([32, 1000, 2])
neg_embs torch.Size([32, 1000, 2])
log_feats torch.Size([32, 1000, 2])
pos_embs torch.Size([32, 1000, 2])
neg_embs torch.Size([32, 1000, 2])
log_feats torch.Size([32, 1000, 2])
pos_embs torch.Size([32, 1000, 2])
neg_embs torch.Size([32, 1000, 2])
log_feats torch.Size([32, 1000, 2])
pos_embs torch.Size([32, 1000, 2])
neg_embs torch.Size([32, 1000, 2])
log_feats torch.Size([32, 1000, 2])
pos_embs torch.Size([32, 1000, 2])
neg_embs torch.Size([32, 1000, 2])
log_feats torch.Size([32, 1000, 2])
pos_embs torch.Size([32, 1000, 2])
neg_embs torch.Size([32, 1000, 2])
log_feats torch.Size([32, 1000, 2])
pos_embs torch.Size([32, 1000, 2])
neg_embs torch.Size([32, 1000, 2])
log_feats torch.Size([32, 1000, 2])
pos_embs torch.Size([32, 1000, 2])
neg_embs torch.Size([32, 1000, 2])
log_feats torch.Size([32, 1000, 2])
pos_embs torch.Size([32, 1000, 2])
neg_embs torch.Size([32, 1000, 2])
log_feats torch.Size([32, 1000, 2])
pos_embs torch.Size([32, 1000, 2])
neg_embs torch.Size([32, 1000, 2])
log_feats torch.Size([32, 1000, 2])
pos_embs torch.Size([32, 1000, 2])
neg_embs torch.Size([32, 1000, 2])
log_feats torch.Size([32, 1000, 2])
pos_embs torch.Size([32, 1000, 2])
neg_embs torch.Size([32, 1000, 2])
log_feats torch.Size([32, 1000, 2])
pos_embs torch.Size([32, 1000, 2])
neg_embs torch.Size([32, 1000, 2])
log_feats torch.Size([32, 1000, 2])
pos_embs torch.Size([32, 1000, 2])
neg_embs torch.Size([32, 1000, 2])
log_feats torch.Size([32, 1000, 2])
pos_embs torch.Size([32, 1000, 2])
neg_embs torch.Size([32, 1000, 2])
log_feats torch.Size([32, 1000, 2])
pos_embs torch.Size([32, 1000, 2])
neg_embs torch.Size([32, 1000, 2])
log_feats torch.Size([32, 1000, 2])
pos_embs torch.Size([32, 1000, 2])
neg_embs torch.Size([32, 1000, 2])
log_feats torch.Size([32, 1000, 2])
pos_embs torch.Size([32, 1000, 2])
neg_embs torch.Size([32, 1000, 2])
log_feats torch.Size([32, 1000, 2])
pos_embs torch.Size([32, 1000, 2])
neg_embs torch.Size([32, 1000, 2])
log_feats torch.Size([32, 1000, 2])
pos_embs torch.Size([32, 1000, 2])
neg_embs torch.Size([32, 1000, 2])
log_feats torch.Size([32, 1000, 2])
pos_embs torch.Size([32, 1000, 2])
neg_embs torch.Size([32, 1000, 2])
log_feats torch.Size([32, 1000, 2])
pos_embs torch.Size([32, 1000, 2])
neg_embs torch.Size([32, 1000, 2])
log_feats torch.Size([32, 1000, 2])
pos_embs torch.Size([32, 1000, 2])
neg_embs torch.Size([32, 1000, 2])
log_feats torch.Size([32, 1000, 2])
pos_embs torch.Size([32, 1000, 2])
neg_embs torch.Size([32, 1000, 2])
log_feats torch.Size([32, 1000, 2])
pos_embs torch.Size([32, 1000, 2])
neg_embs torch.Size([32, 1000, 2])
log_feats torch.Size([32, 1000, 2])
pos_embs torch.Size([32, 1000, 2])
neg_embs torch.Size([32, 1000, 2])
log_feats torch.Size([32, 1000, 2])
pos_embs torch.Size([32, 1000, 2])
neg_embs torch.Size([32, 1000, 2])
log_feats torch.Size([32, 1000, 2])
pos_embs torch.Size([32, 1000, 2])
neg_embs torch.Size([32, 1000, 2])
log_feats torch.Size([32, 1000, 2])
pos_embs torch.Size([32, 1000, 2])
neg_embs torch.Size([32, 1000, 2])
log_feats torch.Size([32, 1000, 2])
pos_embs torch.Size([32, 1000, 2])
neg_embs torch.Size([32, 1000, 2])
log_feats torch.Size([32, 1000, 2])
pos_embs torch.Size([32, 1000, 2])
neg_embs torch.Size([32, 1000, 2])
log_feats torch.Size([32, 1000, 2])
pos_embs torch.Size([32, 1000, 2])
neg_embs torch.Size([32, 1000, 2])
log_feats torch.Size([32, 1000, 2])
pos_embs torch.Size([32, 1000, 2])
neg_embs torch.Size([32, 1000, 2])
log_feats torch.Size([32, 1000, 2])
pos_embs torch.Size([32, 1000, 2])
neg_embs torch.Size([32, 1000, 2])
log_feats torch.Size([32, 1000, 2])
pos_embs torch.Size([32, 1000, 2])
neg_embs torch.Size([32, 1000, 2])
log_feats torch.Size([32, 1000, 2])
pos_embs torch.Size([32, 1000, 2])
neg_embs torch.Size([32, 1000, 2])
log_feats torch.Size([32, 1000, 2])
pos_embs torch.Size([32, 1000, 2])
neg_embs torch.Size([32, 1000, 2])
log_feats torch.Size([32, 1000, 2])
pos_embs torch.Size([32, 1000, 2])
neg_embs torch.Size([32, 1000, 2])
log_feats torch.Size([32, 1000, 2])
pos_embs torch.Size([32, 1000, 2])
neg_embs torch.Size([32, 1000, 2])
log_feats torch.Size([32, 1000, 2])
pos_embs torch.Size([32, 1000, 2])
neg_embs torch.Size([32, 1000, 2])
log_feats torch.Size([32, 1000, 2])
pos_embs torch.Size([32, 1000, 2])
neg_embs torch.Size([32, 1000, 2])
log_feats torch.Size([32, 1000, 2])
pos_embs torch.Size([32, 1000, 2])
neg_embs torch.Size([32, 1000, 2])
log_feats torch.Size([32, 1000, 2])
pos_embs torch.Size([32, 1000, 2])
neg_embs torch.Size([32, 1000, 2])
log_feats torch.Size([32, 1000, 2])
pos_embs torch.Size([32, 1000, 2])
neg_embs torch.Size([32, 1000, 2])
log_feats torch.Size([32, 1000, 2])
pos_embs torch.Size([32, 1000, 2])
neg_embs torch.Size([32, 1000, 2])
log_feats torch.Size([32, 1000, 2])
pos_embs torch.Size([32, 1000, 2])
neg_embs torch.Size([32, 1000, 2])
log_feats torch.Size([32, 1000, 2])
pos_embs torch.Size([32, 1000, 2])
neg_embs torch.Size([32, 1000, 2])
log_feats torch.Size([32, 1000, 2])
pos_embs torch.Size([32, 1000, 2])
neg_embs torch.Size([32, 1000, 2])
log_feats torch.Size([32, 1000, 2])
pos_embs torch.Size([32, 1000, 2])
neg_embs torch.Size([32, 1000, 2])
log_feats torch.Size([32, 1000, 2])
pos_embs torch.Size([32, 1000, 2])
neg_embs torch.Size([32, 1000, 2])
log_feats torch.Size([32, 1000, 2])
pos_embs torch.Size([32, 1000, 2])
neg_embs torch.Size([32, 1000, 2])
log_feats torch.Size([32, 1000, 2])
pos_embs torch.Size([32, 1000, 2])
neg_embs torch.Size([32, 1000, 2])
log_feats torch.Size([32, 1000, 2])
pos_embs torch.Size([32, 1000, 2])
neg_embs torch.Size([32, 1000, 2])
log_feats torch.Size([32, 1000, 2])
pos_embs torch.Size([32, 1000, 2])
neg_embs torch.Size([32, 1000, 2])
log_feats torch.Size([32, 1000, 2])
pos_embs torch.Size([32, 1000, 2])
neg_embs torch.Size([32, 1000, 2])
log_feats torch.Size([32, 1000, 2])
pos_embs torch.Size([32, 1000, 2])
neg_embs torch.Size([32, 1000, 2])
log_feats torch.Size([32, 1000, 2])
pos_embs torch.Size([32, 1000, 2])
neg_embs torch.Size([32, 1000, 2])
log_feats torch.Size([32, 1000, 2])
pos_embs torch.Size([32, 1000, 2])
neg_embs torch.Size([32, 1000, 2])
log_feats torch.Size([32, 1000, 2])
pos_embs torch.Size([32, 1000, 2])
neg_embs torch.Size([32, 1000, 2])
log_feats torch.Size([32, 1000, 2])
pos_embs torch.Size([32, 1000, 2])
neg_embs torch.Size([32, 1000, 2])
log_feats torch.Size([32, 1000, 2])
pos_embs torch.Size([32, 1000, 2])
neg_embs torch.Size([32, 1000, 2])
log_feats torch.Size([32, 1000, 2])
pos_embs torch.Size([32, 1000, 2])
neg_embs torch.Size([32, 1000, 2])
log_feats torch.Size([32, 1000, 2])
pos_embs torch.Size([32, 1000, 2])
neg_embs torch.Size([32, 1000, 2])
log_feats torch.Size([32, 1000, 2])
pos_embs torch.Size([32, 1000, 2])
neg_embs torch.Size([32, 1000, 2])
log_feats torch.Size([32, 1000, 2])
pos_embs torch.Size([32, 1000, 2])
neg_embs torch.Size([32, 1000, 2])
log_feats torch.Size([32, 1000, 2])
pos_embs torch.Size([32, 1000, 2])
neg_embs torch.Size([32, 1000, 2])
log_feats torch.Size([32, 1000, 2])
pos_embs torch.Size([32, 1000, 2])
neg_embs torch.Size([32, 1000, 2])
log_feats torch.Size([32, 1000, 2])
pos_embs torch.Size([32, 1000, 2])
neg_embs torch.Size([32, 1000, 2])
log_feats torch.Size([32, 1000, 2])
pos_embs torch.Size([32, 1000, 2])
neg_embs torch.Size([32, 1000, 2])
log_feats torch.Size([32, 1000, 2])
pos_embs torch.Size([32, 1000, 2])
neg_embs torch.Size([32, 1000, 2])
log_feats torch.Size([32, 1000, 2])
pos_embs torch.Size([32, 1000, 2])
neg_embs torch.Size([32, 1000, 2])
log_feats torch.Size([32, 1000, 2])
pos_embs torch.Size([32, 1000, 2])
neg_embs torch.Size([32, 1000, 2])
log_feats torch.Size([32, 1000, 2])
pos_embs torch.Size([32, 1000, 2])
neg_embs torch.Size([32, 1000, 2])
log_feats torch.Size([32, 1000, 2])
pos_embs torch.Size([32, 1000, 2])
neg_embs torch.Size([32, 1000, 2])
log_feats torch.Size([32, 1000, 2])
pos_embs torch.Size([32, 1000, 2])
neg_embs torch.Size([32, 1000, 2])
log_feats torch.Size([32, 1000, 2])
pos_embs torch.Size([32, 1000, 2])
neg_embs torch.Size([32, 1000, 2])
log_feats torch.Size([32, 1000, 2])
pos_embs torch.Size([32, 1000, 2])
neg_embs torch.Size([32, 1000, 2])
log_feats torch.Size([32, 1000, 2])
pos_embs torch.Size([32, 1000, 2])
neg_embs torch.Size([32, 1000, 2])
log_feats torch.Size([32, 1000, 2])
pos_embs torch.Size([32, 1000, 2])
neg_embs torch.Size([32, 1000, 2])
log_feats torch.Size([32, 1000, 2])
pos_embs torch.Size([32, 1000, 2])
neg_embs torch.Size([32, 1000, 2])
log_feats torch.Size([32, 1000, 2])
pos_embs torch.Size([32, 1000, 2])
neg_embs torch.Size([32, 1000, 2])
log_feats torch.Size([32, 1000, 2])
pos_embs torch.Size([32, 1000, 2])
neg_embs torch.Size([32, 1000, 2])
log_feats torch.Size([32, 1000, 2])
pos_embs torch.Size([32, 1000, 2])
neg_embs torch.Size([32, 1000, 2])
log_feats torch.Size([32, 1000, 2])
pos_embs torch.Size([32, 1000, 2])
neg_embs torch.Size([32, 1000, 2])
log_feats torch.Size([32, 1000, 2])
pos_embs torch.Size([32, 1000, 2])
neg_embs torch.Size([32, 1000, 2])
log_feats torch.Size([32, 1000, 2])
pos_embs torch.Size([32, 1000, 2])
neg_embs torch.Size([32, 1000, 2])
log_feats torch.Size([32, 1000, 2])
pos_embs torch.Size([32, 1000, 2])
neg_embs torch.Size([32, 1000, 2])
log_feats torch.Size([32, 1000, 2])
pos_embs torch.Size([32, 1000, 2])
neg_embs torch.Size([32, 1000, 2])
log_feats torch.Size([32, 1000, 2])
pos_embs torch.Size([32, 1000, 2])
neg_embs torch.Size([32, 1000, 2])
log_feats torch.Size([32, 1000, 2])
pos_embs torch.Size([32, 1000, 2])
neg_embs torch.Size([32, 1000, 2])
log_feats torch.Size([32, 1000, 2])
pos_embs torch.Size([32, 1000, 2])
neg_embs torch.Size([32, 1000, 2])
log_feats torch.Size([32, 1000, 2])
pos_embs torch.Size([32, 1000, 2])
neg_embs torch.Size([32, 1000, 2])
log_feats torch.Size([32, 1000, 2])
pos_embs torch.Size([32, 1000, 2])
neg_embs torch.Size([32, 1000, 2])
log_feats torch.Size([32, 1000, 2])
pos_embs torch.Size([32, 1000, 2])
neg_embs torch.Size([32, 1000, 2])
log_feats torch.Size([32, 1000, 2])
pos_embs torch.Size([32, 1000, 2])
neg_embs torch.Size([32, 1000, 2])
log_feats torch.Size([32, 1000, 2])
pos_embs torch.Size([32, 1000, 2])
neg_embs torch.Size([32, 1000, 2])
log_feats torch.Size([32, 1000, 2])
pos_embs torch.Size([32, 1000, 2])
neg_embs torch.Size([32, 1000, 2])
log_feats torch.Size([32, 1000, 2])
pos_embs torch.Size([32, 1000, 2])
neg_embs torch.Size([32, 1000, 2])
log_feats torch.Size([32, 1000, 2])
pos_embs torch.Size([32, 1000, 2])
neg_embs torch.Size([32, 1000, 2])
log_feats torch.Size([32, 1000, 2])
pos_embs torch.Size([32, 1000, 2])
neg_embs torch.Size([32, 1000, 2])
log_feats torch.Size([32, 1000, 2])
pos_embs torch.Size([32, 1000, 2])
neg_embs torch.Size([32, 1000, 2])
log_feats torch.Size([32, 1000, 2])
pos_embs torch.Size([32, 1000, 2])
neg_embs torch.Size([32, 1000, 2])
log_feats torch.Size([32, 1000, 2])
pos_embs torch.Size([32, 1000, 2])
neg_embs torch.Size([32, 1000, 2])
log_feats torch.Size([32, 1000, 2])
pos_embs torch.Size([32, 1000, 2])
neg_embs torch.Size([32, 1000, 2])
log_feats torch.Size([32, 1000, 2])
pos_embs torch.Size([32, 1000, 2])
neg_embs torch.Size([32, 1000, 2])
log_feats torch.Size([32, 1000, 2])
pos_embs torch.Size([32, 1000, 2])
neg_embs torch.Size([32, 1000, 2])
log_feats torch.Size([32, 1000, 2])
pos_embs torch.Size([32, 1000, 2])
neg_embs torch.Size([32, 1000, 2])
log_feats torch.Size([32, 1000, 2])
pos_embs torch.Size([32, 1000, 2])
neg_embs torch.Size([32, 1000, 2])
log_feats torch.Size([32, 1000, 2])
pos_embs torch.Size([32, 1000, 2])
neg_embs torch.Size([32, 1000, 2])
log_feats torch.Size([32, 1000, 2])
pos_embs torch.Size([32, 1000, 2])
neg_embs torch.Size([32, 1000, 2])
log_feats torch.Size([32, 1000, 2])
pos_embs torch.Size([32, 1000, 2])
neg_embs torch.Size([32, 1000, 2])
log_feats torch.Size([32, 1000, 2])
pos_embs torch.Size([32, 1000, 2])
neg_embs torch.Size([32, 1000, 2])
log_feats torch.Size([32, 1000, 2])
pos_embs torch.Size([32, 1000, 2])
neg_embs torch.Size([32, 1000, 2])
log_feats torch.Size([32, 1000, 2])
pos_embs torch.Size([32, 1000, 2])
neg_embs torch.Size([32, 1000, 2])
log_feats torch.Size([32, 1000, 2])
pos_embs torch.Size([32, 1000, 2])
neg_embs torch.Size([32, 1000, 2])
log_feats torch.Size([32, 1000, 2])
pos_embs torch.Size([32, 1000, 2])
neg_embs torch.Size([32, 1000, 2])
log_feats torch.Size([32, 1000, 2])
pos_embs torch.Size([32, 1000, 2])
neg_embs torch.Size([32, 1000, 2])
log_feats torch.Size([32, 1000, 2])
pos_embs torch.Size([32, 1000, 2])
neg_embs torch.Size([32, 1000, 2])
log_feats torch.Size([32, 1000, 2])
pos_embs torch.Size([32, 1000, 2])
neg_embs torch.Size([32, 1000, 2])
log_feats torch.Size([32, 1000, 2])
pos_embs torch.Size([32, 1000, 2])
neg_embs torch.Size([32, 1000, 2])
log_feats torch.Size([32, 1000, 2])
pos_embs torch.Size([32, 1000, 2])
neg_embs torch.Size([32, 1000, 2])
log_feats torch.Size([32, 1000, 2])
pos_embs torch.Size([32, 1000, 2])
neg_embs torch.Size([32, 1000, 2])
log_feats torch.Size([32, 1000, 2])
pos_embs torch.Size([32, 1000, 2])
neg_embs torch.Size([32, 1000, 2])
log_feats torch.Size([32, 1000, 2])
pos_embs torch.Size([32, 1000, 2])
neg_embs torch.Size([32, 1000, 2])
log_feats torch.Size([32, 1000, 2])
pos_embs torch.Size([32, 1000, 2])
neg_embs torch.Size([32, 1000, 2])
log_feats torch.Size([32, 1000, 2])
pos_embs torch.Size([32, 1000, 2])
neg_embs torch.Size([32, 1000, 2])
log_feats torch.Size([32, 1000, 2])
pos_embs torch.Size([32, 1000, 2])
neg_embs torch.Size([32, 1000, 2])
log_feats torch.Size([32, 1000, 2])
pos_embs torch.Size([32, 1000, 2])
neg_embs torch.Size([32, 1000, 2])
log_feats torch.Size([32, 1000, 2])
pos_embs torch.Size([32, 1000, 2])
neg_embs torch.Size([32, 1000, 2])
log_feats torch.Size([32, 1000, 2])
pos_embs torch.Size([32, 1000, 2])
neg_embs torch.Size([32, 1000, 2])
log_feats torch.Size([32, 1000, 2])
pos_embs torch.Size([32, 1000, 2])
neg_embs torch.Size([32, 1000, 2])
log_feats torch.Size([32, 1000, 2])
pos_embs torch.Size([32, 1000, 2])
neg_embs torch.Size([32, 1000, 2])
log_feats torch.Size([32, 1000, 2])
pos_embs torch.Size([32, 1000, 2])
neg_embs torch.Size([32, 1000, 2])
log_feats torch.Size([32, 1000, 2])
pos_embs torch.Size([32, 1000, 2])
neg_embs torch.Size([32, 1000, 2])
log_feats torch.Size([32, 1000, 2])
pos_embs torch.Size([32, 1000, 2])
neg_embs torch.Size([32, 1000, 2])
log_feats torch.Size([32, 1000, 2])
pos_embs torch.Size([32, 1000, 2])
neg_embs torch.Size([32, 1000, 2])
log_feats torch.Size([32, 1000, 2])
pos_embs torch.Size([32, 1000, 2])
neg_embs torch.Size([32, 1000, 2])
log_feats torch.Size([32, 1000, 2])
pos_embs torch.Size([32, 1000, 2])
neg_embs torch.Size([32, 1000, 2])
log_feats torch.Size([32, 1000, 2])
pos_embs torch.Size([32, 1000, 2])
neg_embs torch.Size([32, 1000, 2])
log_feats torch.Size([32, 1000, 2])
pos_embs torch.Size([32, 1000, 2])
neg_embs torch.Size([32, 1000, 2])
log_feats torch.Size([32, 1000, 2])
pos_embs torch.Size([32, 1000, 2])
neg_embs torch.Size([32, 1000, 2])
log_feats torch.Size([32, 1000, 2])
pos_embs torch.Size([32, 1000, 2])
neg_embs torch.Size([32, 1000, 2])
log_feats torch.Size([32, 1000, 2])
pos_embs torch.Size([32, 1000, 2])
neg_embs torch.Size([32, 1000, 2])
log_feats torch.Size([32, 1000, 2])
pos_embs torch.Size([32, 1000, 2])
neg_embs torch.Size([32, 1000, 2])
log_feats torch.Size([32, 1000, 2])
pos_embs torch.Size([32, 1000, 2])
neg_embs torch.Size([32, 1000, 2])
log_feats torch.Size([32, 1000, 2])
pos_embs torch.Size([32, 1000, 2])
neg_embs torch.Size([32, 1000, 2])
log_feats torch.Size([32, 1000, 2])
pos_embs torch.Size([32, 1000, 2])
neg_embs torch.Size([32, 1000, 2])
log_feats torch.Size([32, 1000, 2])
pos_embs torch.Size([32, 1000, 2])
neg_embs torch.Size([32, 1000, 2])
log_feats torch.Size([32, 1000, 2])
pos_embs torch.Size([32, 1000, 2])
neg_embs torch.Size([32, 1000, 2])
log_feats torch.Size([32, 1000, 2])
pos_embs torch.Size([32, 1000, 2])
neg_embs torch.Size([32, 1000, 2])
log_feats torch.Size([32, 1000, 2])
pos_embs torch.Size([32, 1000, 2])
neg_embs torch.Size([32, 1000, 2])
log_feats torch.Size([32, 1000, 2])
pos_embs torch.Size([32, 1000, 2])
neg_embs torch.Size([32, 1000, 2])
log_feats torch.Size([32, 1000, 2])
pos_embs torch.Size([32, 1000, 2])
neg_embs torch.Size([32, 1000, 2])
log_feats torch.Size([32, 1000, 2])
pos_embs torch.Size([32, 1000, 2])
neg_embs torch.Size([32, 1000, 2])
log_feats torch.Size([32, 1000, 2])
pos_embs torch.Size([32, 1000, 2])
neg_embs torch.Size([32, 1000, 2])
log_feats torch.Size([32, 1000, 2])
pos_embs torch.Size([32, 1000, 2])
neg_embs torch.Size([32, 1000, 2])
log_feats torch.Size([32, 1000, 2])
pos_embs torch.Size([32, 1000, 2])
neg_embs torch.Size([32, 1000, 2])
